<?xml version="1.0" encoding="utf-8" ?>
<!DOCTYPE html PUBLIC "-//W3C//DTD XHTML 1.0 Strict//EN"
        "http://www.w3.org/TR/xhtml1/DTD/xhtml1-strict.dtd">
<html xmlns="http://www.w3.org/1999/xhtml" xml:lang="" lang="">
<head>
  <title>Test Results Report - Checkout via Paypal - Existing User</title>
  <meta http-equiv="Content-Type" content="text/html;charset=utf-8" />
  <meta name="description" content="TestNG unit test results." />
  <link href="reportng.css" rel="stylesheet" type="text/css" />
    <script type="text/javascript" src="reportng.js"></script>
</head>
<body>
<h1>Checkout via Paypal - Existing User</h1>
<p>
  Test duration: 434.900s
</p>



  <table class="resultsTable">
    <tr><th colspan="3" class="header failed">Failed Tests</th></tr>
          <tr>
        <td colspan="3" class="group">com.qualitesoft.cymax.testscripts.LogOff</td>
      </tr>
            
<tr>
  <td class="method">
                  testLogOff
      </td>
  <td class="duration">
    30.798s
  </td>
  <td class="result">
        
    
            <div class="testOutput">
                        Element by By.xpath: //*[@id=&quot;my-account-btn&quot;] found.<br />
                                WebElement clicked.<br />
                                not able to find element by (By.xpath: //a[@href=&apos;/Portal/Account/Logout.aspx&apos;]) in &apos;30&apos; seconds<br />
                                Error: testLogOff test has failed.<br />
                                Not able to take testLogOff screen shot: chrome not reachable<br/>
&nbsp; (Session info: chrome=91.0.4472.124)<br/>
&nbsp; (Driver info: chromedriver=2.35.528161 (5b82f2d2aae0ca24b877009200ced9065a772e73),platform=Windows NT 10.0.17134 x86_64) (WARNING: The server did not provide any stacktrace information)<br/>
Command duration or timeout: 4.08 seconds<br/>
Build info: version: &apos;2.52.0&apos;, revision: &apos;4c2593c&apos;, time: &apos;2016-02-11 19:06:42&apos;<br/>
System info: host: &apos;DESKTOP-H4389BG&apos;, ip: &apos;10.50.0.244&apos;, os.name: &apos;Windows 10&apos;, os.arch: &apos;amd64&apos;, os.version: &apos;10.0&apos;, java.version: &apos;1.8.0_231&apos;<br/>
Driver info: org.openqa.selenium.chrome.ChromeDriver<br/>
Capabilities [{applicationCacheEnabled=false, rotatable=false, mobileEmulationEnabled=false, networkConnectionEnabled=false, chrome={chromedriverVersion=2.35.528161 (5b82f2d2aae0ca24b877009200ced9065a772e73), userDataDir=C:\Users\ACER\AppData\Local\Temp\scoped_dir10404_19899}, takesHeapSnapshot=true, pageLoadStrategy=normal, databaseEnabled=false, handlesAlerts=true, hasTouchScreen=false, version=91.0.4472.124, platform=XP, browserConnectionEnabled=false, nativeEvents=true, acceptSslCerts=false, acceptInsecureCerts=false, locationContextEnabled=true, webStorageEnabled=true, browserName=chrome, takesScreenshot=true, javascriptEnabled=true, cssSelectorsEnabled=true, setWindowRect=true, unexpectedAlertBehaviour=}]<br/>
Session ID: 3bb715e14ea5b0fdc8c8935c80df8c73<br />
                  </div>
    

        <a href="javascript:toggleElement('exception-0', 'block')" title="Click to expand/collapse"><b>org.openqa.selenium.TimeoutException: Timed out after 30 seconds waiting for presence of element located by: By.xpath: //a[@href=&apos;/Portal/Account/Logout.aspx&apos;]<br/>
Build info: version: &apos;2.52.0&apos;, revision: &apos;4c2593c&apos;, time: &apos;2016-02-11 19:06:42&apos;<br/>
System info: host: &apos;DESKTOP-H4389BG&apos;, ip: &apos;10.50.0.244&apos;, os.name: &apos;Windows 10&apos;, os.arch: &apos;amd64&apos;, os.version: &apos;10.0&apos;, java.version: &apos;1.8.0_231&apos;<br/>
Driver info: org.openqa.selenium.chrome.ChromeDriver<br/>
Capabilities [{applicationCacheEnabled=false, rotatable=false, mobileEmulationEnabled=false, networkConnectionEnabled=false, chrome={chromedriverVersion=2.35.528161 (5b82f2d2aae0ca24b877009200ced9065a772e73), userDataDir=C:\Users\ACER\AppData\Local\Temp\scoped_dir10404_19899}, takesHeapSnapshot=true, pageLoadStrategy=normal, databaseEnabled=false, handlesAlerts=true, hasTouchScreen=false, version=91.0.4472.124, platform=XP, browserConnectionEnabled=false, nativeEvents=true, acceptSslCerts=false, acceptInsecureCerts=false, locationContextEnabled=true, webStorageEnabled=true, browserName=chrome, takesScreenshot=true, javascriptEnabled=true, cssSelectorsEnabled=true, setWindowRect=true, unexpectedAlertBehaviour=}]<br/>
Session ID: 3bb715e14ea5b0fdc8c8935c80df8c73</b></a><br />
    <div class="stackTrace" id="exception-0">
              org.openqa.selenium.support.ui.WebDriverWait.timeoutException(WebDriverWait.java:80)<br />
              org.openqa.selenium.support.ui.FluentWait.until(FluentWait.java:261)<br />
              com.qualitesoft.core.WaitTool.waitForElementPresentAndDisplay(WaitTool.java:19)<br />
              com.qualitesoft.cymax.pageobjects.MyAccountPage.logOffLink(MyAccountPage.java:58)<br />
              com.qualitesoft.cymax.testscripts.LogOff.testLogOff(LogOff.java:25)<br />
              sun.reflect.NativeMethodAccessorImpl.invoke0(Native Method)<br />
              sun.reflect.NativeMethodAccessorImpl.invoke(Unknown Source)<br />
              sun.reflect.DelegatingMethodAccessorImpl.invoke(Unknown Source)<br />
              java.lang.reflect.Method.invoke(Unknown Source)<br />
              org.testng.internal.MethodInvocationHelper.invokeMethod(MethodInvocationHelper.java:124)<br />
              org.testng.internal.Invoker.invokeMethod(Invoker.java:583)<br />
              org.testng.internal.Invoker.invokeTestMethod(Invoker.java:719)<br />
              org.testng.internal.Invoker.invokeTestMethods(Invoker.java:989)<br />
              org.testng.internal.TestMethodWorker.invokeTestMethods(TestMethodWorker.java:125)<br />
              org.testng.internal.TestMethodWorker.run(TestMethodWorker.java:109)<br />
              org.testng.TestRunner.privateRun(TestRunner.java:648)<br />
              org.testng.TestRunner.run(TestRunner.java:505)<br />
              org.testng.SuiteRunner.runTest(SuiteRunner.java:455)<br />
              org.testng.SuiteRunner.runSequentially(SuiteRunner.java:450)<br />
              org.testng.SuiteRunner.privateRun(SuiteRunner.java:415)<br />
              org.testng.SuiteRunner.run(SuiteRunner.java:364)<br />
              org.testng.SuiteRunnerWorker.runSuite(SuiteRunnerWorker.java:52)<br />
              org.testng.SuiteRunnerWorker.run(SuiteRunnerWorker.java:84)<br />
              org.testng.TestNG.runSuitesSequentially(TestNG.java:1208)<br />
              org.testng.TestNG.runSuitesSequentially(TestNG.java:1204)<br />
              org.testng.TestNG.runSuitesLocally(TestNG.java:1137)<br />
              org.testng.TestNG.runSuites(TestNG.java:1049)<br />
              org.testng.TestNG.run(TestNG.java:1017)<br />
              org.testng.remote.AbstractRemoteTestNG.run(AbstractRemoteTestNG.java:114)<br />
              org.testng.remote.RemoteTestNG.initAndRun(RemoteTestNG.java:251)<br />
              org.testng.remote.RemoteTestNG.main(RemoteTestNG.java:77)<br />
                    <b>Caused by: </b> <a href="javascript:toggleElement('exception-1', 'block')" title="Click to expand/collapse">org.openqa.selenium.NoSuchElementException: no such element: Unable to locate element: {&quot;method&quot;:&quot;xpath&quot;,&quot;selector&quot;:&quot;//a[@href=&apos;/Portal/Account/Logout.aspx&apos;]&quot;}<br/>
&nbsp; (Session info: chrome=91.0.4472.124)<br/>
&nbsp; (Driver info: chromedriver=2.35.528161 (5b82f2d2aae0ca24b877009200ced9065a772e73),platform=Windows NT 10.0.17134 x86_64) (WARNING: The server did not provide any stacktrace information)<br/>
Command duration or timeout: 51 milliseconds<br/>
For documentation on this error, please visit: http://seleniumhq.org/exceptions/no_such_element.html<br/>
Build info: version: &apos;2.52.0&apos;, revision: &apos;4c2593c&apos;, time: &apos;2016-02-11 19:06:42&apos;<br/>
System info: host: &apos;DESKTOP-H4389BG&apos;, ip: &apos;10.50.0.244&apos;, os.name: &apos;Windows 10&apos;, os.arch: &apos;amd64&apos;, os.version: &apos;10.0&apos;, java.version: &apos;1.8.0_231&apos;<br/>
Driver info: org.openqa.selenium.chrome.ChromeDriver<br/>
Capabilities [{applicationCacheEnabled=false, rotatable=false, mobileEmulationEnabled=false, networkConnectionEnabled=false, chrome={chromedriverVersion=2.35.528161 (5b82f2d2aae0ca24b877009200ced9065a772e73), userDataDir=C:\Users\ACER\AppData\Local\Temp\scoped_dir10404_19899}, takesHeapSnapshot=true, pageLoadStrategy=normal, databaseEnabled=false, handlesAlerts=true, hasTouchScreen=false, version=91.0.4472.124, platform=XP, browserConnectionEnabled=false, nativeEvents=true, acceptSslCerts=false, acceptInsecureCerts=false, locationContextEnabled=true, webStorageEnabled=true, browserName=chrome, takesScreenshot=true, javascriptEnabled=true, cssSelectorsEnabled=true, setWindowRect=true, unexpectedAlertBehaviour=}]<br/>
Session ID: 3bb715e14ea5b0fdc8c8935c80df8c73<br/>
*** Element info: {Using=xpath, value=//a[@href=&apos;/Portal/Account/Logout.aspx&apos;]}</a><br />
        <div class="stackTrace" id="exception-1">
                      sun.reflect.GeneratedConstructorAccessor14.newInstance(Unknown Source)<br />
                      sun.reflect.DelegatingConstructorAccessorImpl.newInstance(Unknown Source)<br />
                      java.lang.reflect.Constructor.newInstance(Unknown Source)<br />
                      org.openqa.selenium.remote.ErrorHandler.createThrowable(ErrorHandler.java:206)<br />
                      org.openqa.selenium.remote.ErrorHandler.throwIfResponseFailed(ErrorHandler.java:158)<br />
                      org.openqa.selenium.remote.RemoteWebDriver.execute(RemoteWebDriver.java:678)<br />
                      org.openqa.selenium.remote.RemoteWebDriver.findElement(RemoteWebDriver.java:363)<br />
                      org.openqa.selenium.remote.RemoteWebDriver.findElementByXPath(RemoteWebDriver.java:500)<br />
                      org.openqa.selenium.By$ByXPath.findElement(By.java:361)<br />
                      org.openqa.selenium.remote.RemoteWebDriver.findElement(RemoteWebDriver.java:355)<br />
                      org.openqa.selenium.support.ui.ExpectedConditions.findElement(ExpectedConditions.java:911)<br />
                      org.openqa.selenium.support.ui.ExpectedConditions.access$0(ExpectedConditions.java:909)<br />
                      org.openqa.selenium.support.ui.ExpectedConditions$6.apply(ExpectedConditions.java:181)<br />
                      org.openqa.selenium.support.ui.ExpectedConditions$6.apply(ExpectedConditions.java:1)<br />
                      org.openqa.selenium.support.ui.FluentWait.until(FluentWait.java:238)<br />
                      com.qualitesoft.core.WaitTool.waitForElementPresentAndDisplay(WaitTool.java:19)<br />
                      com.qualitesoft.cymax.pageobjects.MyAccountPage.logOffLink(MyAccountPage.java:58)<br />
                      com.qualitesoft.cymax.testscripts.LogOff.testLogOff(LogOff.java:25)<br />
                      sun.reflect.NativeMethodAccessorImpl.invoke0(Native Method)<br />
                      sun.reflect.NativeMethodAccessorImpl.invoke(Unknown Source)<br />
                      sun.reflect.DelegatingMethodAccessorImpl.invoke(Unknown Source)<br />
                      java.lang.reflect.Method.invoke(Unknown Source)<br />
                      org.testng.internal.MethodInvocationHelper.invokeMethod(MethodInvocationHelper.java:124)<br />
                      org.testng.internal.Invoker.invokeMethod(Invoker.java:583)<br />
                      org.testng.internal.Invoker.invokeTestMethod(Invoker.java:719)<br />
                      org.testng.internal.Invoker.invokeTestMethods(Invoker.java:989)<br />
                      org.testng.internal.TestMethodWorker.invokeTestMethods(TestMethodWorker.java:125)<br />
                      org.testng.internal.TestMethodWorker.run(TestMethodWorker.java:109)<br />
                      org.testng.TestRunner.privateRun(TestRunner.java:648)<br />
                      org.testng.TestRunner.run(TestRunner.java:505)<br />
                      org.testng.SuiteRunner.runTest(SuiteRunner.java:455)<br />
                      org.testng.SuiteRunner.runSequentially(SuiteRunner.java:450)<br />
                      org.testng.SuiteRunner.privateRun(SuiteRunner.java:415)<br />
                      org.testng.SuiteRunner.run(SuiteRunner.java:364)<br />
                      org.testng.SuiteRunnerWorker.runSuite(SuiteRunnerWorker.java:52)<br />
                      org.testng.SuiteRunnerWorker.run(SuiteRunnerWorker.java:84)<br />
                      org.testng.TestNG.runSuitesSequentially(TestNG.java:1208)<br />
                      org.testng.TestNG.runSuitesSequentially(TestNG.java:1204)<br />
                      org.testng.TestNG.runSuitesLocally(TestNG.java:1137)<br />
                      org.testng.TestNG.runSuites(TestNG.java:1049)<br />
                      org.testng.TestNG.run(TestNG.java:1017)<br />
                      org.testng.remote.AbstractRemoteTestNG.run(AbstractRemoteTestNG.java:114)<br />
                      org.testng.remote.RemoteTestNG.initAndRun(RemoteTestNG.java:251)<br />
                      org.testng.remote.RemoteTestNG.main(RemoteTestNG.java:77)<br />
                  </div>
          </div>
      </td>
</tr>
          <tr>
        <td colspan="3" class="group">com.qualitesoft.cymax.testscripts.OrderConfirmation</td>
      </tr>
            
<tr>
  <td class="method">
                  testOrderConfirmation
      </td>
  <td class="duration">
    129.733s
  </td>
  <td class="result">
        
    
            <div class="testOutput">
                        Element (By.xpath: //div[@alt=&apos;Close&apos;]) not found.<br />
                                not able to find element by (By.xpath: //div[contains(text(),&apos;Product Total&apos;)]/following-sibling::div[1]) in &apos;60&apos; seconds<br />
                                Error: testOrderConfirmation test has failed.<br />
                                Faliure screenshot testOrderConfirmation successfully taken.<br />
                                chrome browser launched successfully.<br />
                                http://qa.homesquare.com/URL launched successfully.<br />
                  </div>
    

        <a href="javascript:toggleElement('exception-2', 'block')" title="Click to expand/collapse"><b>org.openqa.selenium.TimeoutException: Timed out after 60 seconds waiting for presence of element located by: By.xpath: //div[contains(text(),&apos;Product Total&apos;)]/following-sibling::div[1]<br/>
Build info: version: &apos;2.52.0&apos;, revision: &apos;4c2593c&apos;, time: &apos;2016-02-11 19:06:42&apos;<br/>
System info: host: &apos;DESKTOP-H4389BG&apos;, ip: &apos;10.50.0.244&apos;, os.name: &apos;Windows 10&apos;, os.arch: &apos;amd64&apos;, os.version: &apos;10.0&apos;, java.version: &apos;1.8.0_231&apos;<br/>
Driver info: org.openqa.selenium.chrome.ChromeDriver<br/>
Capabilities [{applicationCacheEnabled=false, rotatable=false, mobileEmulationEnabled=false, networkConnectionEnabled=false, chrome={chromedriverVersion=2.35.528161 (5b82f2d2aae0ca24b877009200ced9065a772e73), userDataDir=C:\Users\ACER\AppData\Local\Temp\scoped_dir6816_18798}, takesHeapSnapshot=true, pageLoadStrategy=normal, databaseEnabled=false, handlesAlerts=true, hasTouchScreen=false, version=91.0.4472.124, platform=XP, browserConnectionEnabled=false, nativeEvents=true, acceptSslCerts=false, acceptInsecureCerts=false, locationContextEnabled=true, webStorageEnabled=true, browserName=chrome, takesScreenshot=true, javascriptEnabled=true, cssSelectorsEnabled=true, setWindowRect=true, unexpectedAlertBehaviour=}]<br/>
Session ID: 3d1324f0f72e7143b4795005751b8087</b></a><br />
    <div class="stackTrace" id="exception-2">
              org.openqa.selenium.support.ui.WebDriverWait.timeoutException(WebDriverWait.java:80)<br />
              org.openqa.selenium.support.ui.FluentWait.until(FluentWait.java:261)<br />
              com.qualitesoft.core.WaitTool.waitForElementPresentAndDisplay(WaitTool.java:19)<br />
              com.qualitesoft.cymax.pageobjects.CartPage.productPrice(CartPage.java:139)<br />
              com.qualitesoft.cymax.testscripts.OrderConfirmation.testOrderConfirmation(OrderConfirmation.java:33)<br />
              sun.reflect.NativeMethodAccessorImpl.invoke0(Native Method)<br />
              sun.reflect.NativeMethodAccessorImpl.invoke(Unknown Source)<br />
              sun.reflect.DelegatingMethodAccessorImpl.invoke(Unknown Source)<br />
              java.lang.reflect.Method.invoke(Unknown Source)<br />
              org.testng.internal.MethodInvocationHelper.invokeMethod(MethodInvocationHelper.java:124)<br />
              org.testng.internal.Invoker.invokeMethod(Invoker.java:583)<br />
              org.testng.internal.Invoker.invokeTestMethod(Invoker.java:719)<br />
              org.testng.internal.Invoker.invokeTestMethods(Invoker.java:989)<br />
              org.testng.internal.TestMethodWorker.invokeTestMethods(TestMethodWorker.java:125)<br />
              org.testng.internal.TestMethodWorker.run(TestMethodWorker.java:109)<br />
              org.testng.TestRunner.privateRun(TestRunner.java:648)<br />
              org.testng.TestRunner.run(TestRunner.java:505)<br />
              org.testng.SuiteRunner.runTest(SuiteRunner.java:455)<br />
              org.testng.SuiteRunner.runSequentially(SuiteRunner.java:450)<br />
              org.testng.SuiteRunner.privateRun(SuiteRunner.java:415)<br />
              org.testng.SuiteRunner.run(SuiteRunner.java:364)<br />
              org.testng.SuiteRunnerWorker.runSuite(SuiteRunnerWorker.java:52)<br />
              org.testng.SuiteRunnerWorker.run(SuiteRunnerWorker.java:84)<br />
              org.testng.TestNG.runSuitesSequentially(TestNG.java:1208)<br />
              org.testng.TestNG.runSuitesSequentially(TestNG.java:1204)<br />
              org.testng.TestNG.runSuitesLocally(TestNG.java:1137)<br />
              org.testng.TestNG.runSuites(TestNG.java:1049)<br />
              org.testng.TestNG.run(TestNG.java:1017)<br />
              org.testng.remote.AbstractRemoteTestNG.run(AbstractRemoteTestNG.java:114)<br />
              org.testng.remote.RemoteTestNG.initAndRun(RemoteTestNG.java:251)<br />
              org.testng.remote.RemoteTestNG.main(RemoteTestNG.java:77)<br />
                    <b>Caused by: </b> <a href="javascript:toggleElement('exception-3', 'block')" title="Click to expand/collapse">org.openqa.selenium.NoSuchElementException: no such element: Unable to locate element: {&quot;method&quot;:&quot;xpath&quot;,&quot;selector&quot;:&quot;//div[contains(text(),&apos;Product Total&apos;)]/following-sibling::div[1]&quot;}<br/>
&nbsp; (Session info: chrome=91.0.4472.124)<br/>
&nbsp; (Driver info: chromedriver=2.35.528161 (5b82f2d2aae0ca24b877009200ced9065a772e73),platform=Windows NT 10.0.17134 x86_64) (WARNING: The server did not provide any stacktrace information)<br/>
Command duration or timeout: 43 milliseconds<br/>
For documentation on this error, please visit: http://seleniumhq.org/exceptions/no_such_element.html<br/>
Build info: version: &apos;2.52.0&apos;, revision: &apos;4c2593c&apos;, time: &apos;2016-02-11 19:06:42&apos;<br/>
System info: host: &apos;DESKTOP-H4389BG&apos;, ip: &apos;10.50.0.244&apos;, os.name: &apos;Windows 10&apos;, os.arch: &apos;amd64&apos;, os.version: &apos;10.0&apos;, java.version: &apos;1.8.0_231&apos;<br/>
Driver info: org.openqa.selenium.chrome.ChromeDriver<br/>
Capabilities [{applicationCacheEnabled=false, rotatable=false, mobileEmulationEnabled=false, networkConnectionEnabled=false, chrome={chromedriverVersion=2.35.528161 (5b82f2d2aae0ca24b877009200ced9065a772e73), userDataDir=C:\Users\ACER\AppData\Local\Temp\scoped_dir6816_18798}, takesHeapSnapshot=true, pageLoadStrategy=normal, databaseEnabled=false, handlesAlerts=true, hasTouchScreen=false, version=91.0.4472.124, platform=XP, browserConnectionEnabled=false, nativeEvents=true, acceptSslCerts=false, acceptInsecureCerts=false, locationContextEnabled=true, webStorageEnabled=true, browserName=chrome, takesScreenshot=true, javascriptEnabled=true, cssSelectorsEnabled=true, setWindowRect=true, unexpectedAlertBehaviour=}]<br/>
Session ID: 3d1324f0f72e7143b4795005751b8087<br/>
*** Element info: {Using=xpath, value=//div[contains(text(),&apos;Product Total&apos;)]/following-sibling::div[1]}</a><br />
        <div class="stackTrace" id="exception-3">
                      sun.reflect.GeneratedConstructorAccessor14.newInstance(Unknown Source)<br />
                      sun.reflect.DelegatingConstructorAccessorImpl.newInstance(Unknown Source)<br />
                      java.lang.reflect.Constructor.newInstance(Unknown Source)<br />
                      org.openqa.selenium.remote.ErrorHandler.createThrowable(ErrorHandler.java:206)<br />
                      org.openqa.selenium.remote.ErrorHandler.throwIfResponseFailed(ErrorHandler.java:158)<br />
                      org.openqa.selenium.remote.RemoteWebDriver.execute(RemoteWebDriver.java:678)<br />
                      org.openqa.selenium.remote.RemoteWebDriver.findElement(RemoteWebDriver.java:363)<br />
                      org.openqa.selenium.remote.RemoteWebDriver.findElementByXPath(RemoteWebDriver.java:500)<br />
                      org.openqa.selenium.By$ByXPath.findElement(By.java:361)<br />
                      org.openqa.selenium.remote.RemoteWebDriver.findElement(RemoteWebDriver.java:355)<br />
                      org.openqa.selenium.support.ui.ExpectedConditions.findElement(ExpectedConditions.java:911)<br />
                      org.openqa.selenium.support.ui.ExpectedConditions.access$0(ExpectedConditions.java:909)<br />
                      org.openqa.selenium.support.ui.ExpectedConditions$6.apply(ExpectedConditions.java:181)<br />
                      org.openqa.selenium.support.ui.ExpectedConditions$6.apply(ExpectedConditions.java:1)<br />
                      org.openqa.selenium.support.ui.FluentWait.until(FluentWait.java:238)<br />
                      com.qualitesoft.core.WaitTool.waitForElementPresentAndDisplay(WaitTool.java:19)<br />
                      com.qualitesoft.cymax.pageobjects.CartPage.productPrice(CartPage.java:139)<br />
                      com.qualitesoft.cymax.testscripts.OrderConfirmation.testOrderConfirmation(OrderConfirmation.java:33)<br />
                      sun.reflect.NativeMethodAccessorImpl.invoke0(Native Method)<br />
                      sun.reflect.NativeMethodAccessorImpl.invoke(Unknown Source)<br />
                      sun.reflect.DelegatingMethodAccessorImpl.invoke(Unknown Source)<br />
                      java.lang.reflect.Method.invoke(Unknown Source)<br />
                      org.testng.internal.MethodInvocationHelper.invokeMethod(MethodInvocationHelper.java:124)<br />
                      org.testng.internal.Invoker.invokeMethod(Invoker.java:583)<br />
                      org.testng.internal.Invoker.invokeTestMethod(Invoker.java:719)<br />
                      org.testng.internal.Invoker.invokeTestMethods(Invoker.java:989)<br />
                      org.testng.internal.TestMethodWorker.invokeTestMethods(TestMethodWorker.java:125)<br />
                      org.testng.internal.TestMethodWorker.run(TestMethodWorker.java:109)<br />
                      org.testng.TestRunner.privateRun(TestRunner.java:648)<br />
                      org.testng.TestRunner.run(TestRunner.java:505)<br />
                      org.testng.SuiteRunner.runTest(SuiteRunner.java:455)<br />
                      org.testng.SuiteRunner.runSequentially(SuiteRunner.java:450)<br />
                      org.testng.SuiteRunner.privateRun(SuiteRunner.java:415)<br />
                      org.testng.SuiteRunner.run(SuiteRunner.java:364)<br />
                      org.testng.SuiteRunnerWorker.runSuite(SuiteRunnerWorker.java:52)<br />
                      org.testng.SuiteRunnerWorker.run(SuiteRunnerWorker.java:84)<br />
                      org.testng.TestNG.runSuitesSequentially(TestNG.java:1208)<br />
                      org.testng.TestNG.runSuitesSequentially(TestNG.java:1204)<br />
                      org.testng.TestNG.runSuitesLocally(TestNG.java:1137)<br />
                      org.testng.TestNG.runSuites(TestNG.java:1049)<br />
                      org.testng.TestNG.run(TestNG.java:1017)<br />
                      org.testng.remote.AbstractRemoteTestNG.run(AbstractRemoteTestNG.java:114)<br />
                      org.testng.remote.RemoteTestNG.initAndRun(RemoteTestNG.java:251)<br />
                      org.testng.remote.RemoteTestNG.main(RemoteTestNG.java:77)<br />
                  </div>
          </div>
      </td>
</tr>
          <tr>
        <td colspan="3" class="group">com.qualitesoft.cymax.testscripts.PaymentInformation</td>
      </tr>
            
<tr>
  <td class="method">
                  testPaypal
      </td>
  <td class="duration">
    107.027s
  </td>
  <td class="result">
        
    
            <div class="testOutput">
                        Element by By.xpath: //div[contains(text(),&apos;Product Total&apos;)]/following-sibling::div[1] found.<br />
                                Element by By.xpath: //div[text()=&apos;Shipping&apos;]/following-sibling::div[1] found.<br />
                                Element by By.xpath: //div[text()=&apos;Tax: &apos;]/following-sibling::div[1] found.<br />
                                Element by By.xpath: //input[@value=&apos;paypal&apos;] found.<br />
                                WebElement clicked.<br />
                                Element by By.xpath: //div[contains(@id,&apos;zoid-paypal-buttons&apos;)] found.<br />
                                WebElement clicked.<br />
                                Switch to Window Title: PayPal<br />
                                Element by By.linkText: Log In found.<br />
                                WebElement clicked.<br />
                                Element by By.id: email found.<br />
                                Text send.<br />
                                Element by By.id: btnNext found.<br />
                                WebElement clicked.<br />
                                Element by By.id: password found.<br />
                                Text send.<br />
                                Element by By.id: btnLogin found.<br />
                                Not able to click the webelement: [[ChromeDriver: chrome on XP (dbf69538a9f417330cf31b899c50fb8d)] -&gt; id: btnLogin]unknown error: Element &lt;button class=&quot;button actionContinue scTrack:unifiedlogin-login-submit&quot; type=&quot;submit&quot; id=&quot;btnLogin&quot; name=&quot;btnLogin&quot; value=&quot;Login&quot; pa-marked=&quot;1&quot;&gt;...&lt;/button&gt; is not clickable at point (674, 517). Other element would receive the click: &lt;div id=&quot;ccpaCookieContent_wrapper&quot; class=&quot;col-sm-12&quot;&gt;...&lt;/div&gt;<br/>
&nbsp; (Session info: chrome=91.0.4472.124)<br/>
&nbsp; (Driver info: chromedriver=2.35.528161 (5b82f2d2aae0ca24b877009200ced9065a772e73),platform=Windows NT 10.0.17134 x86_64) (WARNING: The server did not provide any stacktrace information)<br/>
Command duration or timeout: 166 milliseconds<br/>
Build info: version: &apos;2.52.0&apos;, revision: &apos;4c2593c&apos;, time: &apos;2016-02-11 19:06:42&apos;<br/>
System info: host: &apos;DESKTOP-H4389BG&apos;, ip: &apos;10.50.0.244&apos;, os.name: &apos;Windows 10&apos;, os.arch: &apos;amd64&apos;, os.version: &apos;10.0&apos;, java.version: &apos;1.8.0_231&apos;<br/>
Driver info: org.openqa.selenium.chrome.ChromeDriver<br/>
Capabilities [{applicationCacheEnabled=false, rotatable=false, mobileEmulationEnabled=false, networkConnectionEnabled=false, chrome={chromedriverVersion=2.35.528161 (5b82f2d2aae0ca24b877009200ced9065a772e73), userDataDir=C:\Users\ACER\AppData\Local\Temp\scoped_dir11820_9910}, takesHeapSnapshot=true, pageLoadStrategy=normal, databaseEnabled=false, handlesAlerts=true, hasTouchScreen=false, version=91.0.4472.124, platform=XP, browserConnectionEnabled=false, nativeEvents=true, acceptSslCerts=false, acceptInsecureCerts=false, locationContextEnabled=true, webStorageEnabled=true, browserName=chrome, takesScreenshot=true, javascriptEnabled=true, cssSelectorsEnabled=true, setWindowRect=true, unexpectedAlertBehaviour=}]<br/>
Session ID: dbf69538a9f417330cf31b899c50fb8d<br />
                                Error: testPaypal test has failed.<br />
                                Faliure screenshot testPaypal successfully taken.<br />
                                chrome browser launched successfully.<br />
                                http://qa.homesquare.com/URL launched successfully.<br />
                  </div>
    

        <a href="javascript:toggleElement('exception-4', 'block')" title="Click to expand/collapse"><b>org.openqa.selenium.WebDriverException: unknown error: Element &lt;button class=&quot;button actionContinue scTrack:unifiedlogin-login-submit&quot; type=&quot;submit&quot; id=&quot;btnLogin&quot; name=&quot;btnLogin&quot; value=&quot;Login&quot; pa-marked=&quot;1&quot;&gt;...&lt;/button&gt; is not clickable at point (674, 517). Other element would receive the click: &lt;div id=&quot;ccpaCookieContent_wrapper&quot; class=&quot;col-sm-12&quot;&gt;...&lt;/div&gt;<br/>
&nbsp; (Session info: chrome=91.0.4472.124)<br/>
&nbsp; (Driver info: chromedriver=2.35.528161 (5b82f2d2aae0ca24b877009200ced9065a772e73),platform=Windows NT 10.0.17134 x86_64) (WARNING: The server did not provide any stacktrace information)<br/>
Command duration or timeout: 166 milliseconds<br/>
Build info: version: &apos;2.52.0&apos;, revision: &apos;4c2593c&apos;, time: &apos;2016-02-11 19:06:42&apos;<br/>
System info: host: &apos;DESKTOP-H4389BG&apos;, ip: &apos;10.50.0.244&apos;, os.name: &apos;Windows 10&apos;, os.arch: &apos;amd64&apos;, os.version: &apos;10.0&apos;, java.version: &apos;1.8.0_231&apos;<br/>
Driver info: org.openqa.selenium.chrome.ChromeDriver<br/>
Capabilities [{applicationCacheEnabled=false, rotatable=false, mobileEmulationEnabled=false, networkConnectionEnabled=false, chrome={chromedriverVersion=2.35.528161 (5b82f2d2aae0ca24b877009200ced9065a772e73), userDataDir=C:\Users\ACER\AppData\Local\Temp\scoped_dir11820_9910}, takesHeapSnapshot=true, pageLoadStrategy=normal, databaseEnabled=false, handlesAlerts=true, hasTouchScreen=false, version=91.0.4472.124, platform=XP, browserConnectionEnabled=false, nativeEvents=true, acceptSslCerts=false, acceptInsecureCerts=false, locationContextEnabled=true, webStorageEnabled=true, browserName=chrome, takesScreenshot=true, javascriptEnabled=true, cssSelectorsEnabled=true, setWindowRect=true, unexpectedAlertBehaviour=}]<br/>
Session ID: dbf69538a9f417330cf31b899c50fb8d</b></a><br />
    <div class="stackTrace" id="exception-4">
              sun.reflect.NativeConstructorAccessorImpl.newInstance0(Native Method)<br />
              sun.reflect.NativeConstructorAccessorImpl.newInstance(Unknown Source)<br />
              sun.reflect.DelegatingConstructorAccessorImpl.newInstance(Unknown Source)<br />
              java.lang.reflect.Constructor.newInstance(Unknown Source)<br />
              org.openqa.selenium.remote.ErrorHandler.createThrowable(ErrorHandler.java:206)<br />
              org.openqa.selenium.remote.ErrorHandler.throwIfResponseFailed(ErrorHandler.java:158)<br />
              org.openqa.selenium.remote.RemoteWebDriver.execute(RemoteWebDriver.java:678)<br />
              org.openqa.selenium.remote.RemoteWebElement.execute(RemoteWebElement.java:327)<br />
              org.openqa.selenium.remote.RemoteWebElement.click(RemoteWebElement.java:85)<br />
              com.qualitesoft.core.SeleniumFunction.click(SeleniumFunction.java:22)<br />
              com.qualitesoft.cymax.pageobjects.PaypalCheckout.signInButton(PaypalCheckout.java:34)<br />
              com.qualitesoft.cymax.testscripts.PaymentInformation.testPaypal(PaymentInformation.java:82)<br />
              sun.reflect.NativeMethodAccessorImpl.invoke0(Native Method)<br />
              sun.reflect.NativeMethodAccessorImpl.invoke(Unknown Source)<br />
              sun.reflect.DelegatingMethodAccessorImpl.invoke(Unknown Source)<br />
              java.lang.reflect.Method.invoke(Unknown Source)<br />
              org.testng.internal.MethodInvocationHelper.invokeMethod(MethodInvocationHelper.java:124)<br />
              org.testng.internal.Invoker.invokeMethod(Invoker.java:583)<br />
              org.testng.internal.Invoker.invokeTestMethod(Invoker.java:719)<br />
              org.testng.internal.Invoker.invokeTestMethods(Invoker.java:989)<br />
              org.testng.internal.TestMethodWorker.invokeTestMethods(TestMethodWorker.java:125)<br />
              org.testng.internal.TestMethodWorker.run(TestMethodWorker.java:109)<br />
              org.testng.TestRunner.privateRun(TestRunner.java:648)<br />
              org.testng.TestRunner.run(TestRunner.java:505)<br />
              org.testng.SuiteRunner.runTest(SuiteRunner.java:455)<br />
              org.testng.SuiteRunner.runSequentially(SuiteRunner.java:450)<br />
              org.testng.SuiteRunner.privateRun(SuiteRunner.java:415)<br />
              org.testng.SuiteRunner.run(SuiteRunner.java:364)<br />
              org.testng.SuiteRunnerWorker.runSuite(SuiteRunnerWorker.java:52)<br />
              org.testng.SuiteRunnerWorker.run(SuiteRunnerWorker.java:84)<br />
              org.testng.TestNG.runSuitesSequentially(TestNG.java:1208)<br />
              org.testng.TestNG.runSuitesSequentially(TestNG.java:1204)<br />
              org.testng.TestNG.runSuitesLocally(TestNG.java:1137)<br />
              org.testng.TestNG.runSuites(TestNG.java:1049)<br />
              org.testng.TestNG.run(TestNG.java:1017)<br />
              org.testng.remote.AbstractRemoteTestNG.run(AbstractRemoteTestNG.java:114)<br />
              org.testng.remote.RemoteTestNG.initAndRun(RemoteTestNG.java:251)<br />
              org.testng.remote.RemoteTestNG.main(RemoteTestNG.java:77)<br />
                </div>
      </td>
</tr>
      </table>


  <table class="resultsTable">
    <tr><th colspan="3" class="header passed">Passed Tests</th></tr>
          <tr>
        <td colspan="3" class="group">com.qualitesoft.cymax.testscripts.ShippingInformation</td>
      </tr>
            
<tr>
  <td class="method">
                  testShippingInformation
      </td>
  <td class="duration">
    40.732s
  </td>
  <td class="result">
        
    
            <div class="testOutput">
                        WebElement clicked.<br />
                                Element by By.xpath: //div[contains(text(),&apos;Product Total&apos;)]/following-sibling::div[1] found.<br />
                                [277.98] matched with [277.98]<br />
                                Element by By.xpath: //div[text()=&apos;Tax: &apos;]/following-sibling::div[1] found.<br />
                                [TBD] matched with [TBD]<br />
                                Element by By.xpath: //div[text()=&apos;Shipping&apos;]/following-sibling::div[1] found.<br />
                                [$10.00] matched with [$10.00]<br />
                                Element by By.xpath: //input[@name=&apos;first-name&apos;] found.<br />
                                Text send.<br />
                                Element by By.xpath: //input[@name=&apos;last-name&apos;] found.<br />
                                Text send.<br />
                                Element by By.xpath: //input[@name=&apos;address-1&apos;] found.<br />
                                Text send.<br />
                                Element by By.xpath: //input[@name=&apos;address-2&apos;] found.<br />
                                Text send.<br />
                                Element by By.xpath: //input[@name=&apos;zipcode&apos;] found.<br />
                                Text send.<br />
                                Element by By.xpath: //input[@name=&apos;city&apos;] found.<br />
                                Text send.<br />
                                Element by By.xpath: //select[@id=&apos;ddlCountry&apos;] found.<br />
                                Value from the dropdown selected: United States<br />
                                Element by By.xpath: //select[@id=&apos;ddlState&apos;] found.<br />
                                Value from the dropdown selected: Alabama<br />
                                Element by By.xpath: //input[@name=&apos;phone&apos;] found.<br />
                                Text send.<br />
                                WebElement clicked.<br />
                                Text send.<br />
                                value from the dropdown selected: Education<br />
                                Element by By.xpath: //textarea[@class=&apos;form-control no-resize&apos;] found.<br />
                                Text send.<br />
                                Screenshot shipping info successfully taken.<br />
                                Element by By.xpath: (//button[@class=&apos;primary-checkout-btn next-page btn-checkout cymax-click-event col-xs-12&apos;])[1] found.<br />
                                WebElement clicked.<br />
                                Element by By.xpath: //div[contains(text(),&apos;Product Total&apos;)]/following-sibling::div[1] found.<br />
                                [277.98] matched with [277.98]<br />
                                Element by By.xpath: //div[text()=&apos;Shipping&apos;]/following-sibling::div[1] found.<br />
                                [$10.00] matched with [$10.00]<br />
                                Element by By.xpath: //div[text()=&apos;Tax: &apos;]/following-sibling::div[1] found.<br />
                                [$0.00] matched with [$0.00]<br />
                                Element by By.xpath: //div[text()=&apos;Shipping&apos;]/following-sibling::div[1] found.<br />
                                Element by By.xpath: //p[text()=&apos;Total:&apos;]/parent::div/following-sibling::div/p found.<br />
                                [287.98] matched with [287.98]<br />
                                Element by By.xpath: (//button[@class=&apos;primary-checkout-btn next-page btn-checkout cymax-click-event col-xs-12&apos;])[1] found.<br />
                                WebElement clicked.<br />
                  </div>
    

      </td>
</tr>
          <tr>
        <td colspan="3" class="group">com.qualitesoft.cymax.testscripts.SignIn</td>
      </tr>
            
<tr>
  <td class="method">
                  testHomeSquareSignIn
      </td>
  <td class="duration">
    5.166s
  </td>
  <td class="result">
        
    
            <div class="testOutput">
                        Element by By.xpath: //a[@href=&apos;#loginFormDiv&apos;] found.<br />
                                WebElement clicked.<br />
                                Element by By.id: txtExistingEmailAddress found.<br />
                                Text send.<br />
                                Element by By.id: txtPassword found.<br />
                                Text send.<br />
                                Screenshot login information entered successfully taken.<br />
                                Element by By.id: btnHaveAnAccount found.<br />
                                WebElement clicked.<br />
                                login successfully.<br />
                  </div>
    

      </td>
</tr>
          <tr>
        <td colspan="3" class="group">com.qualitesoft.homesquare.testscripts.TestHomeSquareAddItemsToCart</td>
      </tr>
            
<tr>
  <td class="method">
                  testAddItemsToCart
      </td>
  <td class="duration">
    63.223s
  </td>
  <td class="result">
        
    
            <div class="testOutput">
                        Element by By.xpath: .//*[@href=&apos;/kitchen-dining--PC588.htm&apos;] found.<br />
                                Element by By.xpath: .//*[@href=&apos;/dining-chairs--C635.htm&apos;] found.<br />
                                WebElement clicked.<br />
                                Element by By.xpath: (//img[@class=&apos;product-item-img&apos;])[1] found.<br />
                                Screenshot Product list Page successfully taken.<br />
                                WebElement clicked.<br />
                                Element by By.xpath: //h3[@itemprop=&apos;price&apos;] found.<br />
                                **************************************************Product Price : 138.99<br />
                                Element by By.xpath: //select[@class=&apos;form-control qty cb-qty&apos;] found.<br />
                                Screenshot Product page1 successfully taken.<br />
                                Value from the dropdown selected: Quantity: 2<br />
                                Element by By.xpath: .//*[@data-eventmessage=&apos;Add To Cart&apos;] found.<br />
                                WebElement clicked.<br />
                                Screenshot CartPage successfully taken.<br />
                                Element by By.xpath: //div[contains(text(),&apos;Product Total&apos;)]/following-sibling::div[1] found.<br />
                                Element by By.xpath: //div[text()=&apos;Shipping&apos;]/following-sibling::div[1] found.<br />
                                Element by By.xpath: //div[text()=&apos;Tax: &apos;]/following-sibling::div[1] found.<br />
                                Element by By.xpath: //a[@class=&apos;proceed-to-checkout-btn next-page cymax-click-event cymax-click-event&apos;] found.<br />
                                WebElement clicked.<br />
                  </div>
    

      </td>
</tr>
      </table>
  
</body>
</html>
