<?xml version="1.0" encoding="UTF-8"?>
<!-- Generated by org.testng.reporters.JUnitXMLReporter -->
<testsuite hostname="DESKTOP-H4389BG" ignored="26" name="Test Verify Functionality of Clone Button - QA-538 - CO02" tests="8" failures="0" timestamp="05 Jul 2021 04:30:29 GMT" time="0.008" errors="0">
  <testcase name="@BeforeSuite setUp" time="8.199" classname="com.qualitesoft.core.InitializeTest">
    <failure type="org.openqa.selenium.WebDriverException" message="unknown error: no chrome binary at C://Program Files//Google//Chrome//Application//chrome.exe
  (Driver info: chromedriver=2.35.528161 (5b82f2d2aae0ca24b877009200ced9065a772e73),platform=Windows NT 10.0.17134 x86_64) (WARNING: The server did not provide any stacktrace information)
Command duration or timeout: 2.08 seconds
Build info: version: &amp;apos;2.52.0&amp;apos;, revision: &amp;apos;4c2593c&amp;apos;, time: &amp;apos;2016-02-11 19:06:42&amp;apos;
System info: host: &amp;apos;DESKTOP-H4389BG&amp;apos;, ip: &amp;apos;10.50.0.244&amp;apos;, os.name: &amp;apos;Windows 10&amp;apos;, os.arch: &amp;apos;amd64&amp;apos;, os.version: &amp;apos;10.0&amp;apos;, java.version: &amp;apos;1.8.0_231&amp;apos;
Driver info: org.openqa.selenium.chrome.ChromeDriver">
      <![CDATA[org.openqa.selenium.WebDriverException: unknown error: no chrome binary at C://Program Files//Google//Chrome//Application//chrome.exe
  (Driver info: chromedriver=2.35.528161 (5b82f2d2aae0ca24b877009200ced9065a772e73),platform=Windows NT 10.0.17134 x86_64) (WARNING: The server did not provide any stacktrace information)
Command duration or timeout: 2.08 seconds
Build info: version: '2.52.0', revision: '4c2593c', time: '2016-02-11 19:06:42'
System info: host: 'DESKTOP-H4389BG', ip: '10.50.0.244', os.name: 'Windows 10', os.arch: 'amd64', os.version: '10.0', java.version: '1.8.0_231'
Driver info: org.openqa.selenium.chrome.ChromeDriver
at org.openqa.selenium.remote.ErrorHandler.createThrowable(ErrorHandler.java:206)
at org.openqa.selenium.remote.ErrorHandler.throwIfResponseFailed(ErrorHandler.java:158)
at org.openqa.selenium.remote.RemoteWebDriver.execute(RemoteWebDriver.java:678)
at org.openqa.selenium.remote.RemoteWebDriver.startSession(RemoteWebDriver.java:249)
at org.openqa.selenium.remote.RemoteWebDriver.<init>(RemoteWebDriver.java:131)
at org.openqa.selenium.remote.RemoteWebDriver.<init>(RemoteWebDriver.java:144)
at org.openqa.selenium.chrome.ChromeDriver.<init>(ChromeDriver.java:170)
at org.openqa.selenium.chrome.ChromeDriver.<init>(ChromeDriver.java:138)
at com.qualitesoft.core.InitializeTest.launchBrowser(InitializeTest.java:157)
at com.qualitesoft.core.InitializeTest.setUp(InitializeTest.java:123)
at com.qualitesoft.core.Main.main(Main.java:18)
... Removed 22 stack frames]]>
    </failure>
  </testcase> <!-- @BeforeSuite setUp -->
  <testcase name="@BeforeTest initialize" time="0.0" classname="com.qualitesoft.core.InitializeTest">
    <skipped/>
  </testcase> <!-- @BeforeTest initialize -->
  <testcase name="testSignIn" time="0.0" classname="com.qualitesoft.freightclub.testscripts.TestSignIn">
    <skipped/>
  </testcase> <!-- testSignIn -->
  <testcase name="testBookCustomOrder" time="0.0" classname="com.qualitesoft.freightclub.testscripts.TestBookCustomOrder">
    <skipped/>
  </testcase> <!-- testBookCustomOrder -->
  <testcase name="testVerifySelectedCarriers" time="0.0" classname="com.qualitesoft.freightclub.testscripts.TestSelectCarrier">
    <skipped/>
  </testcase> <!-- testVerifySelectedCarriers -->
  <testcase name="testEnterCompleteInformationDetail" time="0.0" classname="com.qualitesoft.freightclub.testscripts.TestEnterCompleteInformationDetail">
    <skipped/>
  </testcase> <!-- testEnterCompleteInformationDetail -->
  <testcase name="testReviewAndBook2" time="0.0" classname="com.qualitesoft.freightclub.testscripts.TestReviewAndBook">
    <skipped/>
  </testcase> <!-- testReviewAndBook2 -->
  <testcase name="testRequestCancellationAndCloneOrReQuoteButton1" time="0.0" classname="com.qualitesoft.freightclub.testscripts.TestManageOrders">
    <skipped/>
  </testcase> <!-- testRequestCancellationAndCloneOrReQuoteButton1 -->
  <testcase name="verifyCloneButtonFunctionality" time="0.0" classname="com.qualitesoft.freightclub.testscripts.TestManageOrders">
    <skipped/>
  </testcase> <!-- verifyCloneButtonFunctionality -->
  <testcase name="testlogoff" time="0.0" classname="com.qualitesoft.freightclub.testscripts.TestLogOff">
    <skipped/>
  </testcase> <!-- testlogoff -->
  <testcase name="verifyCloneOrReQuoteFunctionFunctionality" time="0.0" classname="com.qualitesoft.freightclub.testscripts.TestManageOrders">
    <ignored/>
  </testcase> <!-- verifyCloneOrReQuoteFunctionFunctionality -->
  <testcase name="@BeforeSuite setUp" time="0.0" classname="com.qualitesoft.core.InitializeTest">
    <ignored/>
  </testcase> <!-- @BeforeSuite setUp -->
  <testcase name="@BeforeSuite setUp" time="0.0" classname="com.qualitesoft.core.InitializeTest">
    <ignored/>
  </testcase> <!-- @BeforeSuite setUp -->
  <testcase name="@BeforeSuite setUp" time="0.0" classname="com.qualitesoft.core.InitializeTest">
    <ignored/>
  </testcase> <!-- @BeforeSuite setUp -->
  <testcase name="@BeforeSuite setUp" time="0.0" classname="com.qualitesoft.core.InitializeTest">
    <ignored/>
  </testcase> <!-- @BeforeSuite setUp -->
  <testcase name="@BeforeSuite setUp" time="0.0" classname="com.qualitesoft.core.InitializeTest">
    <ignored/>
  </testcase> <!-- @BeforeSuite setUp -->
  <testcase name="@BeforeSuite setUp" time="0.0" classname="com.qualitesoft.core.InitializeTest">
    <ignored/>
  </testcase> <!-- @BeforeSuite setUp -->
  <testcase name="testRequestCancellationAndCloneOrReQuoteButton" time="0.0" classname="com.qualitesoft.freightclub.testscripts.TestManageOrders">
    <ignored/>
  </testcase> <!-- testRequestCancellationAndCloneOrReQuoteButton -->
  <testcase name="verifyReQuoteFunctionFunctionality" time="0.0" classname="com.qualitesoft.freightclub.testscripts.TestManageOrders">
    <ignored/>
  </testcase> <!-- verifyReQuoteFunctionFunctionality -->
  <testcase name="testFCTestCarriersVisible" time="0.0" classname="com.qualitesoft.freightclub.testscripts.TestSelectCarrier">
    <ignored/>
  </testcase> <!-- testFCTestCarriersVisible -->
  <testcase name="testVerifyAppointmentFlagUnderBOLPdf" time="0.0" classname="com.qualitesoft.freightclub.testscripts.TestManageOrders">
    <ignored/>
  </testcase> <!-- testVerifyAppointmentFlagUnderBOLPdf -->
  <testcase name="@BeforeTest initialize" time="0.0" classname="com.qualitesoft.core.InitializeTest">
    <ignored/>
  </testcase> <!-- @BeforeTest initialize -->
  <testcase name="@BeforeTest initialize" time="0.0" classname="com.qualitesoft.core.InitializeTest">
    <ignored/>
  </testcase> <!-- @BeforeTest initialize -->
  <testcase name="@BeforeTest initialize" time="0.0" classname="com.qualitesoft.core.InitializeTest">
    <ignored/>
  </testcase> <!-- @BeforeTest initialize -->
  <testcase name="@BeforeTest initialize" time="0.0" classname="com.qualitesoft.core.InitializeTest">
    <ignored/>
  </testcase> <!-- @BeforeTest initialize -->
  <testcase name="@BeforeTest initialize" time="0.0" classname="com.qualitesoft.core.InitializeTest">
    <ignored/>
  </testcase> <!-- @BeforeTest initialize -->
  <testcase name="@BeforeTest initialize" time="0.0" classname="com.qualitesoft.core.InitializeTest">
    <ignored/>
  </testcase> <!-- @BeforeTest initialize -->
  <testcase name="testFCTestCarriersNotVisible" time="0.0" classname="com.qualitesoft.freightclub.testscripts.TestSelectCarrier">
    <ignored/>
  </testcase> <!-- testFCTestCarriersNotVisible -->
  <testcase name="@AfterSuite tearDown" time="0.0" classname="com.qualitesoft.core.InitializeTest">
    <ignored/>
  </testcase> <!-- @AfterSuite tearDown -->
  <testcase name="@AfterSuite tearDown" time="0.0" classname="com.qualitesoft.core.InitializeTest">
    <ignored/>
  </testcase> <!-- @AfterSuite tearDown -->
  <testcase name="@AfterSuite tearDown" time="0.0" classname="com.qualitesoft.core.InitializeTest">
    <ignored/>
  </testcase> <!-- @AfterSuite tearDown -->
  <testcase name="@AfterSuite tearDown" time="0.0" classname="com.qualitesoft.core.InitializeTest">
    <ignored/>
  </testcase> <!-- @AfterSuite tearDown -->
  <testcase name="@AfterSuite tearDown" time="0.0" classname="com.qualitesoft.core.InitializeTest">
    <ignored/>
  </testcase> <!-- @AfterSuite tearDown -->
  <testcase name="@AfterSuite tearDown" time="0.0" classname="com.qualitesoft.core.InitializeTest">
    <ignored/>
  </testcase> <!-- @AfterSuite tearDown -->
  <testcase name="testReviewAndBookCustomOrder" time="0.0" classname="com.qualitesoft.freightclub.testscripts.TestReviewAndBook">
    <ignored/>
  </testcase> <!-- testReviewAndBookCustomOrder -->
  <testcase name="testReviewAndBook" time="0.0" classname="com.qualitesoft.freightclub.testscripts.TestReviewAndBook">
    <ignored/>
  </testcase> <!-- testReviewAndBook -->
</testsuite> <!-- Test Verify Functionality of Clone Button - QA-538 - CO02 -->
