<?xml version="1.0" encoding="UTF-8"?>
<!-- Generated by org.testng.reporters.JUnitXMLReporter -->
<testsuite hostname="VAIO" ignored="0" name="Test Manage Profile" tests="1" failures="1" timestamp="12 Oct 2020 17:08:23 GMT" time="36.052" errors="0">
  <testcase name="testManageProfiles" time="33.519" classname="com.qualitesoft.freightclub.testscripts.TestManageProfiles">
    <failure type="org.openqa.selenium.WebDriverException" message="unknown error: Element &amp;lt;select data-v-68bc544e=&amp;quot;&amp;quot; class=&amp;quot;form-control&amp;quot;&amp;gt;...&amp;lt;/select&amp;gt; is not clickable at point (749, 438). Other element would receive the click: &amp;lt;div data-v-68bc544e=&amp;quot;&amp;quot; class=&amp;quot;fc-preloader&amp;quot; style=&amp;quot;&amp;quot;&amp;gt;...&amp;lt;/div&amp;gt;
  (Session info: chrome=86.0.4240.75)
  (Driver info: chromedriver=2.35.528161 (5b82f2d2aae0ca24b877009200ced9065a772e73),platform=Windows NT 6.2.9200 x86_64) (WARNING: The server did not provide any stacktrace information)
Command duration or timeout: 74 milliseconds
Build info: version: &amp;apos;2.52.0&amp;apos;, revision: &amp;apos;4c2593c&amp;apos;, time: &amp;apos;2016-02-11 19:06:42&amp;apos;
System info: host: &amp;apos;VAIO&amp;apos;, ip: &amp;apos;192.168.43.214&amp;apos;, os.name: &amp;apos;Windows 8&amp;apos;, os.arch: &amp;apos;amd64&amp;apos;, os.version: &amp;apos;6.2&amp;apos;, java.version: &amp;apos;1.8.0_201&amp;apos;
Driver info: org.openqa.selenium.chrome.ChromeDriver
Capabilities [{applicationCacheEnabled=false, rotatable=false, mobileEmulationEnabled=false, networkConnectionEnabled=false, chrome={chromedriverVersion=2.35.528161 (5b82f2d2aae0ca24b877009200ced9065a772e73), userDataDir=C:\Users\pgupta\AppData\Local\Temp\scoped_dir3836_25130}, takesHeapSnapshot=true, pageLoadStrategy=normal, databaseEnabled=false, handlesAlerts=true, hasTouchScreen=false, version=86.0.4240.75, platform=WIN8, browserConnectionEnabled=false, nativeEvents=true, acceptSslCerts=false, acceptInsecureCerts=false, locationContextEnabled=true, webStorageEnabled=true, browserName=chrome, takesScreenshot=true, javascriptEnabled=true, cssSelectorsEnabled=true, setWindowRect=true, unexpectedAlertBehaviour=}]
Session ID: 490d01baffa2e0999df2557fd878d24f">
      <![CDATA[org.openqa.selenium.WebDriverException: unknown error: Element <select data-v-68bc544e="" class="form-control">...</select> is not clickable at point (749, 438). Other element would receive the click: <div data-v-68bc544e="" class="fc-preloader" style="">...</div>
  (Session info: chrome=86.0.4240.75)
  (Driver info: chromedriver=2.35.528161 (5b82f2d2aae0ca24b877009200ced9065a772e73),platform=Windows NT 6.2.9200 x86_64) (WARNING: The server did not provide any stacktrace information)
Command duration or timeout: 74 milliseconds
Build info: version: '2.52.0', revision: '4c2593c', time: '2016-02-11 19:06:42'
System info: host: 'VAIO', ip: '192.168.43.214', os.name: 'Windows 8', os.arch: 'amd64', os.version: '6.2', java.version: '1.8.0_201'
Driver info: org.openqa.selenium.chrome.ChromeDriver
Capabilities [{applicationCacheEnabled=false, rotatable=false, mobileEmulationEnabled=false, networkConnectionEnabled=false, chrome={chromedriverVersion=2.35.528161 (5b82f2d2aae0ca24b877009200ced9065a772e73), userDataDir=C:\Users\pgupta\AppData\Local\Temp\scoped_dir3836_25130}, takesHeapSnapshot=true, pageLoadStrategy=normal, databaseEnabled=false, handlesAlerts=true, hasTouchScreen=false, version=86.0.4240.75, platform=WIN8, browserConnectionEnabled=false, nativeEvents=true, acceptSslCerts=false, acceptInsecureCerts=false, locationContextEnabled=true, webStorageEnabled=true, browserName=chrome, takesScreenshot=true, javascriptEnabled=true, cssSelectorsEnabled=true, setWindowRect=true, unexpectedAlertBehaviour=}]
Session ID: 490d01baffa2e0999df2557fd878d24f
at org.openqa.selenium.remote.ErrorHandler.createThrowable(ErrorHandler.java:206)
at org.openqa.selenium.remote.ErrorHandler.throwIfResponseFailed(ErrorHandler.java:158)
at org.openqa.selenium.remote.RemoteWebDriver.execute(RemoteWebDriver.java:678)
at org.openqa.selenium.remote.RemoteWebElement.execute(RemoteWebElement.java:327)
at org.openqa.selenium.remote.RemoteWebElement.click(RemoteWebElement.java:85)
at com.qualitesoft.core.SeleniumFunction.click(SeleniumFunction.java:21)
at com.qualitesoft.freightclub.testscripts.TestManageProfiles.testManageProfiles(TestManageProfiles.java:33)
at com.qualitesoft.TestNGRunner.main(TestNGRunner.java:18)
... Removed 27 stack frames]]>
    </failure>
  </testcase> <!-- testManageProfiles -->
</testsuite> <!-- Test Manage Profile -->
