<?xml version="1.0" encoding="UTF-8"?>
<!-- Generated by org.testng.reporters.JUnitXMLReporter -->
<testsuite hostname="DESKTOP-852SFKL" name="Test Custom Quote Requested Mail to Carrier - QA-538 - CO01" tests="1" failures="1" timestamp="23 May 2022 06:55:20 GMT" time="75.201" errors="0">
  <testcase name="testEmailNotifications" time="69.349" classname="com.qualitesoft.freightclub.testscripts.EmailVerification">
    <failure type="org.openqa.selenium.TimeoutException" message="Expected condition failed: waiting for presence of element located by: By.xpath: //table[@class=&amp;apos;table-striped jambo_table&amp;apos;]/tbody/tr (tried for 30 second(s) with 500 milliseconds interval)">
      <![CDATA[org.openqa.selenium.TimeoutException: Expected condition failed: waiting for presence of element located by: By.xpath: //table[@class='table-striped jambo_table']/tbody/tr (tried for 30 second(s) with 500 milliseconds interval)
	at org.openqa.selenium.support.ui.WebDriverWait.timeoutException(WebDriverWait.java:81)
	at org.openqa.selenium.support.ui.FluentWait.until(FluentWait.java:271)
	at com.qualitesoft.core.WaitTool.waitForElementPresentAndDisplay(WaitTool.java:22)
	at com.qualitesoft.freightclub.pageobjects.Mailinator.firstMail(Mailinator.java:34)
	at com.qualitesoft.freightclub.testscripts.EmailVerification.testEmailNotifications(EmailVerification.java:56)
Caused by: org.openqa.selenium.NoSuchElementException: Cannot locate an element using By.xpath: //table[@class='table-striped jambo_table']/tbody/tr
For documentation on this error, please visit: http://seleniumhq.org/exceptions/no_such_element.html
Build info: version: '3.11.0', revision: 'e59cfb3', time: '2018-03-11T20:33:15.31Z'
System info: host: 'DESKTOP-852SFKL', ip: '10.50.1.11', os.name: 'Windows 10', os.arch: 'amd64', os.version: '10.0', java.version: '1.8.0_202'
Driver info: driver.version: unknown
	at org.openqa.selenium.support.ui.ExpectedConditions.lambda$findElement$0(ExpectedConditions.java:896)
	at java.util.Optional.orElseThrow(Optional.java:290)
	at org.openqa.selenium.support.ui.ExpectedConditions.findElement(ExpectedConditions.java:895)
	at org.openqa.selenium.support.ui.ExpectedConditions.access$000(ExpectedConditions.java:44)
	at org.openqa.selenium.support.ui.ExpectedConditions$6.apply(ExpectedConditions.java:183)
	at org.openqa.selenium.support.ui.ExpectedConditions$6.apply(ExpectedConditions.java:180)
	at org.openqa.selenium.support.ui.FluentWait.until(FluentWait.java:248)
	... 27 more
... Removed 24 stack frames]]>
    </failure>
  </testcase> <!-- testEmailNotifications -->
</testsuite> <!-- Test Custom Quote Requested Mail to Carrier - QA-538 - CO01 -->
