<?xml version="1.0" encoding="utf-8" ?>
<!DOCTYPE html PUBLIC "-//W3C//DTD XHTML 1.0 Strict//EN"
        "http://www.w3.org/TR/xhtml1/DTD/xhtml1-strict.dtd">
<html xmlns="http://www.w3.org/1999/xhtml" xml:lang="" lang="">
<head>
  <title>Test Results Report - Test Custom Quote Requested Mail to Carrier - QA-538 - CO01</title>
  <meta http-equiv="Content-Type" content="text/html;charset=utf-8" />
  <meta name="description" content="TestNG unit test results." />
  <link href="reportng.css" rel="stylesheet" type="text/css" />
    <script type="text/javascript" src="reportng.js"></script>
</head>
<body>
<h1>Test Custom Quote Requested Mail to Carrier - QA-538 - CO01</h1>
<p>
  Test duration: 70.369s
</p>



  <table class="resultsTable">
    <tr><th colspan="3" class="header failed">Failed Tests</th></tr>
          <tr>
        <td colspan="3" class="group">com.qualitesoft.freightclub.testscripts.EmailVerification</td>
      </tr>
            
<tr>
  <td class="method">
                  testEmailNotifications
      </td>
  <td class="duration">
    69.349s
  </td>
  <td class="result">
        
          <i>Method arguments: </i><span class="arguments">"Custom Quote Requested - Carrier"</span><br />
    
            <div class="testOutput">
                        Data Row: 2<br />
                                Element by By.xpath: //input[@placeholder=&apos;Enter Public Mailinator Inbox&apos;] | //input[@id=&apos;inbox_field&apos;] found.<br />
                                Text send.<br />
                                Element by By.xpath: //button[@value=&apos;Search for public inbox for free&apos;] found.<br />
                                WebElement clicked.<br />
                                Screenshot Email inbox successfully taken.<br />
                                not able to find element by (By.xpath: //table[@class=&apos;table-striped jambo_table&apos;]/tbody/tr) in &apos;30&apos; seconds<br />
                                Faliure screenshot Failure Screenshot successfully taken.<br />
                                Error: testEmailNotifications test has failed.<br />
                                Faliure screenshot testEmailNotifications successfully taken.<br />
                  </div>
    

        <a href="javascript:toggleElement('exception-0', 'block')" title="Click to expand/collapse"><b>org.openqa.selenium.TimeoutException: Expected condition failed: waiting for presence of element located by: By.xpath: //table[@class=&apos;table-striped jambo_table&apos;]/tbody/tr (tried for 30 second(s) with 500 milliseconds interval)</b></a><br />
    <div class="stackTrace" id="exception-0">
              org.openqa.selenium.support.ui.WebDriverWait.timeoutException(WebDriverWait.java:81)<br />
              org.openqa.selenium.support.ui.FluentWait.until(FluentWait.java:271)<br />
              com.qualitesoft.core.WaitTool.waitForElementPresentAndDisplay(WaitTool.java:22)<br />
              com.qualitesoft.freightclub.pageobjects.Mailinator.firstMail(Mailinator.java:34)<br />
              com.qualitesoft.freightclub.testscripts.EmailVerification.testEmailNotifications(EmailVerification.java:56)<br />
              sun.reflect.NativeMethodAccessorImpl.invoke0(Native Method)<br />
              sun.reflect.NativeMethodAccessorImpl.invoke(NativeMethodAccessorImpl.java:62)<br />
              sun.reflect.DelegatingMethodAccessorImpl.invoke(DelegatingMethodAccessorImpl.java:43)<br />
              java.lang.reflect.Method.invoke(Method.java:498)<br />
              org.testng.internal.MethodInvocationHelper.invokeMethod(MethodInvocationHelper.java:86)<br />
              org.testng.internal.Invoker.invokeMethod(Invoker.java:643)<br />
              org.testng.internal.Invoker.invokeTestMethod(Invoker.java:820)<br />
              org.testng.internal.Invoker.invokeTestMethods(Invoker.java:1128)<br />
              org.testng.internal.TestMethodWorker.invokeTestMethods(TestMethodWorker.java:129)<br />
              org.testng.internal.TestMethodWorker.run(TestMethodWorker.java:112)<br />
              org.testng.TestRunner.privateRun(TestRunner.java:782)<br />
              org.testng.TestRunner.run(TestRunner.java:632)<br />
              org.testng.SuiteRunner.runTest(SuiteRunner.java:366)<br />
              org.testng.SuiteRunner.runSequentially(SuiteRunner.java:361)<br />
              org.testng.SuiteRunner.privateRun(SuiteRunner.java:319)<br />
              org.testng.SuiteRunner.run(SuiteRunner.java:268)<br />
              org.testng.SuiteRunnerWorker.runSuite(SuiteRunnerWorker.java:52)<br />
              org.testng.SuiteRunnerWorker.run(SuiteRunnerWorker.java:86)<br />
              org.testng.TestNG.runSuitesSequentially(TestNG.java:1244)<br />
              org.testng.TestNG.runSuitesLocally(TestNG.java:1169)<br />
              org.testng.TestNG.run(TestNG.java:1064)<br />
              org.testng.remote.AbstractRemoteTestNG.run(AbstractRemoteTestNG.java:115)<br />
              org.testng.remote.RemoteTestNG.initAndRun(RemoteTestNG.java:251)<br />
              org.testng.remote.RemoteTestNG.main(RemoteTestNG.java:77)<br />
                    <b>Caused by: </b> <a href="javascript:toggleElement('exception-1', 'block')" title="Click to expand/collapse">org.openqa.selenium.NoSuchElementException: Cannot locate an element using By.xpath: //table[@class=&apos;table-striped jambo_table&apos;]/tbody/tr<br/>
For documentation on this error, please visit: http://seleniumhq.org/exceptions/no_such_element.html<br/>
Build info: version: &apos;3.11.0&apos;, revision: &apos;e59cfb3&apos;, time: &apos;2018-03-11T20:33:15.31Z&apos;<br/>
System info: host: &apos;DESKTOP-852SFKL&apos;, ip: &apos;10.50.1.11&apos;, os.name: &apos;Windows 10&apos;, os.arch: &apos;amd64&apos;, os.version: &apos;10.0&apos;, java.version: &apos;1.8.0_202&apos;<br/>
Driver info: driver.version: unknown</a><br />
        <div class="stackTrace" id="exception-1">
                      org.openqa.selenium.support.ui.ExpectedConditions.lambda$findElement$0(ExpectedConditions.java:896)<br />
                      java.util.Optional.orElseThrow(Optional.java:290)<br />
                      org.openqa.selenium.support.ui.ExpectedConditions.findElement(ExpectedConditions.java:895)<br />
                      org.openqa.selenium.support.ui.ExpectedConditions.access$000(ExpectedConditions.java:44)<br />
                      org.openqa.selenium.support.ui.ExpectedConditions$6.apply(ExpectedConditions.java:183)<br />
                      org.openqa.selenium.support.ui.ExpectedConditions$6.apply(ExpectedConditions.java:180)<br />
                      org.openqa.selenium.support.ui.FluentWait.until(FluentWait.java:248)<br />
                      com.qualitesoft.core.WaitTool.waitForElementPresentAndDisplay(WaitTool.java:22)<br />
                      com.qualitesoft.freightclub.pageobjects.Mailinator.firstMail(Mailinator.java:34)<br />
                      com.qualitesoft.freightclub.testscripts.EmailVerification.testEmailNotifications(EmailVerification.java:56)<br />
                      sun.reflect.NativeMethodAccessorImpl.invoke0(Native Method)<br />
                      sun.reflect.NativeMethodAccessorImpl.invoke(NativeMethodAccessorImpl.java:62)<br />
                      sun.reflect.DelegatingMethodAccessorImpl.invoke(DelegatingMethodAccessorImpl.java:43)<br />
                      java.lang.reflect.Method.invoke(Method.java:498)<br />
                      org.testng.internal.MethodInvocationHelper.invokeMethod(MethodInvocationHelper.java:86)<br />
                      org.testng.internal.Invoker.invokeMethod(Invoker.java:643)<br />
                      org.testng.internal.Invoker.invokeTestMethod(Invoker.java:820)<br />
                      org.testng.internal.Invoker.invokeTestMethods(Invoker.java:1128)<br />
                      org.testng.internal.TestMethodWorker.invokeTestMethods(TestMethodWorker.java:129)<br />
                      org.testng.internal.TestMethodWorker.run(TestMethodWorker.java:112)<br />
                      org.testng.TestRunner.privateRun(TestRunner.java:782)<br />
                      org.testng.TestRunner.run(TestRunner.java:632)<br />
                      org.testng.SuiteRunner.runTest(SuiteRunner.java:366)<br />
                      org.testng.SuiteRunner.runSequentially(SuiteRunner.java:361)<br />
                      org.testng.SuiteRunner.privateRun(SuiteRunner.java:319)<br />
                      org.testng.SuiteRunner.run(SuiteRunner.java:268)<br />
                      org.testng.SuiteRunnerWorker.runSuite(SuiteRunnerWorker.java:52)<br />
                      org.testng.SuiteRunnerWorker.run(SuiteRunnerWorker.java:86)<br />
                      org.testng.TestNG.runSuitesSequentially(TestNG.java:1244)<br />
                      org.testng.TestNG.runSuitesLocally(TestNG.java:1169)<br />
                      org.testng.TestNG.run(TestNG.java:1064)<br />
                      org.testng.remote.AbstractRemoteTestNG.run(AbstractRemoteTestNG.java:115)<br />
                      org.testng.remote.RemoteTestNG.initAndRun(RemoteTestNG.java:251)<br />
                      org.testng.remote.RemoteTestNG.main(RemoteTestNG.java:77)<br />
                  </div>
          </div>
      </td>
</tr>
      </table>


  
</body>
</html>
