<!DOCTYPE html>

<html>
  <head>
  <meta charset='utf-8'>
  <title>TestNG reports</title>

    <link type="text/css" href="testng-reports.css" rel="stylesheet" />
    <script type="text/javascript" src="jquery-1.7.1.min.js"></script>
    <script type="text/javascript" src="testng-reports.js"></script>
    <script type="text/javascript" src="https://www.google.com/jsapi"></script>
    <script type='text/javascript'>
      google.load('visualization', '1', {packages:['table']});
      google.setOnLoadCallback(drawTable);
      var suiteTableInitFunctions = new Array();
      var suiteTableData = new Array();
    </script>
    <!--
      <script type="text/javascript" src="jquery-ui/js/jquery-ui-1.8.16.custom.min.js"></script>
     -->
  </head>

  <body>
    <div class="top-banner-root">
      <span class="top-banner-title-font">Test results</span>
      <br/>
      <span class="top-banner-font-1">1 suite, 22 failed tests</span>
    </div> <!-- top-banner-root -->
    <div class="navigator-root">
      <div class="navigator-suite-header">
        <span>All suites</span>
        <a href="#" class="collapse-all-link" title="Collapse/expand all the suites">
          <img class="collapse-all-icon" src="collapseall.gif">
          </img> <!-- collapse-all-icon -->
        </a> <!-- collapse-all-link -->
      </div> <!-- navigator-suite-header -->
      <div class="suite">
        <div class="rounded-window">
          <div class="suite-header light-rounded-window-top">
            <a href="#" class="navigator-link" panel-name="suite-ChannelGate_SIP">
              <span class="suite-name border-failed">ChannelGate SIP</span>
            </a> <!-- navigator-link -->
          </div> <!-- suite-header light-rounded-window-top -->
          <div class="navigator-suite-content">
            <div class="suite-section-title">
              <span>Info</span>
            </div> <!-- suite-section-title -->
            <div class="suite-section-content">
              <ul>
                <li>
                  <a href="#" class="navigator-link " panel-name="test-xml-ChannelGate_SIP">
                    <span>F:\Qualitesoft\qualitesoft\xml-config-files\ChannelgateSip\channelgatesipsuite.xml</span>
                  </a> <!-- navigator-link  -->
                </li>
                <li>
                  <a href="#" class="navigator-link " panel-name="testlist-ChannelGate_SIP">
                    <span class="test-stats">10 tests</span>
                  </a> <!-- navigator-link  -->
                </li>
                <li>
                  <a href="#" class="navigator-link " panel-name="group-ChannelGate_SIP">
                    <span>0 groups</span>
                  </a> <!-- navigator-link  -->
                </li>
                <li>
                  <a href="#" class="navigator-link " panel-name="times-ChannelGate_SIP">
                    <span>Times</span>
                  </a> <!-- navigator-link  -->
                </li>
                <li>
                  <a href="#" class="navigator-link " panel-name="reporter-ChannelGate_SIP">
                    <span>Reporter output</span>
                  </a> <!-- navigator-link  -->
                </li>
                <li>
                  <a href="#" class="navigator-link " panel-name="ignored-methods-ChannelGate_SIP">
                    <span>Ignored methods</span>
                  </a> <!-- navigator-link  -->
                </li>
                <li>
                  <a href="#" class="navigator-link " panel-name="chronological-ChannelGate_SIP">
                    <span>Chronological view</span>
                  </a> <!-- navigator-link  -->
                </li>
              </ul>
            </div> <!-- suite-section-content -->
            <div class="result-section">
              <div class="suite-section-title">
                <span>Results</span>
              </div> <!-- suite-section-title -->
              <div class="suite-section-content">
                <ul>
                  <li>
                    <span class="method-stats">39 methods, 22 failed,   17 passed</span>
                  </li>
                  <li>
                    <span class="method-list-title failed">Failed methods</span>
                    <span class="show-or-hide-methods failed">
                      <a href="#" panel-name="suite-ChannelGate_SIP" class="hide-methods failed suite-ChannelGate_SIP"> (hide)</a> <!-- hide-methods failed suite-ChannelGate_SIP -->
                      <a href="#" panel-name="suite-ChannelGate_SIP" class="show-methods failed suite-ChannelGate_SIP"> (show)</a> <!-- show-methods failed suite-ChannelGate_SIP -->
                    </span>
                    <div class="method-list-content failed suite-ChannelGate_SIP">
                      <span>
                        <img width="3%" src="failed.png"/>
                        <a href="#" class="method navigator-link" panel-name="suite-ChannelGate_SIP" title="com.qualitesoft.channelgatesip.testscripts.TestAdminPortal" hash-for-method="testAdminPortal">testAdminPortal</a> <!-- method navigator-link -->
                      </span>
                      <br/>
                      <span>
                        <img width="3%" src="failed.png"/>
                        <a href="#" class="method navigator-link" panel-name="suite-ChannelGate_SIP" title="com.qualitesoft.channelgatesip.testscripts.TestForgotPassword" hash-for-method="testForgotPassword">testForgotPassword</a> <!-- method navigator-link -->
                      </span>
                      <br/>
                      <span>
                        <img width="3%" src="failed.png"/>
                        <a href="#" class="method navigator-link" panel-name="suite-ChannelGate_SIP" title="com.qualitesoft.channelgatesip.testscripts.TestInstance" hash-for-method="testInstance">testInstance</a> <!-- method navigator-link -->
                      </span>
                      <br/>
                      <span>
                        <img width="3%" src="failed.png"/>
                        <a href="#" class="method navigator-link" panel-name="suite-ChannelGate_SIP" title="com.qualitesoft.channelgatesip.testscripts.TestInviteUser" hash-for-method="testInstance">testInstance</a> <!-- method navigator-link -->
                      </span>
                      <br/>
                      <span>
                        <img width="3%" src="failed.png"/>
                        <a href="#" class="method navigator-link" panel-name="suite-ChannelGate_SIP" title="com.qualitesoft.channelgatesip.testscripts.TestSignUpNew" hash-for-method="testInstance">testInstance</a> <!-- method navigator-link -->
                      </span>
                      <br/>
                      <span>
                        <img width="3%" src="failed.png"/>
                        <a href="#" class="method navigator-link" panel-name="suite-ChannelGate_SIP" title="com.qualitesoft.channelgatesip.testscripts.LogOff" hash-for-method="testLogOff">testLogOff</a> <!-- method navigator-link -->
                      </span>
                      <br/>
                      <span>
                        <img width="3%" src="failed.png"/>
                        <a href="#" class="method navigator-link" panel-name="suite-ChannelGate_SIP" title="com.qualitesoft.channelgatesip.testscripts.LogOff" hash-for-method="testLogOff">testLogOff</a> <!-- method navigator-link -->
                      </span>
                      <br/>
                      <span>
                        <img width="3%" src="failed.png"/>
                        <a href="#" class="method navigator-link" panel-name="suite-ChannelGate_SIP" title="com.qualitesoft.channelgatesip.testscripts.TestSelectBrand" hash-for-method="testSelectBrand">testSelectBrand</a> <!-- method navigator-link -->
                      </span>
                      <br/>
                      <span>
                        <img width="3%" src="failed.png"/>
                        <a href="#" class="method navigator-link" panel-name="suite-ChannelGate_SIP" title="com.qualitesoft.channelgatesip.testscripts.TestNavigation" hash-for-method="testSelectBrand">testSelectBrand</a> <!-- method navigator-link -->
                      </span>
                      <br/>
                      <span>
                        <img width="3%" src="failed.png"/>
                        <a href="#" class="method navigator-link" panel-name="suite-ChannelGate_SIP" title="com.qualitesoft.channelgatesip.testscripts.TestLogin" hash-for-method="verifyInvalidEmailsValidation(email3, qatest@com)">verifyInvalidEmailsValidation(email3, qatest@com)</a> <!-- method navigator-link -->
                      </span>
                      <br/>
                      <span>
                        <img width="3%" src="failed.png"/>
                        <a href="#" class="method navigator-link" panel-name="suite-ChannelGate_SIP" title="com.qualitesoft.channelgatesip.testscripts.TestForgotPassword" hash-for-method="verifyInvalidEmailsValidation(email4, qatest@test..com)">verifyInvalidEmailsValidation(email4, qatest@test..com)</a> <!-- method navigator-link -->
                      </span>
                      <br/>
                      <span>
                        <img width="3%" src="failed.png"/>
                        <a href="#" class="method navigator-link" panel-name="suite-ChannelGate_SIP" title="com.qualitesoft.channelgatesip.testscripts.TestForgotPassword" hash-for-method="verifyInvalidEmailsValidation(email7, qatest.@test.com)">verifyInvalidEmailsValidation(email7, qatest.@test.com)</a> <!-- method navigator-link -->
                      </span>
                      <br/>
                      <span>
                        <img width="3%" src="failed.png"/>
                        <a href="#" class="method navigator-link" panel-name="suite-ChannelGate_SIP" title="com.qualitesoft.channelgatesip.testscripts.TestForgotPassword" hash-for-method="verifyInvalidEmailsValidation(email1, qatest)">verifyInvalidEmailsValidation(email1, qatest)</a> <!-- method navigator-link -->
                      </span>
                      <br/>
                      <span>
                        <img width="3%" src="failed.png"/>
                        <a href="#" class="method navigator-link" panel-name="suite-ChannelGate_SIP" title="com.qualitesoft.channelgatesip.testscripts.TestForgotPassword" hash-for-method="verifyInvalidEmailsValidation(email6, qatest@.test.com)">verifyInvalidEmailsValidation(email6, qatest@.test.com)</a> <!-- method navigator-link -->
                      </span>
                      <br/>
                      <span>
                        <img width="3%" src="failed.png"/>
                        <a href="#" class="method navigator-link" panel-name="suite-ChannelGate_SIP" title="com.qualitesoft.channelgatesip.testscripts.TestForgotPassword" hash-for-method="verifyInvalidEmailsValidation(email3, qatest@com)">verifyInvalidEmailsValidation(email3, qatest@com)</a> <!-- method navigator-link -->
                      </span>
                      <br/>
                      <span>
                        <img width="3%" src="failed.png"/>
                        <a href="#" class="method navigator-link" panel-name="suite-ChannelGate_SIP" title="com.qualitesoft.channelgatesip.testscripts.TestForgotPassword" hash-for-method="verifyInvalidEmailsValidation(email5, qatest@@test.com)">verifyInvalidEmailsValidation(email5, qatest@@test.com)</a> <!-- method navigator-link -->
                      </span>
                      <br/>
                      <span>
                        <img width="3%" src="failed.png"/>
                        <a href="#" class="method navigator-link" panel-name="suite-ChannelGate_SIP" title="com.qualitesoft.channelgatesip.testscripts.TestForgotPassword" hash-for-method="verifyInvalidEmailsValidation(email2, qatest@)">verifyInvalidEmailsValidation(email2, qatest@)</a> <!-- method navigator-link -->
                      </span>
                      <br/>
                      <span>
                        <img width="3%" src="failed.png"/>
                        <a href="#" class="method navigator-link" panel-name="suite-ChannelGate_SIP" title="com.qualitesoft.channelgatesip.testscripts.TestForgotPassword" hash-for-method="verifyInvalidEmailsValidation(email10, qatest@test.com.)">verifyInvalidEmailsValidation(email10, qatest@test.com.)</a> <!-- method navigator-link -->
                      </span>
                      <br/>
                      <span>
                        <img width="3%" src="failed.png"/>
                        <a href="#" class="method navigator-link" panel-name="suite-ChannelGate_SIP" title="com.qualitesoft.channelgatesip.testscripts.TestForgotPassword" hash-for-method="verifyInvalidEmailsValidation(email9, .qatest@test.com)">verifyInvalidEmailsValidation(email9, .qatest@test.com)</a> <!-- method navigator-link -->
                      </span>
                      <br/>
                      <span>
                        <img width="3%" src="failed.png"/>
                        <a href="#" class="method navigator-link" panel-name="suite-ChannelGate_SIP" title="com.qualitesoft.channelgatesip.testscripts.TestForgotPassword" hash-for-method="verifyInvalidEmailsValidation(email8, qa..test@test.com)">verifyInvalidEmailsValidation(email8, qa..test@test.com)</a> <!-- method navigator-link -->
                      </span>
                      <br/>
                      <span>
                        <img width="3%" src="failed.png"/>
                        <a href="#" class="method navigator-link" panel-name="suite-ChannelGate_SIP" title="com.qualitesoft.channelgatesip.testscripts.TestForgotPassword" hash-for-method="verifyRequiredFieldValidation">verifyRequiredFieldValidation</a> <!-- method navigator-link -->
                      </span>
                      <br/>
                      <span>
                        <img width="3%" src="failed.png"/>
                        <a href="#" class="method navigator-link" panel-name="suite-ChannelGate_SIP" title="com.qualitesoft.channelgatesip.testscripts.TestForgotPassword" hash-for-method="verifyUnregisteredEmailValidation">verifyUnregisteredEmailValidation</a> <!-- method navigator-link -->
                      </span>
                      <br/>
                    </div> <!-- method-list-content failed suite-ChannelGate_SIP -->
                  </li>
                  <li>
                    <span class="method-list-title passed">Passed methods</span>
                    <span class="show-or-hide-methods passed">
                      <a href="#" panel-name="suite-ChannelGate_SIP" class="hide-methods passed suite-ChannelGate_SIP"> (hide)</a> <!-- hide-methods passed suite-ChannelGate_SIP -->
                      <a href="#" panel-name="suite-ChannelGate_SIP" class="show-methods passed suite-ChannelGate_SIP"> (show)</a> <!-- show-methods passed suite-ChannelGate_SIP -->
                    </span>
                    <div class="method-list-content passed suite-ChannelGate_SIP">
                      <span>
                        <img width="3%" src="passed.png"/>
                        <a href="#" class="method navigator-link" panel-name="suite-ChannelGate_SIP" title="com.qualitesoft.channelgatesip.testscripts.TestForgotPassword" hash-for-method="mismatchPasswordValidation">mismatchPasswordValidation</a> <!-- method navigator-link -->
                      </span>
                      <br/>
                      <span>
                        <img width="3%" src="passed.png"/>
                        <a href="#" class="method navigator-link" panel-name="suite-ChannelGate_SIP" title="com.qualitesoft.channelgatesip.testscripts.TestForgotPassword" hash-for-method="passwordRequiredValidation">passwordRequiredValidation</a> <!-- method navigator-link -->
                      </span>
                      <br/>
                      <span>
                        <img width="3%" src="passed.png"/>
                        <a href="#" class="method navigator-link" panel-name="suite-ChannelGate_SIP" title="com.qualitesoft.channelgatesip.testscripts.TestForgotPassword" hash-for-method="resetPassword">resetPassword</a> <!-- method navigator-link -->
                      </span>
                      <br/>
                      <span>
                        <img width="3%" src="passed.png"/>
                        <a href="#" class="method navigator-link" panel-name="suite-ChannelGate_SIP" title="com.qualitesoft.channelgatesip.testscripts.TestLogin" hash-for-method="testInstance">testInstance</a> <!-- method navigator-link -->
                      </span>
                      <br/>
                      <span>
                        <img width="3%" src="passed.png"/>
                        <a href="#" class="method navigator-link" panel-name="suite-ChannelGate_SIP" title="com.qualitesoft.channelgatesip.testscripts.TestForgotPassword" hash-for-method="validPasswordValidation">validPasswordValidation</a> <!-- method navigator-link -->
                      </span>
                      <br/>
                      <span>
                        <img width="3%" src="passed.png"/>
                        <a href="#" class="method navigator-link" panel-name="suite-ChannelGate_SIP" title="com.qualitesoft.channelgatesip.testscripts.TestLogin" hash-for-method="verifyInvalidCredentialsValidation">verifyInvalidCredentialsValidation</a> <!-- method navigator-link -->
                      </span>
                      <br/>
                      <span>
                        <img width="3%" src="passed.png"/>
                        <a href="#" class="method navigator-link" panel-name="suite-ChannelGate_SIP" title="com.qualitesoft.channelgatesip.testscripts.TestLogin" hash-for-method="verifyInvalidEmailsValidation(email7, qatest.@test.com)">verifyInvalidEmailsValidation(email7, qatest.@test.com)</a> <!-- method navigator-link -->
                      </span>
                      <br/>
                      <span>
                        <img width="3%" src="passed.png"/>
                        <a href="#" class="method navigator-link" panel-name="suite-ChannelGate_SIP" title="com.qualitesoft.channelgatesip.testscripts.TestLogin" hash-for-method="verifyInvalidEmailsValidation(email9, .qatest@test.com)">verifyInvalidEmailsValidation(email9, .qatest@test.com)</a> <!-- method navigator-link -->
                      </span>
                      <br/>
                      <span>
                        <img width="3%" src="passed.png"/>
                        <a href="#" class="method navigator-link" panel-name="suite-ChannelGate_SIP" title="com.qualitesoft.channelgatesip.testscripts.TestLogin" hash-for-method="verifyInvalidEmailsValidation(email5, qatest@@test.com)">verifyInvalidEmailsValidation(email5, qatest@@test.com)</a> <!-- method navigator-link -->
                      </span>
                      <br/>
                      <span>
                        <img width="3%" src="passed.png"/>
                        <a href="#" class="method navigator-link" panel-name="suite-ChannelGate_SIP" title="com.qualitesoft.channelgatesip.testscripts.TestLogin" hash-for-method="verifyInvalidEmailsValidation(email6, qatest@.test.com)">verifyInvalidEmailsValidation(email6, qatest@.test.com)</a> <!-- method navigator-link -->
                      </span>
                      <br/>
                      <span>
                        <img width="3%" src="passed.png"/>
                        <a href="#" class="method navigator-link" panel-name="suite-ChannelGate_SIP" title="com.qualitesoft.channelgatesip.testscripts.TestLogin" hash-for-method="verifyInvalidEmailsValidation(email4, qatest@test..com)">verifyInvalidEmailsValidation(email4, qatest@test..com)</a> <!-- method navigator-link -->
                      </span>
                      <br/>
                      <span>
                        <img width="3%" src="passed.png"/>
                        <a href="#" class="method navigator-link" panel-name="suite-ChannelGate_SIP" title="com.qualitesoft.channelgatesip.testscripts.TestLogin" hash-for-method="verifyInvalidEmailsValidation(email2, qatest@)">verifyInvalidEmailsValidation(email2, qatest@)</a> <!-- method navigator-link -->
                      </span>
                      <br/>
                      <span>
                        <img width="3%" src="passed.png"/>
                        <a href="#" class="method navigator-link" panel-name="suite-ChannelGate_SIP" title="com.qualitesoft.channelgatesip.testscripts.TestLogin" hash-for-method="verifyInvalidEmailsValidation(email10, qatest@test.com.)">verifyInvalidEmailsValidation(email10, qatest@test.com.)</a> <!-- method navigator-link -->
                      </span>
                      <br/>
                      <span>
                        <img width="3%" src="passed.png"/>
                        <a href="#" class="method navigator-link" panel-name="suite-ChannelGate_SIP" title="com.qualitesoft.channelgatesip.testscripts.TestLogin" hash-for-method="verifyInvalidEmailsValidation(email8, qa..test@test.com)">verifyInvalidEmailsValidation(email8, qa..test@test.com)</a> <!-- method navigator-link -->
                      </span>
                      <br/>
                      <span>
                        <img width="3%" src="passed.png"/>
                        <a href="#" class="method navigator-link" panel-name="suite-ChannelGate_SIP" title="com.qualitesoft.channelgatesip.testscripts.TestLogin" hash-for-method="verifyInvalidEmailsValidation(email1, qatest)">verifyInvalidEmailsValidation(email1, qatest)</a> <!-- method navigator-link -->
                      </span>
                      <br/>
                      <span>
                        <img width="3%" src="passed.png"/>
                        <a href="#" class="method navigator-link" panel-name="suite-ChannelGate_SIP" title="com.qualitesoft.channelgatesip.testscripts.TestLogin" hash-for-method="verifyRequiredFieldValidation">verifyRequiredFieldValidation</a> <!-- method navigator-link -->
                      </span>
                      <br/>
                      <span>
                        <img width="3%" src="passed.png"/>
                        <a href="#" class="method navigator-link" panel-name="suite-ChannelGate_SIP" title="com.qualitesoft.channelgatesip.testscripts.TestForgotPassword" hash-for-method="verifyResetPasswordEmail">verifyResetPasswordEmail</a> <!-- method navigator-link -->
                      </span>
                      <br/>
                    </div> <!-- method-list-content passed suite-ChannelGate_SIP -->
                  </li>
                </ul>
              </div> <!-- suite-section-content -->
            </div> <!-- result-section -->
          </div> <!-- navigator-suite-content -->
        </div> <!-- rounded-window -->
      </div> <!-- suite -->
    </div> <!-- navigator-root -->
    <div class="wrapper">
      <div class="main-panel-root">
        <div panel-name="suite-ChannelGate_SIP" class="panel ChannelGate_SIP">
          <div class="suite-ChannelGate_SIP-class-failed">
            <div class="main-panel-header rounded-window-top">
              <img src="failed.png"/>
              <span class="class-name">com.qualitesoft.channelgatesip.testscripts.TestAdminPortal</span>
            </div> <!-- main-panel-header rounded-window-top -->
            <div class="main-panel-content rounded-window-bottom">
              <div class="method">
                <div class="method-content">
                  <a name="testAdminPortal">
                  </a> <!-- testAdminPortal -->
                  <span class="method-name">testAdminPortal</span>
                  <div class="stack-trace">org.openqa.selenium.TimeoutException: Timed out after 30 seconds waiting for presence of element located by: By.xpath: //tabs[@navclass=&apos;nav-pills-cyan nav-pills-icons&apos;]/div[2]/tab[3]/div/div[3]/div[1]/div/div/div[3]/button
Build info: version: &apos;2.52.0&apos;, revision: &apos;4c2593c&apos;, time: &apos;2016-02-11 19:06:42&apos;
System info: host: &apos;DESKTOP-H4389BG&apos;, ip: &apos;192.168.1.78&apos;, os.name: &apos;Windows 10&apos;, os.arch: &apos;amd64&apos;, os.version: &apos;10.0&apos;, java.version: &apos;1.8.0_231&apos;
Driver info: org.openqa.selenium.chrome.ChromeDriver
Capabilities [{applicationCacheEnabled=false, rotatable=false, mobileEmulationEnabled=false, networkConnectionEnabled=false, chrome={chromedriverVersion=2.35.528161 (5b82f2d2aae0ca24b877009200ced9065a772e73), userDataDir=C:\Users\ACER\AppData\Local\Temp\scoped_dir1908_5503}, takesHeapSnapshot=true, pageLoadStrategy=normal, databaseEnabled=false, handlesAlerts=true, hasTouchScreen=false, version=91.0.4472.124, platform=XP, browserConnectionEnabled=false, nativeEvents=true, acceptSslCerts=false, acceptInsecureCerts=false, locationContextEnabled=true, webStorageEnabled=true, browserName=chrome, takesScreenshot=true, javascriptEnabled=true, cssSelectorsEnabled=true, setWindowRect=true, unexpectedAlertBehaviour=}]
Session ID: 087301c2c900a03832558a0f34ffb5b0
	at org.openqa.selenium.support.ui.WebDriverWait.timeoutException(WebDriverWait.java:80)
	at org.openqa.selenium.support.ui.FluentWait.until(FluentWait.java:261)
	at com.qualitesoft.core.WaitTool.waitForElementPresentAndDisplay(WaitTool.java:19)
	at com.qualitesoft.channelgatesip.pageobjects.LoginPage.adminPortal(LoginPage.java:50)
	at com.qualitesoft.channelgatesip.testscripts.TestAdminPortal.testAdminPortal(TestAdminPortal.java:33)
Caused by: org.openqa.selenium.NoSuchElementException: no such element: Unable to locate element: {&quot;method&quot;:&quot;xpath&quot;,&quot;selector&quot;:&quot;//tabs[@navclass=&apos;nav-pills-cyan nav-pills-icons&apos;]/div[2]/tab[3]/div/div[3]/div[1]/div/div/div[3]/button&quot;}
  (Session info: chrome=91.0.4472.124)
  (Driver info: chromedriver=2.35.528161 (5b82f2d2aae0ca24b877009200ced9065a772e73),platform=Windows NT 10.0.19042 x86_64) (WARNING: The server did not provide any stacktrace information)
Command duration or timeout: 43 milliseconds
For documentation on this error, please visit: http://seleniumhq.org/exceptions/no_such_element.html
Build info: version: &apos;2.52.0&apos;, revision: &apos;4c2593c&apos;, time: &apos;2016-02-11 19:06:42&apos;
System info: host: &apos;DESKTOP-H4389BG&apos;, ip: &apos;192.168.1.78&apos;, os.name: &apos;Windows 10&apos;, os.arch: &apos;amd64&apos;, os.version: &apos;10.0&apos;, java.version: &apos;1.8.0_231&apos;
Driver info: org.openqa.selenium.chrome.ChromeDriver
Capabilities [{applicationCacheEnabled=false, rotatable=false, mobileEmulationEnabled=false, networkConnectionEnabled=false, chrome={chromedriverVersion=2.35.528161 (5b82f2d2aae0ca24b877009200ced9065a772e73), userDataDir=C:\Users\ACER\AppData\Local\Temp\scoped_dir1908_5503}, takesHeapSnapshot=true, pageLoadStrategy=normal, databaseEnabled=false, handlesAlerts=true, hasTouchScreen=false, version=91.0.4472.124, platform=XP, browserConnectionEnabled=false, nativeEvents=true, acceptSslCerts=false, acceptInsecureCerts=false, locationContextEnabled=true, webStorageEnabled=true, browserName=chrome, takesScreenshot=true, javascriptEnabled=true, cssSelectorsEnabled=true, setWindowRect=true, unexpectedAlertBehaviour=}]
Session ID: 087301c2c900a03832558a0f34ffb5b0
*** Element info: {Using=xpath, value=//tabs[@navclass=&apos;nav-pills-cyan nav-pills-icons&apos;]/div[2]/tab[3]/div/div[3]/div[1]/div/div/div[3]/button}
	at org.openqa.selenium.remote.ErrorHandler.createThrowable(ErrorHandler.java:206)
	at org.openqa.selenium.remote.ErrorHandler.throwIfResponseFailed(ErrorHandler.java:158)
	at org.openqa.selenium.remote.RemoteWebDriver.execute(RemoteWebDriver.java:678)
	at org.openqa.selenium.remote.RemoteWebDriver.findElement(RemoteWebDriver.java:363)
	at org.openqa.selenium.remote.RemoteWebDriver.findElementByXPath(RemoteWebDriver.java:500)
	at org.openqa.selenium.By$ByXPath.findElement(By.java:361)
	at org.openqa.selenium.remote.RemoteWebDriver.findElement(RemoteWebDriver.java:355)
	at org.openqa.selenium.support.ui.ExpectedConditions.findElement(ExpectedConditions.java:911)
	at org.openqa.selenium.support.ui.ExpectedConditions.access$0(ExpectedConditions.java:909)
	at org.openqa.selenium.support.ui.ExpectedConditions$6.apply(ExpectedConditions.java:181)
	at org.openqa.selenium.support.ui.ExpectedConditions$6.apply(ExpectedConditions.java:1)
	at org.openqa.selenium.support.ui.FluentWait.until(FluentWait.java:238)
	... 28 more
... Removed 28 stack frames
</div> <!-- stack-trace -->
                </div> <!-- method-content -->
              </div> <!-- method -->
            </div> <!-- main-panel-content rounded-window-bottom -->
          </div> <!-- suite-ChannelGate_SIP-class-failed -->
          <div class="suite-ChannelGate_SIP-class-failed">
            <div class="main-panel-header rounded-window-top">
              <img src="failed.png"/>
              <span class="class-name">com.qualitesoft.channelgatesip.testscripts.TestSelectBrand</span>
            </div> <!-- main-panel-header rounded-window-top -->
            <div class="main-panel-content rounded-window-bottom">
              <div class="method">
                <div class="method-content">
                  <a name="testSelectBrand">
                  </a> <!-- testSelectBrand -->
                  <span class="method-name">testSelectBrand</span>
                  <div class="stack-trace">org.openqa.selenium.TimeoutException: Timed out after 30 seconds waiting for presence of element located by: By.xpath: //a[@href=&apos;/app/sip/scorecard&apos;]
Build info: version: &apos;2.52.0&apos;, revision: &apos;4c2593c&apos;, time: &apos;2016-02-11 19:06:42&apos;
System info: host: &apos;DESKTOP-H4389BG&apos;, ip: &apos;192.168.1.78&apos;, os.name: &apos;Windows 10&apos;, os.arch: &apos;amd64&apos;, os.version: &apos;10.0&apos;, java.version: &apos;1.8.0_231&apos;
Driver info: org.openqa.selenium.chrome.ChromeDriver
Capabilities [{applicationCacheEnabled=false, rotatable=false, mobileEmulationEnabled=false, networkConnectionEnabled=false, chrome={chromedriverVersion=2.35.528161 (5b82f2d2aae0ca24b877009200ced9065a772e73), userDataDir=C:\Users\ACER\AppData\Local\Temp\scoped_dir1908_5503}, takesHeapSnapshot=true, pageLoadStrategy=normal, databaseEnabled=false, handlesAlerts=true, hasTouchScreen=false, version=91.0.4472.124, platform=XP, browserConnectionEnabled=false, nativeEvents=true, acceptSslCerts=false, acceptInsecureCerts=false, locationContextEnabled=true, webStorageEnabled=true, browserName=chrome, takesScreenshot=true, javascriptEnabled=true, cssSelectorsEnabled=true, setWindowRect=true, unexpectedAlertBehaviour=}]
Session ID: 087301c2c900a03832558a0f34ffb5b0
	at org.openqa.selenium.support.ui.WebDriverWait.timeoutException(WebDriverWait.java:80)
	at org.openqa.selenium.support.ui.FluentWait.until(FluentWait.java:261)
	at com.qualitesoft.core.WaitTool.waitForElementPresentAndDisplay(WaitTool.java:19)
	at com.qualitesoft.channelgatesip.pageobjects.LoginPage.scorecard(LoginPage.java:61)
	at com.qualitesoft.channelgatesip.testscripts.TestSelectBrand.testSelectBrand(TestSelectBrand.java:24)
Caused by: org.openqa.selenium.NoSuchElementException: no such element: Unable to locate element: {&quot;method&quot;:&quot;xpath&quot;,&quot;selector&quot;:&quot;//a[@href=&apos;/app/sip/scorecard&apos;]&quot;}
  (Session info: chrome=91.0.4472.124)
  (Driver info: chromedriver=2.35.528161 (5b82f2d2aae0ca24b877009200ced9065a772e73),platform=Windows NT 10.0.19042 x86_64) (WARNING: The server did not provide any stacktrace information)
Command duration or timeout: 39 milliseconds
For documentation on this error, please visit: http://seleniumhq.org/exceptions/no_such_element.html
Build info: version: &apos;2.52.0&apos;, revision: &apos;4c2593c&apos;, time: &apos;2016-02-11 19:06:42&apos;
System info: host: &apos;DESKTOP-H4389BG&apos;, ip: &apos;192.168.1.78&apos;, os.name: &apos;Windows 10&apos;, os.arch: &apos;amd64&apos;, os.version: &apos;10.0&apos;, java.version: &apos;1.8.0_231&apos;
Driver info: org.openqa.selenium.chrome.ChromeDriver
Capabilities [{applicationCacheEnabled=false, rotatable=false, mobileEmulationEnabled=false, networkConnectionEnabled=false, chrome={chromedriverVersion=2.35.528161 (5b82f2d2aae0ca24b877009200ced9065a772e73), userDataDir=C:\Users\ACER\AppData\Local\Temp\scoped_dir1908_5503}, takesHeapSnapshot=true, pageLoadStrategy=normal, databaseEnabled=false, handlesAlerts=true, hasTouchScreen=false, version=91.0.4472.124, platform=XP, browserConnectionEnabled=false, nativeEvents=true, acceptSslCerts=false, acceptInsecureCerts=false, locationContextEnabled=true, webStorageEnabled=true, browserName=chrome, takesScreenshot=true, javascriptEnabled=true, cssSelectorsEnabled=true, setWindowRect=true, unexpectedAlertBehaviour=}]
Session ID: 087301c2c900a03832558a0f34ffb5b0
*** Element info: {Using=xpath, value=//a[@href=&apos;/app/sip/scorecard&apos;]}
	at org.openqa.selenium.remote.ErrorHandler.createThrowable(ErrorHandler.java:206)
	at org.openqa.selenium.remote.ErrorHandler.throwIfResponseFailed(ErrorHandler.java:158)
	at org.openqa.selenium.remote.RemoteWebDriver.execute(RemoteWebDriver.java:678)
	at org.openqa.selenium.remote.RemoteWebDriver.findElement(RemoteWebDriver.java:363)
	at org.openqa.selenium.remote.RemoteWebDriver.findElementByXPath(RemoteWebDriver.java:500)
	at org.openqa.selenium.By$ByXPath.findElement(By.java:361)
	at org.openqa.selenium.remote.RemoteWebDriver.findElement(RemoteWebDriver.java:355)
	at org.openqa.selenium.support.ui.ExpectedConditions.findElement(ExpectedConditions.java:911)
	at org.openqa.selenium.support.ui.ExpectedConditions.access$0(ExpectedConditions.java:909)
	at org.openqa.selenium.support.ui.ExpectedConditions$6.apply(ExpectedConditions.java:181)
	at org.openqa.selenium.support.ui.ExpectedConditions$6.apply(ExpectedConditions.java:1)
	at org.openqa.selenium.support.ui.FluentWait.until(FluentWait.java:238)
	... 28 more
... Removed 28 stack frames
</div> <!-- stack-trace -->
                </div> <!-- method-content -->
              </div> <!-- method -->
            </div> <!-- main-panel-content rounded-window-bottom -->
          </div> <!-- suite-ChannelGate_SIP-class-failed -->
          <div class="suite-ChannelGate_SIP-class-failed">
            <div class="main-panel-header rounded-window-top">
              <img src="failed.png"/>
              <span class="class-name">com.qualitesoft.channelgatesip.testscripts.TestLogin</span>
            </div> <!-- main-panel-header rounded-window-top -->
            <div class="main-panel-content rounded-window-bottom">
              <div class="method">
                <div class="method-content">
                  <a name="verifyInvalidEmailsValidation(email3, qatest@com)">
                  </a> <!-- verifyInvalidEmailsValidation(email3, qatest@com) -->
                  <span class="method-name">verifyInvalidEmailsValidation</span>
                  <span class="parameters">(email3, qatest@com)</span>
                  <div class="stack-trace">java.lang.AssertionError: expected [Your email address is invalid.] but found [Password is required]
	at com.qualitesoft.core.UseAssert.assertEquals(UseAssert.java:8)
	at com.qualitesoft.channelgatesip.testscripts.TestLogin.verifyInvalidEmailsValidation(TestLogin.java:42)
... Removed 31 stack frames
</div> <!-- stack-trace -->
                </div> <!-- method-content -->
              </div> <!-- method -->
            </div> <!-- main-panel-content rounded-window-bottom -->
          </div> <!-- suite-ChannelGate_SIP-class-failed -->
          <div class="suite-ChannelGate_SIP-class-failed">
            <div class="main-panel-header rounded-window-top">
              <img src="failed.png"/>
              <span class="class-name">com.qualitesoft.channelgatesip.testscripts.TestInstance</span>
            </div> <!-- main-panel-header rounded-window-top -->
            <div class="main-panel-content rounded-window-bottom">
              <div class="method">
                <div class="method-content">
                  <a name="testInstance">
                  </a> <!-- testInstance -->
                  <span class="method-name">testInstance</span>
                  <div class="stack-trace">org.openqa.selenium.TimeoutException: Timed out after 50 seconds waiting for presence of element located by: By.xpath: //ul[@class=&apos;nav nav-pills-cyan nav-pills-icons nav-pills&apos;]/li[3]//a
Build info: version: &apos;2.52.0&apos;, revision: &apos;4c2593c&apos;, time: &apos;2016-02-11 19:06:42&apos;
System info: host: &apos;DESKTOP-H4389BG&apos;, ip: &apos;192.168.1.78&apos;, os.name: &apos;Windows 10&apos;, os.arch: &apos;amd64&apos;, os.version: &apos;10.0&apos;, java.version: &apos;1.8.0_231&apos;
Driver info: org.openqa.selenium.chrome.ChromeDriver
Capabilities [{applicationCacheEnabled=false, rotatable=false, mobileEmulationEnabled=false, networkConnectionEnabled=false, chrome={chromedriverVersion=2.35.528161 (5b82f2d2aae0ca24b877009200ced9065a772e73), userDataDir=C:\Users\ACER\AppData\Local\Temp\scoped_dir1908_5503}, takesHeapSnapshot=true, pageLoadStrategy=normal, databaseEnabled=false, handlesAlerts=true, hasTouchScreen=false, version=91.0.4472.124, platform=XP, browserConnectionEnabled=false, nativeEvents=true, acceptSslCerts=false, acceptInsecureCerts=false, locationContextEnabled=true, webStorageEnabled=true, browserName=chrome, takesScreenshot=true, javascriptEnabled=true, cssSelectorsEnabled=true, setWindowRect=true, unexpectedAlertBehaviour=}]
Session ID: 087301c2c900a03832558a0f34ffb5b0
	at org.openqa.selenium.support.ui.WebDriverWait.timeoutException(WebDriverWait.java:80)
	at org.openqa.selenium.support.ui.FluentWait.until(FluentWait.java:261)
	at com.qualitesoft.core.WaitTool.waitForElementPresentAndDisplay(WaitTool.java:19)
	at com.qualitesoft.channelgatesip.pageobjects.LoginPage.siplink(LoginPage.java:45)
	at com.qualitesoft.channelgatesip.testscripts.TestInstance.testInstance(TestInstance.java:19)
Caused by: org.openqa.selenium.NoSuchElementException: no such element: Unable to locate element: {&quot;method&quot;:&quot;xpath&quot;,&quot;selector&quot;:&quot;//ul[@class=&apos;nav nav-pills-cyan nav-pills-icons nav-pills&apos;]/li[3]//a&quot;}
  (Session info: chrome=91.0.4472.124)
  (Driver info: chromedriver=2.35.528161 (5b82f2d2aae0ca24b877009200ced9065a772e73),platform=Windows NT 10.0.19042 x86_64) (WARNING: The server did not provide any stacktrace information)
Command duration or timeout: 36 milliseconds
For documentation on this error, please visit: http://seleniumhq.org/exceptions/no_such_element.html
Build info: version: &apos;2.52.0&apos;, revision: &apos;4c2593c&apos;, time: &apos;2016-02-11 19:06:42&apos;
System info: host: &apos;DESKTOP-H4389BG&apos;, ip: &apos;192.168.1.78&apos;, os.name: &apos;Windows 10&apos;, os.arch: &apos;amd64&apos;, os.version: &apos;10.0&apos;, java.version: &apos;1.8.0_231&apos;
Driver info: org.openqa.selenium.chrome.ChromeDriver
Capabilities [{applicationCacheEnabled=false, rotatable=false, mobileEmulationEnabled=false, networkConnectionEnabled=false, chrome={chromedriverVersion=2.35.528161 (5b82f2d2aae0ca24b877009200ced9065a772e73), userDataDir=C:\Users\ACER\AppData\Local\Temp\scoped_dir1908_5503}, takesHeapSnapshot=true, pageLoadStrategy=normal, databaseEnabled=false, handlesAlerts=true, hasTouchScreen=false, version=91.0.4472.124, platform=XP, browserConnectionEnabled=false, nativeEvents=true, acceptSslCerts=false, acceptInsecureCerts=false, locationContextEnabled=true, webStorageEnabled=true, browserName=chrome, takesScreenshot=true, javascriptEnabled=true, cssSelectorsEnabled=true, setWindowRect=true, unexpectedAlertBehaviour=}]
Session ID: 087301c2c900a03832558a0f34ffb5b0
*** Element info: {Using=xpath, value=//ul[@class=&apos;nav nav-pills-cyan nav-pills-icons nav-pills&apos;]/li[3]//a}
	at org.openqa.selenium.remote.ErrorHandler.createThrowable(ErrorHandler.java:206)
	at org.openqa.selenium.remote.ErrorHandler.throwIfResponseFailed(ErrorHandler.java:158)
	at org.openqa.selenium.remote.RemoteWebDriver.execute(RemoteWebDriver.java:678)
	at org.openqa.selenium.remote.RemoteWebDriver.findElement(RemoteWebDriver.java:363)
	at org.openqa.selenium.remote.RemoteWebDriver.findElementByXPath(RemoteWebDriver.java:500)
	at org.openqa.selenium.By$ByXPath.findElement(By.java:361)
	at org.openqa.selenium.remote.RemoteWebDriver.findElement(RemoteWebDriver.java:355)
	at org.openqa.selenium.support.ui.ExpectedConditions.findElement(ExpectedConditions.java:911)
	at org.openqa.selenium.support.ui.ExpectedConditions.access$0(ExpectedConditions.java:909)
	at org.openqa.selenium.support.ui.ExpectedConditions$6.apply(ExpectedConditions.java:181)
	at org.openqa.selenium.support.ui.ExpectedConditions$6.apply(ExpectedConditions.java:1)
	at org.openqa.selenium.support.ui.FluentWait.until(FluentWait.java:238)
	... 28 more
... Removed 28 stack frames
</div> <!-- stack-trace -->
                </div> <!-- method-content -->
              </div> <!-- method -->
            </div> <!-- main-panel-content rounded-window-bottom -->
          </div> <!-- suite-ChannelGate_SIP-class-failed -->
          <div class="suite-ChannelGate_SIP-class-failed">
            <div class="main-panel-header rounded-window-top">
              <img src="failed.png"/>
              <span class="class-name">com.qualitesoft.channelgatesip.testscripts.TestInviteUser</span>
            </div> <!-- main-panel-header rounded-window-top -->
            <div class="main-panel-content rounded-window-bottom">
              <div class="method">
                <div class="method-content">
                  <a name="testInstance">
                  </a> <!-- testInstance -->
                  <span class="method-name">testInstance</span>
                  <div class="stack-trace">org.openqa.selenium.TimeoutException: Timed out after 30 seconds waiting for presence of element located by: By.xpath: //a[@href=&apos;/app/sip/team&apos;]
Build info: version: &apos;2.52.0&apos;, revision: &apos;4c2593c&apos;, time: &apos;2016-02-11 19:06:42&apos;
System info: host: &apos;DESKTOP-H4389BG&apos;, ip: &apos;192.168.1.78&apos;, os.name: &apos;Windows 10&apos;, os.arch: &apos;amd64&apos;, os.version: &apos;10.0&apos;, java.version: &apos;1.8.0_231&apos;
Driver info: org.openqa.selenium.chrome.ChromeDriver
Capabilities [{applicationCacheEnabled=false, rotatable=false, mobileEmulationEnabled=false, networkConnectionEnabled=false, chrome={chromedriverVersion=2.35.528161 (5b82f2d2aae0ca24b877009200ced9065a772e73), userDataDir=C:\Users\ACER\AppData\Local\Temp\scoped_dir1908_5503}, takesHeapSnapshot=true, pageLoadStrategy=normal, databaseEnabled=false, handlesAlerts=true, hasTouchScreen=false, version=91.0.4472.124, platform=XP, browserConnectionEnabled=false, nativeEvents=true, acceptSslCerts=false, acceptInsecureCerts=false, locationContextEnabled=true, webStorageEnabled=true, browserName=chrome, takesScreenshot=true, javascriptEnabled=true, cssSelectorsEnabled=true, setWindowRect=true, unexpectedAlertBehaviour=}]
Session ID: 087301c2c900a03832558a0f34ffb5b0
	at org.openqa.selenium.support.ui.WebDriverWait.timeoutException(WebDriverWait.java:80)
	at org.openqa.selenium.support.ui.FluentWait.until(FluentWait.java:261)
	at com.qualitesoft.core.WaitTool.waitForElementPresentAndDisplay(WaitTool.java:19)
	at com.qualitesoft.channelgatesip.pageobjects.LoginPage.teams(LoginPage.java:96)
	at com.qualitesoft.channelgatesip.testscripts.TestInviteUser.testInstance(TestInviteUser.java:27)
Caused by: org.openqa.selenium.NoSuchElementException: no such element: Unable to locate element: {&quot;method&quot;:&quot;xpath&quot;,&quot;selector&quot;:&quot;//a[@href=&apos;/app/sip/team&apos;]&quot;}
  (Session info: chrome=91.0.4472.124)
  (Driver info: chromedriver=2.35.528161 (5b82f2d2aae0ca24b877009200ced9065a772e73),platform=Windows NT 10.0.19042 x86_64) (WARNING: The server did not provide any stacktrace information)
Command duration or timeout: 37 milliseconds
For documentation on this error, please visit: http://seleniumhq.org/exceptions/no_such_element.html
Build info: version: &apos;2.52.0&apos;, revision: &apos;4c2593c&apos;, time: &apos;2016-02-11 19:06:42&apos;
System info: host: &apos;DESKTOP-H4389BG&apos;, ip: &apos;192.168.1.78&apos;, os.name: &apos;Windows 10&apos;, os.arch: &apos;amd64&apos;, os.version: &apos;10.0&apos;, java.version: &apos;1.8.0_231&apos;
Driver info: org.openqa.selenium.chrome.ChromeDriver
Capabilities [{applicationCacheEnabled=false, rotatable=false, mobileEmulationEnabled=false, networkConnectionEnabled=false, chrome={chromedriverVersion=2.35.528161 (5b82f2d2aae0ca24b877009200ced9065a772e73), userDataDir=C:\Users\ACER\AppData\Local\Temp\scoped_dir1908_5503}, takesHeapSnapshot=true, pageLoadStrategy=normal, databaseEnabled=false, handlesAlerts=true, hasTouchScreen=false, version=91.0.4472.124, platform=XP, browserConnectionEnabled=false, nativeEvents=true, acceptSslCerts=false, acceptInsecureCerts=false, locationContextEnabled=true, webStorageEnabled=true, browserName=chrome, takesScreenshot=true, javascriptEnabled=true, cssSelectorsEnabled=true, setWindowRect=true, unexpectedAlertBehaviour=}]
Session ID: 087301c2c900a03832558a0f34ffb5b0
*** Element info: {Using=xpath, value=//a[@href=&apos;/app/sip/team&apos;]}
	at org.openqa.selenium.remote.ErrorHandler.createThrowable(ErrorHandler.java:206)
	at org.openqa.selenium.remote.ErrorHandler.throwIfResponseFailed(ErrorHandler.java:158)
	at org.openqa.selenium.remote.RemoteWebDriver.execute(RemoteWebDriver.java:678)
	at org.openqa.selenium.remote.RemoteWebDriver.findElement(RemoteWebDriver.java:363)
	at org.openqa.selenium.remote.RemoteWebDriver.findElementByXPath(RemoteWebDriver.java:500)
	at org.openqa.selenium.By$ByXPath.findElement(By.java:361)
	at org.openqa.selenium.remote.RemoteWebDriver.findElement(RemoteWebDriver.java:355)
	at org.openqa.selenium.support.ui.ExpectedConditions.findElement(ExpectedConditions.java:911)
	at org.openqa.selenium.support.ui.ExpectedConditions.access$0(ExpectedConditions.java:909)
	at org.openqa.selenium.support.ui.ExpectedConditions$6.apply(ExpectedConditions.java:181)
	at org.openqa.selenium.support.ui.ExpectedConditions$6.apply(ExpectedConditions.java:1)
	at org.openqa.selenium.support.ui.FluentWait.until(FluentWait.java:238)
	... 28 more
... Removed 28 stack frames
</div> <!-- stack-trace -->
                </div> <!-- method-content -->
              </div> <!-- method -->
            </div> <!-- main-panel-content rounded-window-bottom -->
          </div> <!-- suite-ChannelGate_SIP-class-failed -->
          <div class="suite-ChannelGate_SIP-class-failed">
            <div class="main-panel-header rounded-window-top">
              <img src="failed.png"/>
              <span class="class-name">com.qualitesoft.channelgatesip.testscripts.TestSignUpNew</span>
            </div> <!-- main-panel-header rounded-window-top -->
            <div class="main-panel-content rounded-window-bottom">
              <div class="method">
                <div class="method-content">
                  <a name="testInstance">
                  </a> <!-- testInstance -->
                  <span class="method-name">testInstance</span>
                  <div class="stack-trace">org.openqa.selenium.TimeoutException: Timed out after 30 seconds waiting for presence of element located by: By.xpath: //table/tbody/tr/td/table/tbody/tr[2]/td/div/table/tbody/tr/td/div/a
Build info: version: &apos;2.52.0&apos;, revision: &apos;4c2593c&apos;, time: &apos;2016-02-11 19:06:42&apos;
System info: host: &apos;DESKTOP-H4389BG&apos;, ip: &apos;192.168.1.78&apos;, os.name: &apos;Windows 10&apos;, os.arch: &apos;amd64&apos;, os.version: &apos;10.0&apos;, java.version: &apos;1.8.0_231&apos;
Driver info: org.openqa.selenium.chrome.ChromeDriver
Capabilities [{applicationCacheEnabled=false, rotatable=false, mobileEmulationEnabled=false, networkConnectionEnabled=false, chrome={chromedriverVersion=2.35.528161 (5b82f2d2aae0ca24b877009200ced9065a772e73), userDataDir=C:\Users\ACER\AppData\Local\Temp\scoped_dir1908_5503}, takesHeapSnapshot=true, pageLoadStrategy=normal, databaseEnabled=false, handlesAlerts=true, hasTouchScreen=false, version=91.0.4472.124, platform=XP, browserConnectionEnabled=false, nativeEvents=true, acceptSslCerts=false, acceptInsecureCerts=false, locationContextEnabled=true, webStorageEnabled=true, browserName=chrome, takesScreenshot=true, javascriptEnabled=true, cssSelectorsEnabled=true, setWindowRect=true, unexpectedAlertBehaviour=}]
Session ID: 087301c2c900a03832558a0f34ffb5b0
	at org.openqa.selenium.support.ui.WebDriverWait.timeoutException(WebDriverWait.java:80)
	at org.openqa.selenium.support.ui.FluentWait.until(FluentWait.java:261)
	at com.qualitesoft.core.WaitTool.waitForElementPresentAndDisplay(WaitTool.java:19)
	at com.qualitesoft.channelgatesip.pageobjects.LoginPage.activate(LoginPage.java:191)
	at com.qualitesoft.channelgatesip.testscripts.TestSignUpNew.testInstance(TestSignUpNew.java:62)
Caused by: org.openqa.selenium.NoSuchElementException: no such element: Unable to locate element: {&quot;method&quot;:&quot;xpath&quot;,&quot;selector&quot;:&quot;//table/tbody/tr/td/table/tbody/tr[2]/td/div/table/tbody/tr/td/div/a&quot;}
  (Session info: chrome=91.0.4472.124)
  (Driver info: chromedriver=2.35.528161 (5b82f2d2aae0ca24b877009200ced9065a772e73),platform=Windows NT 10.0.19042 x86_64) (WARNING: The server did not provide any stacktrace information)
Command duration or timeout: 33 milliseconds
For documentation on this error, please visit: http://seleniumhq.org/exceptions/no_such_element.html
Build info: version: &apos;2.52.0&apos;, revision: &apos;4c2593c&apos;, time: &apos;2016-02-11 19:06:42&apos;
System info: host: &apos;DESKTOP-H4389BG&apos;, ip: &apos;192.168.1.78&apos;, os.name: &apos;Windows 10&apos;, os.arch: &apos;amd64&apos;, os.version: &apos;10.0&apos;, java.version: &apos;1.8.0_231&apos;
Driver info: org.openqa.selenium.chrome.ChromeDriver
Capabilities [{applicationCacheEnabled=false, rotatable=false, mobileEmulationEnabled=false, networkConnectionEnabled=false, chrome={chromedriverVersion=2.35.528161 (5b82f2d2aae0ca24b877009200ced9065a772e73), userDataDir=C:\Users\ACER\AppData\Local\Temp\scoped_dir1908_5503}, takesHeapSnapshot=true, pageLoadStrategy=normal, databaseEnabled=false, handlesAlerts=true, hasTouchScreen=false, version=91.0.4472.124, platform=XP, browserConnectionEnabled=false, nativeEvents=true, acceptSslCerts=false, acceptInsecureCerts=false, locationContextEnabled=true, webStorageEnabled=true, browserName=chrome, takesScreenshot=true, javascriptEnabled=true, cssSelectorsEnabled=true, setWindowRect=true, unexpectedAlertBehaviour=}]
Session ID: 087301c2c900a03832558a0f34ffb5b0
*** Element info: {Using=xpath, value=//table/tbody/tr/td/table/tbody/tr[2]/td/div/table/tbody/tr/td/div/a}
	at org.openqa.selenium.remote.ErrorHandler.createThrowable(ErrorHandler.java:206)
	at org.openqa.selenium.remote.ErrorHandler.throwIfResponseFailed(ErrorHandler.java:158)
	at org.openqa.selenium.remote.RemoteWebDriver.execute(RemoteWebDriver.java:678)
	at org.openqa.selenium.remote.RemoteWebDriver.findElement(RemoteWebDriver.java:363)
	at org.openqa.selenium.remote.RemoteWebDriver.findElementByXPath(RemoteWebDriver.java:500)
	at org.openqa.selenium.By$ByXPath.findElement(By.java:361)
	at org.openqa.selenium.remote.RemoteWebDriver.findElement(RemoteWebDriver.java:355)
	at org.openqa.selenium.support.ui.ExpectedConditions.findElement(ExpectedConditions.java:911)
	at org.openqa.selenium.support.ui.ExpectedConditions.access$0(ExpectedConditions.java:909)
	at org.openqa.selenium.support.ui.ExpectedConditions$6.apply(ExpectedConditions.java:181)
	at org.openqa.selenium.support.ui.ExpectedConditions$6.apply(ExpectedConditions.java:1)
	at org.openqa.selenium.support.ui.FluentWait.until(FluentWait.java:238)
	... 28 more
... Removed 28 stack frames
</div> <!-- stack-trace -->
                </div> <!-- method-content -->
              </div> <!-- method -->
            </div> <!-- main-panel-content rounded-window-bottom -->
          </div> <!-- suite-ChannelGate_SIP-class-failed -->
          <div class="suite-ChannelGate_SIP-class-failed">
            <div class="main-panel-header rounded-window-top">
              <img src="failed.png"/>
              <span class="class-name">com.qualitesoft.channelgatesip.testscripts.TestForgotPassword</span>
            </div> <!-- main-panel-header rounded-window-top -->
            <div class="main-panel-content rounded-window-bottom">
              <div class="method">
                <div class="method-content">
                  <a name="testForgotPassword">
                  </a> <!-- testForgotPassword -->
                  <span class="method-name">testForgotPassword</span>
                  <div class="stack-trace">org.openqa.selenium.TimeoutException: Timed out after 30 seconds waiting for presence of element located by: By.xpath: //input[@name=&apos;email&apos;]
Build info: version: &apos;2.52.0&apos;, revision: &apos;4c2593c&apos;, time: &apos;2016-02-11 19:06:42&apos;
System info: host: &apos;DESKTOP-H4389BG&apos;, ip: &apos;192.168.1.78&apos;, os.name: &apos;Windows 10&apos;, os.arch: &apos;amd64&apos;, os.version: &apos;10.0&apos;, java.version: &apos;1.8.0_231&apos;
Driver info: org.openqa.selenium.chrome.ChromeDriver
Capabilities [{applicationCacheEnabled=false, rotatable=false, mobileEmulationEnabled=false, networkConnectionEnabled=false, chrome={chromedriverVersion=2.35.528161 (5b82f2d2aae0ca24b877009200ced9065a772e73), userDataDir=C:\Users\ACER\AppData\Local\Temp\scoped_dir1908_5503}, takesHeapSnapshot=true, pageLoadStrategy=normal, databaseEnabled=false, handlesAlerts=true, hasTouchScreen=false, version=91.0.4472.124, platform=XP, browserConnectionEnabled=false, nativeEvents=true, acceptSslCerts=false, acceptInsecureCerts=false, locationContextEnabled=true, webStorageEnabled=true, browserName=chrome, takesScreenshot=true, javascriptEnabled=true, cssSelectorsEnabled=true, setWindowRect=true, unexpectedAlertBehaviour=}]
Session ID: 087301c2c900a03832558a0f34ffb5b0
	at org.openqa.selenium.support.ui.WebDriverWait.timeoutException(WebDriverWait.java:80)
	at org.openqa.selenium.support.ui.FluentWait.until(FluentWait.java:261)
	at com.qualitesoft.core.WaitTool.waitForElementPresentAndDisplay(WaitTool.java:19)
	at com.qualitesoft.channelgatesip.pageobjects.LoginPage.emailField(LoginPage.java:27)
	at com.qualitesoft.channelgatesip.testscripts.TestForgotPassword.testForgotPassword(TestForgotPassword.java:58)
Caused by: org.openqa.selenium.NoSuchElementException: no such element: Unable to locate element: {&quot;method&quot;:&quot;xpath&quot;,&quot;selector&quot;:&quot;//input[@name=&apos;email&apos;]&quot;}
  (Session info: chrome=91.0.4472.124)
  (Driver info: chromedriver=2.35.528161 (5b82f2d2aae0ca24b877009200ced9065a772e73),platform=Windows NT 10.0.19042 x86_64) (WARNING: The server did not provide any stacktrace information)
Command duration or timeout: 35 milliseconds
For documentation on this error, please visit: http://seleniumhq.org/exceptions/no_such_element.html
Build info: version: &apos;2.52.0&apos;, revision: &apos;4c2593c&apos;, time: &apos;2016-02-11 19:06:42&apos;
System info: host: &apos;DESKTOP-H4389BG&apos;, ip: &apos;192.168.1.78&apos;, os.name: &apos;Windows 10&apos;, os.arch: &apos;amd64&apos;, os.version: &apos;10.0&apos;, java.version: &apos;1.8.0_231&apos;
Driver info: org.openqa.selenium.chrome.ChromeDriver
Capabilities [{applicationCacheEnabled=false, rotatable=false, mobileEmulationEnabled=false, networkConnectionEnabled=false, chrome={chromedriverVersion=2.35.528161 (5b82f2d2aae0ca24b877009200ced9065a772e73), userDataDir=C:\Users\ACER\AppData\Local\Temp\scoped_dir1908_5503}, takesHeapSnapshot=true, pageLoadStrategy=normal, databaseEnabled=false, handlesAlerts=true, hasTouchScreen=false, version=91.0.4472.124, platform=XP, browserConnectionEnabled=false, nativeEvents=true, acceptSslCerts=false, acceptInsecureCerts=false, locationContextEnabled=true, webStorageEnabled=true, browserName=chrome, takesScreenshot=true, javascriptEnabled=true, cssSelectorsEnabled=true, setWindowRect=true, unexpectedAlertBehaviour=}]
Session ID: 087301c2c900a03832558a0f34ffb5b0
*** Element info: {Using=xpath, value=//input[@name=&apos;email&apos;]}
	at org.openqa.selenium.remote.ErrorHandler.createThrowable(ErrorHandler.java:206)
	at org.openqa.selenium.remote.ErrorHandler.throwIfResponseFailed(ErrorHandler.java:158)
	at org.openqa.selenium.remote.RemoteWebDriver.execute(RemoteWebDriver.java:678)
	at org.openqa.selenium.remote.RemoteWebDriver.findElement(RemoteWebDriver.java:363)
	at org.openqa.selenium.remote.RemoteWebDriver.findElementByXPath(RemoteWebDriver.java:500)
	at org.openqa.selenium.By$ByXPath.findElement(By.java:361)
	at org.openqa.selenium.remote.RemoteWebDriver.findElement(RemoteWebDriver.java:355)
	at org.openqa.selenium.support.ui.ExpectedConditions.findElement(ExpectedConditions.java:911)
	at org.openqa.selenium.support.ui.ExpectedConditions.access$0(ExpectedConditions.java:909)
	at org.openqa.selenium.support.ui.ExpectedConditions$6.apply(ExpectedConditions.java:181)
	at org.openqa.selenium.support.ui.ExpectedConditions$6.apply(ExpectedConditions.java:1)
	at org.openqa.selenium.support.ui.FluentWait.until(FluentWait.java:238)
	... 28 more
... Removed 28 stack frames
</div> <!-- stack-trace -->
                </div> <!-- method-content -->
              </div> <!-- method -->
              <div class="method">
                <div class="method-content">
                  <a name="verifyInvalidEmailsValidation(email4, qatest@test..com)">
                  </a> <!-- verifyInvalidEmailsValidation(email4, qatest@test..com) -->
                  <span class="method-name">verifyInvalidEmailsValidation</span>
                  <span class="parameters">(email4, qatest@test..com)</span>
                  <div class="stack-trace">org.openqa.selenium.TimeoutException: Timed out after 30 seconds waiting for presence of element located by: By.xpath: //input[@name=&apos;email&apos;]
Build info: version: &apos;2.52.0&apos;, revision: &apos;4c2593c&apos;, time: &apos;2016-02-11 19:06:42&apos;
System info: host: &apos;DESKTOP-H4389BG&apos;, ip: &apos;192.168.1.78&apos;, os.name: &apos;Windows 10&apos;, os.arch: &apos;amd64&apos;, os.version: &apos;10.0&apos;, java.version: &apos;1.8.0_231&apos;
Driver info: org.openqa.selenium.chrome.ChromeDriver
Capabilities [{applicationCacheEnabled=false, rotatable=false, mobileEmulationEnabled=false, networkConnectionEnabled=false, chrome={chromedriverVersion=2.35.528161 (5b82f2d2aae0ca24b877009200ced9065a772e73), userDataDir=C:\Users\ACER\AppData\Local\Temp\scoped_dir1908_5503}, takesHeapSnapshot=true, pageLoadStrategy=normal, databaseEnabled=false, handlesAlerts=true, hasTouchScreen=false, version=91.0.4472.124, platform=XP, browserConnectionEnabled=false, nativeEvents=true, acceptSslCerts=false, acceptInsecureCerts=false, locationContextEnabled=true, webStorageEnabled=true, browserName=chrome, takesScreenshot=true, javascriptEnabled=true, cssSelectorsEnabled=true, setWindowRect=true, unexpectedAlertBehaviour=}]
Session ID: 087301c2c900a03832558a0f34ffb5b0
	at org.openqa.selenium.support.ui.WebDriverWait.timeoutException(WebDriverWait.java:80)
	at org.openqa.selenium.support.ui.FluentWait.until(FluentWait.java:261)
	at com.qualitesoft.core.WaitTool.waitForElementPresentAndDisplay(WaitTool.java:19)
	at com.qualitesoft.channelgatesip.pageobjects.LoginPage.emailField(LoginPage.java:27)
	at com.qualitesoft.channelgatesip.testscripts.TestForgotPassword.verifyInvalidEmailsValidation(TestForgotPassword.java:35)
Caused by: org.openqa.selenium.NoSuchElementException: no such element: Unable to locate element: {&quot;method&quot;:&quot;xpath&quot;,&quot;selector&quot;:&quot;//input[@name=&apos;email&apos;]&quot;}
  (Session info: chrome=91.0.4472.124)
  (Driver info: chromedriver=2.35.528161 (5b82f2d2aae0ca24b877009200ced9065a772e73),platform=Windows NT 10.0.19042 x86_64) (WARNING: The server did not provide any stacktrace information)
Command duration or timeout: 35 milliseconds
For documentation on this error, please visit: http://seleniumhq.org/exceptions/no_such_element.html
Build info: version: &apos;2.52.0&apos;, revision: &apos;4c2593c&apos;, time: &apos;2016-02-11 19:06:42&apos;
System info: host: &apos;DESKTOP-H4389BG&apos;, ip: &apos;192.168.1.78&apos;, os.name: &apos;Windows 10&apos;, os.arch: &apos;amd64&apos;, os.version: &apos;10.0&apos;, java.version: &apos;1.8.0_231&apos;
Driver info: org.openqa.selenium.chrome.ChromeDriver
Capabilities [{applicationCacheEnabled=false, rotatable=false, mobileEmulationEnabled=false, networkConnectionEnabled=false, chrome={chromedriverVersion=2.35.528161 (5b82f2d2aae0ca24b877009200ced9065a772e73), userDataDir=C:\Users\ACER\AppData\Local\Temp\scoped_dir1908_5503}, takesHeapSnapshot=true, pageLoadStrategy=normal, databaseEnabled=false, handlesAlerts=true, hasTouchScreen=false, version=91.0.4472.124, platform=XP, browserConnectionEnabled=false, nativeEvents=true, acceptSslCerts=false, acceptInsecureCerts=false, locationContextEnabled=true, webStorageEnabled=true, browserName=chrome, takesScreenshot=true, javascriptEnabled=true, cssSelectorsEnabled=true, setWindowRect=true, unexpectedAlertBehaviour=}]
Session ID: 087301c2c900a03832558a0f34ffb5b0
*** Element info: {Using=xpath, value=//input[@name=&apos;email&apos;]}
	at org.openqa.selenium.remote.ErrorHandler.createThrowable(ErrorHandler.java:206)
	at org.openqa.selenium.remote.ErrorHandler.throwIfResponseFailed(ErrorHandler.java:158)
	at org.openqa.selenium.remote.RemoteWebDriver.execute(RemoteWebDriver.java:678)
	at org.openqa.selenium.remote.RemoteWebDriver.findElement(RemoteWebDriver.java:363)
	at org.openqa.selenium.remote.RemoteWebDriver.findElementByXPath(RemoteWebDriver.java:500)
	at org.openqa.selenium.By$ByXPath.findElement(By.java:361)
	at org.openqa.selenium.remote.RemoteWebDriver.findElement(RemoteWebDriver.java:355)
	at org.openqa.selenium.support.ui.ExpectedConditions.findElement(ExpectedConditions.java:911)
	at org.openqa.selenium.support.ui.ExpectedConditions.access$0(ExpectedConditions.java:909)
	at org.openqa.selenium.support.ui.ExpectedConditions$6.apply(ExpectedConditions.java:181)
	at org.openqa.selenium.support.ui.ExpectedConditions$6.apply(ExpectedConditions.java:1)
	at org.openqa.selenium.support.ui.FluentWait.until(FluentWait.java:238)
	... 28 more
... Removed 28 stack frames
</div> <!-- stack-trace -->
                </div> <!-- method-content -->
              </div> <!-- method -->
              <div class="method">
                <div class="method-content">
                  <a name="verifyInvalidEmailsValidation(email7, qatest.@test.com)">
                  </a> <!-- verifyInvalidEmailsValidation(email7, qatest.@test.com) -->
                  <span class="method-name">verifyInvalidEmailsValidation</span>
                  <span class="parameters">(email7, qatest.@test.com)</span>
                  <div class="stack-trace">org.openqa.selenium.TimeoutException: Timed out after 30 seconds waiting for presence of element located by: By.xpath: //input[@name=&apos;email&apos;]
Build info: version: &apos;2.52.0&apos;, revision: &apos;4c2593c&apos;, time: &apos;2016-02-11 19:06:42&apos;
System info: host: &apos;DESKTOP-H4389BG&apos;, ip: &apos;192.168.1.78&apos;, os.name: &apos;Windows 10&apos;, os.arch: &apos;amd64&apos;, os.version: &apos;10.0&apos;, java.version: &apos;1.8.0_231&apos;
Driver info: org.openqa.selenium.chrome.ChromeDriver
Capabilities [{applicationCacheEnabled=false, rotatable=false, mobileEmulationEnabled=false, networkConnectionEnabled=false, chrome={chromedriverVersion=2.35.528161 (5b82f2d2aae0ca24b877009200ced9065a772e73), userDataDir=C:\Users\ACER\AppData\Local\Temp\scoped_dir1908_5503}, takesHeapSnapshot=true, pageLoadStrategy=normal, databaseEnabled=false, handlesAlerts=true, hasTouchScreen=false, version=91.0.4472.124, platform=XP, browserConnectionEnabled=false, nativeEvents=true, acceptSslCerts=false, acceptInsecureCerts=false, locationContextEnabled=true, webStorageEnabled=true, browserName=chrome, takesScreenshot=true, javascriptEnabled=true, cssSelectorsEnabled=true, setWindowRect=true, unexpectedAlertBehaviour=}]
Session ID: 087301c2c900a03832558a0f34ffb5b0
	at org.openqa.selenium.support.ui.WebDriverWait.timeoutException(WebDriverWait.java:80)
	at org.openqa.selenium.support.ui.FluentWait.until(FluentWait.java:261)
	at com.qualitesoft.core.WaitTool.waitForElementPresentAndDisplay(WaitTool.java:19)
	at com.qualitesoft.channelgatesip.pageobjects.LoginPage.emailField(LoginPage.java:27)
	at com.qualitesoft.channelgatesip.testscripts.TestForgotPassword.verifyInvalidEmailsValidation(TestForgotPassword.java:35)
Caused by: org.openqa.selenium.NoSuchElementException: no such element: Unable to locate element: {&quot;method&quot;:&quot;xpath&quot;,&quot;selector&quot;:&quot;//input[@name=&apos;email&apos;]&quot;}
  (Session info: chrome=91.0.4472.124)
  (Driver info: chromedriver=2.35.528161 (5b82f2d2aae0ca24b877009200ced9065a772e73),platform=Windows NT 10.0.19042 x86_64) (WARNING: The server did not provide any stacktrace information)
Command duration or timeout: 32 milliseconds
For documentation on this error, please visit: http://seleniumhq.org/exceptions/no_such_element.html
Build info: version: &apos;2.52.0&apos;, revision: &apos;4c2593c&apos;, time: &apos;2016-02-11 19:06:42&apos;
System info: host: &apos;DESKTOP-H4389BG&apos;, ip: &apos;192.168.1.78&apos;, os.name: &apos;Windows 10&apos;, os.arch: &apos;amd64&apos;, os.version: &apos;10.0&apos;, java.version: &apos;1.8.0_231&apos;
Driver info: org.openqa.selenium.chrome.ChromeDriver
Capabilities [{applicationCacheEnabled=false, rotatable=false, mobileEmulationEnabled=false, networkConnectionEnabled=false, chrome={chromedriverVersion=2.35.528161 (5b82f2d2aae0ca24b877009200ced9065a772e73), userDataDir=C:\Users\ACER\AppData\Local\Temp\scoped_dir1908_5503}, takesHeapSnapshot=true, pageLoadStrategy=normal, databaseEnabled=false, handlesAlerts=true, hasTouchScreen=false, version=91.0.4472.124, platform=XP, browserConnectionEnabled=false, nativeEvents=true, acceptSslCerts=false, acceptInsecureCerts=false, locationContextEnabled=true, webStorageEnabled=true, browserName=chrome, takesScreenshot=true, javascriptEnabled=true, cssSelectorsEnabled=true, setWindowRect=true, unexpectedAlertBehaviour=}]
Session ID: 087301c2c900a03832558a0f34ffb5b0
*** Element info: {Using=xpath, value=//input[@name=&apos;email&apos;]}
	at org.openqa.selenium.remote.ErrorHandler.createThrowable(ErrorHandler.java:206)
	at org.openqa.selenium.remote.ErrorHandler.throwIfResponseFailed(ErrorHandler.java:158)
	at org.openqa.selenium.remote.RemoteWebDriver.execute(RemoteWebDriver.java:678)
	at org.openqa.selenium.remote.RemoteWebDriver.findElement(RemoteWebDriver.java:363)
	at org.openqa.selenium.remote.RemoteWebDriver.findElementByXPath(RemoteWebDriver.java:500)
	at org.openqa.selenium.By$ByXPath.findElement(By.java:361)
	at org.openqa.selenium.remote.RemoteWebDriver.findElement(RemoteWebDriver.java:355)
	at org.openqa.selenium.support.ui.ExpectedConditions.findElement(ExpectedConditions.java:911)
	at org.openqa.selenium.support.ui.ExpectedConditions.access$0(ExpectedConditions.java:909)
	at org.openqa.selenium.support.ui.ExpectedConditions$6.apply(ExpectedConditions.java:181)
	at org.openqa.selenium.support.ui.ExpectedConditions$6.apply(ExpectedConditions.java:1)
	at org.openqa.selenium.support.ui.FluentWait.until(FluentWait.java:238)
	... 28 more
... Removed 28 stack frames
</div> <!-- stack-trace -->
                </div> <!-- method-content -->
              </div> <!-- method -->
              <div class="method">
                <div class="method-content">
                  <a name="verifyInvalidEmailsValidation(email1, qatest)">
                  </a> <!-- verifyInvalidEmailsValidation(email1, qatest) -->
                  <span class="method-name">verifyInvalidEmailsValidation</span>
                  <span class="parameters">(email1, qatest)</span>
                  <div class="stack-trace">org.openqa.selenium.TimeoutException: Timed out after 30 seconds waiting for presence of element located by: By.xpath: //input[@name=&apos;email&apos;]
Build info: version: &apos;2.52.0&apos;, revision: &apos;4c2593c&apos;, time: &apos;2016-02-11 19:06:42&apos;
System info: host: &apos;DESKTOP-H4389BG&apos;, ip: &apos;192.168.1.78&apos;, os.name: &apos;Windows 10&apos;, os.arch: &apos;amd64&apos;, os.version: &apos;10.0&apos;, java.version: &apos;1.8.0_231&apos;
Driver info: org.openqa.selenium.chrome.ChromeDriver
Capabilities [{applicationCacheEnabled=false, rotatable=false, mobileEmulationEnabled=false, networkConnectionEnabled=false, chrome={chromedriverVersion=2.35.528161 (5b82f2d2aae0ca24b877009200ced9065a772e73), userDataDir=C:\Users\ACER\AppData\Local\Temp\scoped_dir1908_5503}, takesHeapSnapshot=true, pageLoadStrategy=normal, databaseEnabled=false, handlesAlerts=true, hasTouchScreen=false, version=91.0.4472.124, platform=XP, browserConnectionEnabled=false, nativeEvents=true, acceptSslCerts=false, acceptInsecureCerts=false, locationContextEnabled=true, webStorageEnabled=true, browserName=chrome, takesScreenshot=true, javascriptEnabled=true, cssSelectorsEnabled=true, setWindowRect=true, unexpectedAlertBehaviour=}]
Session ID: 087301c2c900a03832558a0f34ffb5b0
	at org.openqa.selenium.support.ui.WebDriverWait.timeoutException(WebDriverWait.java:80)
	at org.openqa.selenium.support.ui.FluentWait.until(FluentWait.java:261)
	at com.qualitesoft.core.WaitTool.waitForElementPresentAndDisplay(WaitTool.java:19)
	at com.qualitesoft.channelgatesip.pageobjects.LoginPage.emailField(LoginPage.java:27)
	at com.qualitesoft.channelgatesip.testscripts.TestForgotPassword.verifyInvalidEmailsValidation(TestForgotPassword.java:35)
Caused by: org.openqa.selenium.NoSuchElementException: no such element: Unable to locate element: {&quot;method&quot;:&quot;xpath&quot;,&quot;selector&quot;:&quot;//input[@name=&apos;email&apos;]&quot;}
  (Session info: chrome=91.0.4472.124)
  (Driver info: chromedriver=2.35.528161 (5b82f2d2aae0ca24b877009200ced9065a772e73),platform=Windows NT 10.0.19042 x86_64) (WARNING: The server did not provide any stacktrace information)
Command duration or timeout: 32 milliseconds
For documentation on this error, please visit: http://seleniumhq.org/exceptions/no_such_element.html
Build info: version: &apos;2.52.0&apos;, revision: &apos;4c2593c&apos;, time: &apos;2016-02-11 19:06:42&apos;
System info: host: &apos;DESKTOP-H4389BG&apos;, ip: &apos;192.168.1.78&apos;, os.name: &apos;Windows 10&apos;, os.arch: &apos;amd64&apos;, os.version: &apos;10.0&apos;, java.version: &apos;1.8.0_231&apos;
Driver info: org.openqa.selenium.chrome.ChromeDriver
Capabilities [{applicationCacheEnabled=false, rotatable=false, mobileEmulationEnabled=false, networkConnectionEnabled=false, chrome={chromedriverVersion=2.35.528161 (5b82f2d2aae0ca24b877009200ced9065a772e73), userDataDir=C:\Users\ACER\AppData\Local\Temp\scoped_dir1908_5503}, takesHeapSnapshot=true, pageLoadStrategy=normal, databaseEnabled=false, handlesAlerts=true, hasTouchScreen=false, version=91.0.4472.124, platform=XP, browserConnectionEnabled=false, nativeEvents=true, acceptSslCerts=false, acceptInsecureCerts=false, locationContextEnabled=true, webStorageEnabled=true, browserName=chrome, takesScreenshot=true, javascriptEnabled=true, cssSelectorsEnabled=true, setWindowRect=true, unexpectedAlertBehaviour=}]
Session ID: 087301c2c900a03832558a0f34ffb5b0
*** Element info: {Using=xpath, value=//input[@name=&apos;email&apos;]}
	at org.openqa.selenium.remote.ErrorHandler.createThrowable(ErrorHandler.java:206)
	at org.openqa.selenium.remote.ErrorHandler.throwIfResponseFailed(ErrorHandler.java:158)
	at org.openqa.selenium.remote.RemoteWebDriver.execute(RemoteWebDriver.java:678)
	at org.openqa.selenium.remote.RemoteWebDriver.findElement(RemoteWebDriver.java:363)
	at org.openqa.selenium.remote.RemoteWebDriver.findElementByXPath(RemoteWebDriver.java:500)
	at org.openqa.selenium.By$ByXPath.findElement(By.java:361)
	at org.openqa.selenium.remote.RemoteWebDriver.findElement(RemoteWebDriver.java:355)
	at org.openqa.selenium.support.ui.ExpectedConditions.findElement(ExpectedConditions.java:911)
	at org.openqa.selenium.support.ui.ExpectedConditions.access$0(ExpectedConditions.java:909)
	at org.openqa.selenium.support.ui.ExpectedConditions$6.apply(ExpectedConditions.java:181)
	at org.openqa.selenium.support.ui.ExpectedConditions$6.apply(ExpectedConditions.java:1)
	at org.openqa.selenium.support.ui.FluentWait.until(FluentWait.java:238)
	... 28 more
... Removed 28 stack frames
</div> <!-- stack-trace -->
                </div> <!-- method-content -->
              </div> <!-- method -->
              <div class="method">
                <div class="method-content">
                  <a name="verifyInvalidEmailsValidation(email6, qatest@.test.com)">
                  </a> <!-- verifyInvalidEmailsValidation(email6, qatest@.test.com) -->
                  <span class="method-name">verifyInvalidEmailsValidation</span>
                  <span class="parameters">(email6, qatest@.test.com)</span>
                  <div class="stack-trace">org.openqa.selenium.TimeoutException: Timed out after 30 seconds waiting for presence of element located by: By.xpath: //input[@name=&apos;email&apos;]
Build info: version: &apos;2.52.0&apos;, revision: &apos;4c2593c&apos;, time: &apos;2016-02-11 19:06:42&apos;
System info: host: &apos;DESKTOP-H4389BG&apos;, ip: &apos;192.168.1.78&apos;, os.name: &apos;Windows 10&apos;, os.arch: &apos;amd64&apos;, os.version: &apos;10.0&apos;, java.version: &apos;1.8.0_231&apos;
Driver info: org.openqa.selenium.chrome.ChromeDriver
Capabilities [{applicationCacheEnabled=false, rotatable=false, mobileEmulationEnabled=false, networkConnectionEnabled=false, chrome={chromedriverVersion=2.35.528161 (5b82f2d2aae0ca24b877009200ced9065a772e73), userDataDir=C:\Users\ACER\AppData\Local\Temp\scoped_dir1908_5503}, takesHeapSnapshot=true, pageLoadStrategy=normal, databaseEnabled=false, handlesAlerts=true, hasTouchScreen=false, version=91.0.4472.124, platform=XP, browserConnectionEnabled=false, nativeEvents=true, acceptSslCerts=false, acceptInsecureCerts=false, locationContextEnabled=true, webStorageEnabled=true, browserName=chrome, takesScreenshot=true, javascriptEnabled=true, cssSelectorsEnabled=true, setWindowRect=true, unexpectedAlertBehaviour=}]
Session ID: 087301c2c900a03832558a0f34ffb5b0
	at org.openqa.selenium.support.ui.WebDriverWait.timeoutException(WebDriverWait.java:80)
	at org.openqa.selenium.support.ui.FluentWait.until(FluentWait.java:261)
	at com.qualitesoft.core.WaitTool.waitForElementPresentAndDisplay(WaitTool.java:19)
	at com.qualitesoft.channelgatesip.pageobjects.LoginPage.emailField(LoginPage.java:27)
	at com.qualitesoft.channelgatesip.testscripts.TestForgotPassword.verifyInvalidEmailsValidation(TestForgotPassword.java:35)
Caused by: org.openqa.selenium.NoSuchElementException: no such element: Unable to locate element: {&quot;method&quot;:&quot;xpath&quot;,&quot;selector&quot;:&quot;//input[@name=&apos;email&apos;]&quot;}
  (Session info: chrome=91.0.4472.124)
  (Driver info: chromedriver=2.35.528161 (5b82f2d2aae0ca24b877009200ced9065a772e73),platform=Windows NT 10.0.19042 x86_64) (WARNING: The server did not provide any stacktrace information)
Command duration or timeout: 33 milliseconds
For documentation on this error, please visit: http://seleniumhq.org/exceptions/no_such_element.html
Build info: version: &apos;2.52.0&apos;, revision: &apos;4c2593c&apos;, time: &apos;2016-02-11 19:06:42&apos;
System info: host: &apos;DESKTOP-H4389BG&apos;, ip: &apos;192.168.1.78&apos;, os.name: &apos;Windows 10&apos;, os.arch: &apos;amd64&apos;, os.version: &apos;10.0&apos;, java.version: &apos;1.8.0_231&apos;
Driver info: org.openqa.selenium.chrome.ChromeDriver
Capabilities [{applicationCacheEnabled=false, rotatable=false, mobileEmulationEnabled=false, networkConnectionEnabled=false, chrome={chromedriverVersion=2.35.528161 (5b82f2d2aae0ca24b877009200ced9065a772e73), userDataDir=C:\Users\ACER\AppData\Local\Temp\scoped_dir1908_5503}, takesHeapSnapshot=true, pageLoadStrategy=normal, databaseEnabled=false, handlesAlerts=true, hasTouchScreen=false, version=91.0.4472.124, platform=XP, browserConnectionEnabled=false, nativeEvents=true, acceptSslCerts=false, acceptInsecureCerts=false, locationContextEnabled=true, webStorageEnabled=true, browserName=chrome, takesScreenshot=true, javascriptEnabled=true, cssSelectorsEnabled=true, setWindowRect=true, unexpectedAlertBehaviour=}]
Session ID: 087301c2c900a03832558a0f34ffb5b0
*** Element info: {Using=xpath, value=//input[@name=&apos;email&apos;]}
	at org.openqa.selenium.remote.ErrorHandler.createThrowable(ErrorHandler.java:206)
	at org.openqa.selenium.remote.ErrorHandler.throwIfResponseFailed(ErrorHandler.java:158)
	at org.openqa.selenium.remote.RemoteWebDriver.execute(RemoteWebDriver.java:678)
	at org.openqa.selenium.remote.RemoteWebDriver.findElement(RemoteWebDriver.java:363)
	at org.openqa.selenium.remote.RemoteWebDriver.findElementByXPath(RemoteWebDriver.java:500)
	at org.openqa.selenium.By$ByXPath.findElement(By.java:361)
	at org.openqa.selenium.remote.RemoteWebDriver.findElement(RemoteWebDriver.java:355)
	at org.openqa.selenium.support.ui.ExpectedConditions.findElement(ExpectedConditions.java:911)
	at org.openqa.selenium.support.ui.ExpectedConditions.access$0(ExpectedConditions.java:909)
	at org.openqa.selenium.support.ui.ExpectedConditions$6.apply(ExpectedConditions.java:181)
	at org.openqa.selenium.support.ui.ExpectedConditions$6.apply(ExpectedConditions.java:1)
	at org.openqa.selenium.support.ui.FluentWait.until(FluentWait.java:238)
	... 28 more
... Removed 28 stack frames
</div> <!-- stack-trace -->
                </div> <!-- method-content -->
              </div> <!-- method -->
              <div class="method">
                <div class="method-content">
                  <a name="verifyInvalidEmailsValidation(email3, qatest@com)">
                  </a> <!-- verifyInvalidEmailsValidation(email3, qatest@com) -->
                  <span class="method-name">verifyInvalidEmailsValidation</span>
                  <span class="parameters">(email3, qatest@com)</span>
                  <div class="stack-trace">org.openqa.selenium.TimeoutException: Timed out after 30 seconds waiting for presence of element located by: By.xpath: //input[@name=&apos;email&apos;]
Build info: version: &apos;2.52.0&apos;, revision: &apos;4c2593c&apos;, time: &apos;2016-02-11 19:06:42&apos;
System info: host: &apos;DESKTOP-H4389BG&apos;, ip: &apos;192.168.1.78&apos;, os.name: &apos;Windows 10&apos;, os.arch: &apos;amd64&apos;, os.version: &apos;10.0&apos;, java.version: &apos;1.8.0_231&apos;
Driver info: org.openqa.selenium.chrome.ChromeDriver
Capabilities [{applicationCacheEnabled=false, rotatable=false, mobileEmulationEnabled=false, networkConnectionEnabled=false, chrome={chromedriverVersion=2.35.528161 (5b82f2d2aae0ca24b877009200ced9065a772e73), userDataDir=C:\Users\ACER\AppData\Local\Temp\scoped_dir1908_5503}, takesHeapSnapshot=true, pageLoadStrategy=normal, databaseEnabled=false, handlesAlerts=true, hasTouchScreen=false, version=91.0.4472.124, platform=XP, browserConnectionEnabled=false, nativeEvents=true, acceptSslCerts=false, acceptInsecureCerts=false, locationContextEnabled=true, webStorageEnabled=true, browserName=chrome, takesScreenshot=true, javascriptEnabled=true, cssSelectorsEnabled=true, setWindowRect=true, unexpectedAlertBehaviour=}]
Session ID: 087301c2c900a03832558a0f34ffb5b0
	at org.openqa.selenium.support.ui.WebDriverWait.timeoutException(WebDriverWait.java:80)
	at org.openqa.selenium.support.ui.FluentWait.until(FluentWait.java:261)
	at com.qualitesoft.core.WaitTool.waitForElementPresentAndDisplay(WaitTool.java:19)
	at com.qualitesoft.channelgatesip.pageobjects.LoginPage.emailField(LoginPage.java:27)
	at com.qualitesoft.channelgatesip.testscripts.TestForgotPassword.verifyInvalidEmailsValidation(TestForgotPassword.java:35)
Caused by: org.openqa.selenium.NoSuchElementException: no such element: Unable to locate element: {&quot;method&quot;:&quot;xpath&quot;,&quot;selector&quot;:&quot;//input[@name=&apos;email&apos;]&quot;}
  (Session info: chrome=91.0.4472.124)
  (Driver info: chromedriver=2.35.528161 (5b82f2d2aae0ca24b877009200ced9065a772e73),platform=Windows NT 10.0.19042 x86_64) (WARNING: The server did not provide any stacktrace information)
Command duration or timeout: 34 milliseconds
For documentation on this error, please visit: http://seleniumhq.org/exceptions/no_such_element.html
Build info: version: &apos;2.52.0&apos;, revision: &apos;4c2593c&apos;, time: &apos;2016-02-11 19:06:42&apos;
System info: host: &apos;DESKTOP-H4389BG&apos;, ip: &apos;192.168.1.78&apos;, os.name: &apos;Windows 10&apos;, os.arch: &apos;amd64&apos;, os.version: &apos;10.0&apos;, java.version: &apos;1.8.0_231&apos;
Driver info: org.openqa.selenium.chrome.ChromeDriver
Capabilities [{applicationCacheEnabled=false, rotatable=false, mobileEmulationEnabled=false, networkConnectionEnabled=false, chrome={chromedriverVersion=2.35.528161 (5b82f2d2aae0ca24b877009200ced9065a772e73), userDataDir=C:\Users\ACER\AppData\Local\Temp\scoped_dir1908_5503}, takesHeapSnapshot=true, pageLoadStrategy=normal, databaseEnabled=false, handlesAlerts=true, hasTouchScreen=false, version=91.0.4472.124, platform=XP, browserConnectionEnabled=false, nativeEvents=true, acceptSslCerts=false, acceptInsecureCerts=false, locationContextEnabled=true, webStorageEnabled=true, browserName=chrome, takesScreenshot=true, javascriptEnabled=true, cssSelectorsEnabled=true, setWindowRect=true, unexpectedAlertBehaviour=}]
Session ID: 087301c2c900a03832558a0f34ffb5b0
*** Element info: {Using=xpath, value=//input[@name=&apos;email&apos;]}
	at org.openqa.selenium.remote.ErrorHandler.createThrowable(ErrorHandler.java:206)
	at org.openqa.selenium.remote.ErrorHandler.throwIfResponseFailed(ErrorHandler.java:158)
	at org.openqa.selenium.remote.RemoteWebDriver.execute(RemoteWebDriver.java:678)
	at org.openqa.selenium.remote.RemoteWebDriver.findElement(RemoteWebDriver.java:363)
	at org.openqa.selenium.remote.RemoteWebDriver.findElementByXPath(RemoteWebDriver.java:500)
	at org.openqa.selenium.By$ByXPath.findElement(By.java:361)
	at org.openqa.selenium.remote.RemoteWebDriver.findElement(RemoteWebDriver.java:355)
	at org.openqa.selenium.support.ui.ExpectedConditions.findElement(ExpectedConditions.java:911)
	at org.openqa.selenium.support.ui.ExpectedConditions.access$0(ExpectedConditions.java:909)
	at org.openqa.selenium.support.ui.ExpectedConditions$6.apply(ExpectedConditions.java:181)
	at org.openqa.selenium.support.ui.ExpectedConditions$6.apply(ExpectedConditions.java:1)
	at org.openqa.selenium.support.ui.FluentWait.until(FluentWait.java:238)
	... 28 more
... Removed 28 stack frames
</div> <!-- stack-trace -->
                </div> <!-- method-content -->
              </div> <!-- method -->
              <div class="method">
                <div class="method-content">
                  <a name="verifyInvalidEmailsValidation(email5, qatest@@test.com)">
                  </a> <!-- verifyInvalidEmailsValidation(email5, qatest@@test.com) -->
                  <span class="method-name">verifyInvalidEmailsValidation</span>
                  <span class="parameters">(email5, qatest@@test.com)</span>
                  <div class="stack-trace">org.openqa.selenium.TimeoutException: Timed out after 30 seconds waiting for presence of element located by: By.xpath: //input[@name=&apos;email&apos;]
Build info: version: &apos;2.52.0&apos;, revision: &apos;4c2593c&apos;, time: &apos;2016-02-11 19:06:42&apos;
System info: host: &apos;DESKTOP-H4389BG&apos;, ip: &apos;192.168.1.78&apos;, os.name: &apos;Windows 10&apos;, os.arch: &apos;amd64&apos;, os.version: &apos;10.0&apos;, java.version: &apos;1.8.0_231&apos;
Driver info: org.openqa.selenium.chrome.ChromeDriver
Capabilities [{applicationCacheEnabled=false, rotatable=false, mobileEmulationEnabled=false, networkConnectionEnabled=false, chrome={chromedriverVersion=2.35.528161 (5b82f2d2aae0ca24b877009200ced9065a772e73), userDataDir=C:\Users\ACER\AppData\Local\Temp\scoped_dir1908_5503}, takesHeapSnapshot=true, pageLoadStrategy=normal, databaseEnabled=false, handlesAlerts=true, hasTouchScreen=false, version=91.0.4472.124, platform=XP, browserConnectionEnabled=false, nativeEvents=true, acceptSslCerts=false, acceptInsecureCerts=false, locationContextEnabled=true, webStorageEnabled=true, browserName=chrome, takesScreenshot=true, javascriptEnabled=true, cssSelectorsEnabled=true, setWindowRect=true, unexpectedAlertBehaviour=}]
Session ID: 087301c2c900a03832558a0f34ffb5b0
	at org.openqa.selenium.support.ui.WebDriverWait.timeoutException(WebDriverWait.java:80)
	at org.openqa.selenium.support.ui.FluentWait.until(FluentWait.java:261)
	at com.qualitesoft.core.WaitTool.waitForElementPresentAndDisplay(WaitTool.java:19)
	at com.qualitesoft.channelgatesip.pageobjects.LoginPage.emailField(LoginPage.java:27)
	at com.qualitesoft.channelgatesip.testscripts.TestForgotPassword.verifyInvalidEmailsValidation(TestForgotPassword.java:35)
Caused by: org.openqa.selenium.NoSuchElementException: no such element: Unable to locate element: {&quot;method&quot;:&quot;xpath&quot;,&quot;selector&quot;:&quot;//input[@name=&apos;email&apos;]&quot;}
  (Session info: chrome=91.0.4472.124)
  (Driver info: chromedriver=2.35.528161 (5b82f2d2aae0ca24b877009200ced9065a772e73),platform=Windows NT 10.0.19042 x86_64) (WARNING: The server did not provide any stacktrace information)
Command duration or timeout: 32 milliseconds
For documentation on this error, please visit: http://seleniumhq.org/exceptions/no_such_element.html
Build info: version: &apos;2.52.0&apos;, revision: &apos;4c2593c&apos;, time: &apos;2016-02-11 19:06:42&apos;
System info: host: &apos;DESKTOP-H4389BG&apos;, ip: &apos;192.168.1.78&apos;, os.name: &apos;Windows 10&apos;, os.arch: &apos;amd64&apos;, os.version: &apos;10.0&apos;, java.version: &apos;1.8.0_231&apos;
Driver info: org.openqa.selenium.chrome.ChromeDriver
Capabilities [{applicationCacheEnabled=false, rotatable=false, mobileEmulationEnabled=false, networkConnectionEnabled=false, chrome={chromedriverVersion=2.35.528161 (5b82f2d2aae0ca24b877009200ced9065a772e73), userDataDir=C:\Users\ACER\AppData\Local\Temp\scoped_dir1908_5503}, takesHeapSnapshot=true, pageLoadStrategy=normal, databaseEnabled=false, handlesAlerts=true, hasTouchScreen=false, version=91.0.4472.124, platform=XP, browserConnectionEnabled=false, nativeEvents=true, acceptSslCerts=false, acceptInsecureCerts=false, locationContextEnabled=true, webStorageEnabled=true, browserName=chrome, takesScreenshot=true, javascriptEnabled=true, cssSelectorsEnabled=true, setWindowRect=true, unexpectedAlertBehaviour=}]
Session ID: 087301c2c900a03832558a0f34ffb5b0
*** Element info: {Using=xpath, value=//input[@name=&apos;email&apos;]}
	at org.openqa.selenium.remote.ErrorHandler.createThrowable(ErrorHandler.java:206)
	at org.openqa.selenium.remote.ErrorHandler.throwIfResponseFailed(ErrorHandler.java:158)
	at org.openqa.selenium.remote.RemoteWebDriver.execute(RemoteWebDriver.java:678)
	at org.openqa.selenium.remote.RemoteWebDriver.findElement(RemoteWebDriver.java:363)
	at org.openqa.selenium.remote.RemoteWebDriver.findElementByXPath(RemoteWebDriver.java:500)
	at org.openqa.selenium.By$ByXPath.findElement(By.java:361)
	at org.openqa.selenium.remote.RemoteWebDriver.findElement(RemoteWebDriver.java:355)
	at org.openqa.selenium.support.ui.ExpectedConditions.findElement(ExpectedConditions.java:911)
	at org.openqa.selenium.support.ui.ExpectedConditions.access$0(ExpectedConditions.java:909)
	at org.openqa.selenium.support.ui.ExpectedConditions$6.apply(ExpectedConditions.java:181)
	at org.openqa.selenium.support.ui.ExpectedConditions$6.apply(ExpectedConditions.java:1)
	at org.openqa.selenium.support.ui.FluentWait.until(FluentWait.java:238)
	... 28 more
... Removed 28 stack frames
</div> <!-- stack-trace -->
                </div> <!-- method-content -->
              </div> <!-- method -->
              <div class="method">
                <div class="method-content">
                  <a name="verifyInvalidEmailsValidation(email2, qatest@)">
                  </a> <!-- verifyInvalidEmailsValidation(email2, qatest@) -->
                  <span class="method-name">verifyInvalidEmailsValidation</span>
                  <span class="parameters">(email2, qatest@)</span>
                  <div class="stack-trace">org.openqa.selenium.TimeoutException: Timed out after 30 seconds waiting for presence of element located by: By.xpath: //input[@name=&apos;email&apos;]
Build info: version: &apos;2.52.0&apos;, revision: &apos;4c2593c&apos;, time: &apos;2016-02-11 19:06:42&apos;
System info: host: &apos;DESKTOP-H4389BG&apos;, ip: &apos;192.168.1.78&apos;, os.name: &apos;Windows 10&apos;, os.arch: &apos;amd64&apos;, os.version: &apos;10.0&apos;, java.version: &apos;1.8.0_231&apos;
Driver info: org.openqa.selenium.chrome.ChromeDriver
Capabilities [{applicationCacheEnabled=false, rotatable=false, mobileEmulationEnabled=false, networkConnectionEnabled=false, chrome={chromedriverVersion=2.35.528161 (5b82f2d2aae0ca24b877009200ced9065a772e73), userDataDir=C:\Users\ACER\AppData\Local\Temp\scoped_dir1908_5503}, takesHeapSnapshot=true, pageLoadStrategy=normal, databaseEnabled=false, handlesAlerts=true, hasTouchScreen=false, version=91.0.4472.124, platform=XP, browserConnectionEnabled=false, nativeEvents=true, acceptSslCerts=false, acceptInsecureCerts=false, locationContextEnabled=true, webStorageEnabled=true, browserName=chrome, takesScreenshot=true, javascriptEnabled=true, cssSelectorsEnabled=true, setWindowRect=true, unexpectedAlertBehaviour=}]
Session ID: 087301c2c900a03832558a0f34ffb5b0
	at org.openqa.selenium.support.ui.WebDriverWait.timeoutException(WebDriverWait.java:80)
	at org.openqa.selenium.support.ui.FluentWait.until(FluentWait.java:261)
	at com.qualitesoft.core.WaitTool.waitForElementPresentAndDisplay(WaitTool.java:19)
	at com.qualitesoft.channelgatesip.pageobjects.LoginPage.emailField(LoginPage.java:27)
	at com.qualitesoft.channelgatesip.testscripts.TestForgotPassword.verifyInvalidEmailsValidation(TestForgotPassword.java:35)
Caused by: org.openqa.selenium.NoSuchElementException: no such element: Unable to locate element: {&quot;method&quot;:&quot;xpath&quot;,&quot;selector&quot;:&quot;//input[@name=&apos;email&apos;]&quot;}
  (Session info: chrome=91.0.4472.124)
  (Driver info: chromedriver=2.35.528161 (5b82f2d2aae0ca24b877009200ced9065a772e73),platform=Windows NT 10.0.19042 x86_64) (WARNING: The server did not provide any stacktrace information)
Command duration or timeout: 37 milliseconds
For documentation on this error, please visit: http://seleniumhq.org/exceptions/no_such_element.html
Build info: version: &apos;2.52.0&apos;, revision: &apos;4c2593c&apos;, time: &apos;2016-02-11 19:06:42&apos;
System info: host: &apos;DESKTOP-H4389BG&apos;, ip: &apos;192.168.1.78&apos;, os.name: &apos;Windows 10&apos;, os.arch: &apos;amd64&apos;, os.version: &apos;10.0&apos;, java.version: &apos;1.8.0_231&apos;
Driver info: org.openqa.selenium.chrome.ChromeDriver
Capabilities [{applicationCacheEnabled=false, rotatable=false, mobileEmulationEnabled=false, networkConnectionEnabled=false, chrome={chromedriverVersion=2.35.528161 (5b82f2d2aae0ca24b877009200ced9065a772e73), userDataDir=C:\Users\ACER\AppData\Local\Temp\scoped_dir1908_5503}, takesHeapSnapshot=true, pageLoadStrategy=normal, databaseEnabled=false, handlesAlerts=true, hasTouchScreen=false, version=91.0.4472.124, platform=XP, browserConnectionEnabled=false, nativeEvents=true, acceptSslCerts=false, acceptInsecureCerts=false, locationContextEnabled=true, webStorageEnabled=true, browserName=chrome, takesScreenshot=true, javascriptEnabled=true, cssSelectorsEnabled=true, setWindowRect=true, unexpectedAlertBehaviour=}]
Session ID: 087301c2c900a03832558a0f34ffb5b0
*** Element info: {Using=xpath, value=//input[@name=&apos;email&apos;]}
	at org.openqa.selenium.remote.ErrorHandler.createThrowable(ErrorHandler.java:206)
	at org.openqa.selenium.remote.ErrorHandler.throwIfResponseFailed(ErrorHandler.java:158)
	at org.openqa.selenium.remote.RemoteWebDriver.execute(RemoteWebDriver.java:678)
	at org.openqa.selenium.remote.RemoteWebDriver.findElement(RemoteWebDriver.java:363)
	at org.openqa.selenium.remote.RemoteWebDriver.findElementByXPath(RemoteWebDriver.java:500)
	at org.openqa.selenium.By$ByXPath.findElement(By.java:361)
	at org.openqa.selenium.remote.RemoteWebDriver.findElement(RemoteWebDriver.java:355)
	at org.openqa.selenium.support.ui.ExpectedConditions.findElement(ExpectedConditions.java:911)
	at org.openqa.selenium.support.ui.ExpectedConditions.access$0(ExpectedConditions.java:909)
	at org.openqa.selenium.support.ui.ExpectedConditions$6.apply(ExpectedConditions.java:181)
	at org.openqa.selenium.support.ui.ExpectedConditions$6.apply(ExpectedConditions.java:1)
	at org.openqa.selenium.support.ui.FluentWait.until(FluentWait.java:238)
	... 28 more
... Removed 28 stack frames
</div> <!-- stack-trace -->
                </div> <!-- method-content -->
              </div> <!-- method -->
              <div class="method">
                <div class="method-content">
                  <a name="verifyInvalidEmailsValidation(email10, qatest@test.com.)">
                  </a> <!-- verifyInvalidEmailsValidation(email10, qatest@test.com.) -->
                  <span class="method-name">verifyInvalidEmailsValidation</span>
                  <span class="parameters">(email10, qatest@test.com.)</span>
                  <div class="stack-trace">org.openqa.selenium.TimeoutException: Timed out after 30 seconds waiting for presence of element located by: By.xpath: //input[@name=&apos;email&apos;]
Build info: version: &apos;2.52.0&apos;, revision: &apos;4c2593c&apos;, time: &apos;2016-02-11 19:06:42&apos;
System info: host: &apos;DESKTOP-H4389BG&apos;, ip: &apos;192.168.1.78&apos;, os.name: &apos;Windows 10&apos;, os.arch: &apos;amd64&apos;, os.version: &apos;10.0&apos;, java.version: &apos;1.8.0_231&apos;
Driver info: org.openqa.selenium.chrome.ChromeDriver
Capabilities [{applicationCacheEnabled=false, rotatable=false, mobileEmulationEnabled=false, networkConnectionEnabled=false, chrome={chromedriverVersion=2.35.528161 (5b82f2d2aae0ca24b877009200ced9065a772e73), userDataDir=C:\Users\ACER\AppData\Local\Temp\scoped_dir1908_5503}, takesHeapSnapshot=true, pageLoadStrategy=normal, databaseEnabled=false, handlesAlerts=true, hasTouchScreen=false, version=91.0.4472.124, platform=XP, browserConnectionEnabled=false, nativeEvents=true, acceptSslCerts=false, acceptInsecureCerts=false, locationContextEnabled=true, webStorageEnabled=true, browserName=chrome, takesScreenshot=true, javascriptEnabled=true, cssSelectorsEnabled=true, setWindowRect=true, unexpectedAlertBehaviour=}]
Session ID: 087301c2c900a03832558a0f34ffb5b0
	at org.openqa.selenium.support.ui.WebDriverWait.timeoutException(WebDriverWait.java:80)
	at org.openqa.selenium.support.ui.FluentWait.until(FluentWait.java:261)
	at com.qualitesoft.core.WaitTool.waitForElementPresentAndDisplay(WaitTool.java:19)
	at com.qualitesoft.channelgatesip.pageobjects.LoginPage.emailField(LoginPage.java:27)
	at com.qualitesoft.channelgatesip.testscripts.TestForgotPassword.verifyInvalidEmailsValidation(TestForgotPassword.java:35)
Caused by: org.openqa.selenium.NoSuchElementException: no such element: Unable to locate element: {&quot;method&quot;:&quot;xpath&quot;,&quot;selector&quot;:&quot;//input[@name=&apos;email&apos;]&quot;}
  (Session info: chrome=91.0.4472.124)
  (Driver info: chromedriver=2.35.528161 (5b82f2d2aae0ca24b877009200ced9065a772e73),platform=Windows NT 10.0.19042 x86_64) (WARNING: The server did not provide any stacktrace information)
Command duration or timeout: 32 milliseconds
For documentation on this error, please visit: http://seleniumhq.org/exceptions/no_such_element.html
Build info: version: &apos;2.52.0&apos;, revision: &apos;4c2593c&apos;, time: &apos;2016-02-11 19:06:42&apos;
System info: host: &apos;DESKTOP-H4389BG&apos;, ip: &apos;192.168.1.78&apos;, os.name: &apos;Windows 10&apos;, os.arch: &apos;amd64&apos;, os.version: &apos;10.0&apos;, java.version: &apos;1.8.0_231&apos;
Driver info: org.openqa.selenium.chrome.ChromeDriver
Capabilities [{applicationCacheEnabled=false, rotatable=false, mobileEmulationEnabled=false, networkConnectionEnabled=false, chrome={chromedriverVersion=2.35.528161 (5b82f2d2aae0ca24b877009200ced9065a772e73), userDataDir=C:\Users\ACER\AppData\Local\Temp\scoped_dir1908_5503}, takesHeapSnapshot=true, pageLoadStrategy=normal, databaseEnabled=false, handlesAlerts=true, hasTouchScreen=false, version=91.0.4472.124, platform=XP, browserConnectionEnabled=false, nativeEvents=true, acceptSslCerts=false, acceptInsecureCerts=false, locationContextEnabled=true, webStorageEnabled=true, browserName=chrome, takesScreenshot=true, javascriptEnabled=true, cssSelectorsEnabled=true, setWindowRect=true, unexpectedAlertBehaviour=}]
Session ID: 087301c2c900a03832558a0f34ffb5b0
*** Element info: {Using=xpath, value=//input[@name=&apos;email&apos;]}
	at org.openqa.selenium.remote.ErrorHandler.createThrowable(ErrorHandler.java:206)
	at org.openqa.selenium.remote.ErrorHandler.throwIfResponseFailed(ErrorHandler.java:158)
	at org.openqa.selenium.remote.RemoteWebDriver.execute(RemoteWebDriver.java:678)
	at org.openqa.selenium.remote.RemoteWebDriver.findElement(RemoteWebDriver.java:363)
	at org.openqa.selenium.remote.RemoteWebDriver.findElementByXPath(RemoteWebDriver.java:500)
	at org.openqa.selenium.By$ByXPath.findElement(By.java:361)
	at org.openqa.selenium.remote.RemoteWebDriver.findElement(RemoteWebDriver.java:355)
	at org.openqa.selenium.support.ui.ExpectedConditions.findElement(ExpectedConditions.java:911)
	at org.openqa.selenium.support.ui.ExpectedConditions.access$0(ExpectedConditions.java:909)
	at org.openqa.selenium.support.ui.ExpectedConditions$6.apply(ExpectedConditions.java:181)
	at org.openqa.selenium.support.ui.ExpectedConditions$6.apply(ExpectedConditions.java:1)
	at org.openqa.selenium.support.ui.FluentWait.until(FluentWait.java:238)
	... 28 more
... Removed 28 stack frames
</div> <!-- stack-trace -->
                </div> <!-- method-content -->
              </div> <!-- method -->
              <div class="method">
                <div class="method-content">
                  <a name="verifyInvalidEmailsValidation(email9, .qatest@test.com)">
                  </a> <!-- verifyInvalidEmailsValidation(email9, .qatest@test.com) -->
                  <span class="method-name">verifyInvalidEmailsValidation</span>
                  <span class="parameters">(email9, .qatest@test.com)</span>
                  <div class="stack-trace">org.openqa.selenium.TimeoutException: Timed out after 30 seconds waiting for presence of element located by: By.xpath: //input[@name=&apos;email&apos;]
Build info: version: &apos;2.52.0&apos;, revision: &apos;4c2593c&apos;, time: &apos;2016-02-11 19:06:42&apos;
System info: host: &apos;DESKTOP-H4389BG&apos;, ip: &apos;192.168.1.78&apos;, os.name: &apos;Windows 10&apos;, os.arch: &apos;amd64&apos;, os.version: &apos;10.0&apos;, java.version: &apos;1.8.0_231&apos;
Driver info: org.openqa.selenium.chrome.ChromeDriver
Capabilities [{applicationCacheEnabled=false, rotatable=false, mobileEmulationEnabled=false, networkConnectionEnabled=false, chrome={chromedriverVersion=2.35.528161 (5b82f2d2aae0ca24b877009200ced9065a772e73), userDataDir=C:\Users\ACER\AppData\Local\Temp\scoped_dir1908_5503}, takesHeapSnapshot=true, pageLoadStrategy=normal, databaseEnabled=false, handlesAlerts=true, hasTouchScreen=false, version=91.0.4472.124, platform=XP, browserConnectionEnabled=false, nativeEvents=true, acceptSslCerts=false, acceptInsecureCerts=false, locationContextEnabled=true, webStorageEnabled=true, browserName=chrome, takesScreenshot=true, javascriptEnabled=true, cssSelectorsEnabled=true, setWindowRect=true, unexpectedAlertBehaviour=}]
Session ID: 087301c2c900a03832558a0f34ffb5b0
	at org.openqa.selenium.support.ui.WebDriverWait.timeoutException(WebDriverWait.java:80)
	at org.openqa.selenium.support.ui.FluentWait.until(FluentWait.java:261)
	at com.qualitesoft.core.WaitTool.waitForElementPresentAndDisplay(WaitTool.java:19)
	at com.qualitesoft.channelgatesip.pageobjects.LoginPage.emailField(LoginPage.java:27)
	at com.qualitesoft.channelgatesip.testscripts.TestForgotPassword.verifyInvalidEmailsValidation(TestForgotPassword.java:35)
Caused by: org.openqa.selenium.NoSuchElementException: no such element: Unable to locate element: {&quot;method&quot;:&quot;xpath&quot;,&quot;selector&quot;:&quot;//input[@name=&apos;email&apos;]&quot;}
  (Session info: chrome=91.0.4472.124)
  (Driver info: chromedriver=2.35.528161 (5b82f2d2aae0ca24b877009200ced9065a772e73),platform=Windows NT 10.0.19042 x86_64) (WARNING: The server did not provide any stacktrace information)
Command duration or timeout: 32 milliseconds
For documentation on this error, please visit: http://seleniumhq.org/exceptions/no_such_element.html
Build info: version: &apos;2.52.0&apos;, revision: &apos;4c2593c&apos;, time: &apos;2016-02-11 19:06:42&apos;
System info: host: &apos;DESKTOP-H4389BG&apos;, ip: &apos;192.168.1.78&apos;, os.name: &apos;Windows 10&apos;, os.arch: &apos;amd64&apos;, os.version: &apos;10.0&apos;, java.version: &apos;1.8.0_231&apos;
Driver info: org.openqa.selenium.chrome.ChromeDriver
Capabilities [{applicationCacheEnabled=false, rotatable=false, mobileEmulationEnabled=false, networkConnectionEnabled=false, chrome={chromedriverVersion=2.35.528161 (5b82f2d2aae0ca24b877009200ced9065a772e73), userDataDir=C:\Users\ACER\AppData\Local\Temp\scoped_dir1908_5503}, takesHeapSnapshot=true, pageLoadStrategy=normal, databaseEnabled=false, handlesAlerts=true, hasTouchScreen=false, version=91.0.4472.124, platform=XP, browserConnectionEnabled=false, nativeEvents=true, acceptSslCerts=false, acceptInsecureCerts=false, locationContextEnabled=true, webStorageEnabled=true, browserName=chrome, takesScreenshot=true, javascriptEnabled=true, cssSelectorsEnabled=true, setWindowRect=true, unexpectedAlertBehaviour=}]
Session ID: 087301c2c900a03832558a0f34ffb5b0
*** Element info: {Using=xpath, value=//input[@name=&apos;email&apos;]}
	at org.openqa.selenium.remote.ErrorHandler.createThrowable(ErrorHandler.java:206)
	at org.openqa.selenium.remote.ErrorHandler.throwIfResponseFailed(ErrorHandler.java:158)
	at org.openqa.selenium.remote.RemoteWebDriver.execute(RemoteWebDriver.java:678)
	at org.openqa.selenium.remote.RemoteWebDriver.findElement(RemoteWebDriver.java:363)
	at org.openqa.selenium.remote.RemoteWebDriver.findElementByXPath(RemoteWebDriver.java:500)
	at org.openqa.selenium.By$ByXPath.findElement(By.java:361)
	at org.openqa.selenium.remote.RemoteWebDriver.findElement(RemoteWebDriver.java:355)
	at org.openqa.selenium.support.ui.ExpectedConditions.findElement(ExpectedConditions.java:911)
	at org.openqa.selenium.support.ui.ExpectedConditions.access$0(ExpectedConditions.java:909)
	at org.openqa.selenium.support.ui.ExpectedConditions$6.apply(ExpectedConditions.java:181)
	at org.openqa.selenium.support.ui.ExpectedConditions$6.apply(ExpectedConditions.java:1)
	at org.openqa.selenium.support.ui.FluentWait.until(FluentWait.java:238)
	... 28 more
... Removed 28 stack frames
</div> <!-- stack-trace -->
                </div> <!-- method-content -->
              </div> <!-- method -->
              <div class="method">
                <div class="method-content">
                  <a name="verifyInvalidEmailsValidation(email8, qa..test@test.com)">
                  </a> <!-- verifyInvalidEmailsValidation(email8, qa..test@test.com) -->
                  <span class="method-name">verifyInvalidEmailsValidation</span>
                  <span class="parameters">(email8, qa..test@test.com)</span>
                  <div class="stack-trace">org.openqa.selenium.TimeoutException: Timed out after 30 seconds waiting for presence of element located by: By.xpath: //input[@name=&apos;email&apos;]
Build info: version: &apos;2.52.0&apos;, revision: &apos;4c2593c&apos;, time: &apos;2016-02-11 19:06:42&apos;
System info: host: &apos;DESKTOP-H4389BG&apos;, ip: &apos;192.168.1.78&apos;, os.name: &apos;Windows 10&apos;, os.arch: &apos;amd64&apos;, os.version: &apos;10.0&apos;, java.version: &apos;1.8.0_231&apos;
Driver info: org.openqa.selenium.chrome.ChromeDriver
Capabilities [{applicationCacheEnabled=false, rotatable=false, mobileEmulationEnabled=false, networkConnectionEnabled=false, chrome={chromedriverVersion=2.35.528161 (5b82f2d2aae0ca24b877009200ced9065a772e73), userDataDir=C:\Users\ACER\AppData\Local\Temp\scoped_dir1908_5503}, takesHeapSnapshot=true, pageLoadStrategy=normal, databaseEnabled=false, handlesAlerts=true, hasTouchScreen=false, version=91.0.4472.124, platform=XP, browserConnectionEnabled=false, nativeEvents=true, acceptSslCerts=false, acceptInsecureCerts=false, locationContextEnabled=true, webStorageEnabled=true, browserName=chrome, takesScreenshot=true, javascriptEnabled=true, cssSelectorsEnabled=true, setWindowRect=true, unexpectedAlertBehaviour=}]
Session ID: 087301c2c900a03832558a0f34ffb5b0
	at org.openqa.selenium.support.ui.WebDriverWait.timeoutException(WebDriverWait.java:80)
	at org.openqa.selenium.support.ui.FluentWait.until(FluentWait.java:261)
	at com.qualitesoft.core.WaitTool.waitForElementPresentAndDisplay(WaitTool.java:19)
	at com.qualitesoft.channelgatesip.pageobjects.LoginPage.emailField(LoginPage.java:27)
	at com.qualitesoft.channelgatesip.testscripts.TestForgotPassword.verifyInvalidEmailsValidation(TestForgotPassword.java:35)
Caused by: org.openqa.selenium.NoSuchElementException: no such element: Unable to locate element: {&quot;method&quot;:&quot;xpath&quot;,&quot;selector&quot;:&quot;//input[@name=&apos;email&apos;]&quot;}
  (Session info: chrome=91.0.4472.124)
  (Driver info: chromedriver=2.35.528161 (5b82f2d2aae0ca24b877009200ced9065a772e73),platform=Windows NT 10.0.19042 x86_64) (WARNING: The server did not provide any stacktrace information)
Command duration or timeout: 32 milliseconds
For documentation on this error, please visit: http://seleniumhq.org/exceptions/no_such_element.html
Build info: version: &apos;2.52.0&apos;, revision: &apos;4c2593c&apos;, time: &apos;2016-02-11 19:06:42&apos;
System info: host: &apos;DESKTOP-H4389BG&apos;, ip: &apos;192.168.1.78&apos;, os.name: &apos;Windows 10&apos;, os.arch: &apos;amd64&apos;, os.version: &apos;10.0&apos;, java.version: &apos;1.8.0_231&apos;
Driver info: org.openqa.selenium.chrome.ChromeDriver
Capabilities [{applicationCacheEnabled=false, rotatable=false, mobileEmulationEnabled=false, networkConnectionEnabled=false, chrome={chromedriverVersion=2.35.528161 (5b82f2d2aae0ca24b877009200ced9065a772e73), userDataDir=C:\Users\ACER\AppData\Local\Temp\scoped_dir1908_5503}, takesHeapSnapshot=true, pageLoadStrategy=normal, databaseEnabled=false, handlesAlerts=true, hasTouchScreen=false, version=91.0.4472.124, platform=XP, browserConnectionEnabled=false, nativeEvents=true, acceptSslCerts=false, acceptInsecureCerts=false, locationContextEnabled=true, webStorageEnabled=true, browserName=chrome, takesScreenshot=true, javascriptEnabled=true, cssSelectorsEnabled=true, setWindowRect=true, unexpectedAlertBehaviour=}]
Session ID: 087301c2c900a03832558a0f34ffb5b0
*** Element info: {Using=xpath, value=//input[@name=&apos;email&apos;]}
	at org.openqa.selenium.remote.ErrorHandler.createThrowable(ErrorHandler.java:206)
	at org.openqa.selenium.remote.ErrorHandler.throwIfResponseFailed(ErrorHandler.java:158)
	at org.openqa.selenium.remote.RemoteWebDriver.execute(RemoteWebDriver.java:678)
	at org.openqa.selenium.remote.RemoteWebDriver.findElement(RemoteWebDriver.java:363)
	at org.openqa.selenium.remote.RemoteWebDriver.findElementByXPath(RemoteWebDriver.java:500)
	at org.openqa.selenium.By$ByXPath.findElement(By.java:361)
	at org.openqa.selenium.remote.RemoteWebDriver.findElement(RemoteWebDriver.java:355)
	at org.openqa.selenium.support.ui.ExpectedConditions.findElement(ExpectedConditions.java:911)
	at org.openqa.selenium.support.ui.ExpectedConditions.access$0(ExpectedConditions.java:909)
	at org.openqa.selenium.support.ui.ExpectedConditions$6.apply(ExpectedConditions.java:181)
	at org.openqa.selenium.support.ui.ExpectedConditions$6.apply(ExpectedConditions.java:1)
	at org.openqa.selenium.support.ui.FluentWait.until(FluentWait.java:238)
	... 28 more
... Removed 28 stack frames
</div> <!-- stack-trace -->
                </div> <!-- method-content -->
              </div> <!-- method -->
              <div class="method">
                <div class="method-content">
                  <a name="verifyRequiredFieldValidation">
                  </a> <!-- verifyRequiredFieldValidation -->
                  <span class="method-name">verifyRequiredFieldValidation</span>
                  <div class="stack-trace">org.openqa.selenium.TimeoutException: Timed out after 30 seconds waiting for presence of element located by: By.xpath: //a[contains(@href,&apos;forgotpassword&apos;)]
Build info: version: &apos;2.52.0&apos;, revision: &apos;4c2593c&apos;, time: &apos;2016-02-11 19:06:42&apos;
System info: host: &apos;DESKTOP-H4389BG&apos;, ip: &apos;192.168.1.78&apos;, os.name: &apos;Windows 10&apos;, os.arch: &apos;amd64&apos;, os.version: &apos;10.0&apos;, java.version: &apos;1.8.0_231&apos;
Driver info: org.openqa.selenium.chrome.ChromeDriver
Capabilities [{applicationCacheEnabled=false, rotatable=false, mobileEmulationEnabled=false, networkConnectionEnabled=false, chrome={chromedriverVersion=2.35.528161 (5b82f2d2aae0ca24b877009200ced9065a772e73), userDataDir=C:\Users\ACER\AppData\Local\Temp\scoped_dir1908_5503}, takesHeapSnapshot=true, pageLoadStrategy=normal, databaseEnabled=false, handlesAlerts=true, hasTouchScreen=false, version=91.0.4472.124, platform=XP, browserConnectionEnabled=false, nativeEvents=true, acceptSslCerts=false, acceptInsecureCerts=false, locationContextEnabled=true, webStorageEnabled=true, browserName=chrome, takesScreenshot=true, javascriptEnabled=true, cssSelectorsEnabled=true, setWindowRect=true, unexpectedAlertBehaviour=}]
Session ID: 087301c2c900a03832558a0f34ffb5b0
	at org.openqa.selenium.support.ui.WebDriverWait.timeoutException(WebDriverWait.java:80)
	at org.openqa.selenium.support.ui.FluentWait.until(FluentWait.java:261)
	at com.qualitesoft.core.WaitTool.waitForElementPresentAndDisplay(WaitTool.java:19)
	at com.qualitesoft.channelgatesip.pageobjects.LoginPage.forgotPasswordLink(LoginPage.java:218)
	at com.qualitesoft.channelgatesip.testscripts.TestForgotPassword.verifyRequiredFieldValidation(TestForgotPassword.java:22)
Caused by: org.openqa.selenium.NoSuchElementException: no such element: Unable to locate element: {&quot;method&quot;:&quot;xpath&quot;,&quot;selector&quot;:&quot;//a[contains(@href,&apos;forgotpassword&apos;)]&quot;}
  (Session info: chrome=91.0.4472.124)
  (Driver info: chromedriver=2.35.528161 (5b82f2d2aae0ca24b877009200ced9065a772e73),platform=Windows NT 10.0.19042 x86_64) (WARNING: The server did not provide any stacktrace information)
Command duration or timeout: 38 milliseconds
For documentation on this error, please visit: http://seleniumhq.org/exceptions/no_such_element.html
Build info: version: &apos;2.52.0&apos;, revision: &apos;4c2593c&apos;, time: &apos;2016-02-11 19:06:42&apos;
System info: host: &apos;DESKTOP-H4389BG&apos;, ip: &apos;192.168.1.78&apos;, os.name: &apos;Windows 10&apos;, os.arch: &apos;amd64&apos;, os.version: &apos;10.0&apos;, java.version: &apos;1.8.0_231&apos;
Driver info: org.openqa.selenium.chrome.ChromeDriver
Capabilities [{applicationCacheEnabled=false, rotatable=false, mobileEmulationEnabled=false, networkConnectionEnabled=false, chrome={chromedriverVersion=2.35.528161 (5b82f2d2aae0ca24b877009200ced9065a772e73), userDataDir=C:\Users\ACER\AppData\Local\Temp\scoped_dir1908_5503}, takesHeapSnapshot=true, pageLoadStrategy=normal, databaseEnabled=false, handlesAlerts=true, hasTouchScreen=false, version=91.0.4472.124, platform=XP, browserConnectionEnabled=false, nativeEvents=true, acceptSslCerts=false, acceptInsecureCerts=false, locationContextEnabled=true, webStorageEnabled=true, browserName=chrome, takesScreenshot=true, javascriptEnabled=true, cssSelectorsEnabled=true, setWindowRect=true, unexpectedAlertBehaviour=}]
Session ID: 087301c2c900a03832558a0f34ffb5b0
*** Element info: {Using=xpath, value=//a[contains(@href,&apos;forgotpassword&apos;)]}
	at org.openqa.selenium.remote.ErrorHandler.createThrowable(ErrorHandler.java:206)
	at org.openqa.selenium.remote.ErrorHandler.throwIfResponseFailed(ErrorHandler.java:158)
	at org.openqa.selenium.remote.RemoteWebDriver.execute(RemoteWebDriver.java:678)
	at org.openqa.selenium.remote.RemoteWebDriver.findElement(RemoteWebDriver.java:363)
	at org.openqa.selenium.remote.RemoteWebDriver.findElementByXPath(RemoteWebDriver.java:500)
	at org.openqa.selenium.By$ByXPath.findElement(By.java:361)
	at org.openqa.selenium.remote.RemoteWebDriver.findElement(RemoteWebDriver.java:355)
	at org.openqa.selenium.support.ui.ExpectedConditions.findElement(ExpectedConditions.java:911)
	at org.openqa.selenium.support.ui.ExpectedConditions.access$0(ExpectedConditions.java:909)
	at org.openqa.selenium.support.ui.ExpectedConditions$6.apply(ExpectedConditions.java:181)
	at org.openqa.selenium.support.ui.ExpectedConditions$6.apply(ExpectedConditions.java:1)
	at org.openqa.selenium.support.ui.FluentWait.until(FluentWait.java:238)
	... 28 more
... Removed 28 stack frames
</div> <!-- stack-trace -->
                </div> <!-- method-content -->
              </div> <!-- method -->
              <div class="method">
                <div class="method-content">
                  <a name="verifyUnregisteredEmailValidation">
                  </a> <!-- verifyUnregisteredEmailValidation -->
                  <span class="method-name">verifyUnregisteredEmailValidation</span>
                  <div class="stack-trace">org.openqa.selenium.TimeoutException: Timed out after 30 seconds waiting for presence of element located by: By.xpath: //input[@name=&apos;email&apos;]
Build info: version: &apos;2.52.0&apos;, revision: &apos;4c2593c&apos;, time: &apos;2016-02-11 19:06:42&apos;
System info: host: &apos;DESKTOP-H4389BG&apos;, ip: &apos;192.168.1.78&apos;, os.name: &apos;Windows 10&apos;, os.arch: &apos;amd64&apos;, os.version: &apos;10.0&apos;, java.version: &apos;1.8.0_231&apos;
Driver info: org.openqa.selenium.chrome.ChromeDriver
Capabilities [{applicationCacheEnabled=false, rotatable=false, mobileEmulationEnabled=false, networkConnectionEnabled=false, chrome={chromedriverVersion=2.35.528161 (5b82f2d2aae0ca24b877009200ced9065a772e73), userDataDir=C:\Users\ACER\AppData\Local\Temp\scoped_dir1908_5503}, takesHeapSnapshot=true, pageLoadStrategy=normal, databaseEnabled=false, handlesAlerts=true, hasTouchScreen=false, version=91.0.4472.124, platform=XP, browserConnectionEnabled=false, nativeEvents=true, acceptSslCerts=false, acceptInsecureCerts=false, locationContextEnabled=true, webStorageEnabled=true, browserName=chrome, takesScreenshot=true, javascriptEnabled=true, cssSelectorsEnabled=true, setWindowRect=true, unexpectedAlertBehaviour=}]
Session ID: 087301c2c900a03832558a0f34ffb5b0
	at org.openqa.selenium.support.ui.WebDriverWait.timeoutException(WebDriverWait.java:80)
	at org.openqa.selenium.support.ui.FluentWait.until(FluentWait.java:261)
	at com.qualitesoft.core.WaitTool.waitForElementPresentAndDisplay(WaitTool.java:19)
	at com.qualitesoft.channelgatesip.pageobjects.LoginPage.emailField(LoginPage.java:27)
	at com.qualitesoft.channelgatesip.testscripts.TestForgotPassword.verifyUnregisteredEmailValidation(TestForgotPassword.java:46)
Caused by: org.openqa.selenium.NoSuchElementException: no such element: Unable to locate element: {&quot;method&quot;:&quot;xpath&quot;,&quot;selector&quot;:&quot;//input[@name=&apos;email&apos;]&quot;}
  (Session info: chrome=91.0.4472.124)
  (Driver info: chromedriver=2.35.528161 (5b82f2d2aae0ca24b877009200ced9065a772e73),platform=Windows NT 10.0.19042 x86_64) (WARNING: The server did not provide any stacktrace information)
Command duration or timeout: 32 milliseconds
For documentation on this error, please visit: http://seleniumhq.org/exceptions/no_such_element.html
Build info: version: &apos;2.52.0&apos;, revision: &apos;4c2593c&apos;, time: &apos;2016-02-11 19:06:42&apos;
System info: host: &apos;DESKTOP-H4389BG&apos;, ip: &apos;192.168.1.78&apos;, os.name: &apos;Windows 10&apos;, os.arch: &apos;amd64&apos;, os.version: &apos;10.0&apos;, java.version: &apos;1.8.0_231&apos;
Driver info: org.openqa.selenium.chrome.ChromeDriver
Capabilities [{applicationCacheEnabled=false, rotatable=false, mobileEmulationEnabled=false, networkConnectionEnabled=false, chrome={chromedriverVersion=2.35.528161 (5b82f2d2aae0ca24b877009200ced9065a772e73), userDataDir=C:\Users\ACER\AppData\Local\Temp\scoped_dir1908_5503}, takesHeapSnapshot=true, pageLoadStrategy=normal, databaseEnabled=false, handlesAlerts=true, hasTouchScreen=false, version=91.0.4472.124, platform=XP, browserConnectionEnabled=false, nativeEvents=true, acceptSslCerts=false, acceptInsecureCerts=false, locationContextEnabled=true, webStorageEnabled=true, browserName=chrome, takesScreenshot=true, javascriptEnabled=true, cssSelectorsEnabled=true, setWindowRect=true, unexpectedAlertBehaviour=}]
Session ID: 087301c2c900a03832558a0f34ffb5b0
*** Element info: {Using=xpath, value=//input[@name=&apos;email&apos;]}
	at org.openqa.selenium.remote.ErrorHandler.createThrowable(ErrorHandler.java:206)
	at org.openqa.selenium.remote.ErrorHandler.throwIfResponseFailed(ErrorHandler.java:158)
	at org.openqa.selenium.remote.RemoteWebDriver.execute(RemoteWebDriver.java:678)
	at org.openqa.selenium.remote.RemoteWebDriver.findElement(RemoteWebDriver.java:363)
	at org.openqa.selenium.remote.RemoteWebDriver.findElementByXPath(RemoteWebDriver.java:500)
	at org.openqa.selenium.By$ByXPath.findElement(By.java:361)
	at org.openqa.selenium.remote.RemoteWebDriver.findElement(RemoteWebDriver.java:355)
	at org.openqa.selenium.support.ui.ExpectedConditions.findElement(ExpectedConditions.java:911)
	at org.openqa.selenium.support.ui.ExpectedConditions.access$0(ExpectedConditions.java:909)
	at org.openqa.selenium.support.ui.ExpectedConditions$6.apply(ExpectedConditions.java:181)
	at org.openqa.selenium.support.ui.ExpectedConditions$6.apply(ExpectedConditions.java:1)
	at org.openqa.selenium.support.ui.FluentWait.until(FluentWait.java:238)
	... 28 more
... Removed 28 stack frames
</div> <!-- stack-trace -->
                </div> <!-- method-content -->
              </div> <!-- method -->
            </div> <!-- main-panel-content rounded-window-bottom -->
          </div> <!-- suite-ChannelGate_SIP-class-failed -->
          <div class="suite-ChannelGate_SIP-class-failed">
            <div class="main-panel-header rounded-window-top">
              <img src="failed.png"/>
              <span class="class-name">com.qualitesoft.channelgatesip.testscripts.LogOff</span>
            </div> <!-- main-panel-header rounded-window-top -->
            <div class="main-panel-content rounded-window-bottom">
              <div class="method">
                <div class="method-content">
                  <a name="testLogOff">
                  </a> <!-- testLogOff -->
                  <span class="method-name">testLogOff</span>
                  <div class="stack-trace">org.openqa.selenium.TimeoutException: Timed out after 30 seconds waiting for presence of element located by: By.xpath: //ul[@role=&apos;menu&apos;]/li[2]
Build info: version: &apos;2.52.0&apos;, revision: &apos;4c2593c&apos;, time: &apos;2016-02-11 19:06:42&apos;
System info: host: &apos;DESKTOP-H4389BG&apos;, ip: &apos;192.168.1.78&apos;, os.name: &apos;Windows 10&apos;, os.arch: &apos;amd64&apos;, os.version: &apos;10.0&apos;, java.version: &apos;1.8.0_231&apos;
Driver info: org.openqa.selenium.chrome.ChromeDriver
Capabilities [{applicationCacheEnabled=false, rotatable=false, mobileEmulationEnabled=false, networkConnectionEnabled=false, chrome={chromedriverVersion=2.35.528161 (5b82f2d2aae0ca24b877009200ced9065a772e73), userDataDir=C:\Users\ACER\AppData\Local\Temp\scoped_dir1908_5503}, takesHeapSnapshot=true, pageLoadStrategy=normal, databaseEnabled=false, handlesAlerts=true, hasTouchScreen=false, version=91.0.4472.124, platform=XP, browserConnectionEnabled=false, nativeEvents=true, acceptSslCerts=false, acceptInsecureCerts=false, locationContextEnabled=true, webStorageEnabled=true, browserName=chrome, takesScreenshot=true, javascriptEnabled=true, cssSelectorsEnabled=true, setWindowRect=true, unexpectedAlertBehaviour=}]
Session ID: 087301c2c900a03832558a0f34ffb5b0
	at org.openqa.selenium.support.ui.WebDriverWait.timeoutException(WebDriverWait.java:80)
	at org.openqa.selenium.support.ui.FluentWait.until(FluentWait.java:261)
	at com.qualitesoft.core.WaitTool.waitForElementPresentAndDisplay(WaitTool.java:19)
	at com.qualitesoft.channelgatesip.pageobjects.LoginPage.logout(LoginPage.java:146)
	at com.qualitesoft.channelgatesip.testscripts.LogOff.testLogOff(LogOff.java:18)
Caused by: org.openqa.selenium.NoSuchElementException: no such element: Unable to locate element: {&quot;method&quot;:&quot;xpath&quot;,&quot;selector&quot;:&quot;//ul[@role=&apos;menu&apos;]/li[2]&quot;}
  (Session info: chrome=91.0.4472.124)
  (Driver info: chromedriver=2.35.528161 (5b82f2d2aae0ca24b877009200ced9065a772e73),platform=Windows NT 10.0.19042 x86_64) (WARNING: The server did not provide any stacktrace information)
Command duration or timeout: 33 milliseconds
For documentation on this error, please visit: http://seleniumhq.org/exceptions/no_such_element.html
Build info: version: &apos;2.52.0&apos;, revision: &apos;4c2593c&apos;, time: &apos;2016-02-11 19:06:42&apos;
System info: host: &apos;DESKTOP-H4389BG&apos;, ip: &apos;192.168.1.78&apos;, os.name: &apos;Windows 10&apos;, os.arch: &apos;amd64&apos;, os.version: &apos;10.0&apos;, java.version: &apos;1.8.0_231&apos;
Driver info: org.openqa.selenium.chrome.ChromeDriver
Capabilities [{applicationCacheEnabled=false, rotatable=false, mobileEmulationEnabled=false, networkConnectionEnabled=false, chrome={chromedriverVersion=2.35.528161 (5b82f2d2aae0ca24b877009200ced9065a772e73), userDataDir=C:\Users\ACER\AppData\Local\Temp\scoped_dir1908_5503}, takesHeapSnapshot=true, pageLoadStrategy=normal, databaseEnabled=false, handlesAlerts=true, hasTouchScreen=false, version=91.0.4472.124, platform=XP, browserConnectionEnabled=false, nativeEvents=true, acceptSslCerts=false, acceptInsecureCerts=false, locationContextEnabled=true, webStorageEnabled=true, browserName=chrome, takesScreenshot=true, javascriptEnabled=true, cssSelectorsEnabled=true, setWindowRect=true, unexpectedAlertBehaviour=}]
Session ID: 087301c2c900a03832558a0f34ffb5b0
*** Element info: {Using=xpath, value=//ul[@role=&apos;menu&apos;]/li[2]}
	at org.openqa.selenium.remote.ErrorHandler.createThrowable(ErrorHandler.java:206)
	at org.openqa.selenium.remote.ErrorHandler.throwIfResponseFailed(ErrorHandler.java:158)
	at org.openqa.selenium.remote.RemoteWebDriver.execute(RemoteWebDriver.java:678)
	at org.openqa.selenium.remote.RemoteWebDriver.findElement(RemoteWebDriver.java:363)
	at org.openqa.selenium.remote.RemoteWebDriver.findElementByXPath(RemoteWebDriver.java:500)
	at org.openqa.selenium.By$ByXPath.findElement(By.java:361)
	at org.openqa.selenium.remote.RemoteWebDriver.findElement(RemoteWebDriver.java:355)
	at org.openqa.selenium.support.ui.ExpectedConditions.findElement(ExpectedConditions.java:911)
	at org.openqa.selenium.support.ui.ExpectedConditions.access$0(ExpectedConditions.java:909)
	at org.openqa.selenium.support.ui.ExpectedConditions$6.apply(ExpectedConditions.java:181)
	at org.openqa.selenium.support.ui.ExpectedConditions$6.apply(ExpectedConditions.java:1)
	at org.openqa.selenium.support.ui.FluentWait.until(FluentWait.java:238)
	... 28 more
... Removed 28 stack frames
</div> <!-- stack-trace -->
                </div> <!-- method-content -->
              </div> <!-- method -->
              <div class="method">
                <div class="method-content">
                  <a name="testLogOff">
                  </a> <!-- testLogOff -->
                  <span class="method-name">testLogOff</span>
                  <div class="stack-trace">org.openqa.selenium.TimeoutException: Timed out after 30 seconds waiting for presence of element located by: By.xpath: //ul[@class=&apos;nav navbar-nav navbar-right&apos;]/li[3]
Build info: version: &apos;2.52.0&apos;, revision: &apos;4c2593c&apos;, time: &apos;2016-02-11 19:06:42&apos;
System info: host: &apos;DESKTOP-H4389BG&apos;, ip: &apos;192.168.1.78&apos;, os.name: &apos;Windows 10&apos;, os.arch: &apos;amd64&apos;, os.version: &apos;10.0&apos;, java.version: &apos;1.8.0_231&apos;
Driver info: org.openqa.selenium.chrome.ChromeDriver
Capabilities [{applicationCacheEnabled=false, rotatable=false, mobileEmulationEnabled=false, networkConnectionEnabled=false, chrome={chromedriverVersion=2.35.528161 (5b82f2d2aae0ca24b877009200ced9065a772e73), userDataDir=C:\Users\ACER\AppData\Local\Temp\scoped_dir1908_5503}, takesHeapSnapshot=true, pageLoadStrategy=normal, databaseEnabled=false, handlesAlerts=true, hasTouchScreen=false, version=91.0.4472.124, platform=XP, browserConnectionEnabled=false, nativeEvents=true, acceptSslCerts=false, acceptInsecureCerts=false, locationContextEnabled=true, webStorageEnabled=true, browserName=chrome, takesScreenshot=true, javascriptEnabled=true, cssSelectorsEnabled=true, setWindowRect=true, unexpectedAlertBehaviour=}]
Session ID: 087301c2c900a03832558a0f34ffb5b0
	at org.openqa.selenium.support.ui.WebDriverWait.timeoutException(WebDriverWait.java:80)
	at org.openqa.selenium.support.ui.FluentWait.until(FluentWait.java:261)
	at com.qualitesoft.core.WaitTool.waitForElementPresentAndDisplay(WaitTool.java:19)
	at com.qualitesoft.channelgatesip.pageobjects.LoginPage.profile(LoginPage.java:141)
	at com.qualitesoft.channelgatesip.testscripts.LogOff.testLogOff(LogOff.java:17)
Caused by: org.openqa.selenium.NoSuchElementException: no such element: Unable to locate element: {&quot;method&quot;:&quot;xpath&quot;,&quot;selector&quot;:&quot;//ul[@class=&apos;nav navbar-nav navbar-right&apos;]/li[3]&quot;}
  (Session info: chrome=91.0.4472.124)
  (Driver info: chromedriver=2.35.528161 (5b82f2d2aae0ca24b877009200ced9065a772e73),platform=Windows NT 10.0.19042 x86_64) (WARNING: The server did not provide any stacktrace information)
Command duration or timeout: 33 milliseconds
For documentation on this error, please visit: http://seleniumhq.org/exceptions/no_such_element.html
Build info: version: &apos;2.52.0&apos;, revision: &apos;4c2593c&apos;, time: &apos;2016-02-11 19:06:42&apos;
System info: host: &apos;DESKTOP-H4389BG&apos;, ip: &apos;192.168.1.78&apos;, os.name: &apos;Windows 10&apos;, os.arch: &apos;amd64&apos;, os.version: &apos;10.0&apos;, java.version: &apos;1.8.0_231&apos;
Driver info: org.openqa.selenium.chrome.ChromeDriver
Capabilities [{applicationCacheEnabled=false, rotatable=false, mobileEmulationEnabled=false, networkConnectionEnabled=false, chrome={chromedriverVersion=2.35.528161 (5b82f2d2aae0ca24b877009200ced9065a772e73), userDataDir=C:\Users\ACER\AppData\Local\Temp\scoped_dir1908_5503}, takesHeapSnapshot=true, pageLoadStrategy=normal, databaseEnabled=false, handlesAlerts=true, hasTouchScreen=false, version=91.0.4472.124, platform=XP, browserConnectionEnabled=false, nativeEvents=true, acceptSslCerts=false, acceptInsecureCerts=false, locationContextEnabled=true, webStorageEnabled=true, browserName=chrome, takesScreenshot=true, javascriptEnabled=true, cssSelectorsEnabled=true, setWindowRect=true, unexpectedAlertBehaviour=}]
Session ID: 087301c2c900a03832558a0f34ffb5b0
*** Element info: {Using=xpath, value=//ul[@class=&apos;nav navbar-nav navbar-right&apos;]/li[3]}
	at org.openqa.selenium.remote.ErrorHandler.createThrowable(ErrorHandler.java:206)
	at org.openqa.selenium.remote.ErrorHandler.throwIfResponseFailed(ErrorHandler.java:158)
	at org.openqa.selenium.remote.RemoteWebDriver.execute(RemoteWebDriver.java:678)
	at org.openqa.selenium.remote.RemoteWebDriver.findElement(RemoteWebDriver.java:363)
	at org.openqa.selenium.remote.RemoteWebDriver.findElementByXPath(RemoteWebDriver.java:500)
	at org.openqa.selenium.By$ByXPath.findElement(By.java:361)
	at org.openqa.selenium.remote.RemoteWebDriver.findElement(RemoteWebDriver.java:355)
	at org.openqa.selenium.support.ui.ExpectedConditions.findElement(ExpectedConditions.java:911)
	at org.openqa.selenium.support.ui.ExpectedConditions.access$0(ExpectedConditions.java:909)
	at org.openqa.selenium.support.ui.ExpectedConditions$6.apply(ExpectedConditions.java:181)
	at org.openqa.selenium.support.ui.ExpectedConditions$6.apply(ExpectedConditions.java:1)
	at org.openqa.selenium.support.ui.FluentWait.until(FluentWait.java:238)
	... 28 more
... Removed 28 stack frames
</div> <!-- stack-trace -->
                </div> <!-- method-content -->
              </div> <!-- method -->
            </div> <!-- main-panel-content rounded-window-bottom -->
          </div> <!-- suite-ChannelGate_SIP-class-failed -->
          <div class="suite-ChannelGate_SIP-class-failed">
            <div class="main-panel-header rounded-window-top">
              <img src="failed.png"/>
              <span class="class-name">com.qualitesoft.channelgatesip.testscripts.TestNavigation</span>
            </div> <!-- main-panel-header rounded-window-top -->
            <div class="main-panel-content rounded-window-bottom">
              <div class="method">
                <div class="method-content">
                  <a name="testSelectBrand">
                  </a> <!-- testSelectBrand -->
                  <span class="method-name">testSelectBrand</span>
                  <div class="stack-trace">org.openqa.selenium.TimeoutException: Timed out after 60 seconds waiting for presence of element located by: By.xpath: //a[@href=&apos;/app/sip/bestsellers&apos;]
Build info: version: &apos;2.52.0&apos;, revision: &apos;4c2593c&apos;, time: &apos;2016-02-11 19:06:42&apos;
System info: host: &apos;DESKTOP-H4389BG&apos;, ip: &apos;192.168.1.78&apos;, os.name: &apos;Windows 10&apos;, os.arch: &apos;amd64&apos;, os.version: &apos;10.0&apos;, java.version: &apos;1.8.0_231&apos;
Driver info: org.openqa.selenium.chrome.ChromeDriver
Capabilities [{applicationCacheEnabled=false, rotatable=false, mobileEmulationEnabled=false, networkConnectionEnabled=false, chrome={chromedriverVersion=2.35.528161 (5b82f2d2aae0ca24b877009200ced9065a772e73), userDataDir=C:\Users\ACER\AppData\Local\Temp\scoped_dir1908_5503}, takesHeapSnapshot=true, pageLoadStrategy=normal, databaseEnabled=false, handlesAlerts=true, hasTouchScreen=false, version=91.0.4472.124, platform=XP, browserConnectionEnabled=false, nativeEvents=true, acceptSslCerts=false, acceptInsecureCerts=false, locationContextEnabled=true, webStorageEnabled=true, browserName=chrome, takesScreenshot=true, javascriptEnabled=true, cssSelectorsEnabled=true, setWindowRect=true, unexpectedAlertBehaviour=}]
Session ID: 087301c2c900a03832558a0f34ffb5b0
	at org.openqa.selenium.support.ui.WebDriverWait.timeoutException(WebDriverWait.java:80)
	at org.openqa.selenium.support.ui.FluentWait.until(FluentWait.java:261)
	at com.qualitesoft.core.WaitTool.waitForElementPresentAndDisplay(WaitTool.java:19)
	at com.qualitesoft.channelgatesip.pageobjects.LoginPage.bestsellers(LoginPage.java:66)
	at com.qualitesoft.channelgatesip.testscripts.TestNavigation.testSelectBrand(TestNavigation.java:26)
Caused by: org.openqa.selenium.NoSuchElementException: no such element: Unable to locate element: {&quot;method&quot;:&quot;xpath&quot;,&quot;selector&quot;:&quot;//a[@href=&apos;/app/sip/bestsellers&apos;]&quot;}
  (Session info: chrome=91.0.4472.124)
  (Driver info: chromedriver=2.35.528161 (5b82f2d2aae0ca24b877009200ced9065a772e73),platform=Windows NT 10.0.19042 x86_64) (WARNING: The server did not provide any stacktrace information)
Command duration or timeout: 36 milliseconds
For documentation on this error, please visit: http://seleniumhq.org/exceptions/no_such_element.html
Build info: version: &apos;2.52.0&apos;, revision: &apos;4c2593c&apos;, time: &apos;2016-02-11 19:06:42&apos;
System info: host: &apos;DESKTOP-H4389BG&apos;, ip: &apos;192.168.1.78&apos;, os.name: &apos;Windows 10&apos;, os.arch: &apos;amd64&apos;, os.version: &apos;10.0&apos;, java.version: &apos;1.8.0_231&apos;
Driver info: org.openqa.selenium.chrome.ChromeDriver
Capabilities [{applicationCacheEnabled=false, rotatable=false, mobileEmulationEnabled=false, networkConnectionEnabled=false, chrome={chromedriverVersion=2.35.528161 (5b82f2d2aae0ca24b877009200ced9065a772e73), userDataDir=C:\Users\ACER\AppData\Local\Temp\scoped_dir1908_5503}, takesHeapSnapshot=true, pageLoadStrategy=normal, databaseEnabled=false, handlesAlerts=true, hasTouchScreen=false, version=91.0.4472.124, platform=XP, browserConnectionEnabled=false, nativeEvents=true, acceptSslCerts=false, acceptInsecureCerts=false, locationContextEnabled=true, webStorageEnabled=true, browserName=chrome, takesScreenshot=true, javascriptEnabled=true, cssSelectorsEnabled=true, setWindowRect=true, unexpectedAlertBehaviour=}]
Session ID: 087301c2c900a03832558a0f34ffb5b0
*** Element info: {Using=xpath, value=//a[@href=&apos;/app/sip/bestsellers&apos;]}
	at org.openqa.selenium.remote.ErrorHandler.createThrowable(ErrorHandler.java:206)
	at org.openqa.selenium.remote.ErrorHandler.throwIfResponseFailed(ErrorHandler.java:158)
	at org.openqa.selenium.remote.RemoteWebDriver.execute(RemoteWebDriver.java:678)
	at org.openqa.selenium.remote.RemoteWebDriver.findElement(RemoteWebDriver.java:363)
	at org.openqa.selenium.remote.RemoteWebDriver.findElementByXPath(RemoteWebDriver.java:500)
	at org.openqa.selenium.By$ByXPath.findElement(By.java:361)
	at org.openqa.selenium.remote.RemoteWebDriver.findElement(RemoteWebDriver.java:355)
	at org.openqa.selenium.support.ui.ExpectedConditions.findElement(ExpectedConditions.java:911)
	at org.openqa.selenium.support.ui.ExpectedConditions.access$0(ExpectedConditions.java:909)
	at org.openqa.selenium.support.ui.ExpectedConditions$6.apply(ExpectedConditions.java:181)
	at org.openqa.selenium.support.ui.ExpectedConditions$6.apply(ExpectedConditions.java:1)
	at org.openqa.selenium.support.ui.FluentWait.until(FluentWait.java:238)
	... 28 more
... Removed 28 stack frames
</div> <!-- stack-trace -->
                </div> <!-- method-content -->
              </div> <!-- method -->
            </div> <!-- main-panel-content rounded-window-bottom -->
          </div> <!-- suite-ChannelGate_SIP-class-failed -->
          <div class="suite-ChannelGate_SIP-class-passed">
            <div class="main-panel-header rounded-window-top">
              <img src="passed.png"/>
              <span class="class-name">com.qualitesoft.channelgatesip.testscripts.TestLogin</span>
            </div> <!-- main-panel-header rounded-window-top -->
            <div class="main-panel-content rounded-window-bottom">
              <div class="method">
                <div class="method-content">
                  <a name="testInstance">
                  </a> <!-- testInstance -->
                  <span class="method-name">testInstance</span>
                </div> <!-- method-content -->
              </div> <!-- method -->
              <div class="method">
                <div class="method-content">
                  <a name="verifyInvalidCredentialsValidation">
                  </a> <!-- verifyInvalidCredentialsValidation -->
                  <span class="method-name">verifyInvalidCredentialsValidation</span>
                </div> <!-- method-content -->
              </div> <!-- method -->
              <div class="method">
                <div class="method-content">
                  <a name="verifyInvalidEmailsValidation(email7, qatest.@test.com)">
                  </a> <!-- verifyInvalidEmailsValidation(email7, qatest.@test.com) -->
                  <span class="method-name">verifyInvalidEmailsValidation</span>
                  <span class="parameters">(email7, qatest.@test.com)</span>
                </div> <!-- method-content -->
              </div> <!-- method -->
              <div class="method">
                <div class="method-content">
                  <a name="verifyInvalidEmailsValidation(email9, .qatest@test.com)">
                  </a> <!-- verifyInvalidEmailsValidation(email9, .qatest@test.com) -->
                  <span class="method-name">verifyInvalidEmailsValidation</span>
                  <span class="parameters">(email9, .qatest@test.com)</span>
                </div> <!-- method-content -->
              </div> <!-- method -->
              <div class="method">
                <div class="method-content">
                  <a name="verifyInvalidEmailsValidation(email5, qatest@@test.com)">
                  </a> <!-- verifyInvalidEmailsValidation(email5, qatest@@test.com) -->
                  <span class="method-name">verifyInvalidEmailsValidation</span>
                  <span class="parameters">(email5, qatest@@test.com)</span>
                </div> <!-- method-content -->
              </div> <!-- method -->
              <div class="method">
                <div class="method-content">
                  <a name="verifyInvalidEmailsValidation(email6, qatest@.test.com)">
                  </a> <!-- verifyInvalidEmailsValidation(email6, qatest@.test.com) -->
                  <span class="method-name">verifyInvalidEmailsValidation</span>
                  <span class="parameters">(email6, qatest@.test.com)</span>
                </div> <!-- method-content -->
              </div> <!-- method -->
              <div class="method">
                <div class="method-content">
                  <a name="verifyInvalidEmailsValidation(email4, qatest@test..com)">
                  </a> <!-- verifyInvalidEmailsValidation(email4, qatest@test..com) -->
                  <span class="method-name">verifyInvalidEmailsValidation</span>
                  <span class="parameters">(email4, qatest@test..com)</span>
                </div> <!-- method-content -->
              </div> <!-- method -->
              <div class="method">
                <div class="method-content">
                  <a name="verifyInvalidEmailsValidation(email2, qatest@)">
                  </a> <!-- verifyInvalidEmailsValidation(email2, qatest@) -->
                  <span class="method-name">verifyInvalidEmailsValidation</span>
                  <span class="parameters">(email2, qatest@)</span>
                </div> <!-- method-content -->
              </div> <!-- method -->
              <div class="method">
                <div class="method-content">
                  <a name="verifyInvalidEmailsValidation(email10, qatest@test.com.)">
                  </a> <!-- verifyInvalidEmailsValidation(email10, qatest@test.com.) -->
                  <span class="method-name">verifyInvalidEmailsValidation</span>
                  <span class="parameters">(email10, qatest@test.com.)</span>
                </div> <!-- method-content -->
              </div> <!-- method -->
              <div class="method">
                <div class="method-content">
                  <a name="verifyInvalidEmailsValidation(email8, qa..test@test.com)">
                  </a> <!-- verifyInvalidEmailsValidation(email8, qa..test@test.com) -->
                  <span class="method-name">verifyInvalidEmailsValidation</span>
                  <span class="parameters">(email8, qa..test@test.com)</span>
                </div> <!-- method-content -->
              </div> <!-- method -->
              <div class="method">
                <div class="method-content">
                  <a name="verifyInvalidEmailsValidation(email1, qatest)">
                  </a> <!-- verifyInvalidEmailsValidation(email1, qatest) -->
                  <span class="method-name">verifyInvalidEmailsValidation</span>
                  <span class="parameters">(email1, qatest)</span>
                </div> <!-- method-content -->
              </div> <!-- method -->
              <div class="method">
                <div class="method-content">
                  <a name="verifyRequiredFieldValidation">
                  </a> <!-- verifyRequiredFieldValidation -->
                  <span class="method-name">verifyRequiredFieldValidation</span>
                </div> <!-- method-content -->
              </div> <!-- method -->
            </div> <!-- main-panel-content rounded-window-bottom -->
          </div> <!-- suite-ChannelGate_SIP-class-passed -->
          <div class="suite-ChannelGate_SIP-class-passed">
            <div class="main-panel-header rounded-window-top">
              <img src="passed.png"/>
              <span class="class-name">com.qualitesoft.channelgatesip.testscripts.TestForgotPassword</span>
            </div> <!-- main-panel-header rounded-window-top -->
            <div class="main-panel-content rounded-window-bottom">
              <div class="method">
                <div class="method-content">
                  <a name="mismatchPasswordValidation">
                  </a> <!-- mismatchPasswordValidation -->
                  <span class="method-name">mismatchPasswordValidation</span>
                </div> <!-- method-content -->
              </div> <!-- method -->
              <div class="method">
                <div class="method-content">
                  <a name="passwordRequiredValidation">
                  </a> <!-- passwordRequiredValidation -->
                  <span class="method-name">passwordRequiredValidation</span>
                </div> <!-- method-content -->
              </div> <!-- method -->
              <div class="method">
                <div class="method-content">
                  <a name="resetPassword">
                  </a> <!-- resetPassword -->
                  <span class="method-name">resetPassword</span>
                </div> <!-- method-content -->
              </div> <!-- method -->
              <div class="method">
                <div class="method-content">
                  <a name="validPasswordValidation">
                  </a> <!-- validPasswordValidation -->
                  <span class="method-name">validPasswordValidation</span>
                </div> <!-- method-content -->
              </div> <!-- method -->
              <div class="method">
                <div class="method-content">
                  <a name="verifyResetPasswordEmail">
                  </a> <!-- verifyResetPasswordEmail -->
                  <span class="method-name">verifyResetPasswordEmail</span>
                </div> <!-- method-content -->
              </div> <!-- method -->
            </div> <!-- main-panel-content rounded-window-bottom -->
          </div> <!-- suite-ChannelGate_SIP-class-passed -->
        </div> <!-- panel ChannelGate_SIP -->
        <div panel-name="test-xml-ChannelGate_SIP" class="panel">
          <div class="main-panel-header rounded-window-top">
            <span class="header-content">F:\Qualitesoft\qualitesoft\xml-config-files\ChannelgateSip\channelgatesipsuite.xml</span>
          </div> <!-- main-panel-header rounded-window-top -->
          <div class="main-panel-content rounded-window-bottom">
            <pre>
&lt;?xml version=&quot;1.0&quot; encoding=&quot;UTF-8&quot;?&gt;
&lt;!DOCTYPE suite SYSTEM &quot;http://testng.org/testng-1.0.dtd&quot;&gt;
&lt;suite guice-stage=&quot;DEVELOPMENT&quot; name=&quot;ChannelGate SIP&quot;&gt;
  &lt;parameter name=&quot;emailAddress&quot; value=&quot;kamalpreet.kaur@qualitesoft.com&quot;/&gt;
  &lt;parameter name=&quot;password&quot; value=&quot;cymaxcom&quot;/&gt;
  &lt;parameter name=&quot;retryCount&quot; value=&quot;0&quot;/&gt;
  &lt;parameter name=&quot;browser&quot; value=&quot;chrome&quot;/&gt;
  &lt;parameter name=&quot;project&quot; value=&quot;ChannelGate SIP&quot;/&gt;
  &lt;parameter name=&quot;crusername&quot; value=&quot;channelgate09072021@mailinator.com&quot;/&gt;
  &lt;parameter name=&quot;URL&quot; value=&quot;https://stagingapps.channelgate.io&quot;/&gt;
  &lt;test thread-count=&quot;5&quot; name=&quot;Test Login&quot;&gt;
    &lt;classes&gt;
      &lt;class name=&quot;com.qualitesoft.channelgatesip.testscripts.TestLogin&quot;/&gt;
    &lt;/classes&gt;
  &lt;/test&gt; &lt;!-- Test Login --&gt;
  &lt;test thread-count=&quot;5&quot; name=&quot;TestInstance&quot;&gt;
    &lt;classes&gt;
      &lt;class name=&quot;com.qualitesoft.channelgatesip.testscripts.TestInstance&quot;/&gt;
    &lt;/classes&gt;
  &lt;/test&gt; &lt;!-- TestInstance --&gt;
  &lt;test thread-count=&quot;5&quot; name=&quot;TestAdminPortal&quot;&gt;
    &lt;classes&gt;
      &lt;class name=&quot;com.qualitesoft.channelgatesip.testscripts.TestAdminPortal&quot;/&gt;
    &lt;/classes&gt;
  &lt;/test&gt; &lt;!-- TestAdminPortal --&gt;
  &lt;test thread-count=&quot;5&quot; name=&quot;TestSelectBrand&quot;&gt;
    &lt;classes&gt;
      &lt;class name=&quot;com.qualitesoft.channelgatesip.testscripts.TestSelectBrand&quot;/&gt;
    &lt;/classes&gt;
  &lt;/test&gt; &lt;!-- TestSelectBrand --&gt;
  &lt;test thread-count=&quot;5&quot; name=&quot;TestNavigation&quot;&gt;
    &lt;classes&gt;
      &lt;class name=&quot;com.qualitesoft.channelgatesip.testscripts.TestNavigation&quot;/&gt;
    &lt;/classes&gt;
  &lt;/test&gt; &lt;!-- TestNavigation --&gt;
  &lt;test thread-count=&quot;5&quot; name=&quot;TestInviteUser&quot;&gt;
    &lt;classes&gt;
      &lt;class name=&quot;com.qualitesoft.channelgatesip.testscripts.TestInviteUser&quot;/&gt;
    &lt;/classes&gt;
  &lt;/test&gt; &lt;!-- TestInviteUser --&gt;
  &lt;test thread-count=&quot;5&quot; name=&quot;Test Logout&quot;&gt;
    &lt;classes&gt;
      &lt;class name=&quot;com.qualitesoft.channelgatesip.testscripts.LogOff&quot;/&gt;
    &lt;/classes&gt;
  &lt;/test&gt; &lt;!-- Test Logout --&gt;
  &lt;test thread-count=&quot;5&quot; name=&quot;Test SignUpNew&quot;&gt;
    &lt;classes&gt;
      &lt;class name=&quot;com.qualitesoft.channelgatesip.testscripts.TestSignUpNew&quot;/&gt;
    &lt;/classes&gt;
  &lt;/test&gt; &lt;!-- Test SignUpNew --&gt;
  &lt;test thread-count=&quot;5&quot; name=&quot;Test Logout User&quot;&gt;
    &lt;classes&gt;
      &lt;class name=&quot;com.qualitesoft.channelgatesip.testscripts.LogOff&quot;/&gt;
    &lt;/classes&gt;
  &lt;/test&gt; &lt;!-- Test Logout User --&gt;
  &lt;test thread-count=&quot;5&quot; name=&quot;Test Forgot Password&quot;&gt;
    &lt;classes&gt;
      &lt;class name=&quot;com.qualitesoft.channelgatesip.testscripts.TestForgotPassword&quot;/&gt;
    &lt;/classes&gt;
  &lt;/test&gt; &lt;!-- Test Forgot Password --&gt;
&lt;/suite&gt; &lt;!-- ChannelGate SIP --&gt;
            </pre>
          </div> <!-- main-panel-content rounded-window-bottom -->
        </div> <!-- panel -->
        <div panel-name="testlist-ChannelGate_SIP" class="panel">
          <div class="main-panel-header rounded-window-top">
            <span class="header-content">Tests for ChannelGate SIP</span>
          </div> <!-- main-panel-header rounded-window-top -->
          <div class="main-panel-content rounded-window-bottom">
            <ul>
              <li>
                <span class="test-name">Test Login (1 class)</span>
              </li>
              <li>
                <span class="test-name">TestInstance (1 class)</span>
              </li>
              <li>
                <span class="test-name">TestAdminPortal (1 class)</span>
              </li>
              <li>
                <span class="test-name">TestSelectBrand (1 class)</span>
              </li>
              <li>
                <span class="test-name">TestNavigation (1 class)</span>
              </li>
              <li>
                <span class="test-name">TestInviteUser (1 class)</span>
              </li>
              <li>
                <span class="test-name">Test Logout (1 class)</span>
              </li>
              <li>
                <span class="test-name">Test SignUpNew (1 class)</span>
              </li>
              <li>
                <span class="test-name">Test Logout User (1 class)</span>
              </li>
              <li>
                <span class="test-name">Test Forgot Password (1 class)</span>
              </li>
            </ul>
          </div> <!-- main-panel-content rounded-window-bottom -->
        </div> <!-- panel -->
        <div panel-name="group-ChannelGate_SIP" class="panel">
          <div class="main-panel-header rounded-window-top">
            <span class="header-content">Groups for ChannelGate SIP</span>
          </div> <!-- main-panel-header rounded-window-top -->
          <div class="main-panel-content rounded-window-bottom">
          </div> <!-- main-panel-content rounded-window-bottom -->
        </div> <!-- panel -->
        <div panel-name="times-ChannelGate_SIP" class="panel">
          <div class="main-panel-header rounded-window-top">
            <span class="header-content">Times for ChannelGate SIP</span>
          </div> <!-- main-panel-header rounded-window-top -->
          <div class="main-panel-content rounded-window-bottom">
            <div class="times-div">
              <script type="text/javascript">
suiteTableInitFunctions.push('tableData_ChannelGate_SIP');
function tableData_ChannelGate_SIP() {
var data = new google.visualization.DataTable();
data.addColumn('number', 'Number');
data.addColumn('string', 'Method');
data.addColumn('string', 'Class');
data.addColumn('number', 'Time (ms)');
data.addRows(39);
data.setCell(0, 0, 0)
data.setCell(0, 1, 'testSelectBrand')
data.setCell(0, 2, 'com.qualitesoft.channelgatesip.testscripts.TestNavigation')
data.setCell(0, 3, 65042);
data.setCell(1, 0, 1)
data.setCell(1, 1, 'testInstance')
data.setCell(1, 2, 'com.qualitesoft.channelgatesip.testscripts.TestInstance')
data.setCell(1, 3, 57774);
data.setCell(2, 0, 2)
data.setCell(2, 1, 'testInstance')
data.setCell(2, 2, 'com.qualitesoft.channelgatesip.testscripts.TestSignUpNew')
data.setCell(2, 3, 52189);
data.setCell(3, 0, 3)
data.setCell(3, 1, 'testInstance')
data.setCell(3, 2, 'com.qualitesoft.channelgatesip.testscripts.TestInviteUser')
data.setCell(3, 3, 37574);
data.setCell(4, 0, 4)
data.setCell(4, 1, 'testLogOff')
data.setCell(4, 2, 'com.qualitesoft.channelgatesip.testscripts.LogOff')
data.setCell(4, 3, 35790);
data.setCell(5, 0, 5)
data.setCell(5, 1, 'testAdminPortal')
data.setCell(5, 2, 'com.qualitesoft.channelgatesip.testscripts.TestAdminPortal')
data.setCell(5, 3, 35469);
data.setCell(6, 0, 6)
data.setCell(6, 1, 'testLogOff')
data.setCell(6, 2, 'com.qualitesoft.channelgatesip.testscripts.LogOff')
data.setCell(6, 3, 35448);
data.setCell(7, 0, 7)
data.setCell(7, 1, 'testSelectBrand')
data.setCell(7, 2, 'com.qualitesoft.channelgatesip.testscripts.TestSelectBrand')
data.setCell(7, 3, 35391);
data.setCell(8, 0, 8)
data.setCell(8, 1, 'testForgotPassword')
data.setCell(8, 2, 'com.qualitesoft.channelgatesip.testscripts.TestForgotPassword')
data.setCell(8, 3, 33087);
data.setCell(9, 0, 9)
data.setCell(9, 1, 'verifyInvalidEmailsValidation')
data.setCell(9, 2, 'com.qualitesoft.channelgatesip.testscripts.TestForgotPassword')
data.setCell(9, 3, 30521);
data.setCell(10, 0, 10)
data.setCell(10, 1, 'verifyInvalidEmailsValidation')
data.setCell(10, 2, 'com.qualitesoft.channelgatesip.testscripts.TestForgotPassword')
data.setCell(10, 3, 30481);
data.setCell(11, 0, 11)
data.setCell(11, 1, 'verifyInvalidEmailsValidation')
data.setCell(11, 2, 'com.qualitesoft.channelgatesip.testscripts.TestForgotPassword')
data.setCell(11, 3, 30478);
data.setCell(12, 0, 12)
data.setCell(12, 1, 'verifyInvalidEmailsValidation')
data.setCell(12, 2, 'com.qualitesoft.channelgatesip.testscripts.TestForgotPassword')
data.setCell(12, 3, 30452);
data.setCell(13, 0, 13)
data.setCell(13, 1, 'verifyInvalidEmailsValidation')
data.setCell(13, 2, 'com.qualitesoft.channelgatesip.testscripts.TestForgotPassword')
data.setCell(13, 3, 30444);
data.setCell(14, 0, 14)
data.setCell(14, 1, 'verifyUnregisteredEmailValidation')
data.setCell(14, 2, 'com.qualitesoft.channelgatesip.testscripts.TestForgotPassword')
data.setCell(14, 3, 30441);
data.setCell(15, 0, 15)
data.setCell(15, 1, 'verifyInvalidEmailsValidation')
data.setCell(15, 2, 'com.qualitesoft.channelgatesip.testscripts.TestForgotPassword')
data.setCell(15, 3, 30437);
data.setCell(16, 0, 16)
data.setCell(16, 1, 'verifyInvalidEmailsValidation')
data.setCell(16, 2, 'com.qualitesoft.channelgatesip.testscripts.TestForgotPassword')
data.setCell(16, 3, 30434);
data.setCell(17, 0, 17)
data.setCell(17, 1, 'verifyInvalidEmailsValidation')
data.setCell(17, 2, 'com.qualitesoft.channelgatesip.testscripts.TestForgotPassword')
data.setCell(17, 3, 30433);
data.setCell(18, 0, 18)
data.setCell(18, 1, 'verifyInvalidEmailsValidation')
data.setCell(18, 2, 'com.qualitesoft.channelgatesip.testscripts.TestForgotPassword')
data.setCell(18, 3, 30431);
data.setCell(19, 0, 19)
data.setCell(19, 1, 'verifyRequiredFieldValidation')
data.setCell(19, 2, 'com.qualitesoft.channelgatesip.testscripts.TestForgotPassword')
data.setCell(19, 3, 30394);
data.setCell(20, 0, 20)
data.setCell(20, 1, 'verifyInvalidEmailsValidation')
data.setCell(20, 2, 'com.qualitesoft.channelgatesip.testscripts.TestForgotPassword')
data.setCell(20, 3, 30008);
data.setCell(21, 0, 21)
data.setCell(21, 1, 'verifyResetPasswordEmail')
data.setCell(21, 2, 'com.qualitesoft.channelgatesip.testscripts.TestForgotPassword')
data.setCell(21, 3, 29528);
data.setCell(22, 0, 22)
data.setCell(22, 1, 'testInstance')
data.setCell(22, 2, 'com.qualitesoft.channelgatesip.testscripts.TestLogin')
data.setCell(22, 3, 22006);
data.setCell(23, 0, 23)
data.setCell(23, 1, 'resetPassword')
data.setCell(23, 2, 'com.qualitesoft.channelgatesip.testscripts.TestForgotPassword')
data.setCell(23, 3, 16013);
data.setCell(24, 0, 24)
data.setCell(24, 1, 'verifyRequiredFieldValidation')
data.setCell(24, 2, 'com.qualitesoft.channelgatesip.testscripts.TestLogin')
data.setCell(24, 3, 11056);
data.setCell(25, 0, 25)
data.setCell(25, 1, 'verifyInvalidCredentialsValidation')
data.setCell(25, 2, 'com.qualitesoft.channelgatesip.testscripts.TestLogin')
data.setCell(25, 3, 3957);
data.setCell(26, 0, 26)
data.setCell(26, 1, 'passwordRequiredValidation')
data.setCell(26, 2, 'com.qualitesoft.channelgatesip.testscripts.TestForgotPassword')
data.setCell(26, 3, 2955);
data.setCell(27, 0, 27)
data.setCell(27, 1, 'mismatchPasswordValidation')
data.setCell(27, 2, 'com.qualitesoft.channelgatesip.testscripts.TestForgotPassword')
data.setCell(27, 3, 1204);
data.setCell(28, 0, 28)
data.setCell(28, 1, 'verifyInvalidEmailsValidation')
data.setCell(28, 2, 'com.qualitesoft.channelgatesip.testscripts.TestLogin')
data.setCell(28, 3, 823);
data.setCell(29, 0, 29)
data.setCell(29, 1, 'verifyInvalidEmailsValidation')
data.setCell(29, 2, 'com.qualitesoft.channelgatesip.testscripts.TestLogin')
data.setCell(29, 3, 801);
data.setCell(30, 0, 30)
data.setCell(30, 1, 'validPasswordValidation')
data.setCell(30, 2, 'com.qualitesoft.channelgatesip.testscripts.TestForgotPassword')
data.setCell(30, 3, 737);
data.setCell(31, 0, 31)
data.setCell(31, 1, 'verifyInvalidEmailsValidation')
data.setCell(31, 2, 'com.qualitesoft.channelgatesip.testscripts.TestLogin')
data.setCell(31, 3, 698);
data.setCell(32, 0, 32)
data.setCell(32, 1, 'verifyInvalidEmailsValidation')
data.setCell(32, 2, 'com.qualitesoft.channelgatesip.testscripts.TestLogin')
data.setCell(32, 3, 679);
data.setCell(33, 0, 33)
data.setCell(33, 1, 'verifyInvalidEmailsValidation')
data.setCell(33, 2, 'com.qualitesoft.channelgatesip.testscripts.TestLogin')
data.setCell(33, 3, 670);
data.setCell(34, 0, 34)
data.setCell(34, 1, 'verifyInvalidEmailsValidation')
data.setCell(34, 2, 'com.qualitesoft.channelgatesip.testscripts.TestLogin')
data.setCell(34, 3, 637);
data.setCell(35, 0, 35)
data.setCell(35, 1, 'verifyInvalidEmailsValidation')
data.setCell(35, 2, 'com.qualitesoft.channelgatesip.testscripts.TestLogin')
data.setCell(35, 3, 600);
data.setCell(36, 0, 36)
data.setCell(36, 1, 'verifyInvalidEmailsValidation')
data.setCell(36, 2, 'com.qualitesoft.channelgatesip.testscripts.TestLogin')
data.setCell(36, 3, 591);
data.setCell(37, 0, 37)
data.setCell(37, 1, 'verifyInvalidEmailsValidation')
data.setCell(37, 2, 'com.qualitesoft.channelgatesip.testscripts.TestLogin')
data.setCell(37, 3, 490);
data.setCell(38, 0, 38)
data.setCell(38, 1, 'verifyInvalidEmailsValidation')
data.setCell(38, 2, 'com.qualitesoft.channelgatesip.testscripts.TestLogin')
data.setCell(38, 3, 395);
window.suiteTableData['ChannelGate_SIP']= { tableData: data, tableDiv: 'times-div-ChannelGate_SIP'}
return data;
}
              </script>
              <span class="suite-total-time">Total running time: 14 minutes</span>
              <div id="times-div-ChannelGate_SIP">
              </div> <!-- times-div-ChannelGate_SIP -->
            </div> <!-- times-div -->
          </div> <!-- main-panel-content rounded-window-bottom -->
        </div> <!-- panel -->
        <div panel-name="reporter-ChannelGate_SIP" class="panel">
          <div class="main-panel-header rounded-window-top">
            <span class="header-content">Reporter output for ChannelGate SIP</span>
          </div> <!-- main-panel-header rounded-window-top -->
          <div class="main-panel-content rounded-window-bottom">
            <div class="reporter-method-div">
              <span class="reporter-method-name">verifyInvalidEmailsValidation(email7, qatest.@test.com)</span>
              <div class="reporter-method-output-div">
                <span class="reporter-method-output">Element by By.xpath: //input[@name='email'] found.</span>
                <span class="reporter-method-output">Text send.</span>
                <span class="reporter-method-output">Element by By.xpath: (//button[@type='submit'])[1] found.</span>
                <span class="reporter-method-output">WebElement clicked.</span>
                <span class="reporter-method-output">Element by By.xpath: (//span[@class='help-block'])[1] found.</span>
                <span class="reporter-method-output">Your email address is invalid.</span>
                <span class="reporter-method-output">[Your email address is invalid.] matched with [Your email address is invalid.]</span>
              </div> <!-- reporter-method-output-div -->
            </div> <!-- reporter-method-div -->
            <div class="reporter-method-div">
              <span class="reporter-method-name">verifyInvalidEmailsValidation(email9, .qatest@test.com)</span>
              <div class="reporter-method-output-div">
                <span class="reporter-method-output">Element by By.xpath: //input[@name='email'] found.</span>
                <span class="reporter-method-output">Text send.</span>
                <span class="reporter-method-output">Element by By.xpath: (//button[@type='submit'])[1] found.</span>
                <span class="reporter-method-output">WebElement clicked.</span>
                <span class="reporter-method-output">Element by By.xpath: (//span[@class='help-block'])[1] found.</span>
                <span class="reporter-method-output">Your email address is invalid.</span>
                <span class="reporter-method-output">[Your email address is invalid.] matched with [Your email address is invalid.]</span>
              </div> <!-- reporter-method-output-div -->
            </div> <!-- reporter-method-div -->
            <div class="reporter-method-div">
              <span class="reporter-method-name">verifyInvalidCredentialsValidation</span>
              <div class="reporter-method-output-div">
                <span class="reporter-method-output">Element by By.xpath: //input[@name='email'] found.</span>
                <span class="reporter-method-output">Text send.</span>
                <span class="reporter-method-output">Element by By.xpath: //input[@name='password'] found.</span>
                <span class="reporter-method-output">Text send.</span>
                <span class="reporter-method-output">Element by By.xpath: (//button[@type='submit'])[1] found.</span>
                <span class="reporter-method-output">WebElement clicked.</span>
                <span class="reporter-method-output">Element by By.xpath: (//li[@class='text-danger'])[1] found.</span>
                <span class="reporter-method-output">The user name or password is incorrect.</span>
                <span class="reporter-method-output">[The user name or password is incorrect.] matched with [The user name or password is incorrect.]</span>
              </div> <!-- reporter-method-output-div -->
            </div> <!-- reporter-method-div -->
            <div class="reporter-method-div">
              <span class="reporter-method-name">verifyInvalidEmailsValidation(email5, qatest@@test.com)</span>
              <div class="reporter-method-output-div">
                <span class="reporter-method-output">Element by By.xpath: //input[@name='email'] found.</span>
                <span class="reporter-method-output">Text send.</span>
                <span class="reporter-method-output">Element by By.xpath: (//button[@type='submit'])[1] found.</span>
                <span class="reporter-method-output">WebElement clicked.</span>
                <span class="reporter-method-output">Element by By.xpath: (//span[@class='help-block'])[1] found.</span>
                <span class="reporter-method-output">Your email address is invalid.</span>
                <span class="reporter-method-output">[Your email address is invalid.] matched with [Your email address is invalid.]</span>
              </div> <!-- reporter-method-output-div -->
            </div> <!-- reporter-method-div -->
            <div class="reporter-method-div">
              <span class="reporter-method-name">verifyInvalidEmailsValidation(email6, qatest@.test.com)</span>
              <div class="reporter-method-output-div">
                <span class="reporter-method-output">Element by By.xpath: //input[@name='email'] found.</span>
                <span class="reporter-method-output">Text send.</span>
                <span class="reporter-method-output">Element by By.xpath: (//button[@type='submit'])[1] found.</span>
                <span class="reporter-method-output">WebElement clicked.</span>
                <span class="reporter-method-output">Element by By.xpath: (//span[@class='help-block'])[1] found.</span>
                <span class="reporter-method-output">Your email address is invalid.</span>
                <span class="reporter-method-output">[Your email address is invalid.] matched with [Your email address is invalid.]</span>
              </div> <!-- reporter-method-output-div -->
            </div> <!-- reporter-method-div -->
            <div class="reporter-method-div">
              <span class="reporter-method-name">verifyInvalidEmailsValidation(email4, qatest@test..com)</span>
              <div class="reporter-method-output-div">
                <span class="reporter-method-output">Element by By.xpath: //input[@name='email'] found.</span>
                <span class="reporter-method-output">Text send.</span>
                <span class="reporter-method-output">Element by By.xpath: (//button[@type='submit'])[1] found.</span>
                <span class="reporter-method-output">WebElement clicked.</span>
                <span class="reporter-method-output">Element by By.xpath: (//span[@class='help-block'])[1] found.</span>
                <span class="reporter-method-output">Your email address is invalid.</span>
                <span class="reporter-method-output">[Your email address is invalid.] matched with [Your email address is invalid.]</span>
              </div> <!-- reporter-method-output-div -->
            </div> <!-- reporter-method-div -->
            <div class="reporter-method-div">
              <span class="reporter-method-name">verifyInvalidEmailsValidation(email2, qatest@)</span>
              <div class="reporter-method-output-div">
                <span class="reporter-method-output">Element by By.xpath: //input[@name='email'] found.</span>
                <span class="reporter-method-output">Text send.</span>
                <span class="reporter-method-output">Element by By.xpath: (//button[@type='submit'])[1] found.</span>
                <span class="reporter-method-output">WebElement clicked.</span>
                <span class="reporter-method-output">Element by By.xpath: (//span[@class='help-block'])[1] found.</span>
                <span class="reporter-method-output">Your email address is invalid.</span>
                <span class="reporter-method-output">[Your email address is invalid.] matched with [Your email address is invalid.]</span>
              </div> <!-- reporter-method-output-div -->
            </div> <!-- reporter-method-div -->
            <div class="reporter-method-div">
              <span class="reporter-method-name">verifyInvalidEmailsValidation(email10, qatest@test.com.)</span>
              <div class="reporter-method-output-div">
                <span class="reporter-method-output">Element by By.xpath: //input[@name='email'] found.</span>
                <span class="reporter-method-output">Text send.</span>
                <span class="reporter-method-output">Element by By.xpath: (//button[@type='submit'])[1] found.</span>
                <span class="reporter-method-output">WebElement clicked.</span>
                <span class="reporter-method-output">Element by By.xpath: (//span[@class='help-block'])[1] found.</span>
                <span class="reporter-method-output">Your email address is invalid.</span>
                <span class="reporter-method-output">[Your email address is invalid.] matched with [Your email address is invalid.]</span>
              </div> <!-- reporter-method-output-div -->
            </div> <!-- reporter-method-div -->
            <div class="reporter-method-div">
              <span class="reporter-method-name">testInstance</span>
              <div class="reporter-method-output-div">
                <span class="reporter-method-output">Element by By.xpath: //input[@name='email'] found.</span>
                <span class="reporter-method-output">Text send.</span>
                <span class="reporter-method-output">Element by By.xpath: //input[@name='password'] found.</span>
                <span class="reporter-method-output">Text send.</span>
                <span class="reporter-method-output">Screenshot Login filled details successfully taken.</span>
                <span class="reporter-method-output">Element by By.xpath: (//button[@type='submit'])[1] found.</span>
                <span class="reporter-method-output">WebElement clicked.</span>
                <span class="reporter-method-output">Screenshot After Login  successfully taken.</span>
                <span class="reporter-method-output">Element by By.xpath: //h4[contains(@id,'dialog-help-intro')] found.</span>
                <span class="reporter-method-output">[Welcome to Channel Gate] matched with [Welcome to Channel Gate]</span>
                <span class="reporter-method-output">Element by By.xpath: (//h4[contains(@id,'dialog-help-intro')]//following::button)[1] found.</span>
                <span class="reporter-method-output">WebElement clicked.</span>
              </div> <!-- reporter-method-output-div -->
            </div> <!-- reporter-method-div -->
            <div class="reporter-method-div">
              <span class="reporter-method-name">verifyInvalidEmailsValidation(email8, qa..test@test.com)</span>
              <div class="reporter-method-output-div">
                <span class="reporter-method-output">Element by By.xpath: //input[@name='email'] found.</span>
                <span class="reporter-method-output">Text send.</span>
                <span class="reporter-method-output">Element by By.xpath: (//button[@type='submit'])[1] found.</span>
                <span class="reporter-method-output">WebElement clicked.</span>
                <span class="reporter-method-output">Element by By.xpath: (//span[@class='help-block'])[1] found.</span>
                <span class="reporter-method-output">Your email address is invalid.</span>
                <span class="reporter-method-output">[Your email address is invalid.] matched with [Your email address is invalid.]</span>
              </div> <!-- reporter-method-output-div -->
            </div> <!-- reporter-method-div -->
            <div class="reporter-method-div">
              <span class="reporter-method-name">verifyRequiredFieldValidation</span>
              <div class="reporter-method-output-div">
                <span class="reporter-method-output">Screenshot Login Page successfully taken.</span>
                <span class="reporter-method-output">Element by By.xpath: (//button[@type='submit'])[1] found.</span>
                <span class="reporter-method-output">WebElement clicked.</span>
                <span class="reporter-method-output">Element by By.xpath: (//span[@class='help-block'])[1] found.</span>
                <span class="reporter-method-output">Element by By.xpath: (//span[@class='help-block'])[2] found.</span>
                <span class="reporter-method-output">Email is required.</span>
                <span class="reporter-method-output">[Email is required.] matched with [Email is required.]</span>
                <span class="reporter-method-output">Password is required</span>
                <span class="reporter-method-output">[Password is required] matched with [Password is required]</span>
              </div> <!-- reporter-method-output-div -->
            </div> <!-- reporter-method-div -->
            <div class="reporter-method-div">
              <span class="reporter-method-name">verifyInvalidEmailsValidation(email1, qatest)</span>
              <div class="reporter-method-output-div">
                <span class="reporter-method-output">Element by By.xpath: //input[@name='email'] found.</span>
                <span class="reporter-method-output">Text send.</span>
                <span class="reporter-method-output">Element by By.xpath: (//button[@type='submit'])[1] found.</span>
                <span class="reporter-method-output">WebElement clicked.</span>
                <span class="reporter-method-output">Element by By.xpath: (//span[@class='help-block'])[1] found.</span>
                <span class="reporter-method-output">Your email address is invalid.</span>
                <span class="reporter-method-output">[Your email address is invalid.] matched with [Your email address is invalid.]</span>
              </div> <!-- reporter-method-output-div -->
            </div> <!-- reporter-method-div -->
            <div class="reporter-method-div">
              <span class="reporter-method-name">verifyInvalidEmailsValidation(email3, qatest@com)</span>
              <div class="reporter-method-output-div">
                <span class="reporter-method-output">Element by By.xpath: //input[@name='email'] found.</span>
                <span class="reporter-method-output">Text send.</span>
                <span class="reporter-method-output">Element by By.xpath: (//button[@type='submit'])[1] found.</span>
                <span class="reporter-method-output">WebElement clicked.</span>
                <span class="reporter-method-output">Element by By.xpath: (//span[@class='help-block'])[1] found.</span>
                <span class="reporter-method-output">Your email address is invalid.</span>
                <span class="reporter-method-output">expected [Your email address is invalid.] but found [Password is required]</span>
              </div> <!-- reporter-method-output-div -->
            </div> <!-- reporter-method-div -->
            <div class="reporter-method-div">
              <span class="reporter-method-name">testInstance</span>
              <div class="reporter-method-output-div">
                <span class="reporter-method-output">Screenshot SIP Home page successfully taken.</span>
                <span class="reporter-method-output">not able to find element by (By.xpath: //ul[@class='nav nav-pills-cyan nav-pills-icons nav-pills']/li[3]//a) in '50' seconds</span>
              </div> <!-- reporter-method-output-div -->
            </div> <!-- reporter-method-div -->
            <div class="reporter-method-div">
              <span class="reporter-method-name">testAdminPortal</span>
              <div class="reporter-method-output-div">
                <span class="reporter-method-output">not able to find element by (By.xpath: //tabs[@navclass='nav-pills-cyan nav-pills-icons']/div[2]/tab[3]/div/div[3]/div[1]/div/div/div[3]/button) in '30' seconds</span>
              </div> <!-- reporter-method-output-div -->
            </div> <!-- reporter-method-div -->
            <div class="reporter-method-div">
              <span class="reporter-method-name">testSelectBrand</span>
              <div class="reporter-method-output-div">
                <span class="reporter-method-output">not able to find element by (By.xpath: //a[@href='/app/sip/scorecard']) in '30' seconds</span>
              </div> <!-- reporter-method-output-div -->
            </div> <!-- reporter-method-div -->
            <div class="reporter-method-div">
              <span class="reporter-method-name">testSelectBrand</span>
              <div class="reporter-method-output-div">
                <span class="reporter-method-output">not able to find element by (By.xpath: //a[@href='/app/sip/bestsellers']) in '60' seconds</span>
              </div> <!-- reporter-method-output-div -->
            </div> <!-- reporter-method-div -->
            <div class="reporter-method-div">
              <span class="reporter-method-name">testInstance</span>
              <div class="reporter-method-output-div">
                <span class="reporter-method-output">Screenshot Invite User successfully taken.</span>
                <span class="reporter-method-output">not able to find element by (By.xpath: //a[@href='/app/sip/team']) in '30' seconds</span>
              </div> <!-- reporter-method-output-div -->
            </div> <!-- reporter-method-div -->
            <div class="reporter-method-div">
              <span class="reporter-method-name">testLogOff</span>
              <div class="reporter-method-output-div">
                <span class="reporter-method-output">Element by By.xpath: //ul[@class='nav navbar-nav navbar-right']/li[3] found.</span>
                <span class="reporter-method-output">WebElement clicked.</span>
                <span class="reporter-method-output">not able to find element by (By.xpath: //ul[@role='menu']/li[2]) in '30' seconds</span>
              </div> <!-- reporter-method-output-div -->
            </div> <!-- reporter-method-div -->
            <div class="reporter-method-div">
              <span class="reporter-method-name">testInstance</span>
              <div class="reporter-method-output-div">
                <span class="reporter-method-output">Screenshot Sign Up New User successfully taken.</span>
                <span class="reporter-method-output">Element by By.xpath: //tbody//tr/td[3] found.</span>
                <span class="reporter-method-output">WebElement clicked.</span>
                <span class="reporter-method-output">not able to find element by (By.xpath: //table/tbody/tr/td/table/tbody/tr[2]/td/div/table/tbody/tr/td/div/a) in '30' seconds</span>
              </div> <!-- reporter-method-output-div -->
            </div> <!-- reporter-method-div -->
            <div class="reporter-method-div">
              <span class="reporter-method-name">testLogOff</span>
              <div class="reporter-method-output-div">
                <span class="reporter-method-output">not able to find element by (By.xpath: //ul[@class='nav navbar-nav navbar-right']/li[3]) in '30' seconds</span>
              </div> <!-- reporter-method-output-div -->
            </div> <!-- reporter-method-div -->
            <div class="reporter-method-div">
              <span class="reporter-method-name">validPasswordValidation</span>
              <div class="reporter-method-output-div">
                <span class="reporter-method-output">Element by By.xpath: //input[@name='password'] found.</span>
                <span class="reporter-method-output">Text send.</span>
                <span class="reporter-method-output">Element by By.xpath: (//button[@type='submit'])[1] found.</span>
                <span class="reporter-method-output">WebElement clicked.</span>
                <span class="reporter-method-output">Element by By.xpath: (//span[@class='help-block'])[1] found.</span>
                <span class="reporter-method-output">The minimum password length is 6 characters</span>
                <span class="reporter-method-output">and must contain at least 1 lower case, 1 capital</span>
                <span class="reporter-method-output">letter, 1 number, and 1 special character.</span>
                <span class="reporter-method-output">[The minimum password length is 6 characters
and must contain at least 1 lower case, 1 capital
letter, 1 number, and 1 special character.] matched with [The minimum password length is 6 characters
and must contain at least 1 lower case, 1 capital
letter, 1 number, and 1 special character.]</span>
              </div> <!-- reporter-method-output-div -->
            </div> <!-- reporter-method-div -->
            <div class="reporter-method-div">
              <span class="reporter-method-name">resetPassword</span>
              <div class="reporter-method-output-div">
                <span class="reporter-method-output">Element by By.xpath: //input[@name='password'] found.</span>
                <span class="reporter-method-output">Text send.</span>
                <span class="reporter-method-output">Element by By.xpath: //input[@name='confirmPassword'] found.</span>
                <span class="reporter-method-output">Text send.</span>
                <span class="reporter-method-output">Element by By.xpath: (//button[@type='submit'])[1] found.</span>
                <span class="reporter-method-output">WebElement clicked.</span>
                <span class="reporter-method-output">Screenshot Reset Password Page successfully taken.</span>
              </div> <!-- reporter-method-output-div -->
            </div> <!-- reporter-method-div -->
            <div class="reporter-method-div">
              <span class="reporter-method-name">verifyResetPasswordEmail</span>
              <div class="reporter-method-output-div">
                <span class="reporter-method-output">Element by By.xpath: //input[@placeholder='Enter Public Mailinator Inbox'] | //input[@id='inbox_field'] found.</span>
                <span class="reporter-method-output">Text send.</span>
                <span class="reporter-method-output">Element by By.id: go-to-public found.</span>
                <span class="reporter-method-output">WebElement clicked.</span>
                <span class="reporter-method-output">Element by By.xpath: //table[@class='table-striped jambo_table']/tbody/tr found.</span>
                <span class="reporter-method-output">WebElement clicked.</span>
                <span class="reporter-method-output">Element by By.xpath: (/html[1]/body[1]/table[1]//img)[1] found.</span>
                <span class="reporter-method-output">[https://media.cymaxstores.com/Images/CG/Resources/teamcg.png?h=100] matched with [https://media.cymaxstores.com/Images/CG/Resources/teamcg.png?h=100]</span>
                <span class="reporter-method-output">Element by By.xpath: (/html[1]/body[1]/table[1]//h1)[1] found.</span>
                <span class="reporter-method-output">[Channel Gate] matched with [Channel Gate]</span>
                <span class="reporter-method-output">Element by By.xpath: (/html[1]/body[1]/table[1]//h1)[2] found.</span>
                <span class="reporter-method-output">[Hello Selenium_FirstName Selenium_LastName,] matched with [Hello Selenium_FirstName Selenium_LastName,]</span>
                <span class="reporter-method-output">Element by By.xpath: (/html[1]/body[1]/table[1]//h1)[3] found.</span>
                <span class="reporter-method-output">[Can't remember your password?] matched with [Can't remember your password?]</span>
                <span class="reporter-method-output">Element by By.xpath: (/html[1]/body[1]/table[1]//h1)[4] found.</span>
                <span class="reporter-method-output">[If you didn't request this, please disregard this email.] matched with [If you didn't request this, please disregard this email.]</span>
                <span class="reporter-method-output">Element by By.xpath: (/html[1]/body[1]/table[1]//h1)[5] found.</span>
                <span class="reporter-method-output">[Your password won't change until you access the link above and create a new one.] matched with [Your password won't change until you access the link above and create a new one.]</span>
                <span class="reporter-method-output">Element by By.xpath: (/html[1]/body[1]/table[1]//h1)[6] found.</span>
                <span class="reporter-method-output">[Regards,] matched with [Regards,]</span>
                <span class="reporter-method-output">Element by By.xpath: (/html[1]/body[1]/table[1]//img)[2] found.</span>
                <span class="reporter-method-output">[https://media.cymaxstores.com/Images/CG/Resources/teamcg.png] matched with [https://media.cymaxstores.com/Images/CG/Resources/teamcg.png]</span>
                <span class="reporter-method-output">Element by By.xpath: //a[contains(text(),'Reset Your Password')] found.</span>
                <span class="reporter-method-output">WebElement clicked.</span>
                <span class="reporter-method-output">Element by By.xpath: //a[contains(@class,'btn-delete')] found.</span>
                <span class="reporter-method-output">WebElement clicked.</span>
              </div> <!-- reporter-method-output-div -->
            </div> <!-- reporter-method-div -->
            <div class="reporter-method-div">
              <span class="reporter-method-name">mismatchPasswordValidation</span>
              <div class="reporter-method-output-div">
                <span class="reporter-method-output">Element by By.xpath: //input[@name='password'] found.</span>
                <span class="reporter-method-output">Text send.</span>
                <span class="reporter-method-output">Element by By.xpath: //input[@name='confirmPassword'] found.</span>
                <span class="reporter-method-output">Text send.</span>
                <span class="reporter-method-output">Element by By.xpath: (//button[@type='submit'])[1] found.</span>
                <span class="reporter-method-output">WebElement clicked.</span>
                <span class="reporter-method-output">Element by By.xpath: (//span[@class='help-block'])[1] found.</span>
                <span class="reporter-method-output">Password and its confirm are not the same</span>
                <span class="reporter-method-output">[Password and its confirm are not the same] matched with [Password and its confirm are not the same]</span>
              </div> <!-- reporter-method-output-div -->
            </div> <!-- reporter-method-div -->
            <div class="reporter-method-div">
              <span class="reporter-method-name">passwordRequiredValidation</span>
              <div class="reporter-method-output-div">
                <span class="reporter-method-output">Element by By.xpath: (//button[@type='submit'])[1] found.</span>
                <span class="reporter-method-output">WebElement clicked.</span>
                <span class="reporter-method-output">Element by By.xpath: (//span[@class='help-block'])[1] found.</span>
                <span class="reporter-method-output">Element by By.xpath: (//span[@class='help-block'])[2] found.</span>
                <span class="reporter-method-output">Password is required</span>
                <span class="reporter-method-output">[Password is required] matched with [Password is required]</span>
                <span class="reporter-method-output">Confirm Password is required</span>
                <span class="reporter-method-output">[Confirm Password is required] matched with [Confirm Password is required]</span>
              </div> <!-- reporter-method-output-div -->
            </div> <!-- reporter-method-div -->
            <div class="reporter-method-div">
              <span class="reporter-method-name">verifyInvalidEmailsValidation(email4, qatest@test..com)</span>
              <div class="reporter-method-output-div">
                <span class="reporter-method-output">not able to find element by (By.xpath: //input[@name='email']) in '30' seconds</span>
              </div> <!-- reporter-method-output-div -->
            </div> <!-- reporter-method-div -->
            <div class="reporter-method-div">
              <span class="reporter-method-name">verifyInvalidEmailsValidation(email7, qatest.@test.com)</span>
              <div class="reporter-method-output-div">
                <span class="reporter-method-output">not able to find element by (By.xpath: //input[@name='email']) in '30' seconds</span>
              </div> <!-- reporter-method-output-div -->
            </div> <!-- reporter-method-div -->
            <div class="reporter-method-div">
              <span class="reporter-method-name">verifyInvalidEmailsValidation(email1, qatest)</span>
              <div class="reporter-method-output-div">
                <span class="reporter-method-output">not able to find element by (By.xpath: //input[@name='email']) in '30' seconds</span>
              </div> <!-- reporter-method-output-div -->
            </div> <!-- reporter-method-div -->
            <div class="reporter-method-div">
              <span class="reporter-method-name">verifyRequiredFieldValidation</span>
              <div class="reporter-method-output-div">
                <span class="reporter-method-output">not able to find element by (By.xpath: //a[contains(@href,'forgotpassword')]) in '30' seconds</span>
              </div> <!-- reporter-method-output-div -->
            </div> <!-- reporter-method-div -->
            <div class="reporter-method-div">
              <span class="reporter-method-name">verifyInvalidEmailsValidation(email6, qatest@.test.com)</span>
              <div class="reporter-method-output-div">
                <span class="reporter-method-output">not able to find element by (By.xpath: //input[@name='email']) in '30' seconds</span>
              </div> <!-- reporter-method-output-div -->
            </div> <!-- reporter-method-div -->
            <div class="reporter-method-div">
              <span class="reporter-method-name">testForgotPassword</span>
              <div class="reporter-method-output-div">
                <span class="reporter-method-output">Screenshot Forgot Password Page successfully taken.</span>
                <span class="reporter-method-output">not able to find element by (By.xpath: //input[@name='email']) in '30' seconds</span>
              </div> <!-- reporter-method-output-div -->
            </div> <!-- reporter-method-div -->
            <div class="reporter-method-div">
              <span class="reporter-method-name">verifyInvalidEmailsValidation(email3, qatest@com)</span>
              <div class="reporter-method-output-div">
                <span class="reporter-method-output">not able to find element by (By.xpath: //input[@name='email']) in '30' seconds</span>
              </div> <!-- reporter-method-output-div -->
            </div> <!-- reporter-method-div -->
            <div class="reporter-method-div">
              <span class="reporter-method-name">verifyInvalidEmailsValidation(email5, qatest@@test.com)</span>
              <div class="reporter-method-output-div">
                <span class="reporter-method-output">not able to find element by (By.xpath: //input[@name='email']) in '30' seconds</span>
              </div> <!-- reporter-method-output-div -->
            </div> <!-- reporter-method-div -->
            <div class="reporter-method-div">
              <span class="reporter-method-name">verifyUnregisteredEmailValidation</span>
              <div class="reporter-method-output-div">
                <span class="reporter-method-output">not able to find element by (By.xpath: //input[@name='email']) in '30' seconds</span>
              </div> <!-- reporter-method-output-div -->
            </div> <!-- reporter-method-div -->
            <div class="reporter-method-div">
              <span class="reporter-method-name">verifyInvalidEmailsValidation(email2, qatest@)</span>
              <div class="reporter-method-output-div">
                <span class="reporter-method-output">not able to find element by (By.xpath: //input[@name='email']) in '30' seconds</span>
              </div> <!-- reporter-method-output-div -->
            </div> <!-- reporter-method-div -->
            <div class="reporter-method-div">
              <span class="reporter-method-name">verifyInvalidEmailsValidation(email10, qatest@test.com.)</span>
              <div class="reporter-method-output-div">
                <span class="reporter-method-output">not able to find element by (By.xpath: //input[@name='email']) in '30' seconds</span>
              </div> <!-- reporter-method-output-div -->
            </div> <!-- reporter-method-div -->
            <div class="reporter-method-div">
              <span class="reporter-method-name">verifyInvalidEmailsValidation(email9, .qatest@test.com)</span>
              <div class="reporter-method-output-div">
                <span class="reporter-method-output">not able to find element by (By.xpath: //input[@name='email']) in '30' seconds</span>
              </div> <!-- reporter-method-output-div -->
            </div> <!-- reporter-method-div -->
            <div class="reporter-method-div">
              <span class="reporter-method-name">verifyInvalidEmailsValidation(email8, qa..test@test.com)</span>
              <div class="reporter-method-output-div">
                <span class="reporter-method-output">not able to find element by (By.xpath: //input[@name='email']) in '30' seconds</span>
              </div> <!-- reporter-method-output-div -->
            </div> <!-- reporter-method-div -->
          </div> <!-- main-panel-content rounded-window-bottom -->
        </div> <!-- panel -->
        <div panel-name="ignored-methods-ChannelGate_SIP" class="panel">
          <div class="main-panel-header rounded-window-top">
            <span class="header-content">0 ignored methods</span>
          </div> <!-- main-panel-header rounded-window-top -->
          <div class="main-panel-content rounded-window-bottom">
          </div> <!-- main-panel-content rounded-window-bottom -->
        </div> <!-- panel -->
        <div panel-name="chronological-ChannelGate_SIP" class="panel">
          <div class="main-panel-header rounded-window-top">
            <span class="header-content">Methods in chronological order</span>
          </div> <!-- main-panel-header rounded-window-top -->
          <div class="main-panel-content rounded-window-bottom">
            <div class="chronological-class">
              <div class="chronological-class-name">com.qualitesoft.channelgatesip.testscripts.TestForgotPassword</div> <!-- chronological-class-name -->
              <div class="configuration-suite before">
                <span class="method-name">setUp(chrome, https://stagingapps.channelgate.io)</span>
                <span class="method-start">0 ms</span>
              </div> <!-- configuration-suite before -->
            </div> <!-- chronological-class -->
            <div class="chronological-class">
              <div class="chronological-class-name">com.qualitesoft.channelgatesip.testscripts.TestLogin</div> <!-- chronological-class-name -->
              <div class="configuration-test before">
                <span class="method-name">initialize(org.testng.TestRunner@1869fbd2)</span>
                <span class="method-start">16792 ms</span>
              </div> <!-- configuration-test before -->
              <div class="test-method">
                <span class="method-name">verifyRequiredFieldValidation</span>
                <span class="method-start">17958 ms</span>
              </div> <!-- test-method -->
              <div class="test-method">
                <span class="method-name">verifyInvalidEmailsValidation(email1, qatest)</span>
                <span class="method-start">29033 ms</span>
              </div> <!-- test-method -->
              <div class="test-method">
                <span class="method-name">verifyInvalidEmailsValidation(email2, qatest@)</span>
                <span class="method-start">29837 ms</span>
              </div> <!-- test-method -->
              <div class="test-method">
                <img src="failed.png">
                </img>
                <span class="method-name">verifyInvalidEmailsValidation(email3, qatest@com)</span>
                <span class="method-start">30439 ms</span>
              </div> <!-- test-method -->
              <div class="test-method">
                <span class="method-name">verifyInvalidEmailsValidation(email4, qatest@test..com)</span>
                <span class="method-start">31084 ms</span>
              </div> <!-- test-method -->
              <div class="test-method">
                <span class="method-name">verifyInvalidEmailsValidation(email5, qatest@@test.com)</span>
                <span class="method-start">31784 ms</span>
              </div> <!-- test-method -->
              <div class="test-method">
                <span class="method-name">verifyInvalidEmailsValidation(email6, qatest@.test.com)</span>
                <span class="method-start">32468 ms</span>
              </div> <!-- test-method -->
              <div class="test-method">
                <span class="method-name">verifyInvalidEmailsValidation(email7, qatest.@test.com)</span>
                <span class="method-start">33060 ms</span>
              </div> <!-- test-method -->
              <div class="test-method">
                <span class="method-name">verifyInvalidEmailsValidation(email8, qa..test@test.com)</span>
                <span class="method-start">33552 ms</span>
              </div> <!-- test-method -->
              <div class="test-method">
                <span class="method-name">verifyInvalidEmailsValidation(email9, .qatest@test.com)</span>
                <span class="method-start">33947 ms</span>
              </div> <!-- test-method -->
              <div class="test-method">
                <span class="method-name">verifyInvalidEmailsValidation(email10, qatest@test.com.)</span>
                <span class="method-start">34619 ms</span>
              </div> <!-- test-method -->
              <div class="test-method">
                <span class="method-name">verifyInvalidCredentialsValidation</span>
                <span class="method-start">35445 ms</span>
              </div> <!-- test-method -->
              <div class="test-method">
                <span class="method-name">testInstance</span>
                <span class="method-start">39405 ms</span>
              </div> <!-- test-method -->
            </div> <!-- chronological-class -->
            <div class="chronological-class">
              <div class="chronological-class-name">com.qualitesoft.channelgatesip.testscripts.TestInstance</div> <!-- chronological-class-name -->
              <div class="configuration-test before">
                <span class="method-name">initialize(org.testng.TestRunner@6af9fcb2)</span>
                <span class="method-start">61787 ms</span>
              </div> <!-- configuration-test before -->
              <div class="test-method">
                <img src="failed.png">
                </img>
                <span class="method-name">testInstance</span>
                <span class="method-start">63050 ms</span>
              </div> <!-- test-method -->
            </div> <!-- chronological-class -->
            <div class="chronological-class">
              <div class="chronological-class-name">com.qualitesoft.channelgatesip.testscripts.TestAdminPortal</div> <!-- chronological-class-name -->
              <div class="configuration-test before">
                <span class="method-name">initialize(org.testng.TestRunner@6cce16f4)</span>
                <span class="method-start">120980 ms</span>
              </div> <!-- configuration-test before -->
              <div class="test-method">
                <img src="failed.png">
                </img>
                <span class="method-name">testAdminPortal</span>
                <span class="method-start">122011 ms</span>
              </div> <!-- test-method -->
            </div> <!-- chronological-class -->
            <div class="chronological-class">
              <div class="chronological-class-name">com.qualitesoft.channelgatesip.testscripts.TestSelectBrand</div> <!-- chronological-class-name -->
              <div class="configuration-test before">
                <span class="method-name">initialize(org.testng.TestRunner@7efaad5a)</span>
                <span class="method-start">157622 ms</span>
              </div> <!-- configuration-test before -->
              <div class="test-method">
                <img src="failed.png">
                </img>
                <span class="method-name">testSelectBrand</span>
                <span class="method-start">158683 ms</span>
              </div> <!-- test-method -->
            </div> <!-- chronological-class -->
            <div class="chronological-class">
              <div class="chronological-class-name">com.qualitesoft.channelgatesip.testscripts.TestNavigation</div> <!-- chronological-class-name -->
              <div class="configuration-test before">
                <span class="method-name">initialize(org.testng.TestRunner@291a7e3c)</span>
                <span class="method-start">194218 ms</span>
              </div> <!-- configuration-test before -->
              <div class="test-method">
                <img src="failed.png">
                </img>
                <span class="method-name">testSelectBrand</span>
                <span class="method-start">195295 ms</span>
              </div> <!-- test-method -->
            </div> <!-- chronological-class -->
            <div class="chronological-class">
              <div class="chronological-class-name">com.qualitesoft.channelgatesip.testscripts.TestInviteUser</div> <!-- chronological-class-name -->
              <div class="configuration-test before">
                <span class="method-name">initialize(org.testng.TestRunner@ca30bc1)</span>
                <span class="method-start">260392 ms</span>
              </div> <!-- configuration-test before -->
              <div class="test-method">
                <img src="failed.png">
                </img>
                <span class="method-name">testInstance</span>
                <span class="method-start">261419 ms</span>
              </div> <!-- test-method -->
            </div> <!-- chronological-class -->
            <div class="chronological-class">
              <div class="chronological-class-name">com.qualitesoft.channelgatesip.testscripts.LogOff</div> <!-- chronological-class-name -->
              <div class="configuration-test before">
                <span class="method-name">initialize(org.testng.TestRunner@1046d517)</span>
                <span class="method-start">299085 ms</span>
              </div> <!-- configuration-test before -->
              <div class="test-method">
                <img src="failed.png">
                </img>
                <span class="method-name">testLogOff</span>
                <span class="method-start">300106 ms</span>
              </div> <!-- test-method -->
            </div> <!-- chronological-class -->
            <div class="chronological-class">
              <div class="chronological-class-name">com.qualitesoft.channelgatesip.testscripts.TestSignUpNew</div> <!-- chronological-class-name -->
              <div class="configuration-test before">
                <span class="method-name">initialize(org.testng.TestRunner@3b7d3a38)</span>
                <span class="method-start">335988 ms</span>
              </div> <!-- configuration-test before -->
              <div class="test-method">
                <img src="failed.png">
                </img>
                <span class="method-name">testInstance</span>
                <span class="method-start">337039 ms</span>
              </div> <!-- test-method -->
            </div> <!-- chronological-class -->
            <div class="chronological-class">
              <div class="chronological-class-name">com.qualitesoft.channelgatesip.testscripts.LogOff</div> <!-- chronological-class-name -->
              <div class="configuration-test before">
                <span class="method-name">initialize(org.testng.TestRunner@416c58f5)</span>
                <span class="method-start">389305 ms</span>
              </div> <!-- configuration-test before -->
              <div class="test-method">
                <img src="failed.png">
                </img>
                <span class="method-name">testLogOff</span>
                <span class="method-start">390326 ms</span>
              </div> <!-- test-method -->
            </div> <!-- chronological-class -->
            <div class="chronological-class">
              <div class="chronological-class-name">com.qualitesoft.channelgatesip.testscripts.TestForgotPassword</div> <!-- chronological-class-name -->
              <div class="configuration-test before">
                <span class="method-name">initialize(org.testng.TestRunner@5505ae1a)</span>
                <span class="method-start">425808 ms</span>
              </div> <!-- configuration-test before -->
              <div class="test-method">
                <img src="failed.png">
                </img>
                <span class="method-name">verifyRequiredFieldValidation</span>
                <span class="method-start">426827 ms</span>
              </div> <!-- test-method -->
              <div class="test-method">
                <img src="failed.png">
                </img>
                <span class="method-name">verifyInvalidEmailsValidation(email1, qatest)</span>
                <span class="method-start">457227 ms</span>
              </div> <!-- test-method -->
              <div class="test-method">
                <img src="failed.png">
                </img>
                <span class="method-name">verifyInvalidEmailsValidation(email2, qatest@)</span>
                <span class="method-start">487666 ms</span>
              </div> <!-- test-method -->
              <div class="test-method">
                <img src="failed.png">
                </img>
                <span class="method-name">verifyInvalidEmailsValidation(email3, qatest@com)</span>
                <span class="method-start">518108 ms</span>
              </div> <!-- test-method -->
              <div class="test-method">
                <img src="failed.png">
                </img>
                <span class="method-name">verifyInvalidEmailsValidation(email4, qatest@test..com)</span>
                <span class="method-start">548565 ms</span>
              </div> <!-- test-method -->
              <div class="test-method">
                <img src="failed.png">
                </img>
                <span class="method-name">verifyInvalidEmailsValidation(email5, qatest@@test.com)</span>
                <span class="method-start">578583 ms</span>
              </div> <!-- test-method -->
              <div class="test-method">
                <img src="failed.png">
                </img>
                <span class="method-name">verifyInvalidEmailsValidation(email6, qatest@.test.com)</span>
                <span class="method-start">609067 ms</span>
              </div> <!-- test-method -->
              <div class="test-method">
                <img src="failed.png">
                </img>
                <span class="method-name">verifyInvalidEmailsValidation(email7, qatest.@test.com)</span>
                <span class="method-start">639593 ms</span>
              </div> <!-- test-method -->
              <div class="test-method">
                <img src="failed.png">
                </img>
                <span class="method-name">verifyInvalidEmailsValidation(email8, qa..test@test.com)</span>
                <span class="method-start">670032 ms</span>
              </div> <!-- test-method -->
              <div class="test-method">
                <img src="failed.png">
                </img>
                <span class="method-name">verifyInvalidEmailsValidation(email9, .qatest@test.com)</span>
                <span class="method-start">700521 ms</span>
              </div> <!-- test-method -->
              <div class="test-method">
                <img src="failed.png">
                </img>
                <span class="method-name">verifyInvalidEmailsValidation(email10, qatest@test.com.)</span>
                <span class="method-start">730957 ms</span>
              </div> <!-- test-method -->
              <div class="test-method">
                <img src="failed.png">
                </img>
                <span class="method-name">verifyUnregisteredEmailValidation</span>
                <span class="method-start">761406 ms</span>
              </div> <!-- test-method -->
              <div class="test-method">
                <img src="failed.png">
                </img>
                <span class="method-name">testForgotPassword</span>
                <span class="method-start">791853 ms</span>
              </div> <!-- test-method -->
              <div class="test-method">
                <span class="method-name">verifyResetPasswordEmail</span>
                <span class="method-start">824946 ms</span>
              </div> <!-- test-method -->
              <div class="test-method">
                <span class="method-name">passwordRequiredValidation</span>
                <span class="method-start">854481 ms</span>
              </div> <!-- test-method -->
              <div class="test-method">
                <span class="method-name">validPasswordValidation</span>
                <span class="method-start">857438 ms</span>
              </div> <!-- test-method -->
              <div class="test-method">
                <span class="method-name">mismatchPasswordValidation</span>
                <span class="method-start">858178 ms</span>
              </div> <!-- test-method -->
              <div class="test-method">
                <span class="method-name">resetPassword</span>
                <span class="method-start">859384 ms</span>
              </div> <!-- test-method -->
              <div class="configuration-suite after">
                <span class="method-name">tearDown</span>
                <span class="method-start">875684 ms</span>
              </div> <!-- configuration-suite after -->
          </div> <!-- main-panel-content rounded-window-bottom -->
        </div> <!-- panel -->
      </div> <!-- main-panel-root -->
    </div> <!-- wrapper -->
  </body>
</html>
