<?xml version="1.0" encoding="UTF-8"?>
<testng-results skipped="0" failed="22" ignored="0" total="39" passed="17">
  <reporter-output>
    <line>
      <![CDATA[chrome browser launched successfully.]]>
    </line>
    <line>
      <![CDATA[https://stagingapps.channelgate.ioURL launched successfully.]]>
    </line>
    <line>
      <![CDATA[*****************************Test Login started.]]>
    </line>
    <line>
      <![CDATA[Screenshot Login Page successfully taken.]]>
    </line>
    <line>
      <![CDATA[Element by By.xpath: (//button[@type='submit'])[1] found.]]>
    </line>
    <line>
      <![CDATA[WebElement clicked.]]>
    </line>
    <line>
      <![CDATA[Element by By.xpath: (//span[@class='help-block'])[1] found.]]>
    </line>
    <line>
      <![CDATA[Element by By.xpath: (//span[@class='help-block'])[2] found.]]>
    </line>
    <line>
      <![CDATA[Email is required.]]>
    </line>
    <line>
      <![CDATA[[Email is required.] matched with [Email is required.]]]>
    </line>
    <line>
      <![CDATA[Password is required]]>
    </line>
    <line>
      <![CDATA[[Password is required] matched with [Password is required]]]>
    </line>
    <line>
      <![CDATA[Element by By.xpath: //input[@name='email'] found.]]>
    </line>
    <line>
      <![CDATA[Text send.]]>
    </line>
    <line>
      <![CDATA[Element by By.xpath: (//button[@type='submit'])[1] found.]]>
    </line>
    <line>
      <![CDATA[WebElement clicked.]]>
    </line>
    <line>
      <![CDATA[Element by By.xpath: (//span[@class='help-block'])[1] found.]]>
    </line>
    <line>
      <![CDATA[Your email address is invalid.]]>
    </line>
    <line>
      <![CDATA[[Your email address is invalid.] matched with [Your email address is invalid.]]]>
    </line>
    <line>
      <![CDATA[Element by By.xpath: //input[@name='email'] found.]]>
    </line>
    <line>
      <![CDATA[Text send.]]>
    </line>
    <line>
      <![CDATA[Element by By.xpath: (//button[@type='submit'])[1] found.]]>
    </line>
    <line>
      <![CDATA[WebElement clicked.]]>
    </line>
    <line>
      <![CDATA[Element by By.xpath: (//span[@class='help-block'])[1] found.]]>
    </line>
    <line>
      <![CDATA[Your email address is invalid.]]>
    </line>
    <line>
      <![CDATA[[Your email address is invalid.] matched with [Your email address is invalid.]]]>
    </line>
    <line>
      <![CDATA[Element by By.xpath: //input[@name='email'] found.]]>
    </line>
    <line>
      <![CDATA[Text send.]]>
    </line>
    <line>
      <![CDATA[Element by By.xpath: (//button[@type='submit'])[1] found.]]>
    </line>
    <line>
      <![CDATA[WebElement clicked.]]>
    </line>
    <line>
      <![CDATA[Element by By.xpath: (//span[@class='help-block'])[1] found.]]>
    </line>
    <line>
      <![CDATA[Your email address is invalid.]]>
    </line>
    <line>
      <![CDATA[expected [Your email address is invalid.] but found [Password is required]]]>
    </line>
    <line>
      <![CDATA[Element by By.xpath: //input[@name='email'] found.]]>
    </line>
    <line>
      <![CDATA[Text send.]]>
    </line>
    <line>
      <![CDATA[Element by By.xpath: (//button[@type='submit'])[1] found.]]>
    </line>
    <line>
      <![CDATA[WebElement clicked.]]>
    </line>
    <line>
      <![CDATA[Element by By.xpath: (//span[@class='help-block'])[1] found.]]>
    </line>
    <line>
      <![CDATA[Your email address is invalid.]]>
    </line>
    <line>
      <![CDATA[[Your email address is invalid.] matched with [Your email address is invalid.]]]>
    </line>
    <line>
      <![CDATA[Element by By.xpath: //input[@name='email'] found.]]>
    </line>
    <line>
      <![CDATA[Text send.]]>
    </line>
    <line>
      <![CDATA[Element by By.xpath: (//button[@type='submit'])[1] found.]]>
    </line>
    <line>
      <![CDATA[WebElement clicked.]]>
    </line>
    <line>
      <![CDATA[Element by By.xpath: (//span[@class='help-block'])[1] found.]]>
    </line>
    <line>
      <![CDATA[Your email address is invalid.]]>
    </line>
    <line>
      <![CDATA[[Your email address is invalid.] matched with [Your email address is invalid.]]]>
    </line>
    <line>
      <![CDATA[Element by By.xpath: //input[@name='email'] found.]]>
    </line>
    <line>
      <![CDATA[Text send.]]>
    </line>
    <line>
      <![CDATA[Element by By.xpath: (//button[@type='submit'])[1] found.]]>
    </line>
    <line>
      <![CDATA[WebElement clicked.]]>
    </line>
    <line>
      <![CDATA[Element by By.xpath: (//span[@class='help-block'])[1] found.]]>
    </line>
    <line>
      <![CDATA[Your email address is invalid.]]>
    </line>
    <line>
      <![CDATA[[Your email address is invalid.] matched with [Your email address is invalid.]]]>
    </line>
    <line>
      <![CDATA[Element by By.xpath: //input[@name='email'] found.]]>
    </line>
    <line>
      <![CDATA[Text send.]]>
    </line>
    <line>
      <![CDATA[Element by By.xpath: (//button[@type='submit'])[1] found.]]>
    </line>
    <line>
      <![CDATA[WebElement clicked.]]>
    </line>
    <line>
      <![CDATA[Element by By.xpath: (//span[@class='help-block'])[1] found.]]>
    </line>
    <line>
      <![CDATA[Your email address is invalid.]]>
    </line>
    <line>
      <![CDATA[[Your email address is invalid.] matched with [Your email address is invalid.]]]>
    </line>
    <line>
      <![CDATA[Element by By.xpath: //input[@name='email'] found.]]>
    </line>
    <line>
      <![CDATA[Text send.]]>
    </line>
    <line>
      <![CDATA[Element by By.xpath: (//button[@type='submit'])[1] found.]]>
    </line>
    <line>
      <![CDATA[WebElement clicked.]]>
    </line>
    <line>
      <![CDATA[Element by By.xpath: (//span[@class='help-block'])[1] found.]]>
    </line>
    <line>
      <![CDATA[Your email address is invalid.]]>
    </line>
    <line>
      <![CDATA[[Your email address is invalid.] matched with [Your email address is invalid.]]]>
    </line>
    <line>
      <![CDATA[Element by By.xpath: //input[@name='email'] found.]]>
    </line>
    <line>
      <![CDATA[Text send.]]>
    </line>
    <line>
      <![CDATA[Element by By.xpath: (//button[@type='submit'])[1] found.]]>
    </line>
    <line>
      <![CDATA[WebElement clicked.]]>
    </line>
    <line>
      <![CDATA[Element by By.xpath: (//span[@class='help-block'])[1] found.]]>
    </line>
    <line>
      <![CDATA[Your email address is invalid.]]>
    </line>
    <line>
      <![CDATA[[Your email address is invalid.] matched with [Your email address is invalid.]]]>
    </line>
    <line>
      <![CDATA[Element by By.xpath: //input[@name='email'] found.]]>
    </line>
    <line>
      <![CDATA[Text send.]]>
    </line>
    <line>
      <![CDATA[Element by By.xpath: (//button[@type='submit'])[1] found.]]>
    </line>
    <line>
      <![CDATA[WebElement clicked.]]>
    </line>
    <line>
      <![CDATA[Element by By.xpath: (//span[@class='help-block'])[1] found.]]>
    </line>
    <line>
      <![CDATA[Your email address is invalid.]]>
    </line>
    <line>
      <![CDATA[[Your email address is invalid.] matched with [Your email address is invalid.]]]>
    </line>
    <line>
      <![CDATA[Element by By.xpath: //input[@name='email'] found.]]>
    </line>
    <line>
      <![CDATA[Text send.]]>
    </line>
    <line>
      <![CDATA[Element by By.xpath: //input[@name='password'] found.]]>
    </line>
    <line>
      <![CDATA[Text send.]]>
    </line>
    <line>
      <![CDATA[Element by By.xpath: (//button[@type='submit'])[1] found.]]>
    </line>
    <line>
      <![CDATA[WebElement clicked.]]>
    </line>
    <line>
      <![CDATA[Element by By.xpath: (//li[@class='text-danger'])[1] found.]]>
    </line>
    <line>
      <![CDATA[The user name or password is incorrect.]]>
    </line>
    <line>
      <![CDATA[[The user name or password is incorrect.] matched with [The user name or password is incorrect.]]]>
    </line>
    <line>
      <![CDATA[Element by By.xpath: //input[@name='email'] found.]]>
    </line>
    <line>
      <![CDATA[Text send.]]>
    </line>
    <line>
      <![CDATA[Element by By.xpath: //input[@name='password'] found.]]>
    </line>
    <line>
      <![CDATA[Text send.]]>
    </line>
    <line>
      <![CDATA[Screenshot Login filled details successfully taken.]]>
    </line>
    <line>
      <![CDATA[Element by By.xpath: (//button[@type='submit'])[1] found.]]>
    </line>
    <line>
      <![CDATA[WebElement clicked.]]>
    </line>
    <line>
      <![CDATA[Screenshot After Login  successfully taken.]]>
    </line>
    <line>
      <![CDATA[Element by By.xpath: //h4[contains(@id,'dialog-help-intro')] found.]]>
    </line>
    <line>
      <![CDATA[[Welcome to Channel Gate] matched with [Welcome to Channel Gate]]]>
    </line>
    <line>
      <![CDATA[Element by By.xpath: (//h4[contains(@id,'dialog-help-intro')]//following::button)[1] found.]]>
    </line>
    <line>
      <![CDATA[WebElement clicked.]]>
    </line>
    <line>
      <![CDATA[*****************************TestInstance started.]]>
    </line>
    <line>
      <![CDATA[Screenshot SIP Home page successfully taken.]]>
    </line>
    <line>
      <![CDATA[not able to find element by (By.xpath: //ul[@class='nav nav-pills-cyan nav-pills-icons nav-pills']/li[3]//a) in '50' seconds]]>
    </line>
    <line>
      <![CDATA[*****************************TestAdminPortal started.]]>
    </line>
    <line>
      <![CDATA[not able to find element by (By.xpath: //tabs[@navclass='nav-pills-cyan nav-pills-icons']/div[2]/tab[3]/div/div[3]/div[1]/div/div/div[3]/button) in '30' seconds]]>
    </line>
    <line>
      <![CDATA[*****************************TestSelectBrand started.]]>
    </line>
    <line>
      <![CDATA[not able to find element by (By.xpath: //a[@href='/app/sip/scorecard']) in '30' seconds]]>
    </line>
    <line>
      <![CDATA[*****************************TestNavigation started.]]>
    </line>
    <line>
      <![CDATA[not able to find element by (By.xpath: //a[@href='/app/sip/bestsellers']) in '60' seconds]]>
    </line>
    <line>
      <![CDATA[*****************************TestInviteUser started.]]>
    </line>
    <line>
      <![CDATA[Screenshot Invite User successfully taken.]]>
    </line>
    <line>
      <![CDATA[not able to find element by (By.xpath: //a[@href='/app/sip/team']) in '30' seconds]]>
    </line>
    <line>
      <![CDATA[*****************************Test Logout started.]]>
    </line>
    <line>
      <![CDATA[Element by By.xpath: //ul[@class='nav navbar-nav navbar-right']/li[3] found.]]>
    </line>
    <line>
      <![CDATA[WebElement clicked.]]>
    </line>
    <line>
      <![CDATA[not able to find element by (By.xpath: //ul[@role='menu']/li[2]) in '30' seconds]]>
    </line>
    <line>
      <![CDATA[*****************************Test SignUpNew started.]]>
    </line>
    <line>
      <![CDATA[Screenshot Sign Up New User successfully taken.]]>
    </line>
    <line>
      <![CDATA[Element by By.xpath: //tbody//tr/td[3] found.]]>
    </line>
    <line>
      <![CDATA[WebElement clicked.]]>
    </line>
    <line>
      <![CDATA[not able to find element by (By.xpath: //table/tbody/tr/td/table/tbody/tr[2]/td/div/table/tbody/tr/td/div/a) in '30' seconds]]>
    </line>
    <line>
      <![CDATA[*****************************Test Logout User started.]]>
    </line>
    <line>
      <![CDATA[not able to find element by (By.xpath: //ul[@class='nav navbar-nav navbar-right']/li[3]) in '30' seconds]]>
    </line>
    <line>
      <![CDATA[*****************************Test Forgot Password started.]]>
    </line>
    <line>
      <![CDATA[not able to find element by (By.xpath: //a[contains(@href,'forgotpassword')]) in '30' seconds]]>
    </line>
    <line>
      <![CDATA[not able to find element by (By.xpath: //input[@name='email']) in '30' seconds]]>
    </line>
    <line>
      <![CDATA[not able to find element by (By.xpath: //input[@name='email']) in '30' seconds]]>
    </line>
    <line>
      <![CDATA[not able to find element by (By.xpath: //input[@name='email']) in '30' seconds]]>
    </line>
    <line>
      <![CDATA[not able to find element by (By.xpath: //input[@name='email']) in '30' seconds]]>
    </line>
    <line>
      <![CDATA[not able to find element by (By.xpath: //input[@name='email']) in '30' seconds]]>
    </line>
    <line>
      <![CDATA[not able to find element by (By.xpath: //input[@name='email']) in '30' seconds]]>
    </line>
    <line>
      <![CDATA[not able to find element by (By.xpath: //input[@name='email']) in '30' seconds]]>
    </line>
    <line>
      <![CDATA[not able to find element by (By.xpath: //input[@name='email']) in '30' seconds]]>
    </line>
    <line>
      <![CDATA[not able to find element by (By.xpath: //input[@name='email']) in '30' seconds]]>
    </line>
    <line>
      <![CDATA[not able to find element by (By.xpath: //input[@name='email']) in '30' seconds]]>
    </line>
    <line>
      <![CDATA[not able to find element by (By.xpath: //input[@name='email']) in '30' seconds]]>
    </line>
    <line>
      <![CDATA[Screenshot Forgot Password Page successfully taken.]]>
    </line>
    <line>
      <![CDATA[not able to find element by (By.xpath: //input[@name='email']) in '30' seconds]]>
    </line>
    <line>
      <![CDATA[Element by By.xpath: //input[@placeholder='Enter Public Mailinator Inbox'] | //input[@id='inbox_field'] found.]]>
    </line>
    <line>
      <![CDATA[Text send.]]>
    </line>
    <line>
      <![CDATA[Element by By.id: go-to-public found.]]>
    </line>
    <line>
      <![CDATA[WebElement clicked.]]>
    </line>
    <line>
      <![CDATA[Element by By.xpath: //table[@class='table-striped jambo_table']/tbody/tr found.]]>
    </line>
    <line>
      <![CDATA[WebElement clicked.]]>
    </line>
    <line>
      <![CDATA[Element by By.xpath: (/html[1]/body[1]/table[1]//img)[1] found.]]>
    </line>
    <line>
      <![CDATA[[https://media.cymaxstores.com/Images/CG/Resources/teamcg.png?h=100] matched with [https://media.cymaxstores.com/Images/CG/Resources/teamcg.png?h=100]]]>
    </line>
    <line>
      <![CDATA[Element by By.xpath: (/html[1]/body[1]/table[1]//h1)[1] found.]]>
    </line>
    <line>
      <![CDATA[[Channel Gate] matched with [Channel Gate]]]>
    </line>
    <line>
      <![CDATA[Element by By.xpath: (/html[1]/body[1]/table[1]//h1)[2] found.]]>
    </line>
    <line>
      <![CDATA[[Hello Selenium_FirstName Selenium_LastName,] matched with [Hello Selenium_FirstName Selenium_LastName,]]]>
    </line>
    <line>
      <![CDATA[Element by By.xpath: (/html[1]/body[1]/table[1]//h1)[3] found.]]>
    </line>
    <line>
      <![CDATA[[Can't remember your password?] matched with [Can't remember your password?]]]>
    </line>
    <line>
      <![CDATA[Element by By.xpath: (/html[1]/body[1]/table[1]//h1)[4] found.]]>
    </line>
    <line>
      <![CDATA[[If you didn't request this, please disregard this email.] matched with [If you didn't request this, please disregard this email.]]]>
    </line>
    <line>
      <![CDATA[Element by By.xpath: (/html[1]/body[1]/table[1]//h1)[5] found.]]>
    </line>
    <line>
      <![CDATA[[Your password won't change until you access the link above and create a new one.] matched with [Your password won't change until you access the link above and create a new one.]]]>
    </line>
    <line>
      <![CDATA[Element by By.xpath: (/html[1]/body[1]/table[1]//h1)[6] found.]]>
    </line>
    <line>
      <![CDATA[[Regards,] matched with [Regards,]]]>
    </line>
    <line>
      <![CDATA[Element by By.xpath: (/html[1]/body[1]/table[1]//img)[2] found.]]>
    </line>
    <line>
      <![CDATA[[https://media.cymaxstores.com/Images/CG/Resources/teamcg.png] matched with [https://media.cymaxstores.com/Images/CG/Resources/teamcg.png]]]>
    </line>
    <line>
      <![CDATA[Element by By.xpath: //a[contains(text(),'Reset Your Password')] found.]]>
    </line>
    <line>
      <![CDATA[WebElement clicked.]]>
    </line>
    <line>
      <![CDATA[Element by By.xpath: //a[contains(@class,'btn-delete')] found.]]>
    </line>
    <line>
      <![CDATA[WebElement clicked.]]>
    </line>
    <line>
      <![CDATA[Element by By.xpath: (//button[@type='submit'])[1] found.]]>
    </line>
    <line>
      <![CDATA[WebElement clicked.]]>
    </line>
    <line>
      <![CDATA[Element by By.xpath: (//span[@class='help-block'])[1] found.]]>
    </line>
    <line>
      <![CDATA[Element by By.xpath: (//span[@class='help-block'])[2] found.]]>
    </line>
    <line>
      <![CDATA[Password is required]]>
    </line>
    <line>
      <![CDATA[[Password is required] matched with [Password is required]]]>
    </line>
    <line>
      <![CDATA[Confirm Password is required]]>
    </line>
    <line>
      <![CDATA[[Confirm Password is required] matched with [Confirm Password is required]]]>
    </line>
    <line>
      <![CDATA[Element by By.xpath: //input[@name='password'] found.]]>
    </line>
    <line>
      <![CDATA[Text send.]]>
    </line>
    <line>
      <![CDATA[Element by By.xpath: (//button[@type='submit'])[1] found.]]>
    </line>
    <line>
      <![CDATA[WebElement clicked.]]>
    </line>
    <line>
      <![CDATA[Element by By.xpath: (//span[@class='help-block'])[1] found.]]>
    </line>
    <line>
      <![CDATA[The minimum password length is 6 characters]]>
    </line>
    <line>
      <![CDATA[and must contain at least 1 lower case, 1 capital]]>
    </line>
    <line>
      <![CDATA[letter, 1 number, and 1 special character.]]>
    </line>
    <line>
      <![CDATA[[The minimum password length is 6 characters
and must contain at least 1 lower case, 1 capital
letter, 1 number, and 1 special character.] matched with [The minimum password length is 6 characters
and must contain at least 1 lower case, 1 capital
letter, 1 number, and 1 special character.]]]>
    </line>
    <line>
      <![CDATA[Element by By.xpath: //input[@name='password'] found.]]>
    </line>
    <line>
      <![CDATA[Text send.]]>
    </line>
    <line>
      <![CDATA[Element by By.xpath: //input[@name='confirmPassword'] found.]]>
    </line>
    <line>
      <![CDATA[Text send.]]>
    </line>
    <line>
      <![CDATA[Element by By.xpath: (//button[@type='submit'])[1] found.]]>
    </line>
    <line>
      <![CDATA[WebElement clicked.]]>
    </line>
    <line>
      <![CDATA[Element by By.xpath: (//span[@class='help-block'])[1] found.]]>
    </line>
    <line>
      <![CDATA[Password and its confirm are not the same]]>
    </line>
    <line>
      <![CDATA[[Password and its confirm are not the same] matched with [Password and its confirm are not the same]]]>
    </line>
    <line>
      <![CDATA[Element by By.xpath: //input[@name='password'] found.]]>
    </line>
    <line>
      <![CDATA[Text send.]]>
    </line>
    <line>
      <![CDATA[Element by By.xpath: //input[@name='confirmPassword'] found.]]>
    </line>
    <line>
      <![CDATA[Text send.]]>
    </line>
    <line>
      <![CDATA[Element by By.xpath: (//button[@type='submit'])[1] found.]]>
    </line>
    <line>
      <![CDATA[WebElement clicked.]]>
    </line>
    <line>
      <![CDATA[Screenshot Reset Password Page successfully taken.]]>
    </line>
    <line>
      <![CDATA[******************Test Ended************************]]>
    </line>
  </reporter-output>
  <suite name="ChannelGate SIP" duration-ms="858627" started-at="2021-07-10T15:40:51Z" finished-at="2021-07-10T15:55:10Z">
    <groups>
    </groups>
    <test name="Test Login" duration-ms="44656" started-at="2021-07-10T15:40:51Z" finished-at="2021-07-10T15:41:36Z">
      <class name="com.qualitesoft.channelgatesip.testscripts.TestLogin">
        <test-method status="PASS" signature="initialize(org.testng.ITestContext)[pri:0, instance:com.qualitesoft.channelgatesip.testscripts.TestLogin@38bc8ab5]" name="initialize" is-config="true" duration-ms="1128" started-at="2021-07-10T15:40:51Z" finished-at="2021-07-10T15:40:53Z">
          <params>
            <param index="0">
              <value>
                <![CDATA[org.testng.TestRunner@1869fbd2]]>
              </value>
            </param>
          </params>
          <reporter-output>
            <line>
              <![CDATA[*****************************Test Login started.]]>
            </line>
          </reporter-output>
        </test-method> <!-- initialize -->
        <test-method status="PASS" signature="verifyRequiredFieldValidation()[pri:1, instance:com.qualitesoft.channelgatesip.testscripts.TestLogin@38bc8ab5]" name="verifyRequiredFieldValidation" duration-ms="11056" started-at="2021-07-10T15:40:53Z" finished-at="2021-07-10T15:41:04Z">
          <reporter-output>
            <line>
              <![CDATA[Screenshot Login Page successfully taken.]]>
            </line>
            <line>
              <![CDATA[Element by By.xpath: (//button[@type='submit'])[1] found.]]>
            </line>
            <line>
              <![CDATA[WebElement clicked.]]>
            </line>
            <line>
              <![CDATA[Element by By.xpath: (//span[@class='help-block'])[1] found.]]>
            </line>
            <line>
              <![CDATA[Element by By.xpath: (//span[@class='help-block'])[2] found.]]>
            </line>
            <line>
              <![CDATA[Email is required.]]>
            </line>
            <line>
              <![CDATA[[Email is required.] matched with [Email is required.]]]>
            </line>
            <line>
              <![CDATA[Password is required]]>
            </line>
            <line>
              <![CDATA[[Password is required] matched with [Password is required]]]>
            </line>
          </reporter-output>
        </test-method> <!-- verifyRequiredFieldValidation -->
        <test-method status="PASS" signature="verifyInvalidEmailsValidation(java.lang.String, java.lang.String)[pri:2, instance:com.qualitesoft.channelgatesip.testscripts.TestLogin@38bc8ab5]" name="verifyInvalidEmailsValidation" duration-ms="801" started-at="2021-07-10T15:41:04Z" data-provider="InvalidEmailFormat" finished-at="2021-07-10T15:41:05Z">
          <params>
            <param index="0">
              <value>
                <![CDATA[email1]]>
              </value>
            </param>
            <param index="1">
              <value>
                <![CDATA[qatest]]>
              </value>
            </param>
          </params>
          <reporter-output>
            <line>
              <![CDATA[Element by By.xpath: //input[@name='email'] found.]]>
            </line>
            <line>
              <![CDATA[Text send.]]>
            </line>
            <line>
              <![CDATA[Element by By.xpath: (//button[@type='submit'])[1] found.]]>
            </line>
            <line>
              <![CDATA[WebElement clicked.]]>
            </line>
            <line>
              <![CDATA[Element by By.xpath: (//span[@class='help-block'])[1] found.]]>
            </line>
            <line>
              <![CDATA[Your email address is invalid.]]>
            </line>
            <line>
              <![CDATA[[Your email address is invalid.] matched with [Your email address is invalid.]]]>
            </line>
          </reporter-output>
        </test-method> <!-- verifyInvalidEmailsValidation -->
        <test-method status="PASS" signature="verifyInvalidEmailsValidation(java.lang.String, java.lang.String)[pri:2, instance:com.qualitesoft.channelgatesip.testscripts.TestLogin@38bc8ab5]" name="verifyInvalidEmailsValidation" duration-ms="600" started-at="2021-07-10T15:41:05Z" data-provider="InvalidEmailFormat" finished-at="2021-07-10T15:41:05Z">
          <params>
            <param index="0">
              <value>
                <![CDATA[email2]]>
              </value>
            </param>
            <param index="1">
              <value>
                <![CDATA[qatest@]]>
              </value>
            </param>
          </params>
          <reporter-output>
            <line>
              <![CDATA[Element by By.xpath: //input[@name='email'] found.]]>
            </line>
            <line>
              <![CDATA[Text send.]]>
            </line>
            <line>
              <![CDATA[Element by By.xpath: (//button[@type='submit'])[1] found.]]>
            </line>
            <line>
              <![CDATA[WebElement clicked.]]>
            </line>
            <line>
              <![CDATA[Element by By.xpath: (//span[@class='help-block'])[1] found.]]>
            </line>
            <line>
              <![CDATA[Your email address is invalid.]]>
            </line>
            <line>
              <![CDATA[[Your email address is invalid.] matched with [Your email address is invalid.]]]>
            </line>
          </reporter-output>
        </test-method> <!-- verifyInvalidEmailsValidation -->
        <test-method status="FAIL" signature="verifyInvalidEmailsValidation(java.lang.String, java.lang.String)[pri:2, instance:com.qualitesoft.channelgatesip.testscripts.TestLogin@38bc8ab5]" name="verifyInvalidEmailsValidation" duration-ms="637" started-at="2021-07-10T15:41:05Z" data-provider="InvalidEmailFormat" finished-at="2021-07-10T15:41:06Z">
          <params>
            <param index="0">
              <value>
                <![CDATA[email3]]>
              </value>
            </param>
            <param index="1">
              <value>
                <![CDATA[qatest@com]]>
              </value>
            </param>
          </params>
          <exception class="java.lang.AssertionError">
            <message>
              <![CDATA[expected [Your email address is invalid.] but found [Password is required]]]>
            </message>
            <full-stacktrace>
              <![CDATA[java.lang.AssertionError: expected [Your email address is invalid.] but found [Password is required]
at org.testng.Assert.fail(Assert.java:96)
at org.testng.Assert.failNotEquals(Assert.java:776)
at org.testng.Assert.assertEqualsImpl(Assert.java:137)
at org.testng.Assert.assertEquals(Assert.java:118)
at org.testng.Assert.assertEquals(Assert.java:453)
at org.testng.Assert.assertEquals(Assert.java:463)
at com.qualitesoft.core.UseAssert.assertEquals(UseAssert.java:8)
at com.qualitesoft.channelgatesip.testscripts.TestLogin.verifyInvalidEmailsValidation(TestLogin.java:42)
at sun.reflect.NativeMethodAccessorImpl.invoke0(Native Method)
at sun.reflect.NativeMethodAccessorImpl.invoke(Unknown Source)
at sun.reflect.DelegatingMethodAccessorImpl.invoke(Unknown Source)
at java.lang.reflect.Method.invoke(Unknown Source)
at org.testng.internal.MethodInvocationHelper.invokeMethod(MethodInvocationHelper.java:124)
at org.testng.internal.Invoker.invokeMethod(Invoker.java:583)
at org.testng.internal.Invoker.invokeTestMethod(Invoker.java:719)
at org.testng.internal.Invoker.invokeTestMethods(Invoker.java:989)
at org.testng.internal.TestMethodWorker.invokeTestMethods(TestMethodWorker.java:125)
at org.testng.internal.TestMethodWorker.run(TestMethodWorker.java:109)
at org.testng.TestRunner.privateRun(TestRunner.java:648)
at org.testng.TestRunner.run(TestRunner.java:505)
at org.testng.SuiteRunner.runTest(SuiteRunner.java:455)
at org.testng.SuiteRunner.runSequentially(SuiteRunner.java:450)
at org.testng.SuiteRunner.privateRun(SuiteRunner.java:415)
at org.testng.SuiteRunner.run(SuiteRunner.java:364)
at org.testng.SuiteRunnerWorker.runSuite(SuiteRunnerWorker.java:52)
at org.testng.SuiteRunnerWorker.run(SuiteRunnerWorker.java:84)
at org.testng.TestNG.runSuitesSequentially(TestNG.java:1208)
at org.testng.TestNG.runSuitesLocally(TestNG.java:1137)
at org.testng.TestNG.runSuites(TestNG.java:1049)
at org.testng.TestNG.run(TestNG.java:1017)
at org.testng.remote.AbstractRemoteTestNG.run(AbstractRemoteTestNG.java:114)
at org.testng.remote.RemoteTestNG.initAndRun(RemoteTestNG.java:251)
at org.testng.remote.RemoteTestNG.main(RemoteTestNG.java:77)
]]>
            </full-stacktrace>
          </exception> <!-- java.lang.AssertionError -->
          <reporter-output>
            <line>
              <![CDATA[Element by By.xpath: //input[@name='email'] found.]]>
            </line>
            <line>
              <![CDATA[Text send.]]>
            </line>
            <line>
              <![CDATA[Element by By.xpath: (//button[@type='submit'])[1] found.]]>
            </line>
            <line>
              <![CDATA[WebElement clicked.]]>
            </line>
            <line>
              <![CDATA[Element by By.xpath: (//span[@class='help-block'])[1] found.]]>
            </line>
            <line>
              <![CDATA[Your email address is invalid.]]>
            </line>
            <line>
              <![CDATA[expected [Your email address is invalid.] but found [Password is required]]]>
            </line>
          </reporter-output>
        </test-method> <!-- verifyInvalidEmailsValidation -->
        <test-method status="PASS" signature="verifyInvalidEmailsValidation(java.lang.String, java.lang.String)[pri:2, instance:com.qualitesoft.channelgatesip.testscripts.TestLogin@38bc8ab5]" name="verifyInvalidEmailsValidation" duration-ms="698" started-at="2021-07-10T15:41:06Z" data-provider="InvalidEmailFormat" finished-at="2021-07-10T15:41:06Z">
          <params>
            <param index="0">
              <value>
                <![CDATA[email4]]>
              </value>
            </param>
            <param index="1">
              <value>
                <![CDATA[qatest@test..com]]>
              </value>
            </param>
          </params>
          <reporter-output>
            <line>
              <![CDATA[Element by By.xpath: //input[@name='email'] found.]]>
            </line>
            <line>
              <![CDATA[Text send.]]>
            </line>
            <line>
              <![CDATA[Element by By.xpath: (//button[@type='submit'])[1] found.]]>
            </line>
            <line>
              <![CDATA[WebElement clicked.]]>
            </line>
            <line>
              <![CDATA[Element by By.xpath: (//span[@class='help-block'])[1] found.]]>
            </line>
            <line>
              <![CDATA[Your email address is invalid.]]>
            </line>
            <line>
              <![CDATA[[Your email address is invalid.] matched with [Your email address is invalid.]]]>
            </line>
          </reporter-output>
        </test-method> <!-- verifyInvalidEmailsValidation -->
        <test-method status="PASS" signature="verifyInvalidEmailsValidation(java.lang.String, java.lang.String)[pri:2, instance:com.qualitesoft.channelgatesip.testscripts.TestLogin@38bc8ab5]" name="verifyInvalidEmailsValidation" duration-ms="679" started-at="2021-07-10T15:41:06Z" data-provider="InvalidEmailFormat" finished-at="2021-07-10T15:41:07Z">
          <params>
            <param index="0">
              <value>
                <![CDATA[email5]]>
              </value>
            </param>
            <param index="1">
              <value>
                <![CDATA[qatest@@test.com]]>
              </value>
            </param>
          </params>
          <reporter-output>
            <line>
              <![CDATA[Element by By.xpath: //input[@name='email'] found.]]>
            </line>
            <line>
              <![CDATA[Text send.]]>
            </line>
            <line>
              <![CDATA[Element by By.xpath: (//button[@type='submit'])[1] found.]]>
            </line>
            <line>
              <![CDATA[WebElement clicked.]]>
            </line>
            <line>
              <![CDATA[Element by By.xpath: (//span[@class='help-block'])[1] found.]]>
            </line>
            <line>
              <![CDATA[Your email address is invalid.]]>
            </line>
            <line>
              <![CDATA[[Your email address is invalid.] matched with [Your email address is invalid.]]]>
            </line>
          </reporter-output>
        </test-method> <!-- verifyInvalidEmailsValidation -->
        <test-method status="PASS" signature="verifyInvalidEmailsValidation(java.lang.String, java.lang.String)[pri:2, instance:com.qualitesoft.channelgatesip.testscripts.TestLogin@38bc8ab5]" name="verifyInvalidEmailsValidation" duration-ms="591" started-at="2021-07-10T15:41:07Z" data-provider="InvalidEmailFormat" finished-at="2021-07-10T15:41:08Z">
          <params>
            <param index="0">
              <value>
                <![CDATA[email6]]>
              </value>
            </param>
            <param index="1">
              <value>
                <![CDATA[qatest@.test.com]]>
              </value>
            </param>
          </params>
          <reporter-output>
            <line>
              <![CDATA[Element by By.xpath: //input[@name='email'] found.]]>
            </line>
            <line>
              <![CDATA[Text send.]]>
            </line>
            <line>
              <![CDATA[Element by By.xpath: (//button[@type='submit'])[1] found.]]>
            </line>
            <line>
              <![CDATA[WebElement clicked.]]>
            </line>
            <line>
              <![CDATA[Element by By.xpath: (//span[@class='help-block'])[1] found.]]>
            </line>
            <line>
              <![CDATA[Your email address is invalid.]]>
            </line>
            <line>
              <![CDATA[[Your email address is invalid.] matched with [Your email address is invalid.]]]>
            </line>
          </reporter-output>
        </test-method> <!-- verifyInvalidEmailsValidation -->
        <test-method status="PASS" signature="verifyInvalidEmailsValidation(java.lang.String, java.lang.String)[pri:2, instance:com.qualitesoft.channelgatesip.testscripts.TestLogin@38bc8ab5]" name="verifyInvalidEmailsValidation" duration-ms="490" started-at="2021-07-10T15:41:08Z" data-provider="InvalidEmailFormat" finished-at="2021-07-10T15:41:08Z">
          <params>
            <param index="0">
              <value>
                <![CDATA[email7]]>
              </value>
            </param>
            <param index="1">
              <value>
                <![CDATA[qatest.@test.com]]>
              </value>
            </param>
          </params>
          <reporter-output>
            <line>
              <![CDATA[Element by By.xpath: //input[@name='email'] found.]]>
            </line>
            <line>
              <![CDATA[Text send.]]>
            </line>
            <line>
              <![CDATA[Element by By.xpath: (//button[@type='submit'])[1] found.]]>
            </line>
            <line>
              <![CDATA[WebElement clicked.]]>
            </line>
            <line>
              <![CDATA[Element by By.xpath: (//span[@class='help-block'])[1] found.]]>
            </line>
            <line>
              <![CDATA[Your email address is invalid.]]>
            </line>
            <line>
              <![CDATA[[Your email address is invalid.] matched with [Your email address is invalid.]]]>
            </line>
          </reporter-output>
        </test-method> <!-- verifyInvalidEmailsValidation -->
        <test-method status="PASS" signature="verifyInvalidEmailsValidation(java.lang.String, java.lang.String)[pri:2, instance:com.qualitesoft.channelgatesip.testscripts.TestLogin@38bc8ab5]" name="verifyInvalidEmailsValidation" duration-ms="395" started-at="2021-07-10T15:41:08Z" data-provider="InvalidEmailFormat" finished-at="2021-07-10T15:41:09Z">
          <params>
            <param index="0">
              <value>
                <![CDATA[email8]]>
              </value>
            </param>
            <param index="1">
              <value>
                <![CDATA[qa..test@test.com]]>
              </value>
            </param>
          </params>
          <reporter-output>
            <line>
              <![CDATA[Element by By.xpath: //input[@name='email'] found.]]>
            </line>
            <line>
              <![CDATA[Text send.]]>
            </line>
            <line>
              <![CDATA[Element by By.xpath: (//button[@type='submit'])[1] found.]]>
            </line>
            <line>
              <![CDATA[WebElement clicked.]]>
            </line>
            <line>
              <![CDATA[Element by By.xpath: (//span[@class='help-block'])[1] found.]]>
            </line>
            <line>
              <![CDATA[Your email address is invalid.]]>
            </line>
            <line>
              <![CDATA[[Your email address is invalid.] matched with [Your email address is invalid.]]]>
            </line>
          </reporter-output>
        </test-method> <!-- verifyInvalidEmailsValidation -->
        <test-method status="PASS" signature="verifyInvalidEmailsValidation(java.lang.String, java.lang.String)[pri:2, instance:com.qualitesoft.channelgatesip.testscripts.TestLogin@38bc8ab5]" name="verifyInvalidEmailsValidation" duration-ms="670" started-at="2021-07-10T15:41:09Z" data-provider="InvalidEmailFormat" finished-at="2021-07-10T15:41:09Z">
          <params>
            <param index="0">
              <value>
                <![CDATA[email9]]>
              </value>
            </param>
            <param index="1">
              <value>
                <![CDATA[.qatest@test.com]]>
              </value>
            </param>
          </params>
          <reporter-output>
            <line>
              <![CDATA[Element by By.xpath: //input[@name='email'] found.]]>
            </line>
            <line>
              <![CDATA[Text send.]]>
            </line>
            <line>
              <![CDATA[Element by By.xpath: (//button[@type='submit'])[1] found.]]>
            </line>
            <line>
              <![CDATA[WebElement clicked.]]>
            </line>
            <line>
              <![CDATA[Element by By.xpath: (//span[@class='help-block'])[1] found.]]>
            </line>
            <line>
              <![CDATA[Your email address is invalid.]]>
            </line>
            <line>
              <![CDATA[[Your email address is invalid.] matched with [Your email address is invalid.]]]>
            </line>
          </reporter-output>
        </test-method> <!-- verifyInvalidEmailsValidation -->
        <test-method status="PASS" signature="verifyInvalidEmailsValidation(java.lang.String, java.lang.String)[pri:2, instance:com.qualitesoft.channelgatesip.testscripts.TestLogin@38bc8ab5]" name="verifyInvalidEmailsValidation" duration-ms="823" started-at="2021-07-10T15:41:09Z" data-provider="InvalidEmailFormat" finished-at="2021-07-10T15:41:10Z">
          <params>
            <param index="0">
              <value>
                <![CDATA[email10]]>
              </value>
            </param>
            <param index="1">
              <value>
                <![CDATA[qatest@test.com.]]>
              </value>
            </param>
          </params>
          <reporter-output>
            <line>
              <![CDATA[Element by By.xpath: //input[@name='email'] found.]]>
            </line>
            <line>
              <![CDATA[Text send.]]>
            </line>
            <line>
              <![CDATA[Element by By.xpath: (//button[@type='submit'])[1] found.]]>
            </line>
            <line>
              <![CDATA[WebElement clicked.]]>
            </line>
            <line>
              <![CDATA[Element by By.xpath: (//span[@class='help-block'])[1] found.]]>
            </line>
            <line>
              <![CDATA[Your email address is invalid.]]>
            </line>
            <line>
              <![CDATA[[Your email address is invalid.] matched with [Your email address is invalid.]]]>
            </line>
          </reporter-output>
        </test-method> <!-- verifyInvalidEmailsValidation -->
        <test-method status="PASS" signature="verifyInvalidCredentialsValidation()[pri:3, instance:com.qualitesoft.channelgatesip.testscripts.TestLogin@38bc8ab5]" name="verifyInvalidCredentialsValidation" duration-ms="3957" started-at="2021-07-10T15:41:10Z" finished-at="2021-07-10T15:41:14Z">
          <reporter-output>
            <line>
              <![CDATA[Element by By.xpath: //input[@name='email'] found.]]>
            </line>
            <line>
              <![CDATA[Text send.]]>
            </line>
            <line>
              <![CDATA[Element by By.xpath: //input[@name='password'] found.]]>
            </line>
            <line>
              <![CDATA[Text send.]]>
            </line>
            <line>
              <![CDATA[Element by By.xpath: (//button[@type='submit'])[1] found.]]>
            </line>
            <line>
              <![CDATA[WebElement clicked.]]>
            </line>
            <line>
              <![CDATA[Element by By.xpath: (//li[@class='text-danger'])[1] found.]]>
            </line>
            <line>
              <![CDATA[The user name or password is incorrect.]]>
            </line>
            <line>
              <![CDATA[[The user name or password is incorrect.] matched with [The user name or password is incorrect.]]]>
            </line>
          </reporter-output>
        </test-method> <!-- verifyInvalidCredentialsValidation -->
        <test-method status="PASS" signature="testInstance()[pri:4, instance:com.qualitesoft.channelgatesip.testscripts.TestLogin@38bc8ab5]" name="testInstance" duration-ms="22006" started-at="2021-07-10T15:41:14Z" finished-at="2021-07-10T15:41:36Z">
          <reporter-output>
            <line>
              <![CDATA[Element by By.xpath: //input[@name='email'] found.]]>
            </line>
            <line>
              <![CDATA[Text send.]]>
            </line>
            <line>
              <![CDATA[Element by By.xpath: //input[@name='password'] found.]]>
            </line>
            <line>
              <![CDATA[Text send.]]>
            </line>
            <line>
              <![CDATA[Screenshot Login filled details successfully taken.]]>
            </line>
            <line>
              <![CDATA[Element by By.xpath: (//button[@type='submit'])[1] found.]]>
            </line>
            <line>
              <![CDATA[WebElement clicked.]]>
            </line>
            <line>
              <![CDATA[Screenshot After Login  successfully taken.]]>
            </line>
            <line>
              <![CDATA[Element by By.xpath: //h4[contains(@id,'dialog-help-intro')] found.]]>
            </line>
            <line>
              <![CDATA[[Welcome to Channel Gate] matched with [Welcome to Channel Gate]]]>
            </line>
            <line>
              <![CDATA[Element by By.xpath: (//h4[contains(@id,'dialog-help-intro')]//following::button)[1] found.]]>
            </line>
            <line>
              <![CDATA[WebElement clicked.]]>
            </line>
          </reporter-output>
        </test-method> <!-- testInstance -->
      </class> <!-- com.qualitesoft.channelgatesip.testscripts.TestLogin -->
    </test> <!-- Test Login -->
    <test name="TestInstance" duration-ms="59089" started-at="2021-07-10T15:41:36Z" finished-at="2021-07-10T15:42:36Z">
      <class name="com.qualitesoft.channelgatesip.testscripts.TestInstance">
        <test-method status="PASS" signature="initialize(org.testng.ITestContext)[pri:0, instance:com.qualitesoft.channelgatesip.testscripts.TestInstance@4d3167f4]" name="initialize" is-config="true" duration-ms="1262" started-at="2021-07-10T15:41:36Z" finished-at="2021-07-10T15:41:38Z">
          <params>
            <param index="0">
              <value>
                <![CDATA[org.testng.TestRunner@6af9fcb2]]>
              </value>
            </param>
          </params>
          <reporter-output>
            <line>
              <![CDATA[*****************************TestInstance started.]]>
            </line>
          </reporter-output>
        </test-method> <!-- initialize -->
        <test-method status="FAIL" signature="testInstance()[pri:0, instance:com.qualitesoft.channelgatesip.testscripts.TestInstance@4d3167f4]" name="testInstance" duration-ms="57774" started-at="2021-07-10T15:41:38Z" finished-at="2021-07-10T15:42:36Z">
          <exception class="org.openqa.selenium.TimeoutException">
            <message>
              <![CDATA[Timed out after 50 seconds waiting for presence of element located by: By.xpath: //ul[@class='nav nav-pills-cyan nav-pills-icons nav-pills']/li[3]//a
Build info: version: '2.52.0', revision: '4c2593c', time: '2016-02-11 19:06:42'
System info: host: 'DESKTOP-H4389BG', ip: '192.168.1.78', os.name: 'Windows 10', os.arch: 'amd64', os.version: '10.0', java.version: '1.8.0_231'
Driver info: org.openqa.selenium.chrome.ChromeDriver
Capabilities [{applicationCacheEnabled=false, rotatable=false, mobileEmulationEnabled=false, networkConnectionEnabled=false, chrome={chromedriverVersion=2.35.528161 (5b82f2d2aae0ca24b877009200ced9065a772e73), userDataDir=C:\Users\ACER\AppData\Local\Temp\scoped_dir1908_5503}, takesHeapSnapshot=true, pageLoadStrategy=normal, databaseEnabled=false, handlesAlerts=true, hasTouchScreen=false, version=91.0.4472.124, platform=XP, browserConnectionEnabled=false, nativeEvents=true, acceptSslCerts=false, acceptInsecureCerts=false, locationContextEnabled=true, webStorageEnabled=true, browserName=chrome, takesScreenshot=true, javascriptEnabled=true, cssSelectorsEnabled=true, setWindowRect=true, unexpectedAlertBehaviour=}]
Session ID: 087301c2c900a03832558a0f34ffb5b0]]>
            </message>
            <full-stacktrace>
              <![CDATA[org.openqa.selenium.TimeoutException: Timed out after 50 seconds waiting for presence of element located by: By.xpath: //ul[@class='nav nav-pills-cyan nav-pills-icons nav-pills']/li[3]//a
Build info: version: '2.52.0', revision: '4c2593c', time: '2016-02-11 19:06:42'
System info: host: 'DESKTOP-H4389BG', ip: '192.168.1.78', os.name: 'Windows 10', os.arch: 'amd64', os.version: '10.0', java.version: '1.8.0_231'
Driver info: org.openqa.selenium.chrome.ChromeDriver
Capabilities [{applicationCacheEnabled=false, rotatable=false, mobileEmulationEnabled=false, networkConnectionEnabled=false, chrome={chromedriverVersion=2.35.528161 (5b82f2d2aae0ca24b877009200ced9065a772e73), userDataDir=C:\Users\ACER\AppData\Local\Temp\scoped_dir1908_5503}, takesHeapSnapshot=true, pageLoadStrategy=normal, databaseEnabled=false, handlesAlerts=true, hasTouchScreen=false, version=91.0.4472.124, platform=XP, browserConnectionEnabled=false, nativeEvents=true, acceptSslCerts=false, acceptInsecureCerts=false, locationContextEnabled=true, webStorageEnabled=true, browserName=chrome, takesScreenshot=true, javascriptEnabled=true, cssSelectorsEnabled=true, setWindowRect=true, unexpectedAlertBehaviour=}]
Session ID: 087301c2c900a03832558a0f34ffb5b0
at org.openqa.selenium.support.ui.WebDriverWait.timeoutException(WebDriverWait.java:80)
at org.openqa.selenium.support.ui.FluentWait.until(FluentWait.java:261)
at com.qualitesoft.core.WaitTool.waitForElementPresentAndDisplay(WaitTool.java:19)
at com.qualitesoft.channelgatesip.pageobjects.LoginPage.siplink(LoginPage.java:45)
at com.qualitesoft.channelgatesip.testscripts.TestInstance.testInstance(TestInstance.java:19)
at sun.reflect.NativeMethodAccessorImpl.invoke0(Native Method)
at sun.reflect.NativeMethodAccessorImpl.invoke(Unknown Source)
at sun.reflect.DelegatingMethodAccessorImpl.invoke(Unknown Source)
at java.lang.reflect.Method.invoke(Unknown Source)
at org.testng.internal.MethodInvocationHelper.invokeMethod(MethodInvocationHelper.java:124)
at org.testng.internal.Invoker.invokeMethod(Invoker.java:583)
at org.testng.internal.Invoker.invokeTestMethod(Invoker.java:719)
at org.testng.internal.Invoker.invokeTestMethods(Invoker.java:989)
at org.testng.internal.TestMethodWorker.invokeTestMethods(TestMethodWorker.java:125)
at org.testng.internal.TestMethodWorker.run(TestMethodWorker.java:109)
at org.testng.TestRunner.privateRun(TestRunner.java:648)
at org.testng.TestRunner.run(TestRunner.java:505)
at org.testng.SuiteRunner.runTest(SuiteRunner.java:455)
at org.testng.SuiteRunner.runSequentially(SuiteRunner.java:450)
at org.testng.SuiteRunner.privateRun(SuiteRunner.java:415)
at org.testng.SuiteRunner.run(SuiteRunner.java:364)
at org.testng.SuiteRunnerWorker.runSuite(SuiteRunnerWorker.java:52)
at org.testng.SuiteRunnerWorker.run(SuiteRunnerWorker.java:84)
at org.testng.TestNG.runSuitesSequentially(TestNG.java:1208)
at org.testng.TestNG.runSuitesLocally(TestNG.java:1137)
at org.testng.TestNG.runSuites(TestNG.java:1049)
at org.testng.TestNG.run(TestNG.java:1017)
at org.testng.remote.AbstractRemoteTestNG.run(AbstractRemoteTestNG.java:114)
at org.testng.remote.RemoteTestNG.initAndRun(RemoteTestNG.java:251)
at org.testng.remote.RemoteTestNG.main(RemoteTestNG.java:77)
Caused by: org.openqa.selenium.NoSuchElementException: no such element: Unable to locate element: {"method":"xpath","selector":"//ul[@class='nav nav-pills-cyan nav-pills-icons nav-pills']/li[3]//a"}
  (Session info: chrome=91.0.4472.124)
  (Driver info: chromedriver=2.35.528161 (5b82f2d2aae0ca24b877009200ced9065a772e73),platform=Windows NT 10.0.19042 x86_64) (WARNING: The server did not provide any stacktrace information)
Command duration or timeout: 36 milliseconds
For documentation on this error, please visit: http://seleniumhq.org/exceptions/no_such_element.html
Build info: version: '2.52.0', revision: '4c2593c', time: '2016-02-11 19:06:42'
System info: host: 'DESKTOP-H4389BG', ip: '192.168.1.78', os.name: 'Windows 10', os.arch: 'amd64', os.version: '10.0', java.version: '1.8.0_231'
Driver info: org.openqa.selenium.chrome.ChromeDriver
Capabilities [{applicationCacheEnabled=false, rotatable=false, mobileEmulationEnabled=false, networkConnectionEnabled=false, chrome={chromedriverVersion=2.35.528161 (5b82f2d2aae0ca24b877009200ced9065a772e73), userDataDir=C:\Users\ACER\AppData\Local\Temp\scoped_dir1908_5503}, takesHeapSnapshot=true, pageLoadStrategy=normal, databaseEnabled=false, handlesAlerts=true, hasTouchScreen=false, version=91.0.4472.124, platform=XP, browserConnectionEnabled=false, nativeEvents=true, acceptSslCerts=false, acceptInsecureCerts=false, locationContextEnabled=true, webStorageEnabled=true, browserName=chrome, takesScreenshot=true, javascriptEnabled=true, cssSelectorsEnabled=true, setWindowRect=true, unexpectedAlertBehaviour=}]
Session ID: 087301c2c900a03832558a0f34ffb5b0
*** Element info: {Using=xpath, value=//ul[@class='nav nav-pills-cyan nav-pills-icons nav-pills']/li[3]//a}
at sun.reflect.GeneratedConstructorAccessor14.newInstance(Unknown Source)
at sun.reflect.DelegatingConstructorAccessorImpl.newInstance(Unknown Source)
at java.lang.reflect.Constructor.newInstance(Unknown Source)
at org.openqa.selenium.remote.ErrorHandler.createThrowable(ErrorHandler.java:206)
at org.openqa.selenium.remote.ErrorHandler.throwIfResponseFailed(ErrorHandler.java:158)
at org.openqa.selenium.remote.RemoteWebDriver.execute(RemoteWebDriver.java:678)
at org.openqa.selenium.remote.RemoteWebDriver.findElement(RemoteWebDriver.java:363)
at org.openqa.selenium.remote.RemoteWebDriver.findElementByXPath(RemoteWebDriver.java:500)
at org.openqa.selenium.By$ByXPath.findElement(By.java:361)
at org.openqa.selenium.remote.RemoteWebDriver.findElement(RemoteWebDriver.java:355)
at org.openqa.selenium.support.ui.ExpectedConditions.findElement(ExpectedConditions.java:911)
at org.openqa.selenium.support.ui.ExpectedConditions.access$0(ExpectedConditions.java:909)
at org.openqa.selenium.support.ui.ExpectedConditions$6.apply(ExpectedConditions.java:181)
at org.openqa.selenium.support.ui.ExpectedConditions$6.apply(ExpectedConditions.java:1)
at org.openqa.selenium.support.ui.FluentWait.until(FluentWait.java:238)
... 28 more
]]>
            </full-stacktrace>
          </exception> <!-- org.openqa.selenium.TimeoutException -->
          <reporter-output>
            <line>
              <![CDATA[Screenshot SIP Home page successfully taken.]]>
            </line>
            <line>
              <![CDATA[not able to find element by (By.xpath: //ul[@class='nav nav-pills-cyan nav-pills-icons nav-pills']/li[3]//a) in '50' seconds]]>
            </line>
          </reporter-output>
        </test-method> <!-- testInstance -->
      </class> <!-- com.qualitesoft.channelgatesip.testscripts.TestInstance -->
    </test> <!-- TestInstance -->
    <test name="TestAdminPortal" duration-ms="36515" started-at="2021-07-10T15:42:36Z" finished-at="2021-07-10T15:43:12Z">
      <class name="com.qualitesoft.channelgatesip.testscripts.TestAdminPortal">
        <test-method status="PASS" signature="initialize(org.testng.ITestContext)[pri:0, instance:com.qualitesoft.channelgatesip.testscripts.TestAdminPortal@612679d6]" name="initialize" is-config="true" duration-ms="1030" started-at="2021-07-10T15:42:36Z" finished-at="2021-07-10T15:42:37Z">
          <params>
            <param index="0">
              <value>
                <![CDATA[org.testng.TestRunner@6cce16f4]]>
              </value>
            </param>
          </params>
          <reporter-output>
            <line>
              <![CDATA[*****************************TestAdminPortal started.]]>
            </line>
          </reporter-output>
        </test-method> <!-- initialize -->
        <test-method status="FAIL" signature="testAdminPortal()[pri:0, instance:com.qualitesoft.channelgatesip.testscripts.TestAdminPortal@612679d6]" name="testAdminPortal" duration-ms="35469" started-at="2021-07-10T15:42:37Z" finished-at="2021-07-10T15:43:12Z">
          <exception class="org.openqa.selenium.TimeoutException">
            <message>
              <![CDATA[Timed out after 30 seconds waiting for presence of element located by: By.xpath: //tabs[@navclass='nav-pills-cyan nav-pills-icons']/div[2]/tab[3]/div/div[3]/div[1]/div/div/div[3]/button
Build info: version: '2.52.0', revision: '4c2593c', time: '2016-02-11 19:06:42'
System info: host: 'DESKTOP-H4389BG', ip: '192.168.1.78', os.name: 'Windows 10', os.arch: 'amd64', os.version: '10.0', java.version: '1.8.0_231'
Driver info: org.openqa.selenium.chrome.ChromeDriver
Capabilities [{applicationCacheEnabled=false, rotatable=false, mobileEmulationEnabled=false, networkConnectionEnabled=false, chrome={chromedriverVersion=2.35.528161 (5b82f2d2aae0ca24b877009200ced9065a772e73), userDataDir=C:\Users\ACER\AppData\Local\Temp\scoped_dir1908_5503}, takesHeapSnapshot=true, pageLoadStrategy=normal, databaseEnabled=false, handlesAlerts=true, hasTouchScreen=false, version=91.0.4472.124, platform=XP, browserConnectionEnabled=false, nativeEvents=true, acceptSslCerts=false, acceptInsecureCerts=false, locationContextEnabled=true, webStorageEnabled=true, browserName=chrome, takesScreenshot=true, javascriptEnabled=true, cssSelectorsEnabled=true, setWindowRect=true, unexpectedAlertBehaviour=}]
Session ID: 087301c2c900a03832558a0f34ffb5b0]]>
            </message>
            <full-stacktrace>
              <![CDATA[org.openqa.selenium.TimeoutException: Timed out after 30 seconds waiting for presence of element located by: By.xpath: //tabs[@navclass='nav-pills-cyan nav-pills-icons']/div[2]/tab[3]/div/div[3]/div[1]/div/div/div[3]/button
Build info: version: '2.52.0', revision: '4c2593c', time: '2016-02-11 19:06:42'
System info: host: 'DESKTOP-H4389BG', ip: '192.168.1.78', os.name: 'Windows 10', os.arch: 'amd64', os.version: '10.0', java.version: '1.8.0_231'
Driver info: org.openqa.selenium.chrome.ChromeDriver
Capabilities [{applicationCacheEnabled=false, rotatable=false, mobileEmulationEnabled=false, networkConnectionEnabled=false, chrome={chromedriverVersion=2.35.528161 (5b82f2d2aae0ca24b877009200ced9065a772e73), userDataDir=C:\Users\ACER\AppData\Local\Temp\scoped_dir1908_5503}, takesHeapSnapshot=true, pageLoadStrategy=normal, databaseEnabled=false, handlesAlerts=true, hasTouchScreen=false, version=91.0.4472.124, platform=XP, browserConnectionEnabled=false, nativeEvents=true, acceptSslCerts=false, acceptInsecureCerts=false, locationContextEnabled=true, webStorageEnabled=true, browserName=chrome, takesScreenshot=true, javascriptEnabled=true, cssSelectorsEnabled=true, setWindowRect=true, unexpectedAlertBehaviour=}]
Session ID: 087301c2c900a03832558a0f34ffb5b0
at org.openqa.selenium.support.ui.WebDriverWait.timeoutException(WebDriverWait.java:80)
at org.openqa.selenium.support.ui.FluentWait.until(FluentWait.java:261)
at com.qualitesoft.core.WaitTool.waitForElementPresentAndDisplay(WaitTool.java:19)
at com.qualitesoft.channelgatesip.pageobjects.LoginPage.adminPortal(LoginPage.java:50)
at com.qualitesoft.channelgatesip.testscripts.TestAdminPortal.testAdminPortal(TestAdminPortal.java:33)
at sun.reflect.NativeMethodAccessorImpl.invoke0(Native Method)
at sun.reflect.NativeMethodAccessorImpl.invoke(Unknown Source)
at sun.reflect.DelegatingMethodAccessorImpl.invoke(Unknown Source)
at java.lang.reflect.Method.invoke(Unknown Source)
at org.testng.internal.MethodInvocationHelper.invokeMethod(MethodInvocationHelper.java:124)
at org.testng.internal.Invoker.invokeMethod(Invoker.java:583)
at org.testng.internal.Invoker.invokeTestMethod(Invoker.java:719)
at org.testng.internal.Invoker.invokeTestMethods(Invoker.java:989)
at org.testng.internal.TestMethodWorker.invokeTestMethods(TestMethodWorker.java:125)
at org.testng.internal.TestMethodWorker.run(TestMethodWorker.java:109)
at org.testng.TestRunner.privateRun(TestRunner.java:648)
at org.testng.TestRunner.run(TestRunner.java:505)
at org.testng.SuiteRunner.runTest(SuiteRunner.java:455)
at org.testng.SuiteRunner.runSequentially(SuiteRunner.java:450)
at org.testng.SuiteRunner.privateRun(SuiteRunner.java:415)
at org.testng.SuiteRunner.run(SuiteRunner.java:364)
at org.testng.SuiteRunnerWorker.runSuite(SuiteRunnerWorker.java:52)
at org.testng.SuiteRunnerWorker.run(SuiteRunnerWorker.java:84)
at org.testng.TestNG.runSuitesSequentially(TestNG.java:1208)
at org.testng.TestNG.runSuitesLocally(TestNG.java:1137)
at org.testng.TestNG.runSuites(TestNG.java:1049)
at org.testng.TestNG.run(TestNG.java:1017)
at org.testng.remote.AbstractRemoteTestNG.run(AbstractRemoteTestNG.java:114)
at org.testng.remote.RemoteTestNG.initAndRun(RemoteTestNG.java:251)
at org.testng.remote.RemoteTestNG.main(RemoteTestNG.java:77)
Caused by: org.openqa.selenium.NoSuchElementException: no such element: Unable to locate element: {"method":"xpath","selector":"//tabs[@navclass='nav-pills-cyan nav-pills-icons']/div[2]/tab[3]/div/div[3]/div[1]/div/div/div[3]/button"}
  (Session info: chrome=91.0.4472.124)
  (Driver info: chromedriver=2.35.528161 (5b82f2d2aae0ca24b877009200ced9065a772e73),platform=Windows NT 10.0.19042 x86_64) (WARNING: The server did not provide any stacktrace information)
Command duration or timeout: 43 milliseconds
For documentation on this error, please visit: http://seleniumhq.org/exceptions/no_such_element.html
Build info: version: '2.52.0', revision: '4c2593c', time: '2016-02-11 19:06:42'
System info: host: 'DESKTOP-H4389BG', ip: '192.168.1.78', os.name: 'Windows 10', os.arch: 'amd64', os.version: '10.0', java.version: '1.8.0_231'
Driver info: org.openqa.selenium.chrome.ChromeDriver
Capabilities [{applicationCacheEnabled=false, rotatable=false, mobileEmulationEnabled=false, networkConnectionEnabled=false, chrome={chromedriverVersion=2.35.528161 (5b82f2d2aae0ca24b877009200ced9065a772e73), userDataDir=C:\Users\ACER\AppData\Local\Temp\scoped_dir1908_5503}, takesHeapSnapshot=true, pageLoadStrategy=normal, databaseEnabled=false, handlesAlerts=true, hasTouchScreen=false, version=91.0.4472.124, platform=XP, browserConnectionEnabled=false, nativeEvents=true, acceptSslCerts=false, acceptInsecureCerts=false, locationContextEnabled=true, webStorageEnabled=true, browserName=chrome, takesScreenshot=true, javascriptEnabled=true, cssSelectorsEnabled=true, setWindowRect=true, unexpectedAlertBehaviour=}]
Session ID: 087301c2c900a03832558a0f34ffb5b0
*** Element info: {Using=xpath, value=//tabs[@navclass='nav-pills-cyan nav-pills-icons']/div[2]/tab[3]/div/div[3]/div[1]/div/div/div[3]/button}
at sun.reflect.GeneratedConstructorAccessor14.newInstance(Unknown Source)
at sun.reflect.DelegatingConstructorAccessorImpl.newInstance(Unknown Source)
at java.lang.reflect.Constructor.newInstance(Unknown Source)
at org.openqa.selenium.remote.ErrorHandler.createThrowable(ErrorHandler.java:206)
at org.openqa.selenium.remote.ErrorHandler.throwIfResponseFailed(ErrorHandler.java:158)
at org.openqa.selenium.remote.RemoteWebDriver.execute(RemoteWebDriver.java:678)
at org.openqa.selenium.remote.RemoteWebDriver.findElement(RemoteWebDriver.java:363)
at org.openqa.selenium.remote.RemoteWebDriver.findElementByXPath(RemoteWebDriver.java:500)
at org.openqa.selenium.By$ByXPath.findElement(By.java:361)
at org.openqa.selenium.remote.RemoteWebDriver.findElement(RemoteWebDriver.java:355)
at org.openqa.selenium.support.ui.ExpectedConditions.findElement(ExpectedConditions.java:911)
at org.openqa.selenium.support.ui.ExpectedConditions.access$0(ExpectedConditions.java:909)
at org.openqa.selenium.support.ui.ExpectedConditions$6.apply(ExpectedConditions.java:181)
at org.openqa.selenium.support.ui.ExpectedConditions$6.apply(ExpectedConditions.java:1)
at org.openqa.selenium.support.ui.FluentWait.until(FluentWait.java:238)
... 28 more
]]>
            </full-stacktrace>
          </exception> <!-- org.openqa.selenium.TimeoutException -->
          <reporter-output>
            <line>
              <![CDATA[not able to find element by (By.xpath: //tabs[@navclass='nav-pills-cyan nav-pills-icons']/div[2]/tab[3]/div/div[3]/div[1]/div/div/div[3]/button) in '30' seconds]]>
            </line>
          </reporter-output>
        </test-method> <!-- testAdminPortal -->
      </class> <!-- com.qualitesoft.channelgatesip.testscripts.TestAdminPortal -->
    </test> <!-- TestAdminPortal -->
    <test name="TestSelectBrand" duration-ms="36476" started-at="2021-07-10T15:43:12Z" finished-at="2021-07-10T15:43:49Z">
      <class name="com.qualitesoft.channelgatesip.testscripts.TestSelectBrand">
        <test-method status="PASS" signature="initialize(org.testng.ITestContext)[pri:0, instance:com.qualitesoft.channelgatesip.testscripts.TestSelectBrand@69b0fd6f]" name="initialize" is-config="true" duration-ms="1061" started-at="2021-07-10T15:43:12Z" finished-at="2021-07-10T15:43:13Z">
          <params>
            <param index="0">
              <value>
                <![CDATA[org.testng.TestRunner@7efaad5a]]>
              </value>
            </param>
          </params>
          <reporter-output>
            <line>
              <![CDATA[*****************************TestSelectBrand started.]]>
            </line>
          </reporter-output>
        </test-method> <!-- initialize -->
        <test-method status="FAIL" signature="testSelectBrand()[pri:0, instance:com.qualitesoft.channelgatesip.testscripts.TestSelectBrand@69b0fd6f]" name="testSelectBrand" duration-ms="35391" started-at="2021-07-10T15:43:13Z" finished-at="2021-07-10T15:43:49Z">
          <exception class="org.openqa.selenium.TimeoutException">
            <message>
              <![CDATA[Timed out after 30 seconds waiting for presence of element located by: By.xpath: //a[@href='/app/sip/scorecard']
Build info: version: '2.52.0', revision: '4c2593c', time: '2016-02-11 19:06:42'
System info: host: 'DESKTOP-H4389BG', ip: '192.168.1.78', os.name: 'Windows 10', os.arch: 'amd64', os.version: '10.0', java.version: '1.8.0_231'
Driver info: org.openqa.selenium.chrome.ChromeDriver
Capabilities [{applicationCacheEnabled=false, rotatable=false, mobileEmulationEnabled=false, networkConnectionEnabled=false, chrome={chromedriverVersion=2.35.528161 (5b82f2d2aae0ca24b877009200ced9065a772e73), userDataDir=C:\Users\ACER\AppData\Local\Temp\scoped_dir1908_5503}, takesHeapSnapshot=true, pageLoadStrategy=normal, databaseEnabled=false, handlesAlerts=true, hasTouchScreen=false, version=91.0.4472.124, platform=XP, browserConnectionEnabled=false, nativeEvents=true, acceptSslCerts=false, acceptInsecureCerts=false, locationContextEnabled=true, webStorageEnabled=true, browserName=chrome, takesScreenshot=true, javascriptEnabled=true, cssSelectorsEnabled=true, setWindowRect=true, unexpectedAlertBehaviour=}]
Session ID: 087301c2c900a03832558a0f34ffb5b0]]>
            </message>
            <full-stacktrace>
              <![CDATA[org.openqa.selenium.TimeoutException: Timed out after 30 seconds waiting for presence of element located by: By.xpath: //a[@href='/app/sip/scorecard']
Build info: version: '2.52.0', revision: '4c2593c', time: '2016-02-11 19:06:42'
System info: host: 'DESKTOP-H4389BG', ip: '192.168.1.78', os.name: 'Windows 10', os.arch: 'amd64', os.version: '10.0', java.version: '1.8.0_231'
Driver info: org.openqa.selenium.chrome.ChromeDriver
Capabilities [{applicationCacheEnabled=false, rotatable=false, mobileEmulationEnabled=false, networkConnectionEnabled=false, chrome={chromedriverVersion=2.35.528161 (5b82f2d2aae0ca24b877009200ced9065a772e73), userDataDir=C:\Users\ACER\AppData\Local\Temp\scoped_dir1908_5503}, takesHeapSnapshot=true, pageLoadStrategy=normal, databaseEnabled=false, handlesAlerts=true, hasTouchScreen=false, version=91.0.4472.124, platform=XP, browserConnectionEnabled=false, nativeEvents=true, acceptSslCerts=false, acceptInsecureCerts=false, locationContextEnabled=true, webStorageEnabled=true, browserName=chrome, takesScreenshot=true, javascriptEnabled=true, cssSelectorsEnabled=true, setWindowRect=true, unexpectedAlertBehaviour=}]
Session ID: 087301c2c900a03832558a0f34ffb5b0
at org.openqa.selenium.support.ui.WebDriverWait.timeoutException(WebDriverWait.java:80)
at org.openqa.selenium.support.ui.FluentWait.until(FluentWait.java:261)
at com.qualitesoft.core.WaitTool.waitForElementPresentAndDisplay(WaitTool.java:19)
at com.qualitesoft.channelgatesip.pageobjects.LoginPage.scorecard(LoginPage.java:61)
at com.qualitesoft.channelgatesip.testscripts.TestSelectBrand.testSelectBrand(TestSelectBrand.java:24)
at sun.reflect.NativeMethodAccessorImpl.invoke0(Native Method)
at sun.reflect.NativeMethodAccessorImpl.invoke(Unknown Source)
at sun.reflect.DelegatingMethodAccessorImpl.invoke(Unknown Source)
at java.lang.reflect.Method.invoke(Unknown Source)
at org.testng.internal.MethodInvocationHelper.invokeMethod(MethodInvocationHelper.java:124)
at org.testng.internal.Invoker.invokeMethod(Invoker.java:583)
at org.testng.internal.Invoker.invokeTestMethod(Invoker.java:719)
at org.testng.internal.Invoker.invokeTestMethods(Invoker.java:989)
at org.testng.internal.TestMethodWorker.invokeTestMethods(TestMethodWorker.java:125)
at org.testng.internal.TestMethodWorker.run(TestMethodWorker.java:109)
at org.testng.TestRunner.privateRun(TestRunner.java:648)
at org.testng.TestRunner.run(TestRunner.java:505)
at org.testng.SuiteRunner.runTest(SuiteRunner.java:455)
at org.testng.SuiteRunner.runSequentially(SuiteRunner.java:450)
at org.testng.SuiteRunner.privateRun(SuiteRunner.java:415)
at org.testng.SuiteRunner.run(SuiteRunner.java:364)
at org.testng.SuiteRunnerWorker.runSuite(SuiteRunnerWorker.java:52)
at org.testng.SuiteRunnerWorker.run(SuiteRunnerWorker.java:84)
at org.testng.TestNG.runSuitesSequentially(TestNG.java:1208)
at org.testng.TestNG.runSuitesLocally(TestNG.java:1137)
at org.testng.TestNG.runSuites(TestNG.java:1049)
at org.testng.TestNG.run(TestNG.java:1017)
at org.testng.remote.AbstractRemoteTestNG.run(AbstractRemoteTestNG.java:114)
at org.testng.remote.RemoteTestNG.initAndRun(RemoteTestNG.java:251)
at org.testng.remote.RemoteTestNG.main(RemoteTestNG.java:77)
Caused by: org.openqa.selenium.NoSuchElementException: no such element: Unable to locate element: {"method":"xpath","selector":"//a[@href='/app/sip/scorecard']"}
  (Session info: chrome=91.0.4472.124)
  (Driver info: chromedriver=2.35.528161 (5b82f2d2aae0ca24b877009200ced9065a772e73),platform=Windows NT 10.0.19042 x86_64) (WARNING: The server did not provide any stacktrace information)
Command duration or timeout: 39 milliseconds
For documentation on this error, please visit: http://seleniumhq.org/exceptions/no_such_element.html
Build info: version: '2.52.0', revision: '4c2593c', time: '2016-02-11 19:06:42'
System info: host: 'DESKTOP-H4389BG', ip: '192.168.1.78', os.name: 'Windows 10', os.arch: 'amd64', os.version: '10.0', java.version: '1.8.0_231'
Driver info: org.openqa.selenium.chrome.ChromeDriver
Capabilities [{applicationCacheEnabled=false, rotatable=false, mobileEmulationEnabled=false, networkConnectionEnabled=false, chrome={chromedriverVersion=2.35.528161 (5b82f2d2aae0ca24b877009200ced9065a772e73), userDataDir=C:\Users\ACER\AppData\Local\Temp\scoped_dir1908_5503}, takesHeapSnapshot=true, pageLoadStrategy=normal, databaseEnabled=false, handlesAlerts=true, hasTouchScreen=false, version=91.0.4472.124, platform=XP, browserConnectionEnabled=false, nativeEvents=true, acceptSslCerts=false, acceptInsecureCerts=false, locationContextEnabled=true, webStorageEnabled=true, browserName=chrome, takesScreenshot=true, javascriptEnabled=true, cssSelectorsEnabled=true, setWindowRect=true, unexpectedAlertBehaviour=}]
Session ID: 087301c2c900a03832558a0f34ffb5b0
*** Element info: {Using=xpath, value=//a[@href='/app/sip/scorecard']}
at sun.reflect.GeneratedConstructorAccessor14.newInstance(Unknown Source)
at sun.reflect.DelegatingConstructorAccessorImpl.newInstance(Unknown Source)
at java.lang.reflect.Constructor.newInstance(Unknown Source)
at org.openqa.selenium.remote.ErrorHandler.createThrowable(ErrorHandler.java:206)
at org.openqa.selenium.remote.ErrorHandler.throwIfResponseFailed(ErrorHandler.java:158)
at org.openqa.selenium.remote.RemoteWebDriver.execute(RemoteWebDriver.java:678)
at org.openqa.selenium.remote.RemoteWebDriver.findElement(RemoteWebDriver.java:363)
at org.openqa.selenium.remote.RemoteWebDriver.findElementByXPath(RemoteWebDriver.java:500)
at org.openqa.selenium.By$ByXPath.findElement(By.java:361)
at org.openqa.selenium.remote.RemoteWebDriver.findElement(RemoteWebDriver.java:355)
at org.openqa.selenium.support.ui.ExpectedConditions.findElement(ExpectedConditions.java:911)
at org.openqa.selenium.support.ui.ExpectedConditions.access$0(ExpectedConditions.java:909)
at org.openqa.selenium.support.ui.ExpectedConditions$6.apply(ExpectedConditions.java:181)
at org.openqa.selenium.support.ui.ExpectedConditions$6.apply(ExpectedConditions.java:1)
at org.openqa.selenium.support.ui.FluentWait.until(FluentWait.java:238)
... 28 more
]]>
            </full-stacktrace>
          </exception> <!-- org.openqa.selenium.TimeoutException -->
          <reporter-output>
            <line>
              <![CDATA[not able to find element by (By.xpath: //a[@href='/app/sip/scorecard']) in '30' seconds]]>
            </line>
          </reporter-output>
        </test-method> <!-- testSelectBrand -->
      </class> <!-- com.qualitesoft.channelgatesip.testscripts.TestSelectBrand -->
    </test> <!-- TestSelectBrand -->
    <test name="TestNavigation" duration-ms="66124" started-at="2021-07-10T15:43:49Z" finished-at="2021-07-10T15:44:55Z">
      <class name="com.qualitesoft.channelgatesip.testscripts.TestNavigation">
        <test-method status="PASS" signature="initialize(org.testng.ITestContext)[pri:0, instance:com.qualitesoft.channelgatesip.testscripts.TestNavigation@b7dd107]" name="initialize" is-config="true" duration-ms="1076" started-at="2021-07-10T15:43:49Z" finished-at="2021-07-10T15:43:50Z">
          <params>
            <param index="0">
              <value>
                <![CDATA[org.testng.TestRunner@291a7e3c]]>
              </value>
            </param>
          </params>
          <reporter-output>
            <line>
              <![CDATA[*****************************TestNavigation started.]]>
            </line>
          </reporter-output>
        </test-method> <!-- initialize -->
        <test-method status="FAIL" signature="testSelectBrand()[pri:0, instance:com.qualitesoft.channelgatesip.testscripts.TestNavigation@b7dd107]" name="testSelectBrand" duration-ms="65042" started-at="2021-07-10T15:43:50Z" finished-at="2021-07-10T15:44:55Z">
          <exception class="org.openqa.selenium.TimeoutException">
            <message>
              <![CDATA[Timed out after 60 seconds waiting for presence of element located by: By.xpath: //a[@href='/app/sip/bestsellers']
Build info: version: '2.52.0', revision: '4c2593c', time: '2016-02-11 19:06:42'
System info: host: 'DESKTOP-H4389BG', ip: '192.168.1.78', os.name: 'Windows 10', os.arch: 'amd64', os.version: '10.0', java.version: '1.8.0_231'
Driver info: org.openqa.selenium.chrome.ChromeDriver
Capabilities [{applicationCacheEnabled=false, rotatable=false, mobileEmulationEnabled=false, networkConnectionEnabled=false, chrome={chromedriverVersion=2.35.528161 (5b82f2d2aae0ca24b877009200ced9065a772e73), userDataDir=C:\Users\ACER\AppData\Local\Temp\scoped_dir1908_5503}, takesHeapSnapshot=true, pageLoadStrategy=normal, databaseEnabled=false, handlesAlerts=true, hasTouchScreen=false, version=91.0.4472.124, platform=XP, browserConnectionEnabled=false, nativeEvents=true, acceptSslCerts=false, acceptInsecureCerts=false, locationContextEnabled=true, webStorageEnabled=true, browserName=chrome, takesScreenshot=true, javascriptEnabled=true, cssSelectorsEnabled=true, setWindowRect=true, unexpectedAlertBehaviour=}]
Session ID: 087301c2c900a03832558a0f34ffb5b0]]>
            </message>
            <full-stacktrace>
              <![CDATA[org.openqa.selenium.TimeoutException: Timed out after 60 seconds waiting for presence of element located by: By.xpath: //a[@href='/app/sip/bestsellers']
Build info: version: '2.52.0', revision: '4c2593c', time: '2016-02-11 19:06:42'
System info: host: 'DESKTOP-H4389BG', ip: '192.168.1.78', os.name: 'Windows 10', os.arch: 'amd64', os.version: '10.0', java.version: '1.8.0_231'
Driver info: org.openqa.selenium.chrome.ChromeDriver
Capabilities [{applicationCacheEnabled=false, rotatable=false, mobileEmulationEnabled=false, networkConnectionEnabled=false, chrome={chromedriverVersion=2.35.528161 (5b82f2d2aae0ca24b877009200ced9065a772e73), userDataDir=C:\Users\ACER\AppData\Local\Temp\scoped_dir1908_5503}, takesHeapSnapshot=true, pageLoadStrategy=normal, databaseEnabled=false, handlesAlerts=true, hasTouchScreen=false, version=91.0.4472.124, platform=XP, browserConnectionEnabled=false, nativeEvents=true, acceptSslCerts=false, acceptInsecureCerts=false, locationContextEnabled=true, webStorageEnabled=true, browserName=chrome, takesScreenshot=true, javascriptEnabled=true, cssSelectorsEnabled=true, setWindowRect=true, unexpectedAlertBehaviour=}]
Session ID: 087301c2c900a03832558a0f34ffb5b0
at org.openqa.selenium.support.ui.WebDriverWait.timeoutException(WebDriverWait.java:80)
at org.openqa.selenium.support.ui.FluentWait.until(FluentWait.java:261)
at com.qualitesoft.core.WaitTool.waitForElementPresentAndDisplay(WaitTool.java:19)
at com.qualitesoft.channelgatesip.pageobjects.LoginPage.bestsellers(LoginPage.java:66)
at com.qualitesoft.channelgatesip.testscripts.TestNavigation.testSelectBrand(TestNavigation.java:26)
at sun.reflect.NativeMethodAccessorImpl.invoke0(Native Method)
at sun.reflect.NativeMethodAccessorImpl.invoke(Unknown Source)
at sun.reflect.DelegatingMethodAccessorImpl.invoke(Unknown Source)
at java.lang.reflect.Method.invoke(Unknown Source)
at org.testng.internal.MethodInvocationHelper.invokeMethod(MethodInvocationHelper.java:124)
at org.testng.internal.Invoker.invokeMethod(Invoker.java:583)
at org.testng.internal.Invoker.invokeTestMethod(Invoker.java:719)
at org.testng.internal.Invoker.invokeTestMethods(Invoker.java:989)
at org.testng.internal.TestMethodWorker.invokeTestMethods(TestMethodWorker.java:125)
at org.testng.internal.TestMethodWorker.run(TestMethodWorker.java:109)
at org.testng.TestRunner.privateRun(TestRunner.java:648)
at org.testng.TestRunner.run(TestRunner.java:505)
at org.testng.SuiteRunner.runTest(SuiteRunner.java:455)
at org.testng.SuiteRunner.runSequentially(SuiteRunner.java:450)
at org.testng.SuiteRunner.privateRun(SuiteRunner.java:415)
at org.testng.SuiteRunner.run(SuiteRunner.java:364)
at org.testng.SuiteRunnerWorker.runSuite(SuiteRunnerWorker.java:52)
at org.testng.SuiteRunnerWorker.run(SuiteRunnerWorker.java:84)
at org.testng.TestNG.runSuitesSequentially(TestNG.java:1208)
at org.testng.TestNG.runSuitesLocally(TestNG.java:1137)
at org.testng.TestNG.runSuites(TestNG.java:1049)
at org.testng.TestNG.run(TestNG.java:1017)
at org.testng.remote.AbstractRemoteTestNG.run(AbstractRemoteTestNG.java:114)
at org.testng.remote.RemoteTestNG.initAndRun(RemoteTestNG.java:251)
at org.testng.remote.RemoteTestNG.main(RemoteTestNG.java:77)
Caused by: org.openqa.selenium.NoSuchElementException: no such element: Unable to locate element: {"method":"xpath","selector":"//a[@href='/app/sip/bestsellers']"}
  (Session info: chrome=91.0.4472.124)
  (Driver info: chromedriver=2.35.528161 (5b82f2d2aae0ca24b877009200ced9065a772e73),platform=Windows NT 10.0.19042 x86_64) (WARNING: The server did not provide any stacktrace information)
Command duration or timeout: 36 milliseconds
For documentation on this error, please visit: http://seleniumhq.org/exceptions/no_such_element.html
Build info: version: '2.52.0', revision: '4c2593c', time: '2016-02-11 19:06:42'
System info: host: 'DESKTOP-H4389BG', ip: '192.168.1.78', os.name: 'Windows 10', os.arch: 'amd64', os.version: '10.0', java.version: '1.8.0_231'
Driver info: org.openqa.selenium.chrome.ChromeDriver
Capabilities [{applicationCacheEnabled=false, rotatable=false, mobileEmulationEnabled=false, networkConnectionEnabled=false, chrome={chromedriverVersion=2.35.528161 (5b82f2d2aae0ca24b877009200ced9065a772e73), userDataDir=C:\Users\ACER\AppData\Local\Temp\scoped_dir1908_5503}, takesHeapSnapshot=true, pageLoadStrategy=normal, databaseEnabled=false, handlesAlerts=true, hasTouchScreen=false, version=91.0.4472.124, platform=XP, browserConnectionEnabled=false, nativeEvents=true, acceptSslCerts=false, acceptInsecureCerts=false, locationContextEnabled=true, webStorageEnabled=true, browserName=chrome, takesScreenshot=true, javascriptEnabled=true, cssSelectorsEnabled=true, setWindowRect=true, unexpectedAlertBehaviour=}]
Session ID: 087301c2c900a03832558a0f34ffb5b0
*** Element info: {Using=xpath, value=//a[@href='/app/sip/bestsellers']}
at sun.reflect.GeneratedConstructorAccessor14.newInstance(Unknown Source)
at sun.reflect.DelegatingConstructorAccessorImpl.newInstance(Unknown Source)
at java.lang.reflect.Constructor.newInstance(Unknown Source)
at org.openqa.selenium.remote.ErrorHandler.createThrowable(ErrorHandler.java:206)
at org.openqa.selenium.remote.ErrorHandler.throwIfResponseFailed(ErrorHandler.java:158)
at org.openqa.selenium.remote.RemoteWebDriver.execute(RemoteWebDriver.java:678)
at org.openqa.selenium.remote.RemoteWebDriver.findElement(RemoteWebDriver.java:363)
at org.openqa.selenium.remote.RemoteWebDriver.findElementByXPath(RemoteWebDriver.java:500)
at org.openqa.selenium.By$ByXPath.findElement(By.java:361)
at org.openqa.selenium.remote.RemoteWebDriver.findElement(RemoteWebDriver.java:355)
at org.openqa.selenium.support.ui.ExpectedConditions.findElement(ExpectedConditions.java:911)
at org.openqa.selenium.support.ui.ExpectedConditions.access$0(ExpectedConditions.java:909)
at org.openqa.selenium.support.ui.ExpectedConditions$6.apply(ExpectedConditions.java:181)
at org.openqa.selenium.support.ui.ExpectedConditions$6.apply(ExpectedConditions.java:1)
at org.openqa.selenium.support.ui.FluentWait.until(FluentWait.java:238)
... 28 more
]]>
            </full-stacktrace>
          </exception> <!-- org.openqa.selenium.TimeoutException -->
          <reporter-output>
            <line>
              <![CDATA[not able to find element by (By.xpath: //a[@href='/app/sip/bestsellers']) in '60' seconds]]>
            </line>
          </reporter-output>
        </test-method> <!-- testSelectBrand -->
      </class> <!-- com.qualitesoft.channelgatesip.testscripts.TestNavigation -->
    </test> <!-- TestNavigation -->
    <test name="TestInviteUser" duration-ms="38607" started-at="2021-07-10T15:44:55Z" finished-at="2021-07-10T15:45:34Z">
      <class name="com.qualitesoft.channelgatesip.testscripts.TestInviteUser">
        <test-method status="PASS" signature="initialize(org.testng.ITestContext)[pri:0, instance:com.qualitesoft.channelgatesip.testscripts.TestInviteUser@33723e30]" name="initialize" is-config="true" duration-ms="1026" started-at="2021-07-10T15:44:55Z" finished-at="2021-07-10T15:44:56Z">
          <params>
            <param index="0">
              <value>
                <![CDATA[org.testng.TestRunner@ca30bc1]]>
              </value>
            </param>
          </params>
          <reporter-output>
            <line>
              <![CDATA[*****************************TestInviteUser started.]]>
            </line>
          </reporter-output>
        </test-method> <!-- initialize -->
        <test-method status="FAIL" signature="testInstance()[pri:0, instance:com.qualitesoft.channelgatesip.testscripts.TestInviteUser@33723e30]" name="testInstance" duration-ms="37574" started-at="2021-07-10T15:44:56Z" finished-at="2021-07-10T15:45:34Z">
          <exception class="org.openqa.selenium.TimeoutException">
            <message>
              <![CDATA[Timed out after 30 seconds waiting for presence of element located by: By.xpath: //a[@href='/app/sip/team']
Build info: version: '2.52.0', revision: '4c2593c', time: '2016-02-11 19:06:42'
System info: host: 'DESKTOP-H4389BG', ip: '192.168.1.78', os.name: 'Windows 10', os.arch: 'amd64', os.version: '10.0', java.version: '1.8.0_231'
Driver info: org.openqa.selenium.chrome.ChromeDriver
Capabilities [{applicationCacheEnabled=false, rotatable=false, mobileEmulationEnabled=false, networkConnectionEnabled=false, chrome={chromedriverVersion=2.35.528161 (5b82f2d2aae0ca24b877009200ced9065a772e73), userDataDir=C:\Users\ACER\AppData\Local\Temp\scoped_dir1908_5503}, takesHeapSnapshot=true, pageLoadStrategy=normal, databaseEnabled=false, handlesAlerts=true, hasTouchScreen=false, version=91.0.4472.124, platform=XP, browserConnectionEnabled=false, nativeEvents=true, acceptSslCerts=false, acceptInsecureCerts=false, locationContextEnabled=true, webStorageEnabled=true, browserName=chrome, takesScreenshot=true, javascriptEnabled=true, cssSelectorsEnabled=true, setWindowRect=true, unexpectedAlertBehaviour=}]
Session ID: 087301c2c900a03832558a0f34ffb5b0]]>
            </message>
            <full-stacktrace>
              <![CDATA[org.openqa.selenium.TimeoutException: Timed out after 30 seconds waiting for presence of element located by: By.xpath: //a[@href='/app/sip/team']
Build info: version: '2.52.0', revision: '4c2593c', time: '2016-02-11 19:06:42'
System info: host: 'DESKTOP-H4389BG', ip: '192.168.1.78', os.name: 'Windows 10', os.arch: 'amd64', os.version: '10.0', java.version: '1.8.0_231'
Driver info: org.openqa.selenium.chrome.ChromeDriver
Capabilities [{applicationCacheEnabled=false, rotatable=false, mobileEmulationEnabled=false, networkConnectionEnabled=false, chrome={chromedriverVersion=2.35.528161 (5b82f2d2aae0ca24b877009200ced9065a772e73), userDataDir=C:\Users\ACER\AppData\Local\Temp\scoped_dir1908_5503}, takesHeapSnapshot=true, pageLoadStrategy=normal, databaseEnabled=false, handlesAlerts=true, hasTouchScreen=false, version=91.0.4472.124, platform=XP, browserConnectionEnabled=false, nativeEvents=true, acceptSslCerts=false, acceptInsecureCerts=false, locationContextEnabled=true, webStorageEnabled=true, browserName=chrome, takesScreenshot=true, javascriptEnabled=true, cssSelectorsEnabled=true, setWindowRect=true, unexpectedAlertBehaviour=}]
Session ID: 087301c2c900a03832558a0f34ffb5b0
at org.openqa.selenium.support.ui.WebDriverWait.timeoutException(WebDriverWait.java:80)
at org.openqa.selenium.support.ui.FluentWait.until(FluentWait.java:261)
at com.qualitesoft.core.WaitTool.waitForElementPresentAndDisplay(WaitTool.java:19)
at com.qualitesoft.channelgatesip.pageobjects.LoginPage.teams(LoginPage.java:96)
at com.qualitesoft.channelgatesip.testscripts.TestInviteUser.testInstance(TestInviteUser.java:27)
at sun.reflect.NativeMethodAccessorImpl.invoke0(Native Method)
at sun.reflect.NativeMethodAccessorImpl.invoke(Unknown Source)
at sun.reflect.DelegatingMethodAccessorImpl.invoke(Unknown Source)
at java.lang.reflect.Method.invoke(Unknown Source)
at org.testng.internal.MethodInvocationHelper.invokeMethod(MethodInvocationHelper.java:124)
at org.testng.internal.Invoker.invokeMethod(Invoker.java:583)
at org.testng.internal.Invoker.invokeTestMethod(Invoker.java:719)
at org.testng.internal.Invoker.invokeTestMethods(Invoker.java:989)
at org.testng.internal.TestMethodWorker.invokeTestMethods(TestMethodWorker.java:125)
at org.testng.internal.TestMethodWorker.run(TestMethodWorker.java:109)
at org.testng.TestRunner.privateRun(TestRunner.java:648)
at org.testng.TestRunner.run(TestRunner.java:505)
at org.testng.SuiteRunner.runTest(SuiteRunner.java:455)
at org.testng.SuiteRunner.runSequentially(SuiteRunner.java:450)
at org.testng.SuiteRunner.privateRun(SuiteRunner.java:415)
at org.testng.SuiteRunner.run(SuiteRunner.java:364)
at org.testng.SuiteRunnerWorker.runSuite(SuiteRunnerWorker.java:52)
at org.testng.SuiteRunnerWorker.run(SuiteRunnerWorker.java:84)
at org.testng.TestNG.runSuitesSequentially(TestNG.java:1208)
at org.testng.TestNG.runSuitesLocally(TestNG.java:1137)
at org.testng.TestNG.runSuites(TestNG.java:1049)
at org.testng.TestNG.run(TestNG.java:1017)
at org.testng.remote.AbstractRemoteTestNG.run(AbstractRemoteTestNG.java:114)
at org.testng.remote.RemoteTestNG.initAndRun(RemoteTestNG.java:251)
at org.testng.remote.RemoteTestNG.main(RemoteTestNG.java:77)
Caused by: org.openqa.selenium.NoSuchElementException: no such element: Unable to locate element: {"method":"xpath","selector":"//a[@href='/app/sip/team']"}
  (Session info: chrome=91.0.4472.124)
  (Driver info: chromedriver=2.35.528161 (5b82f2d2aae0ca24b877009200ced9065a772e73),platform=Windows NT 10.0.19042 x86_64) (WARNING: The server did not provide any stacktrace information)
Command duration or timeout: 37 milliseconds
For documentation on this error, please visit: http://seleniumhq.org/exceptions/no_such_element.html
Build info: version: '2.52.0', revision: '4c2593c', time: '2016-02-11 19:06:42'
System info: host: 'DESKTOP-H4389BG', ip: '192.168.1.78', os.name: 'Windows 10', os.arch: 'amd64', os.version: '10.0', java.version: '1.8.0_231'
Driver info: org.openqa.selenium.chrome.ChromeDriver
Capabilities [{applicationCacheEnabled=false, rotatable=false, mobileEmulationEnabled=false, networkConnectionEnabled=false, chrome={chromedriverVersion=2.35.528161 (5b82f2d2aae0ca24b877009200ced9065a772e73), userDataDir=C:\Users\ACER\AppData\Local\Temp\scoped_dir1908_5503}, takesHeapSnapshot=true, pageLoadStrategy=normal, databaseEnabled=false, handlesAlerts=true, hasTouchScreen=false, version=91.0.4472.124, platform=XP, browserConnectionEnabled=false, nativeEvents=true, acceptSslCerts=false, acceptInsecureCerts=false, locationContextEnabled=true, webStorageEnabled=true, browserName=chrome, takesScreenshot=true, javascriptEnabled=true, cssSelectorsEnabled=true, setWindowRect=true, unexpectedAlertBehaviour=}]
Session ID: 087301c2c900a03832558a0f34ffb5b0
*** Element info: {Using=xpath, value=//a[@href='/app/sip/team']}
at sun.reflect.GeneratedConstructorAccessor14.newInstance(Unknown Source)
at sun.reflect.DelegatingConstructorAccessorImpl.newInstance(Unknown Source)
at java.lang.reflect.Constructor.newInstance(Unknown Source)
at org.openqa.selenium.remote.ErrorHandler.createThrowable(ErrorHandler.java:206)
at org.openqa.selenium.remote.ErrorHandler.throwIfResponseFailed(ErrorHandler.java:158)
at org.openqa.selenium.remote.RemoteWebDriver.execute(RemoteWebDriver.java:678)
at org.openqa.selenium.remote.RemoteWebDriver.findElement(RemoteWebDriver.java:363)
at org.openqa.selenium.remote.RemoteWebDriver.findElementByXPath(RemoteWebDriver.java:500)
at org.openqa.selenium.By$ByXPath.findElement(By.java:361)
at org.openqa.selenium.remote.RemoteWebDriver.findElement(RemoteWebDriver.java:355)
at org.openqa.selenium.support.ui.ExpectedConditions.findElement(ExpectedConditions.java:911)
at org.openqa.selenium.support.ui.ExpectedConditions.access$0(ExpectedConditions.java:909)
at org.openqa.selenium.support.ui.ExpectedConditions$6.apply(ExpectedConditions.java:181)
at org.openqa.selenium.support.ui.ExpectedConditions$6.apply(ExpectedConditions.java:1)
at org.openqa.selenium.support.ui.FluentWait.until(FluentWait.java:238)
... 28 more
]]>
            </full-stacktrace>
          </exception> <!-- org.openqa.selenium.TimeoutException -->
          <reporter-output>
            <line>
              <![CDATA[Screenshot Invite User successfully taken.]]>
            </line>
            <line>
              <![CDATA[not able to find element by (By.xpath: //a[@href='/app/sip/team']) in '30' seconds]]>
            </line>
          </reporter-output>
        </test-method> <!-- testInstance -->
      </class> <!-- com.qualitesoft.channelgatesip.testscripts.TestInviteUser -->
    </test> <!-- TestInviteUser -->
    <test name="Test Logout" duration-ms="36827" started-at="2021-07-10T15:45:34Z" finished-at="2021-07-10T15:46:11Z">
      <class name="com.qualitesoft.channelgatesip.testscripts.LogOff">
        <test-method status="PASS" signature="initialize(org.testng.ITestContext)[pri:0, instance:com.qualitesoft.channelgatesip.testscripts.LogOff@23fe1d71]" name="initialize" is-config="true" duration-ms="1019" started-at="2021-07-10T15:45:34Z" finished-at="2021-07-10T15:45:35Z">
          <params>
            <param index="0">
              <value>
                <![CDATA[org.testng.TestRunner@1046d517]]>
              </value>
            </param>
          </params>
          <reporter-output>
            <line>
              <![CDATA[*****************************Test Logout started.]]>
            </line>
          </reporter-output>
        </test-method> <!-- initialize -->
        <test-method status="FAIL" signature="testLogOff()[pri:0, instance:com.qualitesoft.channelgatesip.testscripts.LogOff@23fe1d71]" name="testLogOff" duration-ms="35790" started-at="2021-07-10T15:45:35Z" finished-at="2021-07-10T15:46:11Z">
          <exception class="org.openqa.selenium.TimeoutException">
            <message>
              <![CDATA[Timed out after 30 seconds waiting for presence of element located by: By.xpath: //ul[@role='menu']/li[2]
Build info: version: '2.52.0', revision: '4c2593c', time: '2016-02-11 19:06:42'
System info: host: 'DESKTOP-H4389BG', ip: '192.168.1.78', os.name: 'Windows 10', os.arch: 'amd64', os.version: '10.0', java.version: '1.8.0_231'
Driver info: org.openqa.selenium.chrome.ChromeDriver
Capabilities [{applicationCacheEnabled=false, rotatable=false, mobileEmulationEnabled=false, networkConnectionEnabled=false, chrome={chromedriverVersion=2.35.528161 (5b82f2d2aae0ca24b877009200ced9065a772e73), userDataDir=C:\Users\ACER\AppData\Local\Temp\scoped_dir1908_5503}, takesHeapSnapshot=true, pageLoadStrategy=normal, databaseEnabled=false, handlesAlerts=true, hasTouchScreen=false, version=91.0.4472.124, platform=XP, browserConnectionEnabled=false, nativeEvents=true, acceptSslCerts=false, acceptInsecureCerts=false, locationContextEnabled=true, webStorageEnabled=true, browserName=chrome, takesScreenshot=true, javascriptEnabled=true, cssSelectorsEnabled=true, setWindowRect=true, unexpectedAlertBehaviour=}]
Session ID: 087301c2c900a03832558a0f34ffb5b0]]>
            </message>
            <full-stacktrace>
              <![CDATA[org.openqa.selenium.TimeoutException: Timed out after 30 seconds waiting for presence of element located by: By.xpath: //ul[@role='menu']/li[2]
Build info: version: '2.52.0', revision: '4c2593c', time: '2016-02-11 19:06:42'
System info: host: 'DESKTOP-H4389BG', ip: '192.168.1.78', os.name: 'Windows 10', os.arch: 'amd64', os.version: '10.0', java.version: '1.8.0_231'
Driver info: org.openqa.selenium.chrome.ChromeDriver
Capabilities [{applicationCacheEnabled=false, rotatable=false, mobileEmulationEnabled=false, networkConnectionEnabled=false, chrome={chromedriverVersion=2.35.528161 (5b82f2d2aae0ca24b877009200ced9065a772e73), userDataDir=C:\Users\ACER\AppData\Local\Temp\scoped_dir1908_5503}, takesHeapSnapshot=true, pageLoadStrategy=normal, databaseEnabled=false, handlesAlerts=true, hasTouchScreen=false, version=91.0.4472.124, platform=XP, browserConnectionEnabled=false, nativeEvents=true, acceptSslCerts=false, acceptInsecureCerts=false, locationContextEnabled=true, webStorageEnabled=true, browserName=chrome, takesScreenshot=true, javascriptEnabled=true, cssSelectorsEnabled=true, setWindowRect=true, unexpectedAlertBehaviour=}]
Session ID: 087301c2c900a03832558a0f34ffb5b0
at org.openqa.selenium.support.ui.WebDriverWait.timeoutException(WebDriverWait.java:80)
at org.openqa.selenium.support.ui.FluentWait.until(FluentWait.java:261)
at com.qualitesoft.core.WaitTool.waitForElementPresentAndDisplay(WaitTool.java:19)
at com.qualitesoft.channelgatesip.pageobjects.LoginPage.logout(LoginPage.java:146)
at com.qualitesoft.channelgatesip.testscripts.LogOff.testLogOff(LogOff.java:18)
at sun.reflect.NativeMethodAccessorImpl.invoke0(Native Method)
at sun.reflect.NativeMethodAccessorImpl.invoke(Unknown Source)
at sun.reflect.DelegatingMethodAccessorImpl.invoke(Unknown Source)
at java.lang.reflect.Method.invoke(Unknown Source)
at org.testng.internal.MethodInvocationHelper.invokeMethod(MethodInvocationHelper.java:124)
at org.testng.internal.Invoker.invokeMethod(Invoker.java:583)
at org.testng.internal.Invoker.invokeTestMethod(Invoker.java:719)
at org.testng.internal.Invoker.invokeTestMethods(Invoker.java:989)
at org.testng.internal.TestMethodWorker.invokeTestMethods(TestMethodWorker.java:125)
at org.testng.internal.TestMethodWorker.run(TestMethodWorker.java:109)
at org.testng.TestRunner.privateRun(TestRunner.java:648)
at org.testng.TestRunner.run(TestRunner.java:505)
at org.testng.SuiteRunner.runTest(SuiteRunner.java:455)
at org.testng.SuiteRunner.runSequentially(SuiteRunner.java:450)
at org.testng.SuiteRunner.privateRun(SuiteRunner.java:415)
at org.testng.SuiteRunner.run(SuiteRunner.java:364)
at org.testng.SuiteRunnerWorker.runSuite(SuiteRunnerWorker.java:52)
at org.testng.SuiteRunnerWorker.run(SuiteRunnerWorker.java:84)
at org.testng.TestNG.runSuitesSequentially(TestNG.java:1208)
at org.testng.TestNG.runSuitesLocally(TestNG.java:1137)
at org.testng.TestNG.runSuites(TestNG.java:1049)
at org.testng.TestNG.run(TestNG.java:1017)
at org.testng.remote.AbstractRemoteTestNG.run(AbstractRemoteTestNG.java:114)
at org.testng.remote.RemoteTestNG.initAndRun(RemoteTestNG.java:251)
at org.testng.remote.RemoteTestNG.main(RemoteTestNG.java:77)
Caused by: org.openqa.selenium.NoSuchElementException: no such element: Unable to locate element: {"method":"xpath","selector":"//ul[@role='menu']/li[2]"}
  (Session info: chrome=91.0.4472.124)
  (Driver info: chromedriver=2.35.528161 (5b82f2d2aae0ca24b877009200ced9065a772e73),platform=Windows NT 10.0.19042 x86_64) (WARNING: The server did not provide any stacktrace information)
Command duration or timeout: 33 milliseconds
For documentation on this error, please visit: http://seleniumhq.org/exceptions/no_such_element.html
Build info: version: '2.52.0', revision: '4c2593c', time: '2016-02-11 19:06:42'
System info: host: 'DESKTOP-H4389BG', ip: '192.168.1.78', os.name: 'Windows 10', os.arch: 'amd64', os.version: '10.0', java.version: '1.8.0_231'
Driver info: org.openqa.selenium.chrome.ChromeDriver
Capabilities [{applicationCacheEnabled=false, rotatable=false, mobileEmulationEnabled=false, networkConnectionEnabled=false, chrome={chromedriverVersion=2.35.528161 (5b82f2d2aae0ca24b877009200ced9065a772e73), userDataDir=C:\Users\ACER\AppData\Local\Temp\scoped_dir1908_5503}, takesHeapSnapshot=true, pageLoadStrategy=normal, databaseEnabled=false, handlesAlerts=true, hasTouchScreen=false, version=91.0.4472.124, platform=XP, browserConnectionEnabled=false, nativeEvents=true, acceptSslCerts=false, acceptInsecureCerts=false, locationContextEnabled=true, webStorageEnabled=true, browserName=chrome, takesScreenshot=true, javascriptEnabled=true, cssSelectorsEnabled=true, setWindowRect=true, unexpectedAlertBehaviour=}]
Session ID: 087301c2c900a03832558a0f34ffb5b0
*** Element info: {Using=xpath, value=//ul[@role='menu']/li[2]}
at sun.reflect.GeneratedConstructorAccessor14.newInstance(Unknown Source)
at sun.reflect.DelegatingConstructorAccessorImpl.newInstance(Unknown Source)
at java.lang.reflect.Constructor.newInstance(Unknown Source)
at org.openqa.selenium.remote.ErrorHandler.createThrowable(ErrorHandler.java:206)
at org.openqa.selenium.remote.ErrorHandler.throwIfResponseFailed(ErrorHandler.java:158)
at org.openqa.selenium.remote.RemoteWebDriver.execute(RemoteWebDriver.java:678)
at org.openqa.selenium.remote.RemoteWebDriver.findElement(RemoteWebDriver.java:363)
at org.openqa.selenium.remote.RemoteWebDriver.findElementByXPath(RemoteWebDriver.java:500)
at org.openqa.selenium.By$ByXPath.findElement(By.java:361)
at org.openqa.selenium.remote.RemoteWebDriver.findElement(RemoteWebDriver.java:355)
at org.openqa.selenium.support.ui.ExpectedConditions.findElement(ExpectedConditions.java:911)
at org.openqa.selenium.support.ui.ExpectedConditions.access$0(ExpectedConditions.java:909)
at org.openqa.selenium.support.ui.ExpectedConditions$6.apply(ExpectedConditions.java:181)
at org.openqa.selenium.support.ui.ExpectedConditions$6.apply(ExpectedConditions.java:1)
at org.openqa.selenium.support.ui.FluentWait.until(FluentWait.java:238)
... 28 more
]]>
            </full-stacktrace>
          </exception> <!-- org.openqa.selenium.TimeoutException -->
          <reporter-output>
            <line>
              <![CDATA[Element by By.xpath: //ul[@class='nav navbar-nav navbar-right']/li[3] found.]]>
            </line>
            <line>
              <![CDATA[WebElement clicked.]]>
            </line>
            <line>
              <![CDATA[not able to find element by (By.xpath: //ul[@role='menu']/li[2]) in '30' seconds]]>
            </line>
          </reporter-output>
        </test-method> <!-- testLogOff -->
      </class> <!-- com.qualitesoft.channelgatesip.testscripts.LogOff -->
    </test> <!-- Test Logout -->
    <test name="Test SignUpNew" duration-ms="53252" started-at="2021-07-10T15:46:11Z" finished-at="2021-07-10T15:47:04Z">
      <class name="com.qualitesoft.channelgatesip.testscripts.TestSignUpNew">
        <test-method status="PASS" signature="initialize(org.testng.ITestContext)[pri:0, instance:com.qualitesoft.channelgatesip.testscripts.TestSignUpNew@7403c468]" name="initialize" is-config="true" duration-ms="1050" started-at="2021-07-10T15:46:11Z" finished-at="2021-07-10T15:46:12Z">
          <params>
            <param index="0">
              <value>
                <![CDATA[org.testng.TestRunner@3b7d3a38]]>
              </value>
            </param>
          </params>
          <reporter-output>
            <line>
              <![CDATA[*****************************Test SignUpNew started.]]>
            </line>
          </reporter-output>
        </test-method> <!-- initialize -->
        <test-method status="FAIL" signature="testInstance()[pri:0, instance:com.qualitesoft.channelgatesip.testscripts.TestSignUpNew@7403c468]" name="testInstance" duration-ms="52189" started-at="2021-07-10T15:46:12Z" finished-at="2021-07-10T15:47:04Z">
          <exception class="org.openqa.selenium.TimeoutException">
            <message>
              <![CDATA[Timed out after 30 seconds waiting for presence of element located by: By.xpath: //table/tbody/tr/td/table/tbody/tr[2]/td/div/table/tbody/tr/td/div/a
Build info: version: '2.52.0', revision: '4c2593c', time: '2016-02-11 19:06:42'
System info: host: 'DESKTOP-H4389BG', ip: '192.168.1.78', os.name: 'Windows 10', os.arch: 'amd64', os.version: '10.0', java.version: '1.8.0_231'
Driver info: org.openqa.selenium.chrome.ChromeDriver
Capabilities [{applicationCacheEnabled=false, rotatable=false, mobileEmulationEnabled=false, networkConnectionEnabled=false, chrome={chromedriverVersion=2.35.528161 (5b82f2d2aae0ca24b877009200ced9065a772e73), userDataDir=C:\Users\ACER\AppData\Local\Temp\scoped_dir1908_5503}, takesHeapSnapshot=true, pageLoadStrategy=normal, databaseEnabled=false, handlesAlerts=true, hasTouchScreen=false, version=91.0.4472.124, platform=XP, browserConnectionEnabled=false, nativeEvents=true, acceptSslCerts=false, acceptInsecureCerts=false, locationContextEnabled=true, webStorageEnabled=true, browserName=chrome, takesScreenshot=true, javascriptEnabled=true, cssSelectorsEnabled=true, setWindowRect=true, unexpectedAlertBehaviour=}]
Session ID: 087301c2c900a03832558a0f34ffb5b0]]>
            </message>
            <full-stacktrace>
              <![CDATA[org.openqa.selenium.TimeoutException: Timed out after 30 seconds waiting for presence of element located by: By.xpath: //table/tbody/tr/td/table/tbody/tr[2]/td/div/table/tbody/tr/td/div/a
Build info: version: '2.52.0', revision: '4c2593c', time: '2016-02-11 19:06:42'
System info: host: 'DESKTOP-H4389BG', ip: '192.168.1.78', os.name: 'Windows 10', os.arch: 'amd64', os.version: '10.0', java.version: '1.8.0_231'
Driver info: org.openqa.selenium.chrome.ChromeDriver
Capabilities [{applicationCacheEnabled=false, rotatable=false, mobileEmulationEnabled=false, networkConnectionEnabled=false, chrome={chromedriverVersion=2.35.528161 (5b82f2d2aae0ca24b877009200ced9065a772e73), userDataDir=C:\Users\ACER\AppData\Local\Temp\scoped_dir1908_5503}, takesHeapSnapshot=true, pageLoadStrategy=normal, databaseEnabled=false, handlesAlerts=true, hasTouchScreen=false, version=91.0.4472.124, platform=XP, browserConnectionEnabled=false, nativeEvents=true, acceptSslCerts=false, acceptInsecureCerts=false, locationContextEnabled=true, webStorageEnabled=true, browserName=chrome, takesScreenshot=true, javascriptEnabled=true, cssSelectorsEnabled=true, setWindowRect=true, unexpectedAlertBehaviour=}]
Session ID: 087301c2c900a03832558a0f34ffb5b0
at org.openqa.selenium.support.ui.WebDriverWait.timeoutException(WebDriverWait.java:80)
at org.openqa.selenium.support.ui.FluentWait.until(FluentWait.java:261)
at com.qualitesoft.core.WaitTool.waitForElementPresentAndDisplay(WaitTool.java:19)
at com.qualitesoft.channelgatesip.pageobjects.LoginPage.activate(LoginPage.java:191)
at com.qualitesoft.channelgatesip.testscripts.TestSignUpNew.testInstance(TestSignUpNew.java:62)
at sun.reflect.NativeMethodAccessorImpl.invoke0(Native Method)
at sun.reflect.NativeMethodAccessorImpl.invoke(Unknown Source)
at sun.reflect.DelegatingMethodAccessorImpl.invoke(Unknown Source)
at java.lang.reflect.Method.invoke(Unknown Source)
at org.testng.internal.MethodInvocationHelper.invokeMethod(MethodInvocationHelper.java:124)
at org.testng.internal.Invoker.invokeMethod(Invoker.java:583)
at org.testng.internal.Invoker.invokeTestMethod(Invoker.java:719)
at org.testng.internal.Invoker.invokeTestMethods(Invoker.java:989)
at org.testng.internal.TestMethodWorker.invokeTestMethods(TestMethodWorker.java:125)
at org.testng.internal.TestMethodWorker.run(TestMethodWorker.java:109)
at org.testng.TestRunner.privateRun(TestRunner.java:648)
at org.testng.TestRunner.run(TestRunner.java:505)
at org.testng.SuiteRunner.runTest(SuiteRunner.java:455)
at org.testng.SuiteRunner.runSequentially(SuiteRunner.java:450)
at org.testng.SuiteRunner.privateRun(SuiteRunner.java:415)
at org.testng.SuiteRunner.run(SuiteRunner.java:364)
at org.testng.SuiteRunnerWorker.runSuite(SuiteRunnerWorker.java:52)
at org.testng.SuiteRunnerWorker.run(SuiteRunnerWorker.java:84)
at org.testng.TestNG.runSuitesSequentially(TestNG.java:1208)
at org.testng.TestNG.runSuitesLocally(TestNG.java:1137)
at org.testng.TestNG.runSuites(TestNG.java:1049)
at org.testng.TestNG.run(TestNG.java:1017)
at org.testng.remote.AbstractRemoteTestNG.run(AbstractRemoteTestNG.java:114)
at org.testng.remote.RemoteTestNG.initAndRun(RemoteTestNG.java:251)
at org.testng.remote.RemoteTestNG.main(RemoteTestNG.java:77)
Caused by: org.openqa.selenium.NoSuchElementException: no such element: Unable to locate element: {"method":"xpath","selector":"//table/tbody/tr/td/table/tbody/tr[2]/td/div/table/tbody/tr/td/div/a"}
  (Session info: chrome=91.0.4472.124)
  (Driver info: chromedriver=2.35.528161 (5b82f2d2aae0ca24b877009200ced9065a772e73),platform=Windows NT 10.0.19042 x86_64) (WARNING: The server did not provide any stacktrace information)
Command duration or timeout: 33 milliseconds
For documentation on this error, please visit: http://seleniumhq.org/exceptions/no_such_element.html
Build info: version: '2.52.0', revision: '4c2593c', time: '2016-02-11 19:06:42'
System info: host: 'DESKTOP-H4389BG', ip: '192.168.1.78', os.name: 'Windows 10', os.arch: 'amd64', os.version: '10.0', java.version: '1.8.0_231'
Driver info: org.openqa.selenium.chrome.ChromeDriver
Capabilities [{applicationCacheEnabled=false, rotatable=false, mobileEmulationEnabled=false, networkConnectionEnabled=false, chrome={chromedriverVersion=2.35.528161 (5b82f2d2aae0ca24b877009200ced9065a772e73), userDataDir=C:\Users\ACER\AppData\Local\Temp\scoped_dir1908_5503}, takesHeapSnapshot=true, pageLoadStrategy=normal, databaseEnabled=false, handlesAlerts=true, hasTouchScreen=false, version=91.0.4472.124, platform=XP, browserConnectionEnabled=false, nativeEvents=true, acceptSslCerts=false, acceptInsecureCerts=false, locationContextEnabled=true, webStorageEnabled=true, browserName=chrome, takesScreenshot=true, javascriptEnabled=true, cssSelectorsEnabled=true, setWindowRect=true, unexpectedAlertBehaviour=}]
Session ID: 087301c2c900a03832558a0f34ffb5b0
*** Element info: {Using=xpath, value=//table/tbody/tr/td/table/tbody/tr[2]/td/div/table/tbody/tr/td/div/a}
at sun.reflect.GeneratedConstructorAccessor14.newInstance(Unknown Source)
at sun.reflect.DelegatingConstructorAccessorImpl.newInstance(Unknown Source)
at java.lang.reflect.Constructor.newInstance(Unknown Source)
at org.openqa.selenium.remote.ErrorHandler.createThrowable(ErrorHandler.java:206)
at org.openqa.selenium.remote.ErrorHandler.throwIfResponseFailed(ErrorHandler.java:158)
at org.openqa.selenium.remote.RemoteWebDriver.execute(RemoteWebDriver.java:678)
at org.openqa.selenium.remote.RemoteWebDriver.findElement(RemoteWebDriver.java:363)
at org.openqa.selenium.remote.RemoteWebDriver.findElementByXPath(RemoteWebDriver.java:500)
at org.openqa.selenium.By$ByXPath.findElement(By.java:361)
at org.openqa.selenium.remote.RemoteWebDriver.findElement(RemoteWebDriver.java:355)
at org.openqa.selenium.support.ui.ExpectedConditions.findElement(ExpectedConditions.java:911)
at org.openqa.selenium.support.ui.ExpectedConditions.access$0(ExpectedConditions.java:909)
at org.openqa.selenium.support.ui.ExpectedConditions$6.apply(ExpectedConditions.java:181)
at org.openqa.selenium.support.ui.ExpectedConditions$6.apply(ExpectedConditions.java:1)
at org.openqa.selenium.support.ui.FluentWait.until(FluentWait.java:238)
... 28 more
]]>
            </full-stacktrace>
          </exception> <!-- org.openqa.selenium.TimeoutException -->
          <reporter-output>
            <line>
              <![CDATA[Screenshot Sign Up New User successfully taken.]]>
            </line>
            <line>
              <![CDATA[Element by By.xpath: //tbody//tr/td[3] found.]]>
            </line>
            <line>
              <![CDATA[WebElement clicked.]]>
            </line>
            <line>
              <![CDATA[not able to find element by (By.xpath: //table/tbody/tr/td/table/tbody/tr[2]/td/div/table/tbody/tr/td/div/a) in '30' seconds]]>
            </line>
          </reporter-output>
        </test-method> <!-- testInstance -->
      </class> <!-- com.qualitesoft.channelgatesip.testscripts.TestSignUpNew -->
    </test> <!-- Test SignUpNew -->
    <test name="Test Logout User" duration-ms="36481" started-at="2021-07-10T15:47:04Z" finished-at="2021-07-10T15:47:40Z">
      <class name="com.qualitesoft.channelgatesip.testscripts.LogOff">
        <test-method status="PASS" signature="initialize(org.testng.ITestContext)[pri:0, instance:com.qualitesoft.channelgatesip.testscripts.LogOff@22eeefeb]" name="initialize" is-config="true" duration-ms="1020" started-at="2021-07-10T15:47:04Z" finished-at="2021-07-10T15:47:05Z">
          <params>
            <param index="0">
              <value>
                <![CDATA[org.testng.TestRunner@416c58f5]]>
              </value>
            </param>
          </params>
          <reporter-output>
            <line>
              <![CDATA[*****************************Test Logout User started.]]>
            </line>
          </reporter-output>
        </test-method> <!-- initialize -->
        <test-method status="FAIL" signature="testLogOff()[pri:0, instance:com.qualitesoft.channelgatesip.testscripts.LogOff@22eeefeb]" name="testLogOff" duration-ms="35448" started-at="2021-07-10T15:47:05Z" finished-at="2021-07-10T15:47:40Z">
          <exception class="org.openqa.selenium.TimeoutException">
            <message>
              <![CDATA[Timed out after 30 seconds waiting for presence of element located by: By.xpath: //ul[@class='nav navbar-nav navbar-right']/li[3]
Build info: version: '2.52.0', revision: '4c2593c', time: '2016-02-11 19:06:42'
System info: host: 'DESKTOP-H4389BG', ip: '192.168.1.78', os.name: 'Windows 10', os.arch: 'amd64', os.version: '10.0', java.version: '1.8.0_231'
Driver info: org.openqa.selenium.chrome.ChromeDriver
Capabilities [{applicationCacheEnabled=false, rotatable=false, mobileEmulationEnabled=false, networkConnectionEnabled=false, chrome={chromedriverVersion=2.35.528161 (5b82f2d2aae0ca24b877009200ced9065a772e73), userDataDir=C:\Users\ACER\AppData\Local\Temp\scoped_dir1908_5503}, takesHeapSnapshot=true, pageLoadStrategy=normal, databaseEnabled=false, handlesAlerts=true, hasTouchScreen=false, version=91.0.4472.124, platform=XP, browserConnectionEnabled=false, nativeEvents=true, acceptSslCerts=false, acceptInsecureCerts=false, locationContextEnabled=true, webStorageEnabled=true, browserName=chrome, takesScreenshot=true, javascriptEnabled=true, cssSelectorsEnabled=true, setWindowRect=true, unexpectedAlertBehaviour=}]
Session ID: 087301c2c900a03832558a0f34ffb5b0]]>
            </message>
            <full-stacktrace>
              <![CDATA[org.openqa.selenium.TimeoutException: Timed out after 30 seconds waiting for presence of element located by: By.xpath: //ul[@class='nav navbar-nav navbar-right']/li[3]
Build info: version: '2.52.0', revision: '4c2593c', time: '2016-02-11 19:06:42'
System info: host: 'DESKTOP-H4389BG', ip: '192.168.1.78', os.name: 'Windows 10', os.arch: 'amd64', os.version: '10.0', java.version: '1.8.0_231'
Driver info: org.openqa.selenium.chrome.ChromeDriver
Capabilities [{applicationCacheEnabled=false, rotatable=false, mobileEmulationEnabled=false, networkConnectionEnabled=false, chrome={chromedriverVersion=2.35.528161 (5b82f2d2aae0ca24b877009200ced9065a772e73), userDataDir=C:\Users\ACER\AppData\Local\Temp\scoped_dir1908_5503}, takesHeapSnapshot=true, pageLoadStrategy=normal, databaseEnabled=false, handlesAlerts=true, hasTouchScreen=false, version=91.0.4472.124, platform=XP, browserConnectionEnabled=false, nativeEvents=true, acceptSslCerts=false, acceptInsecureCerts=false, locationContextEnabled=true, webStorageEnabled=true, browserName=chrome, takesScreenshot=true, javascriptEnabled=true, cssSelectorsEnabled=true, setWindowRect=true, unexpectedAlertBehaviour=}]
Session ID: 087301c2c900a03832558a0f34ffb5b0
at org.openqa.selenium.support.ui.WebDriverWait.timeoutException(WebDriverWait.java:80)
at org.openqa.selenium.support.ui.FluentWait.until(FluentWait.java:261)
at com.qualitesoft.core.WaitTool.waitForElementPresentAndDisplay(WaitTool.java:19)
at com.qualitesoft.channelgatesip.pageobjects.LoginPage.profile(LoginPage.java:141)
at com.qualitesoft.channelgatesip.testscripts.LogOff.testLogOff(LogOff.java:17)
at sun.reflect.NativeMethodAccessorImpl.invoke0(Native Method)
at sun.reflect.NativeMethodAccessorImpl.invoke(Unknown Source)
at sun.reflect.DelegatingMethodAccessorImpl.invoke(Unknown Source)
at java.lang.reflect.Method.invoke(Unknown Source)
at org.testng.internal.MethodInvocationHelper.invokeMethod(MethodInvocationHelper.java:124)
at org.testng.internal.Invoker.invokeMethod(Invoker.java:583)
at org.testng.internal.Invoker.invokeTestMethod(Invoker.java:719)
at org.testng.internal.Invoker.invokeTestMethods(Invoker.java:989)
at org.testng.internal.TestMethodWorker.invokeTestMethods(TestMethodWorker.java:125)
at org.testng.internal.TestMethodWorker.run(TestMethodWorker.java:109)
at org.testng.TestRunner.privateRun(TestRunner.java:648)
at org.testng.TestRunner.run(TestRunner.java:505)
at org.testng.SuiteRunner.runTest(SuiteRunner.java:455)
at org.testng.SuiteRunner.runSequentially(SuiteRunner.java:450)
at org.testng.SuiteRunner.privateRun(SuiteRunner.java:415)
at org.testng.SuiteRunner.run(SuiteRunner.java:364)
at org.testng.SuiteRunnerWorker.runSuite(SuiteRunnerWorker.java:52)
at org.testng.SuiteRunnerWorker.run(SuiteRunnerWorker.java:84)
at org.testng.TestNG.runSuitesSequentially(TestNG.java:1208)
at org.testng.TestNG.runSuitesLocally(TestNG.java:1137)
at org.testng.TestNG.runSuites(TestNG.java:1049)
at org.testng.TestNG.run(TestNG.java:1017)
at org.testng.remote.AbstractRemoteTestNG.run(AbstractRemoteTestNG.java:114)
at org.testng.remote.RemoteTestNG.initAndRun(RemoteTestNG.java:251)
at org.testng.remote.RemoteTestNG.main(RemoteTestNG.java:77)
Caused by: org.openqa.selenium.NoSuchElementException: no such element: Unable to locate element: {"method":"xpath","selector":"//ul[@class='nav navbar-nav navbar-right']/li[3]"}
  (Session info: chrome=91.0.4472.124)
  (Driver info: chromedriver=2.35.528161 (5b82f2d2aae0ca24b877009200ced9065a772e73),platform=Windows NT 10.0.19042 x86_64) (WARNING: The server did not provide any stacktrace information)
Command duration or timeout: 33 milliseconds
For documentation on this error, please visit: http://seleniumhq.org/exceptions/no_such_element.html
Build info: version: '2.52.0', revision: '4c2593c', time: '2016-02-11 19:06:42'
System info: host: 'DESKTOP-H4389BG', ip: '192.168.1.78', os.name: 'Windows 10', os.arch: 'amd64', os.version: '10.0', java.version: '1.8.0_231'
Driver info: org.openqa.selenium.chrome.ChromeDriver
Capabilities [{applicationCacheEnabled=false, rotatable=false, mobileEmulationEnabled=false, networkConnectionEnabled=false, chrome={chromedriverVersion=2.35.528161 (5b82f2d2aae0ca24b877009200ced9065a772e73), userDataDir=C:\Users\ACER\AppData\Local\Temp\scoped_dir1908_5503}, takesHeapSnapshot=true, pageLoadStrategy=normal, databaseEnabled=false, handlesAlerts=true, hasTouchScreen=false, version=91.0.4472.124, platform=XP, browserConnectionEnabled=false, nativeEvents=true, acceptSslCerts=false, acceptInsecureCerts=false, locationContextEnabled=true, webStorageEnabled=true, browserName=chrome, takesScreenshot=true, javascriptEnabled=true, cssSelectorsEnabled=true, setWindowRect=true, unexpectedAlertBehaviour=}]
Session ID: 087301c2c900a03832558a0f34ffb5b0
*** Element info: {Using=xpath, value=//ul[@class='nav navbar-nav navbar-right']/li[3]}
at sun.reflect.GeneratedConstructorAccessor14.newInstance(Unknown Source)
at sun.reflect.DelegatingConstructorAccessorImpl.newInstance(Unknown Source)
at java.lang.reflect.Constructor.newInstance(Unknown Source)
at org.openqa.selenium.remote.ErrorHandler.createThrowable(ErrorHandler.java:206)
at org.openqa.selenium.remote.ErrorHandler.throwIfResponseFailed(ErrorHandler.java:158)
at org.openqa.selenium.remote.RemoteWebDriver.execute(RemoteWebDriver.java:678)
at org.openqa.selenium.remote.RemoteWebDriver.findElement(RemoteWebDriver.java:363)
at org.openqa.selenium.remote.RemoteWebDriver.findElementByXPath(RemoteWebDriver.java:500)
at org.openqa.selenium.By$ByXPath.findElement(By.java:361)
at org.openqa.selenium.remote.RemoteWebDriver.findElement(RemoteWebDriver.java:355)
at org.openqa.selenium.support.ui.ExpectedConditions.findElement(ExpectedConditions.java:911)
at org.openqa.selenium.support.ui.ExpectedConditions.access$0(ExpectedConditions.java:909)
at org.openqa.selenium.support.ui.ExpectedConditions$6.apply(ExpectedConditions.java:181)
at org.openqa.selenium.support.ui.ExpectedConditions$6.apply(ExpectedConditions.java:1)
at org.openqa.selenium.support.ui.FluentWait.until(FluentWait.java:238)
... 28 more
]]>
            </full-stacktrace>
          </exception> <!-- org.openqa.selenium.TimeoutException -->
          <reporter-output>
            <line>
              <![CDATA[not able to find element by (By.xpath: //ul[@class='nav navbar-nav navbar-right']/li[3]) in '30' seconds]]>
            </line>
          </reporter-output>
        </test-method> <!-- testLogOff -->
      </class> <!-- com.qualitesoft.channelgatesip.testscripts.LogOff -->
    </test> <!-- Test Logout User -->
    <test name="Test Forgot Password" duration-ms="449592" started-at="2021-07-10T15:47:40Z" finished-at="2021-07-10T15:55:10Z">
      <class name="com.qualitesoft.channelgatesip.testscripts.TestForgotPassword">
        <test-method status="PASS" signature="setUp(java.lang.String, java.lang.String)[pri:0, instance:com.qualitesoft.channelgatesip.testscripts.TestForgotPassword@7e0e6aa2]" name="setUp" is-config="true" duration-ms="16771" started-at="2021-07-10T15:40:35Z" finished-at="2021-07-10T15:40:51Z">
          <params>
            <param index="0">
              <value>
                <![CDATA[chrome]]>
              </value>
            </param>
            <param index="1">
              <value>
                <![CDATA[https://stagingapps.channelgate.io]]>
              </value>
            </param>
          </params>
          <reporter-output>
            <line>
              <![CDATA[chrome browser launched successfully.]]>
            </line>
            <line>
              <![CDATA[https://stagingapps.channelgate.ioURL launched successfully.]]>
            </line>
          </reporter-output>
        </test-method> <!-- setUp -->
        <test-method status="PASS" signature="initialize(org.testng.ITestContext)[pri:0, instance:com.qualitesoft.channelgatesip.testscripts.TestForgotPassword@7e0e6aa2]" name="initialize" is-config="true" duration-ms="1018" started-at="2021-07-10T15:47:40Z" finished-at="2021-07-10T15:47:42Z">
          <params>
            <param index="0">
              <value>
                <![CDATA[org.testng.TestRunner@5505ae1a]]>
              </value>
            </param>
          </params>
          <reporter-output>
            <line>
              <![CDATA[*****************************Test Forgot Password started.]]>
            </line>
          </reporter-output>
        </test-method> <!-- initialize -->
        <test-method status="FAIL" signature="verifyRequiredFieldValidation()[pri:1, instance:com.qualitesoft.channelgatesip.testscripts.TestForgotPassword@7e0e6aa2]" name="verifyRequiredFieldValidation" duration-ms="30394" started-at="2021-07-10T15:47:42Z" finished-at="2021-07-10T15:48:12Z">
          <exception class="org.openqa.selenium.TimeoutException">
            <message>
              <![CDATA[Timed out after 30 seconds waiting for presence of element located by: By.xpath: //a[contains(@href,'forgotpassword')]
Build info: version: '2.52.0', revision: '4c2593c', time: '2016-02-11 19:06:42'
System info: host: 'DESKTOP-H4389BG', ip: '192.168.1.78', os.name: 'Windows 10', os.arch: 'amd64', os.version: '10.0', java.version: '1.8.0_231'
Driver info: org.openqa.selenium.chrome.ChromeDriver
Capabilities [{applicationCacheEnabled=false, rotatable=false, mobileEmulationEnabled=false, networkConnectionEnabled=false, chrome={chromedriverVersion=2.35.528161 (5b82f2d2aae0ca24b877009200ced9065a772e73), userDataDir=C:\Users\ACER\AppData\Local\Temp\scoped_dir1908_5503}, takesHeapSnapshot=true, pageLoadStrategy=normal, databaseEnabled=false, handlesAlerts=true, hasTouchScreen=false, version=91.0.4472.124, platform=XP, browserConnectionEnabled=false, nativeEvents=true, acceptSslCerts=false, acceptInsecureCerts=false, locationContextEnabled=true, webStorageEnabled=true, browserName=chrome, takesScreenshot=true, javascriptEnabled=true, cssSelectorsEnabled=true, setWindowRect=true, unexpectedAlertBehaviour=}]
Session ID: 087301c2c900a03832558a0f34ffb5b0]]>
            </message>
            <full-stacktrace>
              <![CDATA[org.openqa.selenium.TimeoutException: Timed out after 30 seconds waiting for presence of element located by: By.xpath: //a[contains(@href,'forgotpassword')]
Build info: version: '2.52.0', revision: '4c2593c', time: '2016-02-11 19:06:42'
System info: host: 'DESKTOP-H4389BG', ip: '192.168.1.78', os.name: 'Windows 10', os.arch: 'amd64', os.version: '10.0', java.version: '1.8.0_231'
Driver info: org.openqa.selenium.chrome.ChromeDriver
Capabilities [{applicationCacheEnabled=false, rotatable=false, mobileEmulationEnabled=false, networkConnectionEnabled=false, chrome={chromedriverVersion=2.35.528161 (5b82f2d2aae0ca24b877009200ced9065a772e73), userDataDir=C:\Users\ACER\AppData\Local\Temp\scoped_dir1908_5503}, takesHeapSnapshot=true, pageLoadStrategy=normal, databaseEnabled=false, handlesAlerts=true, hasTouchScreen=false, version=91.0.4472.124, platform=XP, browserConnectionEnabled=false, nativeEvents=true, acceptSslCerts=false, acceptInsecureCerts=false, locationContextEnabled=true, webStorageEnabled=true, browserName=chrome, takesScreenshot=true, javascriptEnabled=true, cssSelectorsEnabled=true, setWindowRect=true, unexpectedAlertBehaviour=}]
Session ID: 087301c2c900a03832558a0f34ffb5b0
at org.openqa.selenium.support.ui.WebDriverWait.timeoutException(WebDriverWait.java:80)
at org.openqa.selenium.support.ui.FluentWait.until(FluentWait.java:261)
at com.qualitesoft.core.WaitTool.waitForElementPresentAndDisplay(WaitTool.java:19)
at com.qualitesoft.channelgatesip.pageobjects.LoginPage.forgotPasswordLink(LoginPage.java:218)
at com.qualitesoft.channelgatesip.testscripts.TestForgotPassword.verifyRequiredFieldValidation(TestForgotPassword.java:22)
at sun.reflect.NativeMethodAccessorImpl.invoke0(Native Method)
at sun.reflect.NativeMethodAccessorImpl.invoke(Unknown Source)
at sun.reflect.DelegatingMethodAccessorImpl.invoke(Unknown Source)
at java.lang.reflect.Method.invoke(Unknown Source)
at org.testng.internal.MethodInvocationHelper.invokeMethod(MethodInvocationHelper.java:124)
at org.testng.internal.Invoker.invokeMethod(Invoker.java:583)
at org.testng.internal.Invoker.invokeTestMethod(Invoker.java:719)
at org.testng.internal.Invoker.invokeTestMethods(Invoker.java:989)
at org.testng.internal.TestMethodWorker.invokeTestMethods(TestMethodWorker.java:125)
at org.testng.internal.TestMethodWorker.run(TestMethodWorker.java:109)
at org.testng.TestRunner.privateRun(TestRunner.java:648)
at org.testng.TestRunner.run(TestRunner.java:505)
at org.testng.SuiteRunner.runTest(SuiteRunner.java:455)
at org.testng.SuiteRunner.runSequentially(SuiteRunner.java:450)
at org.testng.SuiteRunner.privateRun(SuiteRunner.java:415)
at org.testng.SuiteRunner.run(SuiteRunner.java:364)
at org.testng.SuiteRunnerWorker.runSuite(SuiteRunnerWorker.java:52)
at org.testng.SuiteRunnerWorker.run(SuiteRunnerWorker.java:84)
at org.testng.TestNG.runSuitesSequentially(TestNG.java:1208)
at org.testng.TestNG.runSuitesLocally(TestNG.java:1137)
at org.testng.TestNG.runSuites(TestNG.java:1049)
at org.testng.TestNG.run(TestNG.java:1017)
at org.testng.remote.AbstractRemoteTestNG.run(AbstractRemoteTestNG.java:114)
at org.testng.remote.RemoteTestNG.initAndRun(RemoteTestNG.java:251)
at org.testng.remote.RemoteTestNG.main(RemoteTestNG.java:77)
Caused by: org.openqa.selenium.NoSuchElementException: no such element: Unable to locate element: {"method":"xpath","selector":"//a[contains(@href,'forgotpassword')]"}
  (Session info: chrome=91.0.4472.124)
  (Driver info: chromedriver=2.35.528161 (5b82f2d2aae0ca24b877009200ced9065a772e73),platform=Windows NT 10.0.19042 x86_64) (WARNING: The server did not provide any stacktrace information)
Command duration or timeout: 38 milliseconds
For documentation on this error, please visit: http://seleniumhq.org/exceptions/no_such_element.html
Build info: version: '2.52.0', revision: '4c2593c', time: '2016-02-11 19:06:42'
System info: host: 'DESKTOP-H4389BG', ip: '192.168.1.78', os.name: 'Windows 10', os.arch: 'amd64', os.version: '10.0', java.version: '1.8.0_231'
Driver info: org.openqa.selenium.chrome.ChromeDriver
Capabilities [{applicationCacheEnabled=false, rotatable=false, mobileEmulationEnabled=false, networkConnectionEnabled=false, chrome={chromedriverVersion=2.35.528161 (5b82f2d2aae0ca24b877009200ced9065a772e73), userDataDir=C:\Users\ACER\AppData\Local\Temp\scoped_dir1908_5503}, takesHeapSnapshot=true, pageLoadStrategy=normal, databaseEnabled=false, handlesAlerts=true, hasTouchScreen=false, version=91.0.4472.124, platform=XP, browserConnectionEnabled=false, nativeEvents=true, acceptSslCerts=false, acceptInsecureCerts=false, locationContextEnabled=true, webStorageEnabled=true, browserName=chrome, takesScreenshot=true, javascriptEnabled=true, cssSelectorsEnabled=true, setWindowRect=true, unexpectedAlertBehaviour=}]
Session ID: 087301c2c900a03832558a0f34ffb5b0
*** Element info: {Using=xpath, value=//a[contains(@href,'forgotpassword')]}
at sun.reflect.GeneratedConstructorAccessor14.newInstance(Unknown Source)
at sun.reflect.DelegatingConstructorAccessorImpl.newInstance(Unknown Source)
at java.lang.reflect.Constructor.newInstance(Unknown Source)
at org.openqa.selenium.remote.ErrorHandler.createThrowable(ErrorHandler.java:206)
at org.openqa.selenium.remote.ErrorHandler.throwIfResponseFailed(ErrorHandler.java:158)
at org.openqa.selenium.remote.RemoteWebDriver.execute(RemoteWebDriver.java:678)
at org.openqa.selenium.remote.RemoteWebDriver.findElement(RemoteWebDriver.java:363)
at org.openqa.selenium.remote.RemoteWebDriver.findElementByXPath(RemoteWebDriver.java:500)
at org.openqa.selenium.By$ByXPath.findElement(By.java:361)
at org.openqa.selenium.remote.RemoteWebDriver.findElement(RemoteWebDriver.java:355)
at org.openqa.selenium.support.ui.ExpectedConditions.findElement(ExpectedConditions.java:911)
at org.openqa.selenium.support.ui.ExpectedConditions.access$0(ExpectedConditions.java:909)
at org.openqa.selenium.support.ui.ExpectedConditions$6.apply(ExpectedConditions.java:181)
at org.openqa.selenium.support.ui.ExpectedConditions$6.apply(ExpectedConditions.java:1)
at org.openqa.selenium.support.ui.FluentWait.until(FluentWait.java:238)
... 28 more
]]>
            </full-stacktrace>
          </exception> <!-- org.openqa.selenium.TimeoutException -->
          <reporter-output>
            <line>
              <![CDATA[not able to find element by (By.xpath: //a[contains(@href,'forgotpassword')]) in '30' seconds]]>
            </line>
          </reporter-output>
        </test-method> <!-- verifyRequiredFieldValidation -->
        <test-method status="FAIL" signature="verifyInvalidEmailsValidation(java.lang.String, java.lang.String)[pri:2, instance:com.qualitesoft.channelgatesip.testscripts.TestForgotPassword@7e0e6aa2]" name="verifyInvalidEmailsValidation" duration-ms="30433" started-at="2021-07-10T15:48:12Z" data-provider="InvalidEmailFormat" finished-at="2021-07-10T15:48:42Z">
          <params>
            <param index="0">
              <value>
                <![CDATA[email1]]>
              </value>
            </param>
            <param index="1">
              <value>
                <![CDATA[qatest]]>
              </value>
            </param>
          </params>
          <exception class="org.openqa.selenium.TimeoutException">
            <message>
              <![CDATA[Timed out after 30 seconds waiting for presence of element located by: By.xpath: //input[@name='email']
Build info: version: '2.52.0', revision: '4c2593c', time: '2016-02-11 19:06:42'
System info: host: 'DESKTOP-H4389BG', ip: '192.168.1.78', os.name: 'Windows 10', os.arch: 'amd64', os.version: '10.0', java.version: '1.8.0_231'
Driver info: org.openqa.selenium.chrome.ChromeDriver
Capabilities [{applicationCacheEnabled=false, rotatable=false, mobileEmulationEnabled=false, networkConnectionEnabled=false, chrome={chromedriverVersion=2.35.528161 (5b82f2d2aae0ca24b877009200ced9065a772e73), userDataDir=C:\Users\ACER\AppData\Local\Temp\scoped_dir1908_5503}, takesHeapSnapshot=true, pageLoadStrategy=normal, databaseEnabled=false, handlesAlerts=true, hasTouchScreen=false, version=91.0.4472.124, platform=XP, browserConnectionEnabled=false, nativeEvents=true, acceptSslCerts=false, acceptInsecureCerts=false, locationContextEnabled=true, webStorageEnabled=true, browserName=chrome, takesScreenshot=true, javascriptEnabled=true, cssSelectorsEnabled=true, setWindowRect=true, unexpectedAlertBehaviour=}]
Session ID: 087301c2c900a03832558a0f34ffb5b0]]>
            </message>
            <full-stacktrace>
              <![CDATA[org.openqa.selenium.TimeoutException: Timed out after 30 seconds waiting for presence of element located by: By.xpath: //input[@name='email']
Build info: version: '2.52.0', revision: '4c2593c', time: '2016-02-11 19:06:42'
System info: host: 'DESKTOP-H4389BG', ip: '192.168.1.78', os.name: 'Windows 10', os.arch: 'amd64', os.version: '10.0', java.version: '1.8.0_231'
Driver info: org.openqa.selenium.chrome.ChromeDriver
Capabilities [{applicationCacheEnabled=false, rotatable=false, mobileEmulationEnabled=false, networkConnectionEnabled=false, chrome={chromedriverVersion=2.35.528161 (5b82f2d2aae0ca24b877009200ced9065a772e73), userDataDir=C:\Users\ACER\AppData\Local\Temp\scoped_dir1908_5503}, takesHeapSnapshot=true, pageLoadStrategy=normal, databaseEnabled=false, handlesAlerts=true, hasTouchScreen=false, version=91.0.4472.124, platform=XP, browserConnectionEnabled=false, nativeEvents=true, acceptSslCerts=false, acceptInsecureCerts=false, locationContextEnabled=true, webStorageEnabled=true, browserName=chrome, takesScreenshot=true, javascriptEnabled=true, cssSelectorsEnabled=true, setWindowRect=true, unexpectedAlertBehaviour=}]
Session ID: 087301c2c900a03832558a0f34ffb5b0
at org.openqa.selenium.support.ui.WebDriverWait.timeoutException(WebDriverWait.java:80)
at org.openqa.selenium.support.ui.FluentWait.until(FluentWait.java:261)
at com.qualitesoft.core.WaitTool.waitForElementPresentAndDisplay(WaitTool.java:19)
at com.qualitesoft.channelgatesip.pageobjects.LoginPage.emailField(LoginPage.java:27)
at com.qualitesoft.channelgatesip.testscripts.TestForgotPassword.verifyInvalidEmailsValidation(TestForgotPassword.java:35)
at sun.reflect.NativeMethodAccessorImpl.invoke0(Native Method)
at sun.reflect.NativeMethodAccessorImpl.invoke(Unknown Source)
at sun.reflect.DelegatingMethodAccessorImpl.invoke(Unknown Source)
at java.lang.reflect.Method.invoke(Unknown Source)
at org.testng.internal.MethodInvocationHelper.invokeMethod(MethodInvocationHelper.java:124)
at org.testng.internal.Invoker.invokeMethod(Invoker.java:583)
at org.testng.internal.Invoker.invokeTestMethod(Invoker.java:719)
at org.testng.internal.Invoker.invokeTestMethods(Invoker.java:989)
at org.testng.internal.TestMethodWorker.invokeTestMethods(TestMethodWorker.java:125)
at org.testng.internal.TestMethodWorker.run(TestMethodWorker.java:109)
at org.testng.TestRunner.privateRun(TestRunner.java:648)
at org.testng.TestRunner.run(TestRunner.java:505)
at org.testng.SuiteRunner.runTest(SuiteRunner.java:455)
at org.testng.SuiteRunner.runSequentially(SuiteRunner.java:450)
at org.testng.SuiteRunner.privateRun(SuiteRunner.java:415)
at org.testng.SuiteRunner.run(SuiteRunner.java:364)
at org.testng.SuiteRunnerWorker.runSuite(SuiteRunnerWorker.java:52)
at org.testng.SuiteRunnerWorker.run(SuiteRunnerWorker.java:84)
at org.testng.TestNG.runSuitesSequentially(TestNG.java:1208)
at org.testng.TestNG.runSuitesLocally(TestNG.java:1137)
at org.testng.TestNG.runSuites(TestNG.java:1049)
at org.testng.TestNG.run(TestNG.java:1017)
at org.testng.remote.AbstractRemoteTestNG.run(AbstractRemoteTestNG.java:114)
at org.testng.remote.RemoteTestNG.initAndRun(RemoteTestNG.java:251)
at org.testng.remote.RemoteTestNG.main(RemoteTestNG.java:77)
Caused by: org.openqa.selenium.NoSuchElementException: no such element: Unable to locate element: {"method":"xpath","selector":"//input[@name='email']"}
  (Session info: chrome=91.0.4472.124)
  (Driver info: chromedriver=2.35.528161 (5b82f2d2aae0ca24b877009200ced9065a772e73),platform=Windows NT 10.0.19042 x86_64) (WARNING: The server did not provide any stacktrace information)
Command duration or timeout: 32 milliseconds
For documentation on this error, please visit: http://seleniumhq.org/exceptions/no_such_element.html
Build info: version: '2.52.0', revision: '4c2593c', time: '2016-02-11 19:06:42'
System info: host: 'DESKTOP-H4389BG', ip: '192.168.1.78', os.name: 'Windows 10', os.arch: 'amd64', os.version: '10.0', java.version: '1.8.0_231'
Driver info: org.openqa.selenium.chrome.ChromeDriver
Capabilities [{applicationCacheEnabled=false, rotatable=false, mobileEmulationEnabled=false, networkConnectionEnabled=false, chrome={chromedriverVersion=2.35.528161 (5b82f2d2aae0ca24b877009200ced9065a772e73), userDataDir=C:\Users\ACER\AppData\Local\Temp\scoped_dir1908_5503}, takesHeapSnapshot=true, pageLoadStrategy=normal, databaseEnabled=false, handlesAlerts=true, hasTouchScreen=false, version=91.0.4472.124, platform=XP, browserConnectionEnabled=false, nativeEvents=true, acceptSslCerts=false, acceptInsecureCerts=false, locationContextEnabled=true, webStorageEnabled=true, browserName=chrome, takesScreenshot=true, javascriptEnabled=true, cssSelectorsEnabled=true, setWindowRect=true, unexpectedAlertBehaviour=}]
Session ID: 087301c2c900a03832558a0f34ffb5b0
*** Element info: {Using=xpath, value=//input[@name='email']}
at sun.reflect.GeneratedConstructorAccessor14.newInstance(Unknown Source)
at sun.reflect.DelegatingConstructorAccessorImpl.newInstance(Unknown Source)
at java.lang.reflect.Constructor.newInstance(Unknown Source)
at org.openqa.selenium.remote.ErrorHandler.createThrowable(ErrorHandler.java:206)
at org.openqa.selenium.remote.ErrorHandler.throwIfResponseFailed(ErrorHandler.java:158)
at org.openqa.selenium.remote.RemoteWebDriver.execute(RemoteWebDriver.java:678)
at org.openqa.selenium.remote.RemoteWebDriver.findElement(RemoteWebDriver.java:363)
at org.openqa.selenium.remote.RemoteWebDriver.findElementByXPath(RemoteWebDriver.java:500)
at org.openqa.selenium.By$ByXPath.findElement(By.java:361)
at org.openqa.selenium.remote.RemoteWebDriver.findElement(RemoteWebDriver.java:355)
at org.openqa.selenium.support.ui.ExpectedConditions.findElement(ExpectedConditions.java:911)
at org.openqa.selenium.support.ui.ExpectedConditions.access$0(ExpectedConditions.java:909)
at org.openqa.selenium.support.ui.ExpectedConditions$6.apply(ExpectedConditions.java:181)
at org.openqa.selenium.support.ui.ExpectedConditions$6.apply(ExpectedConditions.java:1)
at org.openqa.selenium.support.ui.FluentWait.until(FluentWait.java:238)
... 28 more
]]>
            </full-stacktrace>
          </exception> <!-- org.openqa.selenium.TimeoutException -->
          <reporter-output>
            <line>
              <![CDATA[not able to find element by (By.xpath: //input[@name='email']) in '30' seconds]]>
            </line>
          </reporter-output>
        </test-method> <!-- verifyInvalidEmailsValidation -->
        <test-method status="FAIL" signature="verifyInvalidEmailsValidation(java.lang.String, java.lang.String)[pri:2, instance:com.qualitesoft.channelgatesip.testscripts.TestForgotPassword@7e0e6aa2]" name="verifyInvalidEmailsValidation" duration-ms="30437" started-at="2021-07-10T15:48:42Z" data-provider="InvalidEmailFormat" finished-at="2021-07-10T15:49:13Z">
          <params>
            <param index="0">
              <value>
                <![CDATA[email2]]>
              </value>
            </param>
            <param index="1">
              <value>
                <![CDATA[qatest@]]>
              </value>
            </param>
          </params>
          <exception class="org.openqa.selenium.TimeoutException">
            <message>
              <![CDATA[Timed out after 30 seconds waiting for presence of element located by: By.xpath: //input[@name='email']
Build info: version: '2.52.0', revision: '4c2593c', time: '2016-02-11 19:06:42'
System info: host: 'DESKTOP-H4389BG', ip: '192.168.1.78', os.name: 'Windows 10', os.arch: 'amd64', os.version: '10.0', java.version: '1.8.0_231'
Driver info: org.openqa.selenium.chrome.ChromeDriver
Capabilities [{applicationCacheEnabled=false, rotatable=false, mobileEmulationEnabled=false, networkConnectionEnabled=false, chrome={chromedriverVersion=2.35.528161 (5b82f2d2aae0ca24b877009200ced9065a772e73), userDataDir=C:\Users\ACER\AppData\Local\Temp\scoped_dir1908_5503}, takesHeapSnapshot=true, pageLoadStrategy=normal, databaseEnabled=false, handlesAlerts=true, hasTouchScreen=false, version=91.0.4472.124, platform=XP, browserConnectionEnabled=false, nativeEvents=true, acceptSslCerts=false, acceptInsecureCerts=false, locationContextEnabled=true, webStorageEnabled=true, browserName=chrome, takesScreenshot=true, javascriptEnabled=true, cssSelectorsEnabled=true, setWindowRect=true, unexpectedAlertBehaviour=}]
Session ID: 087301c2c900a03832558a0f34ffb5b0]]>
            </message>
            <full-stacktrace>
              <![CDATA[org.openqa.selenium.TimeoutException: Timed out after 30 seconds waiting for presence of element located by: By.xpath: //input[@name='email']
Build info: version: '2.52.0', revision: '4c2593c', time: '2016-02-11 19:06:42'
System info: host: 'DESKTOP-H4389BG', ip: '192.168.1.78', os.name: 'Windows 10', os.arch: 'amd64', os.version: '10.0', java.version: '1.8.0_231'
Driver info: org.openqa.selenium.chrome.ChromeDriver
Capabilities [{applicationCacheEnabled=false, rotatable=false, mobileEmulationEnabled=false, networkConnectionEnabled=false, chrome={chromedriverVersion=2.35.528161 (5b82f2d2aae0ca24b877009200ced9065a772e73), userDataDir=C:\Users\ACER\AppData\Local\Temp\scoped_dir1908_5503}, takesHeapSnapshot=true, pageLoadStrategy=normal, databaseEnabled=false, handlesAlerts=true, hasTouchScreen=false, version=91.0.4472.124, platform=XP, browserConnectionEnabled=false, nativeEvents=true, acceptSslCerts=false, acceptInsecureCerts=false, locationContextEnabled=true, webStorageEnabled=true, browserName=chrome, takesScreenshot=true, javascriptEnabled=true, cssSelectorsEnabled=true, setWindowRect=true, unexpectedAlertBehaviour=}]
Session ID: 087301c2c900a03832558a0f34ffb5b0
at org.openqa.selenium.support.ui.WebDriverWait.timeoutException(WebDriverWait.java:80)
at org.openqa.selenium.support.ui.FluentWait.until(FluentWait.java:261)
at com.qualitesoft.core.WaitTool.waitForElementPresentAndDisplay(WaitTool.java:19)
at com.qualitesoft.channelgatesip.pageobjects.LoginPage.emailField(LoginPage.java:27)
at com.qualitesoft.channelgatesip.testscripts.TestForgotPassword.verifyInvalidEmailsValidation(TestForgotPassword.java:35)
at sun.reflect.NativeMethodAccessorImpl.invoke0(Native Method)
at sun.reflect.NativeMethodAccessorImpl.invoke(Unknown Source)
at sun.reflect.DelegatingMethodAccessorImpl.invoke(Unknown Source)
at java.lang.reflect.Method.invoke(Unknown Source)
at org.testng.internal.MethodInvocationHelper.invokeMethod(MethodInvocationHelper.java:124)
at org.testng.internal.Invoker.invokeMethod(Invoker.java:583)
at org.testng.internal.Invoker.invokeTestMethod(Invoker.java:719)
at org.testng.internal.Invoker.invokeTestMethods(Invoker.java:989)
at org.testng.internal.TestMethodWorker.invokeTestMethods(TestMethodWorker.java:125)
at org.testng.internal.TestMethodWorker.run(TestMethodWorker.java:109)
at org.testng.TestRunner.privateRun(TestRunner.java:648)
at org.testng.TestRunner.run(TestRunner.java:505)
at org.testng.SuiteRunner.runTest(SuiteRunner.java:455)
at org.testng.SuiteRunner.runSequentially(SuiteRunner.java:450)
at org.testng.SuiteRunner.privateRun(SuiteRunner.java:415)
at org.testng.SuiteRunner.run(SuiteRunner.java:364)
at org.testng.SuiteRunnerWorker.runSuite(SuiteRunnerWorker.java:52)
at org.testng.SuiteRunnerWorker.run(SuiteRunnerWorker.java:84)
at org.testng.TestNG.runSuitesSequentially(TestNG.java:1208)
at org.testng.TestNG.runSuitesLocally(TestNG.java:1137)
at org.testng.TestNG.runSuites(TestNG.java:1049)
at org.testng.TestNG.run(TestNG.java:1017)
at org.testng.remote.AbstractRemoteTestNG.run(AbstractRemoteTestNG.java:114)
at org.testng.remote.RemoteTestNG.initAndRun(RemoteTestNG.java:251)
at org.testng.remote.RemoteTestNG.main(RemoteTestNG.java:77)
Caused by: org.openqa.selenium.NoSuchElementException: no such element: Unable to locate element: {"method":"xpath","selector":"//input[@name='email']"}
  (Session info: chrome=91.0.4472.124)
  (Driver info: chromedriver=2.35.528161 (5b82f2d2aae0ca24b877009200ced9065a772e73),platform=Windows NT 10.0.19042 x86_64) (WARNING: The server did not provide any stacktrace information)
Command duration or timeout: 37 milliseconds
For documentation on this error, please visit: http://seleniumhq.org/exceptions/no_such_element.html
Build info: version: '2.52.0', revision: '4c2593c', time: '2016-02-11 19:06:42'
System info: host: 'DESKTOP-H4389BG', ip: '192.168.1.78', os.name: 'Windows 10', os.arch: 'amd64', os.version: '10.0', java.version: '1.8.0_231'
Driver info: org.openqa.selenium.chrome.ChromeDriver
Capabilities [{applicationCacheEnabled=false, rotatable=false, mobileEmulationEnabled=false, networkConnectionEnabled=false, chrome={chromedriverVersion=2.35.528161 (5b82f2d2aae0ca24b877009200ced9065a772e73), userDataDir=C:\Users\ACER\AppData\Local\Temp\scoped_dir1908_5503}, takesHeapSnapshot=true, pageLoadStrategy=normal, databaseEnabled=false, handlesAlerts=true, hasTouchScreen=false, version=91.0.4472.124, platform=XP, browserConnectionEnabled=false, nativeEvents=true, acceptSslCerts=false, acceptInsecureCerts=false, locationContextEnabled=true, webStorageEnabled=true, browserName=chrome, takesScreenshot=true, javascriptEnabled=true, cssSelectorsEnabled=true, setWindowRect=true, unexpectedAlertBehaviour=}]
Session ID: 087301c2c900a03832558a0f34ffb5b0
*** Element info: {Using=xpath, value=//input[@name='email']}
at sun.reflect.GeneratedConstructorAccessor14.newInstance(Unknown Source)
at sun.reflect.DelegatingConstructorAccessorImpl.newInstance(Unknown Source)
at java.lang.reflect.Constructor.newInstance(Unknown Source)
at org.openqa.selenium.remote.ErrorHandler.createThrowable(ErrorHandler.java:206)
at org.openqa.selenium.remote.ErrorHandler.throwIfResponseFailed(ErrorHandler.java:158)
at org.openqa.selenium.remote.RemoteWebDriver.execute(RemoteWebDriver.java:678)
at org.openqa.selenium.remote.RemoteWebDriver.findElement(RemoteWebDriver.java:363)
at org.openqa.selenium.remote.RemoteWebDriver.findElementByXPath(RemoteWebDriver.java:500)
at org.openqa.selenium.By$ByXPath.findElement(By.java:361)
at org.openqa.selenium.remote.RemoteWebDriver.findElement(RemoteWebDriver.java:355)
at org.openqa.selenium.support.ui.ExpectedConditions.findElement(ExpectedConditions.java:911)
at org.openqa.selenium.support.ui.ExpectedConditions.access$0(ExpectedConditions.java:909)
at org.openqa.selenium.support.ui.ExpectedConditions$6.apply(ExpectedConditions.java:181)
at org.openqa.selenium.support.ui.ExpectedConditions$6.apply(ExpectedConditions.java:1)
at org.openqa.selenium.support.ui.FluentWait.until(FluentWait.java:238)
... 28 more
]]>
            </full-stacktrace>
          </exception> <!-- org.openqa.selenium.TimeoutException -->
          <reporter-output>
            <line>
              <![CDATA[not able to find element by (By.xpath: //input[@name='email']) in '30' seconds]]>
            </line>
          </reporter-output>
        </test-method> <!-- verifyInvalidEmailsValidation -->
        <test-method status="FAIL" signature="verifyInvalidEmailsValidation(java.lang.String, java.lang.String)[pri:2, instance:com.qualitesoft.channelgatesip.testscripts.TestForgotPassword@7e0e6aa2]" name="verifyInvalidEmailsValidation" duration-ms="30452" started-at="2021-07-10T15:49:13Z" data-provider="InvalidEmailFormat" finished-at="2021-07-10T15:49:43Z">
          <params>
            <param index="0">
              <value>
                <![CDATA[email3]]>
              </value>
            </param>
            <param index="1">
              <value>
                <![CDATA[qatest@com]]>
              </value>
            </param>
          </params>
          <exception class="org.openqa.selenium.TimeoutException">
            <message>
              <![CDATA[Timed out after 30 seconds waiting for presence of element located by: By.xpath: //input[@name='email']
Build info: version: '2.52.0', revision: '4c2593c', time: '2016-02-11 19:06:42'
System info: host: 'DESKTOP-H4389BG', ip: '192.168.1.78', os.name: 'Windows 10', os.arch: 'amd64', os.version: '10.0', java.version: '1.8.0_231'
Driver info: org.openqa.selenium.chrome.ChromeDriver
Capabilities [{applicationCacheEnabled=false, rotatable=false, mobileEmulationEnabled=false, networkConnectionEnabled=false, chrome={chromedriverVersion=2.35.528161 (5b82f2d2aae0ca24b877009200ced9065a772e73), userDataDir=C:\Users\ACER\AppData\Local\Temp\scoped_dir1908_5503}, takesHeapSnapshot=true, pageLoadStrategy=normal, databaseEnabled=false, handlesAlerts=true, hasTouchScreen=false, version=91.0.4472.124, platform=XP, browserConnectionEnabled=false, nativeEvents=true, acceptSslCerts=false, acceptInsecureCerts=false, locationContextEnabled=true, webStorageEnabled=true, browserName=chrome, takesScreenshot=true, javascriptEnabled=true, cssSelectorsEnabled=true, setWindowRect=true, unexpectedAlertBehaviour=}]
Session ID: 087301c2c900a03832558a0f34ffb5b0]]>
            </message>
            <full-stacktrace>
              <![CDATA[org.openqa.selenium.TimeoutException: Timed out after 30 seconds waiting for presence of element located by: By.xpath: //input[@name='email']
Build info: version: '2.52.0', revision: '4c2593c', time: '2016-02-11 19:06:42'
System info: host: 'DESKTOP-H4389BG', ip: '192.168.1.78', os.name: 'Windows 10', os.arch: 'amd64', os.version: '10.0', java.version: '1.8.0_231'
Driver info: org.openqa.selenium.chrome.ChromeDriver
Capabilities [{applicationCacheEnabled=false, rotatable=false, mobileEmulationEnabled=false, networkConnectionEnabled=false, chrome={chromedriverVersion=2.35.528161 (5b82f2d2aae0ca24b877009200ced9065a772e73), userDataDir=C:\Users\ACER\AppData\Local\Temp\scoped_dir1908_5503}, takesHeapSnapshot=true, pageLoadStrategy=normal, databaseEnabled=false, handlesAlerts=true, hasTouchScreen=false, version=91.0.4472.124, platform=XP, browserConnectionEnabled=false, nativeEvents=true, acceptSslCerts=false, acceptInsecureCerts=false, locationContextEnabled=true, webStorageEnabled=true, browserName=chrome, takesScreenshot=true, javascriptEnabled=true, cssSelectorsEnabled=true, setWindowRect=true, unexpectedAlertBehaviour=}]
Session ID: 087301c2c900a03832558a0f34ffb5b0
at org.openqa.selenium.support.ui.WebDriverWait.timeoutException(WebDriverWait.java:80)
at org.openqa.selenium.support.ui.FluentWait.until(FluentWait.java:261)
at com.qualitesoft.core.WaitTool.waitForElementPresentAndDisplay(WaitTool.java:19)
at com.qualitesoft.channelgatesip.pageobjects.LoginPage.emailField(LoginPage.java:27)
at com.qualitesoft.channelgatesip.testscripts.TestForgotPassword.verifyInvalidEmailsValidation(TestForgotPassword.java:35)
at sun.reflect.NativeMethodAccessorImpl.invoke0(Native Method)
at sun.reflect.NativeMethodAccessorImpl.invoke(Unknown Source)
at sun.reflect.DelegatingMethodAccessorImpl.invoke(Unknown Source)
at java.lang.reflect.Method.invoke(Unknown Source)
at org.testng.internal.MethodInvocationHelper.invokeMethod(MethodInvocationHelper.java:124)
at org.testng.internal.Invoker.invokeMethod(Invoker.java:583)
at org.testng.internal.Invoker.invokeTestMethod(Invoker.java:719)
at org.testng.internal.Invoker.invokeTestMethods(Invoker.java:989)
at org.testng.internal.TestMethodWorker.invokeTestMethods(TestMethodWorker.java:125)
at org.testng.internal.TestMethodWorker.run(TestMethodWorker.java:109)
at org.testng.TestRunner.privateRun(TestRunner.java:648)
at org.testng.TestRunner.run(TestRunner.java:505)
at org.testng.SuiteRunner.runTest(SuiteRunner.java:455)
at org.testng.SuiteRunner.runSequentially(SuiteRunner.java:450)
at org.testng.SuiteRunner.privateRun(SuiteRunner.java:415)
at org.testng.SuiteRunner.run(SuiteRunner.java:364)
at org.testng.SuiteRunnerWorker.runSuite(SuiteRunnerWorker.java:52)
at org.testng.SuiteRunnerWorker.run(SuiteRunnerWorker.java:84)
at org.testng.TestNG.runSuitesSequentially(TestNG.java:1208)
at org.testng.TestNG.runSuitesLocally(TestNG.java:1137)
at org.testng.TestNG.runSuites(TestNG.java:1049)
at org.testng.TestNG.run(TestNG.java:1017)
at org.testng.remote.AbstractRemoteTestNG.run(AbstractRemoteTestNG.java:114)
at org.testng.remote.RemoteTestNG.initAndRun(RemoteTestNG.java:251)
at org.testng.remote.RemoteTestNG.main(RemoteTestNG.java:77)
Caused by: org.openqa.selenium.NoSuchElementException: no such element: Unable to locate element: {"method":"xpath","selector":"//input[@name='email']"}
  (Session info: chrome=91.0.4472.124)
  (Driver info: chromedriver=2.35.528161 (5b82f2d2aae0ca24b877009200ced9065a772e73),platform=Windows NT 10.0.19042 x86_64) (WARNING: The server did not provide any stacktrace information)
Command duration or timeout: 34 milliseconds
For documentation on this error, please visit: http://seleniumhq.org/exceptions/no_such_element.html
Build info: version: '2.52.0', revision: '4c2593c', time: '2016-02-11 19:06:42'
System info: host: 'DESKTOP-H4389BG', ip: '192.168.1.78', os.name: 'Windows 10', os.arch: 'amd64', os.version: '10.0', java.version: '1.8.0_231'
Driver info: org.openqa.selenium.chrome.ChromeDriver
Capabilities [{applicationCacheEnabled=false, rotatable=false, mobileEmulationEnabled=false, networkConnectionEnabled=false, chrome={chromedriverVersion=2.35.528161 (5b82f2d2aae0ca24b877009200ced9065a772e73), userDataDir=C:\Users\ACER\AppData\Local\Temp\scoped_dir1908_5503}, takesHeapSnapshot=true, pageLoadStrategy=normal, databaseEnabled=false, handlesAlerts=true, hasTouchScreen=false, version=91.0.4472.124, platform=XP, browserConnectionEnabled=false, nativeEvents=true, acceptSslCerts=false, acceptInsecureCerts=false, locationContextEnabled=true, webStorageEnabled=true, browserName=chrome, takesScreenshot=true, javascriptEnabled=true, cssSelectorsEnabled=true, setWindowRect=true, unexpectedAlertBehaviour=}]
Session ID: 087301c2c900a03832558a0f34ffb5b0
*** Element info: {Using=xpath, value=//input[@name='email']}
at sun.reflect.GeneratedConstructorAccessor14.newInstance(Unknown Source)
at sun.reflect.DelegatingConstructorAccessorImpl.newInstance(Unknown Source)
at java.lang.reflect.Constructor.newInstance(Unknown Source)
at org.openqa.selenium.remote.ErrorHandler.createThrowable(ErrorHandler.java:206)
at org.openqa.selenium.remote.ErrorHandler.throwIfResponseFailed(ErrorHandler.java:158)
at org.openqa.selenium.remote.RemoteWebDriver.execute(RemoteWebDriver.java:678)
at org.openqa.selenium.remote.RemoteWebDriver.findElement(RemoteWebDriver.java:363)
at org.openqa.selenium.remote.RemoteWebDriver.findElementByXPath(RemoteWebDriver.java:500)
at org.openqa.selenium.By$ByXPath.findElement(By.java:361)
at org.openqa.selenium.remote.RemoteWebDriver.findElement(RemoteWebDriver.java:355)
at org.openqa.selenium.support.ui.ExpectedConditions.findElement(ExpectedConditions.java:911)
at org.openqa.selenium.support.ui.ExpectedConditions.access$0(ExpectedConditions.java:909)
at org.openqa.selenium.support.ui.ExpectedConditions$6.apply(ExpectedConditions.java:181)
at org.openqa.selenium.support.ui.ExpectedConditions$6.apply(ExpectedConditions.java:1)
at org.openqa.selenium.support.ui.FluentWait.until(FluentWait.java:238)
... 28 more
]]>
            </full-stacktrace>
          </exception> <!-- org.openqa.selenium.TimeoutException -->
          <reporter-output>
            <line>
              <![CDATA[not able to find element by (By.xpath: //input[@name='email']) in '30' seconds]]>
            </line>
          </reporter-output>
        </test-method> <!-- verifyInvalidEmailsValidation -->
        <test-method status="FAIL" signature="verifyInvalidEmailsValidation(java.lang.String, java.lang.String)[pri:2, instance:com.qualitesoft.channelgatesip.testscripts.TestForgotPassword@7e0e6aa2]" name="verifyInvalidEmailsValidation" duration-ms="30008" started-at="2021-07-10T15:49:43Z" data-provider="InvalidEmailFormat" finished-at="2021-07-10T15:50:13Z">
          <params>
            <param index="0">
              <value>
                <![CDATA[email4]]>
              </value>
            </param>
            <param index="1">
              <value>
                <![CDATA[qatest@test..com]]>
              </value>
            </param>
          </params>
          <exception class="org.openqa.selenium.TimeoutException">
            <message>
              <![CDATA[Timed out after 30 seconds waiting for presence of element located by: By.xpath: //input[@name='email']
Build info: version: '2.52.0', revision: '4c2593c', time: '2016-02-11 19:06:42'
System info: host: 'DESKTOP-H4389BG', ip: '192.168.1.78', os.name: 'Windows 10', os.arch: 'amd64', os.version: '10.0', java.version: '1.8.0_231'
Driver info: org.openqa.selenium.chrome.ChromeDriver
Capabilities [{applicationCacheEnabled=false, rotatable=false, mobileEmulationEnabled=false, networkConnectionEnabled=false, chrome={chromedriverVersion=2.35.528161 (5b82f2d2aae0ca24b877009200ced9065a772e73), userDataDir=C:\Users\ACER\AppData\Local\Temp\scoped_dir1908_5503}, takesHeapSnapshot=true, pageLoadStrategy=normal, databaseEnabled=false, handlesAlerts=true, hasTouchScreen=false, version=91.0.4472.124, platform=XP, browserConnectionEnabled=false, nativeEvents=true, acceptSslCerts=false, acceptInsecureCerts=false, locationContextEnabled=true, webStorageEnabled=true, browserName=chrome, takesScreenshot=true, javascriptEnabled=true, cssSelectorsEnabled=true, setWindowRect=true, unexpectedAlertBehaviour=}]
Session ID: 087301c2c900a03832558a0f34ffb5b0]]>
            </message>
            <full-stacktrace>
              <![CDATA[org.openqa.selenium.TimeoutException: Timed out after 30 seconds waiting for presence of element located by: By.xpath: //input[@name='email']
Build info: version: '2.52.0', revision: '4c2593c', time: '2016-02-11 19:06:42'
System info: host: 'DESKTOP-H4389BG', ip: '192.168.1.78', os.name: 'Windows 10', os.arch: 'amd64', os.version: '10.0', java.version: '1.8.0_231'
Driver info: org.openqa.selenium.chrome.ChromeDriver
Capabilities [{applicationCacheEnabled=false, rotatable=false, mobileEmulationEnabled=false, networkConnectionEnabled=false, chrome={chromedriverVersion=2.35.528161 (5b82f2d2aae0ca24b877009200ced9065a772e73), userDataDir=C:\Users\ACER\AppData\Local\Temp\scoped_dir1908_5503}, takesHeapSnapshot=true, pageLoadStrategy=normal, databaseEnabled=false, handlesAlerts=true, hasTouchScreen=false, version=91.0.4472.124, platform=XP, browserConnectionEnabled=false, nativeEvents=true, acceptSslCerts=false, acceptInsecureCerts=false, locationContextEnabled=true, webStorageEnabled=true, browserName=chrome, takesScreenshot=true, javascriptEnabled=true, cssSelectorsEnabled=true, setWindowRect=true, unexpectedAlertBehaviour=}]
Session ID: 087301c2c900a03832558a0f34ffb5b0
at org.openqa.selenium.support.ui.WebDriverWait.timeoutException(WebDriverWait.java:80)
at org.openqa.selenium.support.ui.FluentWait.until(FluentWait.java:261)
at com.qualitesoft.core.WaitTool.waitForElementPresentAndDisplay(WaitTool.java:19)
at com.qualitesoft.channelgatesip.pageobjects.LoginPage.emailField(LoginPage.java:27)
at com.qualitesoft.channelgatesip.testscripts.TestForgotPassword.verifyInvalidEmailsValidation(TestForgotPassword.java:35)
at sun.reflect.NativeMethodAccessorImpl.invoke0(Native Method)
at sun.reflect.NativeMethodAccessorImpl.invoke(Unknown Source)
at sun.reflect.DelegatingMethodAccessorImpl.invoke(Unknown Source)
at java.lang.reflect.Method.invoke(Unknown Source)
at org.testng.internal.MethodInvocationHelper.invokeMethod(MethodInvocationHelper.java:124)
at org.testng.internal.Invoker.invokeMethod(Invoker.java:583)
at org.testng.internal.Invoker.invokeTestMethod(Invoker.java:719)
at org.testng.internal.Invoker.invokeTestMethods(Invoker.java:989)
at org.testng.internal.TestMethodWorker.invokeTestMethods(TestMethodWorker.java:125)
at org.testng.internal.TestMethodWorker.run(TestMethodWorker.java:109)
at org.testng.TestRunner.privateRun(TestRunner.java:648)
at org.testng.TestRunner.run(TestRunner.java:505)
at org.testng.SuiteRunner.runTest(SuiteRunner.java:455)
at org.testng.SuiteRunner.runSequentially(SuiteRunner.java:450)
at org.testng.SuiteRunner.privateRun(SuiteRunner.java:415)
at org.testng.SuiteRunner.run(SuiteRunner.java:364)
at org.testng.SuiteRunnerWorker.runSuite(SuiteRunnerWorker.java:52)
at org.testng.SuiteRunnerWorker.run(SuiteRunnerWorker.java:84)
at org.testng.TestNG.runSuitesSequentially(TestNG.java:1208)
at org.testng.TestNG.runSuitesLocally(TestNG.java:1137)
at org.testng.TestNG.runSuites(TestNG.java:1049)
at org.testng.TestNG.run(TestNG.java:1017)
at org.testng.remote.AbstractRemoteTestNG.run(AbstractRemoteTestNG.java:114)
at org.testng.remote.RemoteTestNG.initAndRun(RemoteTestNG.java:251)
at org.testng.remote.RemoteTestNG.main(RemoteTestNG.java:77)
Caused by: org.openqa.selenium.NoSuchElementException: no such element: Unable to locate element: {"method":"xpath","selector":"//input[@name='email']"}
  (Session info: chrome=91.0.4472.124)
  (Driver info: chromedriver=2.35.528161 (5b82f2d2aae0ca24b877009200ced9065a772e73),platform=Windows NT 10.0.19042 x86_64) (WARNING: The server did not provide any stacktrace information)
Command duration or timeout: 35 milliseconds
For documentation on this error, please visit: http://seleniumhq.org/exceptions/no_such_element.html
Build info: version: '2.52.0', revision: '4c2593c', time: '2016-02-11 19:06:42'
System info: host: 'DESKTOP-H4389BG', ip: '192.168.1.78', os.name: 'Windows 10', os.arch: 'amd64', os.version: '10.0', java.version: '1.8.0_231'
Driver info: org.openqa.selenium.chrome.ChromeDriver
Capabilities [{applicationCacheEnabled=false, rotatable=false, mobileEmulationEnabled=false, networkConnectionEnabled=false, chrome={chromedriverVersion=2.35.528161 (5b82f2d2aae0ca24b877009200ced9065a772e73), userDataDir=C:\Users\ACER\AppData\Local\Temp\scoped_dir1908_5503}, takesHeapSnapshot=true, pageLoadStrategy=normal, databaseEnabled=false, handlesAlerts=true, hasTouchScreen=false, version=91.0.4472.124, platform=XP, browserConnectionEnabled=false, nativeEvents=true, acceptSslCerts=false, acceptInsecureCerts=false, locationContextEnabled=true, webStorageEnabled=true, browserName=chrome, takesScreenshot=true, javascriptEnabled=true, cssSelectorsEnabled=true, setWindowRect=true, unexpectedAlertBehaviour=}]
Session ID: 087301c2c900a03832558a0f34ffb5b0
*** Element info: {Using=xpath, value=//input[@name='email']}
at sun.reflect.GeneratedConstructorAccessor14.newInstance(Unknown Source)
at sun.reflect.DelegatingConstructorAccessorImpl.newInstance(Unknown Source)
at java.lang.reflect.Constructor.newInstance(Unknown Source)
at org.openqa.selenium.remote.ErrorHandler.createThrowable(ErrorHandler.java:206)
at org.openqa.selenium.remote.ErrorHandler.throwIfResponseFailed(ErrorHandler.java:158)
at org.openqa.selenium.remote.RemoteWebDriver.execute(RemoteWebDriver.java:678)
at org.openqa.selenium.remote.RemoteWebDriver.findElement(RemoteWebDriver.java:363)
at org.openqa.selenium.remote.RemoteWebDriver.findElementByXPath(RemoteWebDriver.java:500)
at org.openqa.selenium.By$ByXPath.findElement(By.java:361)
at org.openqa.selenium.remote.RemoteWebDriver.findElement(RemoteWebDriver.java:355)
at org.openqa.selenium.support.ui.ExpectedConditions.findElement(ExpectedConditions.java:911)
at org.openqa.selenium.support.ui.ExpectedConditions.access$0(ExpectedConditions.java:909)
at org.openqa.selenium.support.ui.ExpectedConditions$6.apply(ExpectedConditions.java:181)
at org.openqa.selenium.support.ui.ExpectedConditions$6.apply(ExpectedConditions.java:1)
at org.openqa.selenium.support.ui.FluentWait.until(FluentWait.java:238)
... 28 more
]]>
            </full-stacktrace>
          </exception> <!-- org.openqa.selenium.TimeoutException -->
          <reporter-output>
            <line>
              <![CDATA[not able to find element by (By.xpath: //input[@name='email']) in '30' seconds]]>
            </line>
          </reporter-output>
        </test-method> <!-- verifyInvalidEmailsValidation -->
        <test-method status="FAIL" signature="verifyInvalidEmailsValidation(java.lang.String, java.lang.String)[pri:2, instance:com.qualitesoft.channelgatesip.testscripts.TestForgotPassword@7e0e6aa2]" name="verifyInvalidEmailsValidation" duration-ms="30478" started-at="2021-07-10T15:50:13Z" data-provider="InvalidEmailFormat" finished-at="2021-07-10T15:50:44Z">
          <params>
            <param index="0">
              <value>
                <![CDATA[email5]]>
              </value>
            </param>
            <param index="1">
              <value>
                <![CDATA[qatest@@test.com]]>
              </value>
            </param>
          </params>
          <exception class="org.openqa.selenium.TimeoutException">
            <message>
              <![CDATA[Timed out after 30 seconds waiting for presence of element located by: By.xpath: //input[@name='email']
Build info: version: '2.52.0', revision: '4c2593c', time: '2016-02-11 19:06:42'
System info: host: 'DESKTOP-H4389BG', ip: '192.168.1.78', os.name: 'Windows 10', os.arch: 'amd64', os.version: '10.0', java.version: '1.8.0_231'
Driver info: org.openqa.selenium.chrome.ChromeDriver
Capabilities [{applicationCacheEnabled=false, rotatable=false, mobileEmulationEnabled=false, networkConnectionEnabled=false, chrome={chromedriverVersion=2.35.528161 (5b82f2d2aae0ca24b877009200ced9065a772e73), userDataDir=C:\Users\ACER\AppData\Local\Temp\scoped_dir1908_5503}, takesHeapSnapshot=true, pageLoadStrategy=normal, databaseEnabled=false, handlesAlerts=true, hasTouchScreen=false, version=91.0.4472.124, platform=XP, browserConnectionEnabled=false, nativeEvents=true, acceptSslCerts=false, acceptInsecureCerts=false, locationContextEnabled=true, webStorageEnabled=true, browserName=chrome, takesScreenshot=true, javascriptEnabled=true, cssSelectorsEnabled=true, setWindowRect=true, unexpectedAlertBehaviour=}]
Session ID: 087301c2c900a03832558a0f34ffb5b0]]>
            </message>
            <full-stacktrace>
              <![CDATA[org.openqa.selenium.TimeoutException: Timed out after 30 seconds waiting for presence of element located by: By.xpath: //input[@name='email']
Build info: version: '2.52.0', revision: '4c2593c', time: '2016-02-11 19:06:42'
System info: host: 'DESKTOP-H4389BG', ip: '192.168.1.78', os.name: 'Windows 10', os.arch: 'amd64', os.version: '10.0', java.version: '1.8.0_231'
Driver info: org.openqa.selenium.chrome.ChromeDriver
Capabilities [{applicationCacheEnabled=false, rotatable=false, mobileEmulationEnabled=false, networkConnectionEnabled=false, chrome={chromedriverVersion=2.35.528161 (5b82f2d2aae0ca24b877009200ced9065a772e73), userDataDir=C:\Users\ACER\AppData\Local\Temp\scoped_dir1908_5503}, takesHeapSnapshot=true, pageLoadStrategy=normal, databaseEnabled=false, handlesAlerts=true, hasTouchScreen=false, version=91.0.4472.124, platform=XP, browserConnectionEnabled=false, nativeEvents=true, acceptSslCerts=false, acceptInsecureCerts=false, locationContextEnabled=true, webStorageEnabled=true, browserName=chrome, takesScreenshot=true, javascriptEnabled=true, cssSelectorsEnabled=true, setWindowRect=true, unexpectedAlertBehaviour=}]
Session ID: 087301c2c900a03832558a0f34ffb5b0
at org.openqa.selenium.support.ui.WebDriverWait.timeoutException(WebDriverWait.java:80)
at org.openqa.selenium.support.ui.FluentWait.until(FluentWait.java:261)
at com.qualitesoft.core.WaitTool.waitForElementPresentAndDisplay(WaitTool.java:19)
at com.qualitesoft.channelgatesip.pageobjects.LoginPage.emailField(LoginPage.java:27)
at com.qualitesoft.channelgatesip.testscripts.TestForgotPassword.verifyInvalidEmailsValidation(TestForgotPassword.java:35)
at sun.reflect.NativeMethodAccessorImpl.invoke0(Native Method)
at sun.reflect.NativeMethodAccessorImpl.invoke(Unknown Source)
at sun.reflect.DelegatingMethodAccessorImpl.invoke(Unknown Source)
at java.lang.reflect.Method.invoke(Unknown Source)
at org.testng.internal.MethodInvocationHelper.invokeMethod(MethodInvocationHelper.java:124)
at org.testng.internal.Invoker.invokeMethod(Invoker.java:583)
at org.testng.internal.Invoker.invokeTestMethod(Invoker.java:719)
at org.testng.internal.Invoker.invokeTestMethods(Invoker.java:989)
at org.testng.internal.TestMethodWorker.invokeTestMethods(TestMethodWorker.java:125)
at org.testng.internal.TestMethodWorker.run(TestMethodWorker.java:109)
at org.testng.TestRunner.privateRun(TestRunner.java:648)
at org.testng.TestRunner.run(TestRunner.java:505)
at org.testng.SuiteRunner.runTest(SuiteRunner.java:455)
at org.testng.SuiteRunner.runSequentially(SuiteRunner.java:450)
at org.testng.SuiteRunner.privateRun(SuiteRunner.java:415)
at org.testng.SuiteRunner.run(SuiteRunner.java:364)
at org.testng.SuiteRunnerWorker.runSuite(SuiteRunnerWorker.java:52)
at org.testng.SuiteRunnerWorker.run(SuiteRunnerWorker.java:84)
at org.testng.TestNG.runSuitesSequentially(TestNG.java:1208)
at org.testng.TestNG.runSuitesLocally(TestNG.java:1137)
at org.testng.TestNG.runSuites(TestNG.java:1049)
at org.testng.TestNG.run(TestNG.java:1017)
at org.testng.remote.AbstractRemoteTestNG.run(AbstractRemoteTestNG.java:114)
at org.testng.remote.RemoteTestNG.initAndRun(RemoteTestNG.java:251)
at org.testng.remote.RemoteTestNG.main(RemoteTestNG.java:77)
Caused by: org.openqa.selenium.NoSuchElementException: no such element: Unable to locate element: {"method":"xpath","selector":"//input[@name='email']"}
  (Session info: chrome=91.0.4472.124)
  (Driver info: chromedriver=2.35.528161 (5b82f2d2aae0ca24b877009200ced9065a772e73),platform=Windows NT 10.0.19042 x86_64) (WARNING: The server did not provide any stacktrace information)
Command duration or timeout: 32 milliseconds
For documentation on this error, please visit: http://seleniumhq.org/exceptions/no_such_element.html
Build info: version: '2.52.0', revision: '4c2593c', time: '2016-02-11 19:06:42'
System info: host: 'DESKTOP-H4389BG', ip: '192.168.1.78', os.name: 'Windows 10', os.arch: 'amd64', os.version: '10.0', java.version: '1.8.0_231'
Driver info: org.openqa.selenium.chrome.ChromeDriver
Capabilities [{applicationCacheEnabled=false, rotatable=false, mobileEmulationEnabled=false, networkConnectionEnabled=false, chrome={chromedriverVersion=2.35.528161 (5b82f2d2aae0ca24b877009200ced9065a772e73), userDataDir=C:\Users\ACER\AppData\Local\Temp\scoped_dir1908_5503}, takesHeapSnapshot=true, pageLoadStrategy=normal, databaseEnabled=false, handlesAlerts=true, hasTouchScreen=false, version=91.0.4472.124, platform=XP, browserConnectionEnabled=false, nativeEvents=true, acceptSslCerts=false, acceptInsecureCerts=false, locationContextEnabled=true, webStorageEnabled=true, browserName=chrome, takesScreenshot=true, javascriptEnabled=true, cssSelectorsEnabled=true, setWindowRect=true, unexpectedAlertBehaviour=}]
Session ID: 087301c2c900a03832558a0f34ffb5b0
*** Element info: {Using=xpath, value=//input[@name='email']}
at sun.reflect.GeneratedConstructorAccessor14.newInstance(Unknown Source)
at sun.reflect.DelegatingConstructorAccessorImpl.newInstance(Unknown Source)
at java.lang.reflect.Constructor.newInstance(Unknown Source)
at org.openqa.selenium.remote.ErrorHandler.createThrowable(ErrorHandler.java:206)
at org.openqa.selenium.remote.ErrorHandler.throwIfResponseFailed(ErrorHandler.java:158)
at org.openqa.selenium.remote.RemoteWebDriver.execute(RemoteWebDriver.java:678)
at org.openqa.selenium.remote.RemoteWebDriver.findElement(RemoteWebDriver.java:363)
at org.openqa.selenium.remote.RemoteWebDriver.findElementByXPath(RemoteWebDriver.java:500)
at org.openqa.selenium.By$ByXPath.findElement(By.java:361)
at org.openqa.selenium.remote.RemoteWebDriver.findElement(RemoteWebDriver.java:355)
at org.openqa.selenium.support.ui.ExpectedConditions.findElement(ExpectedConditions.java:911)
at org.openqa.selenium.support.ui.ExpectedConditions.access$0(ExpectedConditions.java:909)
at org.openqa.selenium.support.ui.ExpectedConditions$6.apply(ExpectedConditions.java:181)
at org.openqa.selenium.support.ui.ExpectedConditions$6.apply(ExpectedConditions.java:1)
at org.openqa.selenium.support.ui.FluentWait.until(FluentWait.java:238)
... 28 more
]]>
            </full-stacktrace>
          </exception> <!-- org.openqa.selenium.TimeoutException -->
          <reporter-output>
            <line>
              <![CDATA[not able to find element by (By.xpath: //input[@name='email']) in '30' seconds]]>
            </line>
          </reporter-output>
        </test-method> <!-- verifyInvalidEmailsValidation -->
        <test-method status="FAIL" signature="verifyInvalidEmailsValidation(java.lang.String, java.lang.String)[pri:2, instance:com.qualitesoft.channelgatesip.testscripts.TestForgotPassword@7e0e6aa2]" name="verifyInvalidEmailsValidation" duration-ms="30521" started-at="2021-07-10T15:50:44Z" data-provider="InvalidEmailFormat" finished-at="2021-07-10T15:51:14Z">
          <params>
            <param index="0">
              <value>
                <![CDATA[email6]]>
              </value>
            </param>
            <param index="1">
              <value>
                <![CDATA[qatest@.test.com]]>
              </value>
            </param>
          </params>
          <exception class="org.openqa.selenium.TimeoutException">
            <message>
              <![CDATA[Timed out after 30 seconds waiting for presence of element located by: By.xpath: //input[@name='email']
Build info: version: '2.52.0', revision: '4c2593c', time: '2016-02-11 19:06:42'
System info: host: 'DESKTOP-H4389BG', ip: '192.168.1.78', os.name: 'Windows 10', os.arch: 'amd64', os.version: '10.0', java.version: '1.8.0_231'
Driver info: org.openqa.selenium.chrome.ChromeDriver
Capabilities [{applicationCacheEnabled=false, rotatable=false, mobileEmulationEnabled=false, networkConnectionEnabled=false, chrome={chromedriverVersion=2.35.528161 (5b82f2d2aae0ca24b877009200ced9065a772e73), userDataDir=C:\Users\ACER\AppData\Local\Temp\scoped_dir1908_5503}, takesHeapSnapshot=true, pageLoadStrategy=normal, databaseEnabled=false, handlesAlerts=true, hasTouchScreen=false, version=91.0.4472.124, platform=XP, browserConnectionEnabled=false, nativeEvents=true, acceptSslCerts=false, acceptInsecureCerts=false, locationContextEnabled=true, webStorageEnabled=true, browserName=chrome, takesScreenshot=true, javascriptEnabled=true, cssSelectorsEnabled=true, setWindowRect=true, unexpectedAlertBehaviour=}]
Session ID: 087301c2c900a03832558a0f34ffb5b0]]>
            </message>
            <full-stacktrace>
              <![CDATA[org.openqa.selenium.TimeoutException: Timed out after 30 seconds waiting for presence of element located by: By.xpath: //input[@name='email']
Build info: version: '2.52.0', revision: '4c2593c', time: '2016-02-11 19:06:42'
System info: host: 'DESKTOP-H4389BG', ip: '192.168.1.78', os.name: 'Windows 10', os.arch: 'amd64', os.version: '10.0', java.version: '1.8.0_231'
Driver info: org.openqa.selenium.chrome.ChromeDriver
Capabilities [{applicationCacheEnabled=false, rotatable=false, mobileEmulationEnabled=false, networkConnectionEnabled=false, chrome={chromedriverVersion=2.35.528161 (5b82f2d2aae0ca24b877009200ced9065a772e73), userDataDir=C:\Users\ACER\AppData\Local\Temp\scoped_dir1908_5503}, takesHeapSnapshot=true, pageLoadStrategy=normal, databaseEnabled=false, handlesAlerts=true, hasTouchScreen=false, version=91.0.4472.124, platform=XP, browserConnectionEnabled=false, nativeEvents=true, acceptSslCerts=false, acceptInsecureCerts=false, locationContextEnabled=true, webStorageEnabled=true, browserName=chrome, takesScreenshot=true, javascriptEnabled=true, cssSelectorsEnabled=true, setWindowRect=true, unexpectedAlertBehaviour=}]
Session ID: 087301c2c900a03832558a0f34ffb5b0
at org.openqa.selenium.support.ui.WebDriverWait.timeoutException(WebDriverWait.java:80)
at org.openqa.selenium.support.ui.FluentWait.until(FluentWait.java:261)
at com.qualitesoft.core.WaitTool.waitForElementPresentAndDisplay(WaitTool.java:19)
at com.qualitesoft.channelgatesip.pageobjects.LoginPage.emailField(LoginPage.java:27)
at com.qualitesoft.channelgatesip.testscripts.TestForgotPassword.verifyInvalidEmailsValidation(TestForgotPassword.java:35)
at sun.reflect.NativeMethodAccessorImpl.invoke0(Native Method)
at sun.reflect.NativeMethodAccessorImpl.invoke(Unknown Source)
at sun.reflect.DelegatingMethodAccessorImpl.invoke(Unknown Source)
at java.lang.reflect.Method.invoke(Unknown Source)
at org.testng.internal.MethodInvocationHelper.invokeMethod(MethodInvocationHelper.java:124)
at org.testng.internal.Invoker.invokeMethod(Invoker.java:583)
at org.testng.internal.Invoker.invokeTestMethod(Invoker.java:719)
at org.testng.internal.Invoker.invokeTestMethods(Invoker.java:989)
at org.testng.internal.TestMethodWorker.invokeTestMethods(TestMethodWorker.java:125)
at org.testng.internal.TestMethodWorker.run(TestMethodWorker.java:109)
at org.testng.TestRunner.privateRun(TestRunner.java:648)
at org.testng.TestRunner.run(TestRunner.java:505)
at org.testng.SuiteRunner.runTest(SuiteRunner.java:455)
at org.testng.SuiteRunner.runSequentially(SuiteRunner.java:450)
at org.testng.SuiteRunner.privateRun(SuiteRunner.java:415)
at org.testng.SuiteRunner.run(SuiteRunner.java:364)
at org.testng.SuiteRunnerWorker.runSuite(SuiteRunnerWorker.java:52)
at org.testng.SuiteRunnerWorker.run(SuiteRunnerWorker.java:84)
at org.testng.TestNG.runSuitesSequentially(TestNG.java:1208)
at org.testng.TestNG.runSuitesLocally(TestNG.java:1137)
at org.testng.TestNG.runSuites(TestNG.java:1049)
at org.testng.TestNG.run(TestNG.java:1017)
at org.testng.remote.AbstractRemoteTestNG.run(AbstractRemoteTestNG.java:114)
at org.testng.remote.RemoteTestNG.initAndRun(RemoteTestNG.java:251)
at org.testng.remote.RemoteTestNG.main(RemoteTestNG.java:77)
Caused by: org.openqa.selenium.NoSuchElementException: no such element: Unable to locate element: {"method":"xpath","selector":"//input[@name='email']"}
  (Session info: chrome=91.0.4472.124)
  (Driver info: chromedriver=2.35.528161 (5b82f2d2aae0ca24b877009200ced9065a772e73),platform=Windows NT 10.0.19042 x86_64) (WARNING: The server did not provide any stacktrace information)
Command duration or timeout: 33 milliseconds
For documentation on this error, please visit: http://seleniumhq.org/exceptions/no_such_element.html
Build info: version: '2.52.0', revision: '4c2593c', time: '2016-02-11 19:06:42'
System info: host: 'DESKTOP-H4389BG', ip: '192.168.1.78', os.name: 'Windows 10', os.arch: 'amd64', os.version: '10.0', java.version: '1.8.0_231'
Driver info: org.openqa.selenium.chrome.ChromeDriver
Capabilities [{applicationCacheEnabled=false, rotatable=false, mobileEmulationEnabled=false, networkConnectionEnabled=false, chrome={chromedriverVersion=2.35.528161 (5b82f2d2aae0ca24b877009200ced9065a772e73), userDataDir=C:\Users\ACER\AppData\Local\Temp\scoped_dir1908_5503}, takesHeapSnapshot=true, pageLoadStrategy=normal, databaseEnabled=false, handlesAlerts=true, hasTouchScreen=false, version=91.0.4472.124, platform=XP, browserConnectionEnabled=false, nativeEvents=true, acceptSslCerts=false, acceptInsecureCerts=false, locationContextEnabled=true, webStorageEnabled=true, browserName=chrome, takesScreenshot=true, javascriptEnabled=true, cssSelectorsEnabled=true, setWindowRect=true, unexpectedAlertBehaviour=}]
Session ID: 087301c2c900a03832558a0f34ffb5b0
*** Element info: {Using=xpath, value=//input[@name='email']}
at sun.reflect.GeneratedConstructorAccessor14.newInstance(Unknown Source)
at sun.reflect.DelegatingConstructorAccessorImpl.newInstance(Unknown Source)
at java.lang.reflect.Constructor.newInstance(Unknown Source)
at org.openqa.selenium.remote.ErrorHandler.createThrowable(ErrorHandler.java:206)
at org.openqa.selenium.remote.ErrorHandler.throwIfResponseFailed(ErrorHandler.java:158)
at org.openqa.selenium.remote.RemoteWebDriver.execute(RemoteWebDriver.java:678)
at org.openqa.selenium.remote.RemoteWebDriver.findElement(RemoteWebDriver.java:363)
at org.openqa.selenium.remote.RemoteWebDriver.findElementByXPath(RemoteWebDriver.java:500)
at org.openqa.selenium.By$ByXPath.findElement(By.java:361)
at org.openqa.selenium.remote.RemoteWebDriver.findElement(RemoteWebDriver.java:355)
at org.openqa.selenium.support.ui.ExpectedConditions.findElement(ExpectedConditions.java:911)
at org.openqa.selenium.support.ui.ExpectedConditions.access$0(ExpectedConditions.java:909)
at org.openqa.selenium.support.ui.ExpectedConditions$6.apply(ExpectedConditions.java:181)
at org.openqa.selenium.support.ui.ExpectedConditions$6.apply(ExpectedConditions.java:1)
at org.openqa.selenium.support.ui.FluentWait.until(FluentWait.java:238)
... 28 more
]]>
            </full-stacktrace>
          </exception> <!-- org.openqa.selenium.TimeoutException -->
          <reporter-output>
            <line>
              <![CDATA[not able to find element by (By.xpath: //input[@name='email']) in '30' seconds]]>
            </line>
          </reporter-output>
        </test-method> <!-- verifyInvalidEmailsValidation -->
        <test-method status="FAIL" signature="verifyInvalidEmailsValidation(java.lang.String, java.lang.String)[pri:2, instance:com.qualitesoft.channelgatesip.testscripts.TestForgotPassword@7e0e6aa2]" name="verifyInvalidEmailsValidation" duration-ms="30434" started-at="2021-07-10T15:51:14Z" data-provider="InvalidEmailFormat" finished-at="2021-07-10T15:51:45Z">
          <params>
            <param index="0">
              <value>
                <![CDATA[email7]]>
              </value>
            </param>
            <param index="1">
              <value>
                <![CDATA[qatest.@test.com]]>
              </value>
            </param>
          </params>
          <exception class="org.openqa.selenium.TimeoutException">
            <message>
              <![CDATA[Timed out after 30 seconds waiting for presence of element located by: By.xpath: //input[@name='email']
Build info: version: '2.52.0', revision: '4c2593c', time: '2016-02-11 19:06:42'
System info: host: 'DESKTOP-H4389BG', ip: '192.168.1.78', os.name: 'Windows 10', os.arch: 'amd64', os.version: '10.0', java.version: '1.8.0_231'
Driver info: org.openqa.selenium.chrome.ChromeDriver
Capabilities [{applicationCacheEnabled=false, rotatable=false, mobileEmulationEnabled=false, networkConnectionEnabled=false, chrome={chromedriverVersion=2.35.528161 (5b82f2d2aae0ca24b877009200ced9065a772e73), userDataDir=C:\Users\ACER\AppData\Local\Temp\scoped_dir1908_5503}, takesHeapSnapshot=true, pageLoadStrategy=normal, databaseEnabled=false, handlesAlerts=true, hasTouchScreen=false, version=91.0.4472.124, platform=XP, browserConnectionEnabled=false, nativeEvents=true, acceptSslCerts=false, acceptInsecureCerts=false, locationContextEnabled=true, webStorageEnabled=true, browserName=chrome, takesScreenshot=true, javascriptEnabled=true, cssSelectorsEnabled=true, setWindowRect=true, unexpectedAlertBehaviour=}]
Session ID: 087301c2c900a03832558a0f34ffb5b0]]>
            </message>
            <full-stacktrace>
              <![CDATA[org.openqa.selenium.TimeoutException: Timed out after 30 seconds waiting for presence of element located by: By.xpath: //input[@name='email']
Build info: version: '2.52.0', revision: '4c2593c', time: '2016-02-11 19:06:42'
System info: host: 'DESKTOP-H4389BG', ip: '192.168.1.78', os.name: 'Windows 10', os.arch: 'amd64', os.version: '10.0', java.version: '1.8.0_231'
Driver info: org.openqa.selenium.chrome.ChromeDriver
Capabilities [{applicationCacheEnabled=false, rotatable=false, mobileEmulationEnabled=false, networkConnectionEnabled=false, chrome={chromedriverVersion=2.35.528161 (5b82f2d2aae0ca24b877009200ced9065a772e73), userDataDir=C:\Users\ACER\AppData\Local\Temp\scoped_dir1908_5503}, takesHeapSnapshot=true, pageLoadStrategy=normal, databaseEnabled=false, handlesAlerts=true, hasTouchScreen=false, version=91.0.4472.124, platform=XP, browserConnectionEnabled=false, nativeEvents=true, acceptSslCerts=false, acceptInsecureCerts=false, locationContextEnabled=true, webStorageEnabled=true, browserName=chrome, takesScreenshot=true, javascriptEnabled=true, cssSelectorsEnabled=true, setWindowRect=true, unexpectedAlertBehaviour=}]
Session ID: 087301c2c900a03832558a0f34ffb5b0
at org.openqa.selenium.support.ui.WebDriverWait.timeoutException(WebDriverWait.java:80)
at org.openqa.selenium.support.ui.FluentWait.until(FluentWait.java:261)
at com.qualitesoft.core.WaitTool.waitForElementPresentAndDisplay(WaitTool.java:19)
at com.qualitesoft.channelgatesip.pageobjects.LoginPage.emailField(LoginPage.java:27)
at com.qualitesoft.channelgatesip.testscripts.TestForgotPassword.verifyInvalidEmailsValidation(TestForgotPassword.java:35)
at sun.reflect.NativeMethodAccessorImpl.invoke0(Native Method)
at sun.reflect.NativeMethodAccessorImpl.invoke(Unknown Source)
at sun.reflect.DelegatingMethodAccessorImpl.invoke(Unknown Source)
at java.lang.reflect.Method.invoke(Unknown Source)
at org.testng.internal.MethodInvocationHelper.invokeMethod(MethodInvocationHelper.java:124)
at org.testng.internal.Invoker.invokeMethod(Invoker.java:583)
at org.testng.internal.Invoker.invokeTestMethod(Invoker.java:719)
at org.testng.internal.Invoker.invokeTestMethods(Invoker.java:989)
at org.testng.internal.TestMethodWorker.invokeTestMethods(TestMethodWorker.java:125)
at org.testng.internal.TestMethodWorker.run(TestMethodWorker.java:109)
at org.testng.TestRunner.privateRun(TestRunner.java:648)
at org.testng.TestRunner.run(TestRunner.java:505)
at org.testng.SuiteRunner.runTest(SuiteRunner.java:455)
at org.testng.SuiteRunner.runSequentially(SuiteRunner.java:450)
at org.testng.SuiteRunner.privateRun(SuiteRunner.java:415)
at org.testng.SuiteRunner.run(SuiteRunner.java:364)
at org.testng.SuiteRunnerWorker.runSuite(SuiteRunnerWorker.java:52)
at org.testng.SuiteRunnerWorker.run(SuiteRunnerWorker.java:84)
at org.testng.TestNG.runSuitesSequentially(TestNG.java:1208)
at org.testng.TestNG.runSuitesLocally(TestNG.java:1137)
at org.testng.TestNG.runSuites(TestNG.java:1049)
at org.testng.TestNG.run(TestNG.java:1017)
at org.testng.remote.AbstractRemoteTestNG.run(AbstractRemoteTestNG.java:114)
at org.testng.remote.RemoteTestNG.initAndRun(RemoteTestNG.java:251)
at org.testng.remote.RemoteTestNG.main(RemoteTestNG.java:77)
Caused by: org.openqa.selenium.NoSuchElementException: no such element: Unable to locate element: {"method":"xpath","selector":"//input[@name='email']"}
  (Session info: chrome=91.0.4472.124)
  (Driver info: chromedriver=2.35.528161 (5b82f2d2aae0ca24b877009200ced9065a772e73),platform=Windows NT 10.0.19042 x86_64) (WARNING: The server did not provide any stacktrace information)
Command duration or timeout: 32 milliseconds
For documentation on this error, please visit: http://seleniumhq.org/exceptions/no_such_element.html
Build info: version: '2.52.0', revision: '4c2593c', time: '2016-02-11 19:06:42'
System info: host: 'DESKTOP-H4389BG', ip: '192.168.1.78', os.name: 'Windows 10', os.arch: 'amd64', os.version: '10.0', java.version: '1.8.0_231'
Driver info: org.openqa.selenium.chrome.ChromeDriver
Capabilities [{applicationCacheEnabled=false, rotatable=false, mobileEmulationEnabled=false, networkConnectionEnabled=false, chrome={chromedriverVersion=2.35.528161 (5b82f2d2aae0ca24b877009200ced9065a772e73), userDataDir=C:\Users\ACER\AppData\Local\Temp\scoped_dir1908_5503}, takesHeapSnapshot=true, pageLoadStrategy=normal, databaseEnabled=false, handlesAlerts=true, hasTouchScreen=false, version=91.0.4472.124, platform=XP, browserConnectionEnabled=false, nativeEvents=true, acceptSslCerts=false, acceptInsecureCerts=false, locationContextEnabled=true, webStorageEnabled=true, browserName=chrome, takesScreenshot=true, javascriptEnabled=true, cssSelectorsEnabled=true, setWindowRect=true, unexpectedAlertBehaviour=}]
Session ID: 087301c2c900a03832558a0f34ffb5b0
*** Element info: {Using=xpath, value=//input[@name='email']}
at sun.reflect.GeneratedConstructorAccessor14.newInstance(Unknown Source)
at sun.reflect.DelegatingConstructorAccessorImpl.newInstance(Unknown Source)
at java.lang.reflect.Constructor.newInstance(Unknown Source)
at org.openqa.selenium.remote.ErrorHandler.createThrowable(ErrorHandler.java:206)
at org.openqa.selenium.remote.ErrorHandler.throwIfResponseFailed(ErrorHandler.java:158)
at org.openqa.selenium.remote.RemoteWebDriver.execute(RemoteWebDriver.java:678)
at org.openqa.selenium.remote.RemoteWebDriver.findElement(RemoteWebDriver.java:363)
at org.openqa.selenium.remote.RemoteWebDriver.findElementByXPath(RemoteWebDriver.java:500)
at org.openqa.selenium.By$ByXPath.findElement(By.java:361)
at org.openqa.selenium.remote.RemoteWebDriver.findElement(RemoteWebDriver.java:355)
at org.openqa.selenium.support.ui.ExpectedConditions.findElement(ExpectedConditions.java:911)
at org.openqa.selenium.support.ui.ExpectedConditions.access$0(ExpectedConditions.java:909)
at org.openqa.selenium.support.ui.ExpectedConditions$6.apply(ExpectedConditions.java:181)
at org.openqa.selenium.support.ui.ExpectedConditions$6.apply(ExpectedConditions.java:1)
at org.openqa.selenium.support.ui.FluentWait.until(FluentWait.java:238)
... 28 more
]]>
            </full-stacktrace>
          </exception> <!-- org.openqa.selenium.TimeoutException -->
          <reporter-output>
            <line>
              <![CDATA[not able to find element by (By.xpath: //input[@name='email']) in '30' seconds]]>
            </line>
          </reporter-output>
        </test-method> <!-- verifyInvalidEmailsValidation -->
        <test-method status="FAIL" signature="verifyInvalidEmailsValidation(java.lang.String, java.lang.String)[pri:2, instance:com.qualitesoft.channelgatesip.testscripts.TestForgotPassword@7e0e6aa2]" name="verifyInvalidEmailsValidation" duration-ms="30481" started-at="2021-07-10T15:51:45Z" data-provider="InvalidEmailFormat" finished-at="2021-07-10T15:52:15Z">
          <params>
            <param index="0">
              <value>
                <![CDATA[email8]]>
              </value>
            </param>
            <param index="1">
              <value>
                <![CDATA[qa..test@test.com]]>
              </value>
            </param>
          </params>
          <exception class="org.openqa.selenium.TimeoutException">
            <message>
              <![CDATA[Timed out after 30 seconds waiting for presence of element located by: By.xpath: //input[@name='email']
Build info: version: '2.52.0', revision: '4c2593c', time: '2016-02-11 19:06:42'
System info: host: 'DESKTOP-H4389BG', ip: '192.168.1.78', os.name: 'Windows 10', os.arch: 'amd64', os.version: '10.0', java.version: '1.8.0_231'
Driver info: org.openqa.selenium.chrome.ChromeDriver
Capabilities [{applicationCacheEnabled=false, rotatable=false, mobileEmulationEnabled=false, networkConnectionEnabled=false, chrome={chromedriverVersion=2.35.528161 (5b82f2d2aae0ca24b877009200ced9065a772e73), userDataDir=C:\Users\ACER\AppData\Local\Temp\scoped_dir1908_5503}, takesHeapSnapshot=true, pageLoadStrategy=normal, databaseEnabled=false, handlesAlerts=true, hasTouchScreen=false, version=91.0.4472.124, platform=XP, browserConnectionEnabled=false, nativeEvents=true, acceptSslCerts=false, acceptInsecureCerts=false, locationContextEnabled=true, webStorageEnabled=true, browserName=chrome, takesScreenshot=true, javascriptEnabled=true, cssSelectorsEnabled=true, setWindowRect=true, unexpectedAlertBehaviour=}]
Session ID: 087301c2c900a03832558a0f34ffb5b0]]>
            </message>
            <full-stacktrace>
              <![CDATA[org.openqa.selenium.TimeoutException: Timed out after 30 seconds waiting for presence of element located by: By.xpath: //input[@name='email']
Build info: version: '2.52.0', revision: '4c2593c', time: '2016-02-11 19:06:42'
System info: host: 'DESKTOP-H4389BG', ip: '192.168.1.78', os.name: 'Windows 10', os.arch: 'amd64', os.version: '10.0', java.version: '1.8.0_231'
Driver info: org.openqa.selenium.chrome.ChromeDriver
Capabilities [{applicationCacheEnabled=false, rotatable=false, mobileEmulationEnabled=false, networkConnectionEnabled=false, chrome={chromedriverVersion=2.35.528161 (5b82f2d2aae0ca24b877009200ced9065a772e73), userDataDir=C:\Users\ACER\AppData\Local\Temp\scoped_dir1908_5503}, takesHeapSnapshot=true, pageLoadStrategy=normal, databaseEnabled=false, handlesAlerts=true, hasTouchScreen=false, version=91.0.4472.124, platform=XP, browserConnectionEnabled=false, nativeEvents=true, acceptSslCerts=false, acceptInsecureCerts=false, locationContextEnabled=true, webStorageEnabled=true, browserName=chrome, takesScreenshot=true, javascriptEnabled=true, cssSelectorsEnabled=true, setWindowRect=true, unexpectedAlertBehaviour=}]
Session ID: 087301c2c900a03832558a0f34ffb5b0
at org.openqa.selenium.support.ui.WebDriverWait.timeoutException(WebDriverWait.java:80)
at org.openqa.selenium.support.ui.FluentWait.until(FluentWait.java:261)
at com.qualitesoft.core.WaitTool.waitForElementPresentAndDisplay(WaitTool.java:19)
at com.qualitesoft.channelgatesip.pageobjects.LoginPage.emailField(LoginPage.java:27)
at com.qualitesoft.channelgatesip.testscripts.TestForgotPassword.verifyInvalidEmailsValidation(TestForgotPassword.java:35)
at sun.reflect.NativeMethodAccessorImpl.invoke0(Native Method)
at sun.reflect.NativeMethodAccessorImpl.invoke(Unknown Source)
at sun.reflect.DelegatingMethodAccessorImpl.invoke(Unknown Source)
at java.lang.reflect.Method.invoke(Unknown Source)
at org.testng.internal.MethodInvocationHelper.invokeMethod(MethodInvocationHelper.java:124)
at org.testng.internal.Invoker.invokeMethod(Invoker.java:583)
at org.testng.internal.Invoker.invokeTestMethod(Invoker.java:719)
at org.testng.internal.Invoker.invokeTestMethods(Invoker.java:989)
at org.testng.internal.TestMethodWorker.invokeTestMethods(TestMethodWorker.java:125)
at org.testng.internal.TestMethodWorker.run(TestMethodWorker.java:109)
at org.testng.TestRunner.privateRun(TestRunner.java:648)
at org.testng.TestRunner.run(TestRunner.java:505)
at org.testng.SuiteRunner.runTest(SuiteRunner.java:455)
at org.testng.SuiteRunner.runSequentially(SuiteRunner.java:450)
at org.testng.SuiteRunner.privateRun(SuiteRunner.java:415)
at org.testng.SuiteRunner.run(SuiteRunner.java:364)
at org.testng.SuiteRunnerWorker.runSuite(SuiteRunnerWorker.java:52)
at org.testng.SuiteRunnerWorker.run(SuiteRunnerWorker.java:84)
at org.testng.TestNG.runSuitesSequentially(TestNG.java:1208)
at org.testng.TestNG.runSuitesLocally(TestNG.java:1137)
at org.testng.TestNG.runSuites(TestNG.java:1049)
at org.testng.TestNG.run(TestNG.java:1017)
at org.testng.remote.AbstractRemoteTestNG.run(AbstractRemoteTestNG.java:114)
at org.testng.remote.RemoteTestNG.initAndRun(RemoteTestNG.java:251)
at org.testng.remote.RemoteTestNG.main(RemoteTestNG.java:77)
Caused by: org.openqa.selenium.NoSuchElementException: no such element: Unable to locate element: {"method":"xpath","selector":"//input[@name='email']"}
  (Session info: chrome=91.0.4472.124)
  (Driver info: chromedriver=2.35.528161 (5b82f2d2aae0ca24b877009200ced9065a772e73),platform=Windows NT 10.0.19042 x86_64) (WARNING: The server did not provide any stacktrace information)
Command duration or timeout: 32 milliseconds
For documentation on this error, please visit: http://seleniumhq.org/exceptions/no_such_element.html
Build info: version: '2.52.0', revision: '4c2593c', time: '2016-02-11 19:06:42'
System info: host: 'DESKTOP-H4389BG', ip: '192.168.1.78', os.name: 'Windows 10', os.arch: 'amd64', os.version: '10.0', java.version: '1.8.0_231'
Driver info: org.openqa.selenium.chrome.ChromeDriver
Capabilities [{applicationCacheEnabled=false, rotatable=false, mobileEmulationEnabled=false, networkConnectionEnabled=false, chrome={chromedriverVersion=2.35.528161 (5b82f2d2aae0ca24b877009200ced9065a772e73), userDataDir=C:\Users\ACER\AppData\Local\Temp\scoped_dir1908_5503}, takesHeapSnapshot=true, pageLoadStrategy=normal, databaseEnabled=false, handlesAlerts=true, hasTouchScreen=false, version=91.0.4472.124, platform=XP, browserConnectionEnabled=false, nativeEvents=true, acceptSslCerts=false, acceptInsecureCerts=false, locationContextEnabled=true, webStorageEnabled=true, browserName=chrome, takesScreenshot=true, javascriptEnabled=true, cssSelectorsEnabled=true, setWindowRect=true, unexpectedAlertBehaviour=}]
Session ID: 087301c2c900a03832558a0f34ffb5b0
*** Element info: {Using=xpath, value=//input[@name='email']}
at sun.reflect.GeneratedConstructorAccessor14.newInstance(Unknown Source)
at sun.reflect.DelegatingConstructorAccessorImpl.newInstance(Unknown Source)
at java.lang.reflect.Constructor.newInstance(Unknown Source)
at org.openqa.selenium.remote.ErrorHandler.createThrowable(ErrorHandler.java:206)
at org.openqa.selenium.remote.ErrorHandler.throwIfResponseFailed(ErrorHandler.java:158)
at org.openqa.selenium.remote.RemoteWebDriver.execute(RemoteWebDriver.java:678)
at org.openqa.selenium.remote.RemoteWebDriver.findElement(RemoteWebDriver.java:363)
at org.openqa.selenium.remote.RemoteWebDriver.findElementByXPath(RemoteWebDriver.java:500)
at org.openqa.selenium.By$ByXPath.findElement(By.java:361)
at org.openqa.selenium.remote.RemoteWebDriver.findElement(RemoteWebDriver.java:355)
at org.openqa.selenium.support.ui.ExpectedConditions.findElement(ExpectedConditions.java:911)
at org.openqa.selenium.support.ui.ExpectedConditions.access$0(ExpectedConditions.java:909)
at org.openqa.selenium.support.ui.ExpectedConditions$6.apply(ExpectedConditions.java:181)
at org.openqa.selenium.support.ui.ExpectedConditions$6.apply(ExpectedConditions.java:1)
at org.openqa.selenium.support.ui.FluentWait.until(FluentWait.java:238)
... 28 more
]]>
            </full-stacktrace>
          </exception> <!-- org.openqa.selenium.TimeoutException -->
          <reporter-output>
            <line>
              <![CDATA[not able to find element by (By.xpath: //input[@name='email']) in '30' seconds]]>
            </line>
          </reporter-output>
        </test-method> <!-- verifyInvalidEmailsValidation -->
        <test-method status="FAIL" signature="verifyInvalidEmailsValidation(java.lang.String, java.lang.String)[pri:2, instance:com.qualitesoft.channelgatesip.testscripts.TestForgotPassword@7e0e6aa2]" name="verifyInvalidEmailsValidation" duration-ms="30431" started-at="2021-07-10T15:52:15Z" data-provider="InvalidEmailFormat" finished-at="2021-07-10T15:52:46Z">
          <params>
            <param index="0">
              <value>
                <![CDATA[email9]]>
              </value>
            </param>
            <param index="1">
              <value>
                <![CDATA[.qatest@test.com]]>
              </value>
            </param>
          </params>
          <exception class="org.openqa.selenium.TimeoutException">
            <message>
              <![CDATA[Timed out after 30 seconds waiting for presence of element located by: By.xpath: //input[@name='email']
Build info: version: '2.52.0', revision: '4c2593c', time: '2016-02-11 19:06:42'
System info: host: 'DESKTOP-H4389BG', ip: '192.168.1.78', os.name: 'Windows 10', os.arch: 'amd64', os.version: '10.0', java.version: '1.8.0_231'
Driver info: org.openqa.selenium.chrome.ChromeDriver
Capabilities [{applicationCacheEnabled=false, rotatable=false, mobileEmulationEnabled=false, networkConnectionEnabled=false, chrome={chromedriverVersion=2.35.528161 (5b82f2d2aae0ca24b877009200ced9065a772e73), userDataDir=C:\Users\ACER\AppData\Local\Temp\scoped_dir1908_5503}, takesHeapSnapshot=true, pageLoadStrategy=normal, databaseEnabled=false, handlesAlerts=true, hasTouchScreen=false, version=91.0.4472.124, platform=XP, browserConnectionEnabled=false, nativeEvents=true, acceptSslCerts=false, acceptInsecureCerts=false, locationContextEnabled=true, webStorageEnabled=true, browserName=chrome, takesScreenshot=true, javascriptEnabled=true, cssSelectorsEnabled=true, setWindowRect=true, unexpectedAlertBehaviour=}]
Session ID: 087301c2c900a03832558a0f34ffb5b0]]>
            </message>
            <full-stacktrace>
              <![CDATA[org.openqa.selenium.TimeoutException: Timed out after 30 seconds waiting for presence of element located by: By.xpath: //input[@name='email']
Build info: version: '2.52.0', revision: '4c2593c', time: '2016-02-11 19:06:42'
System info: host: 'DESKTOP-H4389BG', ip: '192.168.1.78', os.name: 'Windows 10', os.arch: 'amd64', os.version: '10.0', java.version: '1.8.0_231'
Driver info: org.openqa.selenium.chrome.ChromeDriver
Capabilities [{applicationCacheEnabled=false, rotatable=false, mobileEmulationEnabled=false, networkConnectionEnabled=false, chrome={chromedriverVersion=2.35.528161 (5b82f2d2aae0ca24b877009200ced9065a772e73), userDataDir=C:\Users\ACER\AppData\Local\Temp\scoped_dir1908_5503}, takesHeapSnapshot=true, pageLoadStrategy=normal, databaseEnabled=false, handlesAlerts=true, hasTouchScreen=false, version=91.0.4472.124, platform=XP, browserConnectionEnabled=false, nativeEvents=true, acceptSslCerts=false, acceptInsecureCerts=false, locationContextEnabled=true, webStorageEnabled=true, browserName=chrome, takesScreenshot=true, javascriptEnabled=true, cssSelectorsEnabled=true, setWindowRect=true, unexpectedAlertBehaviour=}]
Session ID: 087301c2c900a03832558a0f34ffb5b0
at org.openqa.selenium.support.ui.WebDriverWait.timeoutException(WebDriverWait.java:80)
at org.openqa.selenium.support.ui.FluentWait.until(FluentWait.java:261)
at com.qualitesoft.core.WaitTool.waitForElementPresentAndDisplay(WaitTool.java:19)
at com.qualitesoft.channelgatesip.pageobjects.LoginPage.emailField(LoginPage.java:27)
at com.qualitesoft.channelgatesip.testscripts.TestForgotPassword.verifyInvalidEmailsValidation(TestForgotPassword.java:35)
at sun.reflect.NativeMethodAccessorImpl.invoke0(Native Method)
at sun.reflect.NativeMethodAccessorImpl.invoke(Unknown Source)
at sun.reflect.DelegatingMethodAccessorImpl.invoke(Unknown Source)
at java.lang.reflect.Method.invoke(Unknown Source)
at org.testng.internal.MethodInvocationHelper.invokeMethod(MethodInvocationHelper.java:124)
at org.testng.internal.Invoker.invokeMethod(Invoker.java:583)
at org.testng.internal.Invoker.invokeTestMethod(Invoker.java:719)
at org.testng.internal.Invoker.invokeTestMethods(Invoker.java:989)
at org.testng.internal.TestMethodWorker.invokeTestMethods(TestMethodWorker.java:125)
at org.testng.internal.TestMethodWorker.run(TestMethodWorker.java:109)
at org.testng.TestRunner.privateRun(TestRunner.java:648)
at org.testng.TestRunner.run(TestRunner.java:505)
at org.testng.SuiteRunner.runTest(SuiteRunner.java:455)
at org.testng.SuiteRunner.runSequentially(SuiteRunner.java:450)
at org.testng.SuiteRunner.privateRun(SuiteRunner.java:415)
at org.testng.SuiteRunner.run(SuiteRunner.java:364)
at org.testng.SuiteRunnerWorker.runSuite(SuiteRunnerWorker.java:52)
at org.testng.SuiteRunnerWorker.run(SuiteRunnerWorker.java:84)
at org.testng.TestNG.runSuitesSequentially(TestNG.java:1208)
at org.testng.TestNG.runSuitesLocally(TestNG.java:1137)
at org.testng.TestNG.runSuites(TestNG.java:1049)
at org.testng.TestNG.run(TestNG.java:1017)
at org.testng.remote.AbstractRemoteTestNG.run(AbstractRemoteTestNG.java:114)
at org.testng.remote.RemoteTestNG.initAndRun(RemoteTestNG.java:251)
at org.testng.remote.RemoteTestNG.main(RemoteTestNG.java:77)
Caused by: org.openqa.selenium.NoSuchElementException: no such element: Unable to locate element: {"method":"xpath","selector":"//input[@name='email']"}
  (Session info: chrome=91.0.4472.124)
  (Driver info: chromedriver=2.35.528161 (5b82f2d2aae0ca24b877009200ced9065a772e73),platform=Windows NT 10.0.19042 x86_64) (WARNING: The server did not provide any stacktrace information)
Command duration or timeout: 32 milliseconds
For documentation on this error, please visit: http://seleniumhq.org/exceptions/no_such_element.html
Build info: version: '2.52.0', revision: '4c2593c', time: '2016-02-11 19:06:42'
System info: host: 'DESKTOP-H4389BG', ip: '192.168.1.78', os.name: 'Windows 10', os.arch: 'amd64', os.version: '10.0', java.version: '1.8.0_231'
Driver info: org.openqa.selenium.chrome.ChromeDriver
Capabilities [{applicationCacheEnabled=false, rotatable=false, mobileEmulationEnabled=false, networkConnectionEnabled=false, chrome={chromedriverVersion=2.35.528161 (5b82f2d2aae0ca24b877009200ced9065a772e73), userDataDir=C:\Users\ACER\AppData\Local\Temp\scoped_dir1908_5503}, takesHeapSnapshot=true, pageLoadStrategy=normal, databaseEnabled=false, handlesAlerts=true, hasTouchScreen=false, version=91.0.4472.124, platform=XP, browserConnectionEnabled=false, nativeEvents=true, acceptSslCerts=false, acceptInsecureCerts=false, locationContextEnabled=true, webStorageEnabled=true, browserName=chrome, takesScreenshot=true, javascriptEnabled=true, cssSelectorsEnabled=true, setWindowRect=true, unexpectedAlertBehaviour=}]
Session ID: 087301c2c900a03832558a0f34ffb5b0
*** Element info: {Using=xpath, value=//input[@name='email']}
at sun.reflect.GeneratedConstructorAccessor14.newInstance(Unknown Source)
at sun.reflect.DelegatingConstructorAccessorImpl.newInstance(Unknown Source)
at java.lang.reflect.Constructor.newInstance(Unknown Source)
at org.openqa.selenium.remote.ErrorHandler.createThrowable(ErrorHandler.java:206)
at org.openqa.selenium.remote.ErrorHandler.throwIfResponseFailed(ErrorHandler.java:158)
at org.openqa.selenium.remote.RemoteWebDriver.execute(RemoteWebDriver.java:678)
at org.openqa.selenium.remote.RemoteWebDriver.findElement(RemoteWebDriver.java:363)
at org.openqa.selenium.remote.RemoteWebDriver.findElementByXPath(RemoteWebDriver.java:500)
at org.openqa.selenium.By$ByXPath.findElement(By.java:361)
at org.openqa.selenium.remote.RemoteWebDriver.findElement(RemoteWebDriver.java:355)
at org.openqa.selenium.support.ui.ExpectedConditions.findElement(ExpectedConditions.java:911)
at org.openqa.selenium.support.ui.ExpectedConditions.access$0(ExpectedConditions.java:909)
at org.openqa.selenium.support.ui.ExpectedConditions$6.apply(ExpectedConditions.java:181)
at org.openqa.selenium.support.ui.ExpectedConditions$6.apply(ExpectedConditions.java:1)
at org.openqa.selenium.support.ui.FluentWait.until(FluentWait.java:238)
... 28 more
]]>
            </full-stacktrace>
          </exception> <!-- org.openqa.selenium.TimeoutException -->
          <reporter-output>
            <line>
              <![CDATA[not able to find element by (By.xpath: //input[@name='email']) in '30' seconds]]>
            </line>
          </reporter-output>
        </test-method> <!-- verifyInvalidEmailsValidation -->
        <test-method status="FAIL" signature="verifyInvalidEmailsValidation(java.lang.String, java.lang.String)[pri:2, instance:com.qualitesoft.channelgatesip.testscripts.TestForgotPassword@7e0e6aa2]" name="verifyInvalidEmailsValidation" duration-ms="30444" started-at="2021-07-10T15:52:46Z" data-provider="InvalidEmailFormat" finished-at="2021-07-10T15:53:16Z">
          <params>
            <param index="0">
              <value>
                <![CDATA[email10]]>
              </value>
            </param>
            <param index="1">
              <value>
                <![CDATA[qatest@test.com.]]>
              </value>
            </param>
          </params>
          <exception class="org.openqa.selenium.TimeoutException">
            <message>
              <![CDATA[Timed out after 30 seconds waiting for presence of element located by: By.xpath: //input[@name='email']
Build info: version: '2.52.0', revision: '4c2593c', time: '2016-02-11 19:06:42'
System info: host: 'DESKTOP-H4389BG', ip: '192.168.1.78', os.name: 'Windows 10', os.arch: 'amd64', os.version: '10.0', java.version: '1.8.0_231'
Driver info: org.openqa.selenium.chrome.ChromeDriver
Capabilities [{applicationCacheEnabled=false, rotatable=false, mobileEmulationEnabled=false, networkConnectionEnabled=false, chrome={chromedriverVersion=2.35.528161 (5b82f2d2aae0ca24b877009200ced9065a772e73), userDataDir=C:\Users\ACER\AppData\Local\Temp\scoped_dir1908_5503}, takesHeapSnapshot=true, pageLoadStrategy=normal, databaseEnabled=false, handlesAlerts=true, hasTouchScreen=false, version=91.0.4472.124, platform=XP, browserConnectionEnabled=false, nativeEvents=true, acceptSslCerts=false, acceptInsecureCerts=false, locationContextEnabled=true, webStorageEnabled=true, browserName=chrome, takesScreenshot=true, javascriptEnabled=true, cssSelectorsEnabled=true, setWindowRect=true, unexpectedAlertBehaviour=}]
Session ID: 087301c2c900a03832558a0f34ffb5b0]]>
            </message>
            <full-stacktrace>
              <![CDATA[org.openqa.selenium.TimeoutException: Timed out after 30 seconds waiting for presence of element located by: By.xpath: //input[@name='email']
Build info: version: '2.52.0', revision: '4c2593c', time: '2016-02-11 19:06:42'
System info: host: 'DESKTOP-H4389BG', ip: '192.168.1.78', os.name: 'Windows 10', os.arch: 'amd64', os.version: '10.0', java.version: '1.8.0_231'
Driver info: org.openqa.selenium.chrome.ChromeDriver
Capabilities [{applicationCacheEnabled=false, rotatable=false, mobileEmulationEnabled=false, networkConnectionEnabled=false, chrome={chromedriverVersion=2.35.528161 (5b82f2d2aae0ca24b877009200ced9065a772e73), userDataDir=C:\Users\ACER\AppData\Local\Temp\scoped_dir1908_5503}, takesHeapSnapshot=true, pageLoadStrategy=normal, databaseEnabled=false, handlesAlerts=true, hasTouchScreen=false, version=91.0.4472.124, platform=XP, browserConnectionEnabled=false, nativeEvents=true, acceptSslCerts=false, acceptInsecureCerts=false, locationContextEnabled=true, webStorageEnabled=true, browserName=chrome, takesScreenshot=true, javascriptEnabled=true, cssSelectorsEnabled=true, setWindowRect=true, unexpectedAlertBehaviour=}]
Session ID: 087301c2c900a03832558a0f34ffb5b0
at org.openqa.selenium.support.ui.WebDriverWait.timeoutException(WebDriverWait.java:80)
at org.openqa.selenium.support.ui.FluentWait.until(FluentWait.java:261)
at com.qualitesoft.core.WaitTool.waitForElementPresentAndDisplay(WaitTool.java:19)
at com.qualitesoft.channelgatesip.pageobjects.LoginPage.emailField(LoginPage.java:27)
at com.qualitesoft.channelgatesip.testscripts.TestForgotPassword.verifyInvalidEmailsValidation(TestForgotPassword.java:35)
at sun.reflect.NativeMethodAccessorImpl.invoke0(Native Method)
at sun.reflect.NativeMethodAccessorImpl.invoke(Unknown Source)
at sun.reflect.DelegatingMethodAccessorImpl.invoke(Unknown Source)
at java.lang.reflect.Method.invoke(Unknown Source)
at org.testng.internal.MethodInvocationHelper.invokeMethod(MethodInvocationHelper.java:124)
at org.testng.internal.Invoker.invokeMethod(Invoker.java:583)
at org.testng.internal.Invoker.invokeTestMethod(Invoker.java:719)
at org.testng.internal.Invoker.invokeTestMethods(Invoker.java:989)
at org.testng.internal.TestMethodWorker.invokeTestMethods(TestMethodWorker.java:125)
at org.testng.internal.TestMethodWorker.run(TestMethodWorker.java:109)
at org.testng.TestRunner.privateRun(TestRunner.java:648)
at org.testng.TestRunner.run(TestRunner.java:505)
at org.testng.SuiteRunner.runTest(SuiteRunner.java:455)
at org.testng.SuiteRunner.runSequentially(SuiteRunner.java:450)
at org.testng.SuiteRunner.privateRun(SuiteRunner.java:415)
at org.testng.SuiteRunner.run(SuiteRunner.java:364)
at org.testng.SuiteRunnerWorker.runSuite(SuiteRunnerWorker.java:52)
at org.testng.SuiteRunnerWorker.run(SuiteRunnerWorker.java:84)
at org.testng.TestNG.runSuitesSequentially(TestNG.java:1208)
at org.testng.TestNG.runSuitesLocally(TestNG.java:1137)
at org.testng.TestNG.runSuites(TestNG.java:1049)
at org.testng.TestNG.run(TestNG.java:1017)
at org.testng.remote.AbstractRemoteTestNG.run(AbstractRemoteTestNG.java:114)
at org.testng.remote.RemoteTestNG.initAndRun(RemoteTestNG.java:251)
at org.testng.remote.RemoteTestNG.main(RemoteTestNG.java:77)
Caused by: org.openqa.selenium.NoSuchElementException: no such element: Unable to locate element: {"method":"xpath","selector":"//input[@name='email']"}
  (Session info: chrome=91.0.4472.124)
  (Driver info: chromedriver=2.35.528161 (5b82f2d2aae0ca24b877009200ced9065a772e73),platform=Windows NT 10.0.19042 x86_64) (WARNING: The server did not provide any stacktrace information)
Command duration or timeout: 32 milliseconds
For documentation on this error, please visit: http://seleniumhq.org/exceptions/no_such_element.html
Build info: version: '2.52.0', revision: '4c2593c', time: '2016-02-11 19:06:42'
System info: host: 'DESKTOP-H4389BG', ip: '192.168.1.78', os.name: 'Windows 10', os.arch: 'amd64', os.version: '10.0', java.version: '1.8.0_231'
Driver info: org.openqa.selenium.chrome.ChromeDriver
Capabilities [{applicationCacheEnabled=false, rotatable=false, mobileEmulationEnabled=false, networkConnectionEnabled=false, chrome={chromedriverVersion=2.35.528161 (5b82f2d2aae0ca24b877009200ced9065a772e73), userDataDir=C:\Users\ACER\AppData\Local\Temp\scoped_dir1908_5503}, takesHeapSnapshot=true, pageLoadStrategy=normal, databaseEnabled=false, handlesAlerts=true, hasTouchScreen=false, version=91.0.4472.124, platform=XP, browserConnectionEnabled=false, nativeEvents=true, acceptSslCerts=false, acceptInsecureCerts=false, locationContextEnabled=true, webStorageEnabled=true, browserName=chrome, takesScreenshot=true, javascriptEnabled=true, cssSelectorsEnabled=true, setWindowRect=true, unexpectedAlertBehaviour=}]
Session ID: 087301c2c900a03832558a0f34ffb5b0
*** Element info: {Using=xpath, value=//input[@name='email']}
at sun.reflect.GeneratedConstructorAccessor14.newInstance(Unknown Source)
at sun.reflect.DelegatingConstructorAccessorImpl.newInstance(Unknown Source)
at java.lang.reflect.Constructor.newInstance(Unknown Source)
at org.openqa.selenium.remote.ErrorHandler.createThrowable(ErrorHandler.java:206)
at org.openqa.selenium.remote.ErrorHandler.throwIfResponseFailed(ErrorHandler.java:158)
at org.openqa.selenium.remote.RemoteWebDriver.execute(RemoteWebDriver.java:678)
at org.openqa.selenium.remote.RemoteWebDriver.findElement(RemoteWebDriver.java:363)
at org.openqa.selenium.remote.RemoteWebDriver.findElementByXPath(RemoteWebDriver.java:500)
at org.openqa.selenium.By$ByXPath.findElement(By.java:361)
at org.openqa.selenium.remote.RemoteWebDriver.findElement(RemoteWebDriver.java:355)
at org.openqa.selenium.support.ui.ExpectedConditions.findElement(ExpectedConditions.java:911)
at org.openqa.selenium.support.ui.ExpectedConditions.access$0(ExpectedConditions.java:909)
at org.openqa.selenium.support.ui.ExpectedConditions$6.apply(ExpectedConditions.java:181)
at org.openqa.selenium.support.ui.ExpectedConditions$6.apply(ExpectedConditions.java:1)
at org.openqa.selenium.support.ui.FluentWait.until(FluentWait.java:238)
... 28 more
]]>
            </full-stacktrace>
          </exception> <!-- org.openqa.selenium.TimeoutException -->
          <reporter-output>
            <line>
              <![CDATA[not able to find element by (By.xpath: //input[@name='email']) in '30' seconds]]>
            </line>
          </reporter-output>
        </test-method> <!-- verifyInvalidEmailsValidation -->
        <test-method status="FAIL" signature="verifyUnregisteredEmailValidation()[pri:3, instance:com.qualitesoft.channelgatesip.testscripts.TestForgotPassword@7e0e6aa2]" name="verifyUnregisteredEmailValidation" duration-ms="30441" started-at="2021-07-10T15:53:16Z" finished-at="2021-07-10T15:53:47Z">
          <exception class="org.openqa.selenium.TimeoutException">
            <message>
              <![CDATA[Timed out after 30 seconds waiting for presence of element located by: By.xpath: //input[@name='email']
Build info: version: '2.52.0', revision: '4c2593c', time: '2016-02-11 19:06:42'
System info: host: 'DESKTOP-H4389BG', ip: '192.168.1.78', os.name: 'Windows 10', os.arch: 'amd64', os.version: '10.0', java.version: '1.8.0_231'
Driver info: org.openqa.selenium.chrome.ChromeDriver
Capabilities [{applicationCacheEnabled=false, rotatable=false, mobileEmulationEnabled=false, networkConnectionEnabled=false, chrome={chromedriverVersion=2.35.528161 (5b82f2d2aae0ca24b877009200ced9065a772e73), userDataDir=C:\Users\ACER\AppData\Local\Temp\scoped_dir1908_5503}, takesHeapSnapshot=true, pageLoadStrategy=normal, databaseEnabled=false, handlesAlerts=true, hasTouchScreen=false, version=91.0.4472.124, platform=XP, browserConnectionEnabled=false, nativeEvents=true, acceptSslCerts=false, acceptInsecureCerts=false, locationContextEnabled=true, webStorageEnabled=true, browserName=chrome, takesScreenshot=true, javascriptEnabled=true, cssSelectorsEnabled=true, setWindowRect=true, unexpectedAlertBehaviour=}]
Session ID: 087301c2c900a03832558a0f34ffb5b0]]>
            </message>
            <full-stacktrace>
              <![CDATA[org.openqa.selenium.TimeoutException: Timed out after 30 seconds waiting for presence of element located by: By.xpath: //input[@name='email']
Build info: version: '2.52.0', revision: '4c2593c', time: '2016-02-11 19:06:42'
System info: host: 'DESKTOP-H4389BG', ip: '192.168.1.78', os.name: 'Windows 10', os.arch: 'amd64', os.version: '10.0', java.version: '1.8.0_231'
Driver info: org.openqa.selenium.chrome.ChromeDriver
Capabilities [{applicationCacheEnabled=false, rotatable=false, mobileEmulationEnabled=false, networkConnectionEnabled=false, chrome={chromedriverVersion=2.35.528161 (5b82f2d2aae0ca24b877009200ced9065a772e73), userDataDir=C:\Users\ACER\AppData\Local\Temp\scoped_dir1908_5503}, takesHeapSnapshot=true, pageLoadStrategy=normal, databaseEnabled=false, handlesAlerts=true, hasTouchScreen=false, version=91.0.4472.124, platform=XP, browserConnectionEnabled=false, nativeEvents=true, acceptSslCerts=false, acceptInsecureCerts=false, locationContextEnabled=true, webStorageEnabled=true, browserName=chrome, takesScreenshot=true, javascriptEnabled=true, cssSelectorsEnabled=true, setWindowRect=true, unexpectedAlertBehaviour=}]
Session ID: 087301c2c900a03832558a0f34ffb5b0
at org.openqa.selenium.support.ui.WebDriverWait.timeoutException(WebDriverWait.java:80)
at org.openqa.selenium.support.ui.FluentWait.until(FluentWait.java:261)
at com.qualitesoft.core.WaitTool.waitForElementPresentAndDisplay(WaitTool.java:19)
at com.qualitesoft.channelgatesip.pageobjects.LoginPage.emailField(LoginPage.java:27)
at com.qualitesoft.channelgatesip.testscripts.TestForgotPassword.verifyUnregisteredEmailValidation(TestForgotPassword.java:46)
at sun.reflect.NativeMethodAccessorImpl.invoke0(Native Method)
at sun.reflect.NativeMethodAccessorImpl.invoke(Unknown Source)
at sun.reflect.DelegatingMethodAccessorImpl.invoke(Unknown Source)
at java.lang.reflect.Method.invoke(Unknown Source)
at org.testng.internal.MethodInvocationHelper.invokeMethod(MethodInvocationHelper.java:124)
at org.testng.internal.Invoker.invokeMethod(Invoker.java:583)
at org.testng.internal.Invoker.invokeTestMethod(Invoker.java:719)
at org.testng.internal.Invoker.invokeTestMethods(Invoker.java:989)
at org.testng.internal.TestMethodWorker.invokeTestMethods(TestMethodWorker.java:125)
at org.testng.internal.TestMethodWorker.run(TestMethodWorker.java:109)
at org.testng.TestRunner.privateRun(TestRunner.java:648)
at org.testng.TestRunner.run(TestRunner.java:505)
at org.testng.SuiteRunner.runTest(SuiteRunner.java:455)
at org.testng.SuiteRunner.runSequentially(SuiteRunner.java:450)
at org.testng.SuiteRunner.privateRun(SuiteRunner.java:415)
at org.testng.SuiteRunner.run(SuiteRunner.java:364)
at org.testng.SuiteRunnerWorker.runSuite(SuiteRunnerWorker.java:52)
at org.testng.SuiteRunnerWorker.run(SuiteRunnerWorker.java:84)
at org.testng.TestNG.runSuitesSequentially(TestNG.java:1208)
at org.testng.TestNG.runSuitesLocally(TestNG.java:1137)
at org.testng.TestNG.runSuites(TestNG.java:1049)
at org.testng.TestNG.run(TestNG.java:1017)
at org.testng.remote.AbstractRemoteTestNG.run(AbstractRemoteTestNG.java:114)
at org.testng.remote.RemoteTestNG.initAndRun(RemoteTestNG.java:251)
at org.testng.remote.RemoteTestNG.main(RemoteTestNG.java:77)
Caused by: org.openqa.selenium.NoSuchElementException: no such element: Unable to locate element: {"method":"xpath","selector":"//input[@name='email']"}
  (Session info: chrome=91.0.4472.124)
  (Driver info: chromedriver=2.35.528161 (5b82f2d2aae0ca24b877009200ced9065a772e73),platform=Windows NT 10.0.19042 x86_64) (WARNING: The server did not provide any stacktrace information)
Command duration or timeout: 32 milliseconds
For documentation on this error, please visit: http://seleniumhq.org/exceptions/no_such_element.html
Build info: version: '2.52.0', revision: '4c2593c', time: '2016-02-11 19:06:42'
System info: host: 'DESKTOP-H4389BG', ip: '192.168.1.78', os.name: 'Windows 10', os.arch: 'amd64', os.version: '10.0', java.version: '1.8.0_231'
Driver info: org.openqa.selenium.chrome.ChromeDriver
Capabilities [{applicationCacheEnabled=false, rotatable=false, mobileEmulationEnabled=false, networkConnectionEnabled=false, chrome={chromedriverVersion=2.35.528161 (5b82f2d2aae0ca24b877009200ced9065a772e73), userDataDir=C:\Users\ACER\AppData\Local\Temp\scoped_dir1908_5503}, takesHeapSnapshot=true, pageLoadStrategy=normal, databaseEnabled=false, handlesAlerts=true, hasTouchScreen=false, version=91.0.4472.124, platform=XP, browserConnectionEnabled=false, nativeEvents=true, acceptSslCerts=false, acceptInsecureCerts=false, locationContextEnabled=true, webStorageEnabled=true, browserName=chrome, takesScreenshot=true, javascriptEnabled=true, cssSelectorsEnabled=true, setWindowRect=true, unexpectedAlertBehaviour=}]
Session ID: 087301c2c900a03832558a0f34ffb5b0
*** Element info: {Using=xpath, value=//input[@name='email']}
at sun.reflect.GeneratedConstructorAccessor14.newInstance(Unknown Source)
at sun.reflect.DelegatingConstructorAccessorImpl.newInstance(Unknown Source)
at java.lang.reflect.Constructor.newInstance(Unknown Source)
at org.openqa.selenium.remote.ErrorHandler.createThrowable(ErrorHandler.java:206)
at org.openqa.selenium.remote.ErrorHandler.throwIfResponseFailed(ErrorHandler.java:158)
at org.openqa.selenium.remote.RemoteWebDriver.execute(RemoteWebDriver.java:678)
at org.openqa.selenium.remote.RemoteWebDriver.findElement(RemoteWebDriver.java:363)
at org.openqa.selenium.remote.RemoteWebDriver.findElementByXPath(RemoteWebDriver.java:500)
at org.openqa.selenium.By$ByXPath.findElement(By.java:361)
at org.openqa.selenium.remote.RemoteWebDriver.findElement(RemoteWebDriver.java:355)
at org.openqa.selenium.support.ui.ExpectedConditions.findElement(ExpectedConditions.java:911)
at org.openqa.selenium.support.ui.ExpectedConditions.access$0(ExpectedConditions.java:909)
at org.openqa.selenium.support.ui.ExpectedConditions$6.apply(ExpectedConditions.java:181)
at org.openqa.selenium.support.ui.ExpectedConditions$6.apply(ExpectedConditions.java:1)
at org.openqa.selenium.support.ui.FluentWait.until(FluentWait.java:238)
... 28 more
]]>
            </full-stacktrace>
          </exception> <!-- org.openqa.selenium.TimeoutException -->
          <reporter-output>
            <line>
              <![CDATA[not able to find element by (By.xpath: //input[@name='email']) in '30' seconds]]>
            </line>
          </reporter-output>
        </test-method> <!-- verifyUnregisteredEmailValidation -->
        <test-method status="FAIL" signature="testForgotPassword()[pri:4, instance:com.qualitesoft.channelgatesip.testscripts.TestForgotPassword@7e0e6aa2]" name="testForgotPassword" duration-ms="33087" started-at="2021-07-10T15:53:47Z" finished-at="2021-07-10T15:54:20Z">
          <exception class="org.openqa.selenium.TimeoutException">
            <message>
              <![CDATA[Timed out after 30 seconds waiting for presence of element located by: By.xpath: //input[@name='email']
Build info: version: '2.52.0', revision: '4c2593c', time: '2016-02-11 19:06:42'
System info: host: 'DESKTOP-H4389BG', ip: '192.168.1.78', os.name: 'Windows 10', os.arch: 'amd64', os.version: '10.0', java.version: '1.8.0_231'
Driver info: org.openqa.selenium.chrome.ChromeDriver
Capabilities [{applicationCacheEnabled=false, rotatable=false, mobileEmulationEnabled=false, networkConnectionEnabled=false, chrome={chromedriverVersion=2.35.528161 (5b82f2d2aae0ca24b877009200ced9065a772e73), userDataDir=C:\Users\ACER\AppData\Local\Temp\scoped_dir1908_5503}, takesHeapSnapshot=true, pageLoadStrategy=normal, databaseEnabled=false, handlesAlerts=true, hasTouchScreen=false, version=91.0.4472.124, platform=XP, browserConnectionEnabled=false, nativeEvents=true, acceptSslCerts=false, acceptInsecureCerts=false, locationContextEnabled=true, webStorageEnabled=true, browserName=chrome, takesScreenshot=true, javascriptEnabled=true, cssSelectorsEnabled=true, setWindowRect=true, unexpectedAlertBehaviour=}]
Session ID: 087301c2c900a03832558a0f34ffb5b0]]>
            </message>
            <full-stacktrace>
              <![CDATA[org.openqa.selenium.TimeoutException: Timed out after 30 seconds waiting for presence of element located by: By.xpath: //input[@name='email']
Build info: version: '2.52.0', revision: '4c2593c', time: '2016-02-11 19:06:42'
System info: host: 'DESKTOP-H4389BG', ip: '192.168.1.78', os.name: 'Windows 10', os.arch: 'amd64', os.version: '10.0', java.version: '1.8.0_231'
Driver info: org.openqa.selenium.chrome.ChromeDriver
Capabilities [{applicationCacheEnabled=false, rotatable=false, mobileEmulationEnabled=false, networkConnectionEnabled=false, chrome={chromedriverVersion=2.35.528161 (5b82f2d2aae0ca24b877009200ced9065a772e73), userDataDir=C:\Users\ACER\AppData\Local\Temp\scoped_dir1908_5503}, takesHeapSnapshot=true, pageLoadStrategy=normal, databaseEnabled=false, handlesAlerts=true, hasTouchScreen=false, version=91.0.4472.124, platform=XP, browserConnectionEnabled=false, nativeEvents=true, acceptSslCerts=false, acceptInsecureCerts=false, locationContextEnabled=true, webStorageEnabled=true, browserName=chrome, takesScreenshot=true, javascriptEnabled=true, cssSelectorsEnabled=true, setWindowRect=true, unexpectedAlertBehaviour=}]
Session ID: 087301c2c900a03832558a0f34ffb5b0
at org.openqa.selenium.support.ui.WebDriverWait.timeoutException(WebDriverWait.java:80)
at org.openqa.selenium.support.ui.FluentWait.until(FluentWait.java:261)
at com.qualitesoft.core.WaitTool.waitForElementPresentAndDisplay(WaitTool.java:19)
at com.qualitesoft.channelgatesip.pageobjects.LoginPage.emailField(LoginPage.java:27)
at com.qualitesoft.channelgatesip.testscripts.TestForgotPassword.testForgotPassword(TestForgotPassword.java:58)
at sun.reflect.NativeMethodAccessorImpl.invoke0(Native Method)
at sun.reflect.NativeMethodAccessorImpl.invoke(Unknown Source)
at sun.reflect.DelegatingMethodAccessorImpl.invoke(Unknown Source)
at java.lang.reflect.Method.invoke(Unknown Source)
at org.testng.internal.MethodInvocationHelper.invokeMethod(MethodInvocationHelper.java:124)
at org.testng.internal.Invoker.invokeMethod(Invoker.java:583)
at org.testng.internal.Invoker.invokeTestMethod(Invoker.java:719)
at org.testng.internal.Invoker.invokeTestMethods(Invoker.java:989)
at org.testng.internal.TestMethodWorker.invokeTestMethods(TestMethodWorker.java:125)
at org.testng.internal.TestMethodWorker.run(TestMethodWorker.java:109)
at org.testng.TestRunner.privateRun(TestRunner.java:648)
at org.testng.TestRunner.run(TestRunner.java:505)
at org.testng.SuiteRunner.runTest(SuiteRunner.java:455)
at org.testng.SuiteRunner.runSequentially(SuiteRunner.java:450)
at org.testng.SuiteRunner.privateRun(SuiteRunner.java:415)
at org.testng.SuiteRunner.run(SuiteRunner.java:364)
at org.testng.SuiteRunnerWorker.runSuite(SuiteRunnerWorker.java:52)
at org.testng.SuiteRunnerWorker.run(SuiteRunnerWorker.java:84)
at org.testng.TestNG.runSuitesSequentially(TestNG.java:1208)
at org.testng.TestNG.runSuitesLocally(TestNG.java:1137)
at org.testng.TestNG.runSuites(TestNG.java:1049)
at org.testng.TestNG.run(TestNG.java:1017)
at org.testng.remote.AbstractRemoteTestNG.run(AbstractRemoteTestNG.java:114)
at org.testng.remote.RemoteTestNG.initAndRun(RemoteTestNG.java:251)
at org.testng.remote.RemoteTestNG.main(RemoteTestNG.java:77)
Caused by: org.openqa.selenium.NoSuchElementException: no such element: Unable to locate element: {"method":"xpath","selector":"//input[@name='email']"}
  (Session info: chrome=91.0.4472.124)
  (Driver info: chromedriver=2.35.528161 (5b82f2d2aae0ca24b877009200ced9065a772e73),platform=Windows NT 10.0.19042 x86_64) (WARNING: The server did not provide any stacktrace information)
Command duration or timeout: 35 milliseconds
For documentation on this error, please visit: http://seleniumhq.org/exceptions/no_such_element.html
Build info: version: '2.52.0', revision: '4c2593c', time: '2016-02-11 19:06:42'
System info: host: 'DESKTOP-H4389BG', ip: '192.168.1.78', os.name: 'Windows 10', os.arch: 'amd64', os.version: '10.0', java.version: '1.8.0_231'
Driver info: org.openqa.selenium.chrome.ChromeDriver
Capabilities [{applicationCacheEnabled=false, rotatable=false, mobileEmulationEnabled=false, networkConnectionEnabled=false, chrome={chromedriverVersion=2.35.528161 (5b82f2d2aae0ca24b877009200ced9065a772e73), userDataDir=C:\Users\ACER\AppData\Local\Temp\scoped_dir1908_5503}, takesHeapSnapshot=true, pageLoadStrategy=normal, databaseEnabled=false, handlesAlerts=true, hasTouchScreen=false, version=91.0.4472.124, platform=XP, browserConnectionEnabled=false, nativeEvents=true, acceptSslCerts=false, acceptInsecureCerts=false, locationContextEnabled=true, webStorageEnabled=true, browserName=chrome, takesScreenshot=true, javascriptEnabled=true, cssSelectorsEnabled=true, setWindowRect=true, unexpectedAlertBehaviour=}]
Session ID: 087301c2c900a03832558a0f34ffb5b0
*** Element info: {Using=xpath, value=//input[@name='email']}
at sun.reflect.GeneratedConstructorAccessor14.newInstance(Unknown Source)
at sun.reflect.DelegatingConstructorAccessorImpl.newInstance(Unknown Source)
at java.lang.reflect.Constructor.newInstance(Unknown Source)
at org.openqa.selenium.remote.ErrorHandler.createThrowable(ErrorHandler.java:206)
at org.openqa.selenium.remote.ErrorHandler.throwIfResponseFailed(ErrorHandler.java:158)
at org.openqa.selenium.remote.RemoteWebDriver.execute(RemoteWebDriver.java:678)
at org.openqa.selenium.remote.RemoteWebDriver.findElement(RemoteWebDriver.java:363)
at org.openqa.selenium.remote.RemoteWebDriver.findElementByXPath(RemoteWebDriver.java:500)
at org.openqa.selenium.By$ByXPath.findElement(By.java:361)
at org.openqa.selenium.remote.RemoteWebDriver.findElement(RemoteWebDriver.java:355)
at org.openqa.selenium.support.ui.ExpectedConditions.findElement(ExpectedConditions.java:911)
at org.openqa.selenium.support.ui.ExpectedConditions.access$0(ExpectedConditions.java:909)
at org.openqa.selenium.support.ui.ExpectedConditions$6.apply(ExpectedConditions.java:181)
at org.openqa.selenium.support.ui.ExpectedConditions$6.apply(ExpectedConditions.java:1)
at org.openqa.selenium.support.ui.FluentWait.until(FluentWait.java:238)
... 28 more
]]>
            </full-stacktrace>
          </exception> <!-- org.openqa.selenium.TimeoutException -->
          <reporter-output>
            <line>
              <![CDATA[Screenshot Forgot Password Page successfully taken.]]>
            </line>
            <line>
              <![CDATA[not able to find element by (By.xpath: //input[@name='email']) in '30' seconds]]>
            </line>
          </reporter-output>
        </test-method> <!-- testForgotPassword -->
        <test-method status="PASS" signature="verifyResetPasswordEmail()[pri:5, instance:com.qualitesoft.channelgatesip.testscripts.TestForgotPassword@7e0e6aa2]" name="verifyResetPasswordEmail" duration-ms="29528" started-at="2021-07-10T15:54:20Z" finished-at="2021-07-10T15:54:49Z">
          <reporter-output>
            <line>
              <![CDATA[Element by By.xpath: //input[@placeholder='Enter Public Mailinator Inbox'] | //input[@id='inbox_field'] found.]]>
            </line>
            <line>
              <![CDATA[Text send.]]>
            </line>
            <line>
              <![CDATA[Element by By.id: go-to-public found.]]>
            </line>
            <line>
              <![CDATA[WebElement clicked.]]>
            </line>
            <line>
              <![CDATA[Element by By.xpath: //table[@class='table-striped jambo_table']/tbody/tr found.]]>
            </line>
            <line>
              <![CDATA[WebElement clicked.]]>
            </line>
            <line>
              <![CDATA[Element by By.xpath: (/html[1]/body[1]/table[1]//img)[1] found.]]>
            </line>
            <line>
              <![CDATA[[https://media.cymaxstores.com/Images/CG/Resources/teamcg.png?h=100] matched with [https://media.cymaxstores.com/Images/CG/Resources/teamcg.png?h=100]]]>
            </line>
            <line>
              <![CDATA[Element by By.xpath: (/html[1]/body[1]/table[1]//h1)[1] found.]]>
            </line>
            <line>
              <![CDATA[[Channel Gate] matched with [Channel Gate]]]>
            </line>
            <line>
              <![CDATA[Element by By.xpath: (/html[1]/body[1]/table[1]//h1)[2] found.]]>
            </line>
            <line>
              <![CDATA[[Hello Selenium_FirstName Selenium_LastName,] matched with [Hello Selenium_FirstName Selenium_LastName,]]]>
            </line>
            <line>
              <![CDATA[Element by By.xpath: (/html[1]/body[1]/table[1]//h1)[3] found.]]>
            </line>
            <line>
              <![CDATA[[Can't remember your password?] matched with [Can't remember your password?]]]>
            </line>
            <line>
              <![CDATA[Element by By.xpath: (/html[1]/body[1]/table[1]//h1)[4] found.]]>
            </line>
            <line>
              <![CDATA[[If you didn't request this, please disregard this email.] matched with [If you didn't request this, please disregard this email.]]]>
            </line>
            <line>
              <![CDATA[Element by By.xpath: (/html[1]/body[1]/table[1]//h1)[5] found.]]>
            </line>
            <line>
              <![CDATA[[Your password won't change until you access the link above and create a new one.] matched with [Your password won't change until you access the link above and create a new one.]]]>
            </line>
            <line>
              <![CDATA[Element by By.xpath: (/html[1]/body[1]/table[1]//h1)[6] found.]]>
            </line>
            <line>
              <![CDATA[[Regards,] matched with [Regards,]]]>
            </line>
            <line>
              <![CDATA[Element by By.xpath: (/html[1]/body[1]/table[1]//img)[2] found.]]>
            </line>
            <line>
              <![CDATA[[https://media.cymaxstores.com/Images/CG/Resources/teamcg.png] matched with [https://media.cymaxstores.com/Images/CG/Resources/teamcg.png]]]>
            </line>
            <line>
              <![CDATA[Element by By.xpath: //a[contains(text(),'Reset Your Password')] found.]]>
            </line>
            <line>
              <![CDATA[WebElement clicked.]]>
            </line>
            <line>
              <![CDATA[Element by By.xpath: //a[contains(@class,'btn-delete')] found.]]>
            </line>
            <line>
              <![CDATA[WebElement clicked.]]>
            </line>
          </reporter-output>
        </test-method> <!-- verifyResetPasswordEmail -->
        <test-method status="PASS" signature="passwordRequiredValidation()[pri:6, instance:com.qualitesoft.channelgatesip.testscripts.TestForgotPassword@7e0e6aa2]" name="passwordRequiredValidation" duration-ms="2955" started-at="2021-07-10T15:54:49Z" finished-at="2021-07-10T15:54:52Z">
          <reporter-output>
            <line>
              <![CDATA[Element by By.xpath: (//button[@type='submit'])[1] found.]]>
            </line>
            <line>
              <![CDATA[WebElement clicked.]]>
            </line>
            <line>
              <![CDATA[Element by By.xpath: (//span[@class='help-block'])[1] found.]]>
            </line>
            <line>
              <![CDATA[Element by By.xpath: (//span[@class='help-block'])[2] found.]]>
            </line>
            <line>
              <![CDATA[Password is required]]>
            </line>
            <line>
              <![CDATA[[Password is required] matched with [Password is required]]]>
            </line>
            <line>
              <![CDATA[Confirm Password is required]]>
            </line>
            <line>
              <![CDATA[[Confirm Password is required] matched with [Confirm Password is required]]]>
            </line>
          </reporter-output>
        </test-method> <!-- passwordRequiredValidation -->
        <test-method status="PASS" signature="validPasswordValidation()[pri:7, instance:com.qualitesoft.channelgatesip.testscripts.TestForgotPassword@7e0e6aa2]" name="validPasswordValidation" duration-ms="737" started-at="2021-07-10T15:54:52Z" finished-at="2021-07-10T15:54:53Z">
          <reporter-output>
            <line>
              <![CDATA[Element by By.xpath: //input[@name='password'] found.]]>
            </line>
            <line>
              <![CDATA[Text send.]]>
            </line>
            <line>
              <![CDATA[Element by By.xpath: (//button[@type='submit'])[1] found.]]>
            </line>
            <line>
              <![CDATA[WebElement clicked.]]>
            </line>
            <line>
              <![CDATA[Element by By.xpath: (//span[@class='help-block'])[1] found.]]>
            </line>
            <line>
              <![CDATA[The minimum password length is 6 characters]]>
            </line>
            <line>
              <![CDATA[and must contain at least 1 lower case, 1 capital]]>
            </line>
            <line>
              <![CDATA[letter, 1 number, and 1 special character.]]>
            </line>
            <line>
              <![CDATA[[The minimum password length is 6 characters
and must contain at least 1 lower case, 1 capital
letter, 1 number, and 1 special character.] matched with [The minimum password length is 6 characters
and must contain at least 1 lower case, 1 capital
letter, 1 number, and 1 special character.]]]>
            </line>
          </reporter-output>
        </test-method> <!-- validPasswordValidation -->
        <test-method status="PASS" signature="mismatchPasswordValidation()[pri:8, instance:com.qualitesoft.channelgatesip.testscripts.TestForgotPassword@7e0e6aa2]" name="mismatchPasswordValidation" duration-ms="1204" started-at="2021-07-10T15:54:53Z" finished-at="2021-07-10T15:54:54Z">
          <reporter-output>
            <line>
              <![CDATA[Element by By.xpath: //input[@name='password'] found.]]>
            </line>
            <line>
              <![CDATA[Text send.]]>
            </line>
            <line>
              <![CDATA[Element by By.xpath: //input[@name='confirmPassword'] found.]]>
            </line>
            <line>
              <![CDATA[Text send.]]>
            </line>
            <line>
              <![CDATA[Element by By.xpath: (//button[@type='submit'])[1] found.]]>
            </line>
            <line>
              <![CDATA[WebElement clicked.]]>
            </line>
            <line>
              <![CDATA[Element by By.xpath: (//span[@class='help-block'])[1] found.]]>
            </line>
            <line>
              <![CDATA[Password and its confirm are not the same]]>
            </line>
            <line>
              <![CDATA[[Password and its confirm are not the same] matched with [Password and its confirm are not the same]]]>
            </line>
          </reporter-output>
        </test-method> <!-- mismatchPasswordValidation -->
        <test-method status="PASS" signature="resetPassword()[pri:9, instance:com.qualitesoft.channelgatesip.testscripts.TestForgotPassword@7e0e6aa2]" name="resetPassword" duration-ms="16013" started-at="2021-07-10T15:54:54Z" finished-at="2021-07-10T15:55:10Z">
          <reporter-output>
            <line>
              <![CDATA[Element by By.xpath: //input[@name='password'] found.]]>
            </line>
            <line>
              <![CDATA[Text send.]]>
            </line>
            <line>
              <![CDATA[Element by By.xpath: //input[@name='confirmPassword'] found.]]>
            </line>
            <line>
              <![CDATA[Text send.]]>
            </line>
            <line>
              <![CDATA[Element by By.xpath: (//button[@type='submit'])[1] found.]]>
            </line>
            <line>
              <![CDATA[WebElement clicked.]]>
            </line>
            <line>
              <![CDATA[Screenshot Reset Password Page successfully taken.]]>
            </line>
          </reporter-output>
        </test-method> <!-- resetPassword -->
        <test-method status="PASS" signature="tearDown()[pri:0, instance:com.qualitesoft.channelgatesip.testscripts.TestForgotPassword@7e0e6aa2]" name="tearDown" is-config="true" duration-ms="3088" started-at="2021-07-10T15:55:10Z" finished-at="2021-07-10T15:55:13Z">
          <reporter-output>
            <line>
              <![CDATA[******************Test Ended************************]]>
            </line>
          </reporter-output>
        </test-method> <!-- tearDown -->
      </class> <!-- com.qualitesoft.channelgatesip.testscripts.TestForgotPassword -->
    </test> <!-- Test Forgot Password -->
  </suite> <!-- ChannelGate SIP -->
</testng-results>
