<?xml version="1.0" encoding="UTF-8"?>
<!-- Generated by org.testng.reporters.JUnitReportReporter -->
<testsuite skipped="6" hostname="DESKTOP-H4389BG" name="com.qualitesoft.freightclub.testscripts.EmailVerification" tests="7" failures="0" timestamp="05 Jul 2021 04:30:32 GMT" time="8.199" errors="1">
  <testcase name="testVerifyReadyForBookingMail" time="0.000" classname="com.qualitesoft.freightclub.testscripts.EmailVerification">
    <skipped/>
  </testcase> <!-- testVerifyReadyForBookingMail -->
  <testcase name="testVerifyReadyForBookingMail" time="0.000" classname="com.qualitesoft.freightclub.testscripts.EmailVerification">
    <skipped/>
  </testcase> <!-- testVerifyReadyForBookingMail -->
  <testcase name="testOrderBooking" time="0.000" classname="com.qualitesoft.freightclub.testscripts.EmailVerification">
    <skipped/>
  </testcase> <!-- testOrderBooking -->
  <testcase name="testVerifyReadyForBookingMail" time="0.000" classname="com.qualitesoft.freightclub.testscripts.EmailVerification">
    <skipped/>
  </testcase> <!-- testVerifyReadyForBookingMail -->
  <testcase name="testOrderBooking" time="0.000" classname="com.qualitesoft.freightclub.testscripts.EmailVerification">
    <skipped/>
  </testcase> <!-- testOrderBooking -->
  <testcase name="testOrderBooking" time="0.000" classname="com.qualitesoft.freightclub.testscripts.EmailVerification">
    <skipped/>
  </testcase> <!-- testOrderBooking -->
  <testcase name="setUp" time="8.199" classname="com.qualitesoft.freightclub.testscripts.EmailVerification">
    <error type="org.openqa.selenium.WebDriverException" message="unknown error: no chrome binary at C://Program Files//Google//Chrome//Application//chrome.exe
  (Driver info: chromedriver=2.35.528161 (5b82f2d2aae0ca24b877009200ced9065a772e73),platform=Windows NT 10.0.17134 x86_64) (WARNING: The server did not provide any stacktrace information)
Command duration or timeout: 2.08 seconds
Build info: version: &#039;2.52.0&#039;, revision: &#039;4c2593c&#039;, time: &#039;2016-02-11 19:06:42&#039;
System info: host: &#039;DESKTOP-H4389BG&#039;, ip: &#039;10.50.0.244&#039;, os.name: &#039;Windows 10&#039;, os.arch: &#039;amd64&#039;, os.version: &#039;10.0&#039;, java.version: &#039;1.8.0_231&#039;
Driver info: org.openqa.selenium.chrome.ChromeDriver">
      <![CDATA[org.openqa.selenium.WebDriverException: unknown error: no chrome binary at C://Program Files//Google//Chrome//Application//chrome.exe
  (Driver info: chromedriver=2.35.528161 (5b82f2d2aae0ca24b877009200ced9065a772e73),platform=Windows NT 10.0.17134 x86_64) (WARNING: The server did not provide any stacktrace information)
Command duration or timeout: 2.08 seconds
Build info: version: '2.52.0', revision: '4c2593c', time: '2016-02-11 19:06:42'
System info: host: 'DESKTOP-H4389BG', ip: '10.50.0.244', os.name: 'Windows 10', os.arch: 'amd64', os.version: '10.0', java.version: '1.8.0_231'
Driver info: org.openqa.selenium.chrome.ChromeDriver
at sun.reflect.NativeConstructorAccessorImpl.newInstance0(Native Method)
at sun.reflect.NativeConstructorAccessorImpl.newInstance(Unknown Source)
at sun.reflect.DelegatingConstructorAccessorImpl.newInstance(Unknown Source)
at java.lang.reflect.Constructor.newInstance(Unknown Source)
at org.openqa.selenium.remote.ErrorHandler.createThrowable(ErrorHandler.java:206)
at org.openqa.selenium.remote.ErrorHandler.throwIfResponseFailed(ErrorHandler.java:158)
at org.openqa.selenium.remote.RemoteWebDriver.execute(RemoteWebDriver.java:678)
at org.openqa.selenium.remote.RemoteWebDriver.startSession(RemoteWebDriver.java:249)
at org.openqa.selenium.remote.RemoteWebDriver.<init>(RemoteWebDriver.java:131)
at org.openqa.selenium.remote.RemoteWebDriver.<init>(RemoteWebDriver.java:144)
at org.openqa.selenium.chrome.ChromeDriver.<init>(ChromeDriver.java:170)
at org.openqa.selenium.chrome.ChromeDriver.<init>(ChromeDriver.java:138)
at com.qualitesoft.core.InitializeTest.launchBrowser(InitializeTest.java:157)
at com.qualitesoft.core.InitializeTest.setUp(InitializeTest.java:123)
at sun.reflect.NativeMethodAccessorImpl.invoke0(Native Method)
at sun.reflect.NativeMethodAccessorImpl.invoke(Unknown Source)
at sun.reflect.DelegatingMethodAccessorImpl.invoke(Unknown Source)
at java.lang.reflect.Method.invoke(Unknown Source)
at org.testng.internal.MethodInvocationHelper.invokeMethod(MethodInvocationHelper.java:124)
at org.testng.internal.MethodInvocationHelper.invokeMethodConsideringTimeout(MethodInvocationHelper.java:59)
at org.testng.internal.Invoker.invokeConfigurationMethod(Invoker.java:458)
at org.testng.internal.Invoker.invokeConfigurations(Invoker.java:222)
at org.testng.internal.Invoker.invokeConfigurations(Invoker.java:142)
at org.testng.SuiteRunner.privateRun(SuiteRunner.java:401)
at org.testng.SuiteRunner.run(SuiteRunner.java:364)
at org.testng.SuiteRunnerWorker.runSuite(SuiteRunnerWorker.java:52)
at org.testng.SuiteRunnerWorker.run(SuiteRunnerWorker.java:84)
at org.testng.TestNG.runSuitesSequentially(TestNG.java:1208)
at org.testng.TestNG.runSuitesSequentially(TestNG.java:1204)
at org.testng.TestNG.runSuitesLocally(TestNG.java:1137)
at org.testng.TestNG.runSuites(TestNG.java:1049)
at org.testng.TestNG.run(TestNG.java:1017)
at com.qualitesoft.core.Main.main(Main.java:18)
]]>
    </error>
  </testcase> <!-- setUp -->
</testsuite> <!-- com.qualitesoft.freightclub.testscripts.EmailVerification -->
