<html>
<head>
<title>TestNG:  Verify that user is able to apply coupon code 2</title>
<link href="../testng.css" rel="stylesheet" type="text/css" />
<link href="../my-testng.css" rel="stylesheet" type="text/css" />

<style type="text/css">
.log { display: none;} 
.stack-trace { display: none;} 
</style>
<script type="text/javascript">
<!--
function flip(e) {
  current = e.style.display;
  if (current == 'block') {
    e.style.display = 'none';
    return 0;
  }
  else {
    e.style.display = 'block';
    return 1;
  }
}

function toggleBox(szDivId, elem, msg1, msg2)
{
  var res = -1;  if (document.getElementById) {
    res = flip(document.getElementById(szDivId));
  }
  else if (document.all) {
    // this is the way old msie versions work
    res = flip(document.all[szDivId]);
  }
  if(elem) {
    if(res == 0) elem.innerHTML = msg1; else elem.innerHTML = msg2;
  }

}

function toggleAllBoxes() {
  if (document.getElementsByTagName) {
    d = document.getElementsByTagName('div');
    for (i = 0; i < d.length; i++) {
      if (d[i].className == 'log') {
        flip(d[i]);
      }
    }
  }
}

// -->
</script>

</head>
<body>
<h2 align='center'>Verify that user is able to apply coupon code 2</h2><table border='1' align="center">
<tr>
<td>Tests passed/Failed/Skipped:</td><td>3/4/0</td>
</tr><tr>
<td>Started on:</td><td>Thu Jul 08 12:08:06 IST 2021</td>
</tr>
<tr><td>Total time:</td><td>166 seconds (166964 ms)</td>
</tr><tr>
<td>Included groups:</td><td></td>
</tr><tr>
<td>Excluded groups:</td><td></td>
</tr>
</table><p/>
<small><i>(Hover the method name to see the test class name)</i></small><p/>
<table width='100%' border='1' class='invocation-failed'>
<tr><td colspan='4' align='center'><b>FAILED TESTS</b></td></tr>
<tr><td><b>Test method</b></td>
<td width="30%"><b>Exception</b></td>
<td width="10%"><b>Time (seconds)</b></td>
<td><b>Instance</b></td>
</tr>
<tr>
<td title='com.qualitesoft.homesquare.testscripts.TestApplyCouponCode.testCartPages()'><b>testCartPages</b><br>Test class: com.qualitesoft.homesquare.testscripts.TestApplyCouponCode<br/>
<a href="#Output-169880779" onClick='toggleBox("Output-169880779", this, "Show output", "Hide output");'>Show output</a>

<a href="#Output-169880779" onClick="toggleAllBoxes();">Show all outputs</a>
<div class='log' id="Output-169880779">
Element by By.xpath: //div[contains(text(),'Product Total')]/following-sibling::div[1] found.<br/>
[1427.98] matched with [1427.98]<br/>
Element by By.xpath: //div[text()='Shipping']/following-sibling::div[1] found.<br/>
[Free] matched with [Free]<br/>
Element by By.xpath: //div[text()='Coupon (HSQJBTEST)']/following-sibling::div found.<br/>
[($10.00)] matched with [($10.00)]<br/>
Element by By.xpath: //div[text()='Tax: ']/following-sibling::div[1] found.<br/>
expected [102.8] but found [134.71]<br/>
</div>
</td>
<td><div><pre>java.lang.AssertionError: expected [102.8] but found [134.71]
	at com.qualitesoft.core.UseAssert.assertEquals(UseAssert.java:8)
	at com.qualitesoft.homesquare.testscripts.TestApplyCouponCode.testCartPages(TestApplyCouponCode.java:188)
... Removed 31 stack frames</pre></div><a href='#' onClick='toggleBox("stack-trace169880779", this, "Click to show all stack frames", "Click to hide stack frames")'>Click to show all stack frames</a>
<div class='stack-trace' id='stack-trace169880779'><pre>java.lang.AssertionError: expected [102.8] but found [134.71]
	at org.testng.Assert.fail(Assert.java:96)
	at org.testng.Assert.failNotEquals(Assert.java:776)
	at org.testng.Assert.assertEqualsImpl(Assert.java:137)
	at org.testng.Assert.assertEquals(Assert.java:118)
	at org.testng.Assert.assertEquals(Assert.java:453)
	at org.testng.Assert.assertEquals(Assert.java:463)
	at com.qualitesoft.core.UseAssert.assertEquals(UseAssert.java:8)
	at com.qualitesoft.homesquare.testscripts.TestApplyCouponCode.testCartPages(TestApplyCouponCode.java:188)
	at sun.reflect.NativeMethodAccessorImpl.invoke0(Native Method)
	at sun.reflect.NativeMethodAccessorImpl.invoke(Unknown Source)
	at sun.reflect.DelegatingMethodAccessorImpl.invoke(Unknown Source)
	at java.lang.reflect.Method.invoke(Unknown Source)
	at org.testng.internal.MethodInvocationHelper.invokeMethod(MethodInvocationHelper.java:124)
	at org.testng.internal.Invoker.invokeMethod(Invoker.java:583)
	at org.testng.internal.Invoker.invokeTestMethod(Invoker.java:719)
	at org.testng.internal.Invoker.invokeTestMethods(Invoker.java:989)
	at org.testng.internal.TestMethodWorker.invokeTestMethods(TestMethodWorker.java:125)
	at org.testng.internal.TestMethodWorker.run(TestMethodWorker.java:109)
	at org.testng.TestRunner.privateRun(TestRunner.java:648)
	at org.testng.TestRunner.run(TestRunner.java:505)
	at org.testng.SuiteRunner.runTest(SuiteRunner.java:455)
	at org.testng.SuiteRunner.runSequentially(SuiteRunner.java:450)
	at org.testng.SuiteRunner.privateRun(SuiteRunner.java:415)
	at org.testng.SuiteRunner.run(SuiteRunner.java:364)
	at org.testng.SuiteRunnerWorker.runSuite(SuiteRunnerWorker.java:52)
	at org.testng.SuiteRunnerWorker.run(SuiteRunnerWorker.java:84)
	at org.testng.TestNG.runSuitesSequentially(TestNG.java:1208)
	at org.testng.TestNG.runSuitesLocally(TestNG.java:1137)
	at org.testng.TestNG.runSuites(TestNG.java:1049)
	at org.testng.TestNG.run(TestNG.java:1017)
	at org.testng.remote.AbstractRemoteTestNG.run(AbstractRemoteTestNG.java:114)
	at org.testng.remote.RemoteTestNG.initAndRun(RemoteTestNG.java:251)
	at org.testng.remote.RemoteTestNG.main(RemoteTestNG.java:77)
</pre></div></td>
<td>0</td>
<td>com.qualitesoft.homesquare.testscripts.TestApplyCouponCode@4abdb505</td></tr>
<tr>
<td title='com.qualitesoft.homesquare.testscripts.LogOff.testLogOff()'><b>testLogOff</b><br>Test class: com.qualitesoft.homesquare.testscripts.LogOff<br/>
<a href="#Output-1099552523" onClick='toggleBox("Output-1099552523", this, "Show output", "Hide output");'>Show output</a>

<a href="#Output-1099552523" onClick="toggleAllBoxes();">Show all outputs</a>
<div class='log' id="Output-1099552523">
not able to find element by (By.xpath: //*[@id="my-account-btn"]) in '15' seconds<br/>
</div>
</td>
<td><div><pre>org.openqa.selenium.TimeoutException: Timed out after 15 seconds waiting for presence of element located by: By.xpath: //*[@id=&quot;my-account-btn&quot;]
Build info: version: &apos;2.52.0&apos;, revision: &apos;4c2593c&apos;, time: &apos;2016-02-11 19:06:42&apos;
System info: host: &apos;DESKTOP-H4389BG&apos;, ip: &apos;10.50.0.244&apos;, os.name: &apos;Windows 10&apos;, os.arch: &apos;amd64&apos;, os.version: &apos;10.0&apos;, java.version: &apos;1.8.0_231&apos;
Driver info: org.openqa.selenium.chrome.ChromeDriver
Capabilities [{applicationCacheEnabled=false, rotatable=false, mobileEmulationEnabled=false, networkConnectionEnabled=false, chrome={chromedriverVersion=2.35.528161 (5b82f2d2aae0ca24b877009200ced9065a772e73), userDataDir=C:\Users\ACER\AppData\Local\Temp\scoped_dir9560_15232}, takesHeapSnapshot=true, pageLoadStrategy=normal, databaseEnabled=false, handlesAlerts=true, hasTouchScreen=false, version=91.0.4472.124, platform=XP, browserConnectionEnabled=false, nativeEvents=true, acceptSslCerts=false, acceptInsecureCerts=false, locationContextEnabled=true, webStorageEnabled=true, browserName=chrome, takesScreenshot=true, javascriptEnabled=true, cssSelectorsEnabled=true, setWindowRect=true, unexpectedAlertBehaviour=}]
Session ID: 279c45bf76b264af0a7894dc9913e4c3
	at org.openqa.selenium.support.ui.WebDriverWait.timeoutException(WebDriverWait.java:80)
	at org.openqa.selenium.support.ui.FluentWait.until(FluentWait.java:261)
	at com.qualitesoft.core.WaitTool.waitForElementPresentAndDisplay(WaitTool.java:19)
	at com.qualitesoft.homesquare.pageobjects.HomeSquareHomePage.HomeSqmyAccountLink(HomeSquareHomePage.java:100)
	at com.qualitesoft.homesquare.testscripts.LogOff.testLogOff(LogOff.java:18)
Caused by: org.openqa.selenium.NoSuchElementException: no such element: Unable to locate element: {&quot;method&quot;:&quot;xpath&quot;,&quot;selector&quot;:&quot;//*[@id=&quot;my-account-btn&quot;]&quot;}
  (Session info: chrome=91.0.4472.124)
  (Driver info: chromedriver=2.35.528161 (5b82f2d2aae0ca24b877009200ced9065a772e73),platform=Windows NT 10.0.19042 x86_64) (WARNING: The server did not provide any stacktrace information)
Command duration or timeout: 38 milliseconds
For documentation on this error, please visit: http://seleniumhq.org/exceptions/no_such_element.html
Build info: version: &apos;2.52.0&apos;, revision: &apos;4c2593c&apos;, time: &apos;2016-02-11 19:06:42&apos;
System info: host: &apos;DESKTOP-H4389BG&apos;, ip: &apos;10.50.0.244&apos;, os.name: &apos;Windows 10&apos;, os.arch: &apos;amd64&apos;, os.version: &apos;10.0&apos;, java.version: &apos;1.8.0_231&apos;
Driver info: org.openqa.selenium.chrome.ChromeDriver
Capabilities [{applicationCacheEnabled=false, rotatable=false, mobileEmulationEnabled=false, networkConnectionEnabled=false, chrome={chromedriverVersion=2.35.528161 (5b82f2d2aae0ca24b877009200ced9065a772e73), userDataDir=C:\Users\ACER\AppData\Local\Temp\scoped_dir9560_15232}, takesHeapSnapshot=true, pageLoadStrategy=normal, databaseEnabled=false, handlesAlerts=true, hasTouchScreen=false, version=91.0.4472.124, platform=XP, browserConnectionEnabled=false, nativeEvents=true, acceptSslCerts=false, acceptInsecureCerts=false, locationContextEnabled=true, webStorageEnabled=true, browserName=chrome, takesScreenshot=true, javascriptEnabled=true, cssSelectorsEnabled=true, setWindowRect=true, unexpectedAlertBehaviour=}]
Session ID: 279c45bf76b264af0a7894dc9913e4c3
*** Element info: {Using=xpath, value=//*[@id=&quot;my-account-btn&quot;]}
	at org.openqa.selenium.remote.ErrorHandler.createThrowable(ErrorHandler.java:206)
	at org.openqa.selenium.remote.ErrorHandler.throwIfResponseFailed(ErrorHandler.java:158)
	at org.openqa.selenium.remote.RemoteWebDriver.execute(RemoteWebDriver.java:678)
	at org.openqa.selenium.remote.RemoteWebDriver.findElement(RemoteWebDriver.java:363)
	at org.openqa.selenium.remote.RemoteWebDriver.findElementByXPath(RemoteWebDriver.java:500)
	at org.openqa.selenium.By$ByXPath.findElement(By.java:361)
	at org.openqa.selenium.remote.RemoteWebDriver.findElement(RemoteWebDriver.java:355)
	at org.openqa.selenium.support.ui.ExpectedConditions.findElement(ExpectedConditions.java:911)
	at org.openqa.selenium.support.ui.ExpectedConditions.access$0(ExpectedConditions.java:909)
	at org.openqa.selenium.support.ui.ExpectedConditions$6.apply(ExpectedConditions.java:181)
	at org.openqa.selenium.support.ui.ExpectedConditions$6.apply(ExpectedConditions.java:1)
	at org.openqa.selenium.support.ui.FluentWait.until(FluentWait.java:238)
	... 28 more
... Removed 28 stack frames</pre></div><a href='#' onClick='toggleBox("stack-trace1099552523", this, "Click to show all stack frames", "Click to hide stack frames")'>Click to show all stack frames</a>
<div class='stack-trace' id='stack-trace1099552523'><pre>org.openqa.selenium.TimeoutException: Timed out after 15 seconds waiting for presence of element located by: By.xpath: //*[@id=&quot;my-account-btn&quot;]
Build info: version: &apos;2.52.0&apos;, revision: &apos;4c2593c&apos;, time: &apos;2016-02-11 19:06:42&apos;
System info: host: &apos;DESKTOP-H4389BG&apos;, ip: &apos;10.50.0.244&apos;, os.name: &apos;Windows 10&apos;, os.arch: &apos;amd64&apos;, os.version: &apos;10.0&apos;, java.version: &apos;1.8.0_231&apos;
Driver info: org.openqa.selenium.chrome.ChromeDriver
Capabilities [{applicationCacheEnabled=false, rotatable=false, mobileEmulationEnabled=false, networkConnectionEnabled=false, chrome={chromedriverVersion=2.35.528161 (5b82f2d2aae0ca24b877009200ced9065a772e73), userDataDir=C:\Users\ACER\AppData\Local\Temp\scoped_dir9560_15232}, takesHeapSnapshot=true, pageLoadStrategy=normal, databaseEnabled=false, handlesAlerts=true, hasTouchScreen=false, version=91.0.4472.124, platform=XP, browserConnectionEnabled=false, nativeEvents=true, acceptSslCerts=false, acceptInsecureCerts=false, locationContextEnabled=true, webStorageEnabled=true, browserName=chrome, takesScreenshot=true, javascriptEnabled=true, cssSelectorsEnabled=true, setWindowRect=true, unexpectedAlertBehaviour=}]
Session ID: 279c45bf76b264af0a7894dc9913e4c3
	at org.openqa.selenium.support.ui.WebDriverWait.timeoutException(WebDriverWait.java:80)
	at org.openqa.selenium.support.ui.FluentWait.until(FluentWait.java:261)
	at com.qualitesoft.core.WaitTool.waitForElementPresentAndDisplay(WaitTool.java:19)
	at com.qualitesoft.homesquare.pageobjects.HomeSquareHomePage.HomeSqmyAccountLink(HomeSquareHomePage.java:100)
	at com.qualitesoft.homesquare.testscripts.LogOff.testLogOff(LogOff.java:18)
	at sun.reflect.NativeMethodAccessorImpl.invoke0(Native Method)
	at sun.reflect.NativeMethodAccessorImpl.invoke(Unknown Source)
	at sun.reflect.DelegatingMethodAccessorImpl.invoke(Unknown Source)
	at java.lang.reflect.Method.invoke(Unknown Source)
	at org.testng.internal.MethodInvocationHelper.invokeMethod(MethodInvocationHelper.java:124)
	at org.testng.internal.Invoker.invokeMethod(Invoker.java:583)
	at org.testng.internal.Invoker.invokeTestMethod(Invoker.java:719)
	at org.testng.internal.Invoker.invokeTestMethods(Invoker.java:989)
	at org.testng.internal.TestMethodWorker.invokeTestMethods(TestMethodWorker.java:125)
	at org.testng.internal.TestMethodWorker.run(TestMethodWorker.java:109)
	at org.testng.TestRunner.privateRun(TestRunner.java:648)
	at org.testng.TestRunner.run(TestRunner.java:505)
	at org.testng.SuiteRunner.runTest(SuiteRunner.java:455)
	at org.testng.SuiteRunner.runSequentially(SuiteRunner.java:450)
	at org.testng.SuiteRunner.privateRun(SuiteRunner.java:415)
	at org.testng.SuiteRunner.run(SuiteRunner.java:364)
	at org.testng.SuiteRunnerWorker.runSuite(SuiteRunnerWorker.java:52)
	at org.testng.SuiteRunnerWorker.run(SuiteRunnerWorker.java:84)
	at org.testng.TestNG.runSuitesSequentially(TestNG.java:1208)
	at org.testng.TestNG.runSuitesLocally(TestNG.java:1137)
	at org.testng.TestNG.runSuites(TestNG.java:1049)
	at org.testng.TestNG.run(TestNG.java:1017)
	at org.testng.remote.AbstractRemoteTestNG.run(AbstractRemoteTestNG.java:114)
	at org.testng.remote.RemoteTestNG.initAndRun(RemoteTestNG.java:251)
	at org.testng.remote.RemoteTestNG.main(RemoteTestNG.java:77)
Caused by: org.openqa.selenium.NoSuchElementException: no such element: Unable to locate element: {&quot;method&quot;:&quot;xpath&quot;,&quot;selector&quot;:&quot;//*[@id=&quot;my-account-btn&quot;]&quot;}
  (Session info: chrome=91.0.4472.124)
  (Driver info: chromedriver=2.35.528161 (5b82f2d2aae0ca24b877009200ced9065a772e73),platform=Windows NT 10.0.19042 x86_64) (WARNING: The server did not provide any stacktrace information)
Command duration or timeout: 38 milliseconds
For documentation on this error, please visit: http://seleniumhq.org/exceptions/no_such_element.html
Build info: version: &apos;2.52.0&apos;, revision: &apos;4c2593c&apos;, time: &apos;2016-02-11 19:06:42&apos;
System info: host: &apos;DESKTOP-H4389BG&apos;, ip: &apos;10.50.0.244&apos;, os.name: &apos;Windows 10&apos;, os.arch: &apos;amd64&apos;, os.version: &apos;10.0&apos;, java.version: &apos;1.8.0_231&apos;
Driver info: org.openqa.selenium.chrome.ChromeDriver
Capabilities [{applicationCacheEnabled=false, rotatable=false, mobileEmulationEnabled=false, networkConnectionEnabled=false, chrome={chromedriverVersion=2.35.528161 (5b82f2d2aae0ca24b877009200ced9065a772e73), userDataDir=C:\Users\ACER\AppData\Local\Temp\scoped_dir9560_15232}, takesHeapSnapshot=true, pageLoadStrategy=normal, databaseEnabled=false, handlesAlerts=true, hasTouchScreen=false, version=91.0.4472.124, platform=XP, browserConnectionEnabled=false, nativeEvents=true, acceptSslCerts=false, acceptInsecureCerts=false, locationContextEnabled=true, webStorageEnabled=true, browserName=chrome, takesScreenshot=true, javascriptEnabled=true, cssSelectorsEnabled=true, setWindowRect=true, unexpectedAlertBehaviour=}]
Session ID: 279c45bf76b264af0a7894dc9913e4c3
*** Element info: {Using=xpath, value=//*[@id=&quot;my-account-btn&quot;]}
	at sun.reflect.GeneratedConstructorAccessor20.newInstance(Unknown Source)
	at sun.reflect.DelegatingConstructorAccessorImpl.newInstance(Unknown Source)
	at java.lang.reflect.Constructor.newInstance(Unknown Source)
	at org.openqa.selenium.remote.ErrorHandler.createThrowable(ErrorHandler.java:206)
	at org.openqa.selenium.remote.ErrorHandler.throwIfResponseFailed(ErrorHandler.java:158)
	at org.openqa.selenium.remote.RemoteWebDriver.execute(RemoteWebDriver.java:678)
	at org.openqa.selenium.remote.RemoteWebDriver.findElement(RemoteWebDriver.java:363)
	at org.openqa.selenium.remote.RemoteWebDriver.findElementByXPath(RemoteWebDriver.java:500)
	at org.openqa.selenium.By$ByXPath.findElement(By.java:361)
	at org.openqa.selenium.remote.RemoteWebDriver.findElement(RemoteWebDriver.java:355)
	at org.openqa.selenium.support.ui.ExpectedConditions.findElement(ExpectedConditions.java:911)
	at org.openqa.selenium.support.ui.ExpectedConditions.access$0(ExpectedConditions.java:909)
	at org.openqa.selenium.support.ui.ExpectedConditions$6.apply(ExpectedConditions.java:181)
	at org.openqa.selenium.support.ui.ExpectedConditions$6.apply(ExpectedConditions.java:1)
	at org.openqa.selenium.support.ui.FluentWait.until(FluentWait.java:238)
	... 28 more
</pre></div></td>
<td>15</td>
<td>com.qualitesoft.homesquare.testscripts.LogOff@7ce6a65d</td></tr>
<tr>
<td title='com.qualitesoft.homesquare.testscripts.TestApplyCouponCode.testOrderConfirmation()'><b>testOrderConfirmation</b><br>Test class: com.qualitesoft.homesquare.testscripts.TestApplyCouponCode<br/>
<a href="#Output-1974622245" onClick='toggleBox("Output-1974622245", this, "Show output", "Hide output");'>Show output</a>

<a href="#Output-1974622245" onClick="toggleAllBoxes();">Show all outputs</a>
<div class='log' id="Output-1974622245">
Element (By.xpath: //div[@alt='Close']) not found.<br/>
Element by By.xpath: //div[contains(text(),'Product Total')]/following-sibling::div[1] found.<br/>
[1427.98] matched with [1427.98]<br/>
Element by By.xpath: //div[text()='Shipping']/following-sibling::div[1] found.<br/>
[Free] matched with [Free]<br/>
Element by By.xpath: //div[text()='Coupon (HSQJBTEST)']/following-sibling::div found.<br/>
[($10.00)] matched with [($10.00)]<br/>
Element by By.xpath: //div[text()='Tax: ']/following-sibling::div[1] found.<br/>
expected [102.8] but found [134.71]<br/>
</div>
</td>
<td><div><pre>java.lang.AssertionError: expected [102.8] but found [134.71]
	at com.qualitesoft.core.UseAssert.assertEquals(UseAssert.java:8)
	at com.qualitesoft.homesquare.testscripts.TestApplyCouponCode.testOrderConfirmation(TestApplyCouponCode.java:223)
... Removed 31 stack frames</pre></div><a href='#' onClick='toggleBox("stack-trace1974622245", this, "Click to show all stack frames", "Click to hide stack frames")'>Click to show all stack frames</a>
<div class='stack-trace' id='stack-trace1974622245'><pre>java.lang.AssertionError: expected [102.8] but found [134.71]
	at org.testng.Assert.fail(Assert.java:96)
	at org.testng.Assert.failNotEquals(Assert.java:776)
	at org.testng.Assert.assertEqualsImpl(Assert.java:137)
	at org.testng.Assert.assertEquals(Assert.java:118)
	at org.testng.Assert.assertEquals(Assert.java:453)
	at org.testng.Assert.assertEquals(Assert.java:463)
	at com.qualitesoft.core.UseAssert.assertEquals(UseAssert.java:8)
	at com.qualitesoft.homesquare.testscripts.TestApplyCouponCode.testOrderConfirmation(TestApplyCouponCode.java:223)
	at sun.reflect.NativeMethodAccessorImpl.invoke0(Native Method)
	at sun.reflect.NativeMethodAccessorImpl.invoke(Unknown Source)
	at sun.reflect.DelegatingMethodAccessorImpl.invoke(Unknown Source)
	at java.lang.reflect.Method.invoke(Unknown Source)
	at org.testng.internal.MethodInvocationHelper.invokeMethod(MethodInvocationHelper.java:124)
	at org.testng.internal.Invoker.invokeMethod(Invoker.java:583)
	at org.testng.internal.Invoker.invokeTestMethod(Invoker.java:719)
	at org.testng.internal.Invoker.invokeTestMethods(Invoker.java:989)
	at org.testng.internal.TestMethodWorker.invokeTestMethods(TestMethodWorker.java:125)
	at org.testng.internal.TestMethodWorker.run(TestMethodWorker.java:109)
	at org.testng.TestRunner.privateRun(TestRunner.java:648)
	at org.testng.TestRunner.run(TestRunner.java:505)
	at org.testng.SuiteRunner.runTest(SuiteRunner.java:455)
	at org.testng.SuiteRunner.runSequentially(SuiteRunner.java:450)
	at org.testng.SuiteRunner.privateRun(SuiteRunner.java:415)
	at org.testng.SuiteRunner.run(SuiteRunner.java:364)
	at org.testng.SuiteRunnerWorker.runSuite(SuiteRunnerWorker.java:52)
	at org.testng.SuiteRunnerWorker.run(SuiteRunnerWorker.java:84)
	at org.testng.TestNG.runSuitesSequentially(TestNG.java:1208)
	at org.testng.TestNG.runSuitesLocally(TestNG.java:1137)
	at org.testng.TestNG.runSuites(TestNG.java:1049)
	at org.testng.TestNG.run(TestNG.java:1017)
	at org.testng.remote.AbstractRemoteTestNG.run(AbstractRemoteTestNG.java:114)
	at org.testng.remote.RemoteTestNG.initAndRun(RemoteTestNG.java:251)
	at org.testng.remote.RemoteTestNG.main(RemoteTestNG.java:77)
</pre></div></td>
<td>6</td>
<td>com.qualitesoft.homesquare.testscripts.TestApplyCouponCode@4abdb505</td></tr>
<tr>
<td title='com.qualitesoft.homesquare.testscripts.TestApplyCouponCode.testShippingInformation()'><b>testShippingInformation</b><br>Test class: com.qualitesoft.homesquare.testscripts.TestApplyCouponCode<br/>
<a href="#Output-1420196421" onClick='toggleBox("Output-1420196421", this, "Show output", "Hide output");'>Show output</a>

<a href="#Output-1420196421" onClick="toggleAllBoxes();">Show all outputs</a>
<div class='log' id="Output-1420196421">
Element by By.xpath: //div[contains(text(),'Product Total')]/following-sibling::div[1] found.<br/>
[1427.98] matched with [1427.98]<br/>
Element by By.xpath: //div[text()='Shipping']/following-sibling::div[1] found.<br/>
[Free] matched with [Free]<br/>
Element by By.xpath: //div[text()='Coupon (HSQJBTEST)']/following-sibling::div found.<br/>
[($10.00)] matched with [($10.00)]<br/>
Element by By.xpath: //div[text()='Tax: ']/following-sibling::div[1] found.<br/>
[TBD] matched with [TBD]<br/>
Element by By.xpath: //p[text()='Total:']/parent::div/following-sibling::div/p found.<br/>
[1417.98] matched with [1417.98]<br/>
Element by By.xpath: //input[@name='first-name'] found.<br/>
Text send.<br/>
Element by By.xpath: //input[@name='last-name'] found.<br/>
Text send.<br/>
Element by By.xpath: //input[@name='address-1'] found.<br/>
Text send.<br/>
Element by By.xpath: //input[@name='address-2'] found.<br/>
Text send.<br/>
Element by By.xpath: //input[@name='zipcode'] found.<br/>
Text send.<br/>
Element by By.xpath: //input[@name='city'] found.<br/>
Text send.<br/>
Element by By.xpath: //select[@id='ddlCountry'] found.<br/>
Value from the dropdown selected: United States<br/>
Element by By.xpath: //select[@id='ddlState'] found.<br/>
Value from the dropdown selected: California<br/>
Element by By.xpath: //input[@name='phone'] found.<br/>
Text send.<br/>
WebElement clicked.<br/>
Text send.<br/>
value from the dropdown selected: Education<br/>
Element by By.xpath: //textarea[@class='form-control no-resize'] found.<br/>
Text send.<br/>
Screenshot shipping info successfully taken.<br/>
Element by By.xpath: (//button[@class='primary-checkout-btn next-page btn-checkout cymax-click-event col-xs-12'])[1] found.<br/>
WebElement clicked.<br/>
Element by By.xpath: //div[contains(text(),'Product Total')]/following-sibling::div[1] found.<br/>
[1427.98] matched with [1427.98]<br/>
Element by By.xpath: //div[text()='Shipping']/following-sibling::div[1] found.<br/>
[Free] matched with [Free]<br/>
Element by By.xpath: //div[text()='Coupon (HSQJBTEST)']/following-sibling::div found.<br/>
[($10.00)] matched with [($10.00)]<br/>
Element by By.xpath: //div[text()='Tax: ']/following-sibling::div[1] found.<br/>
expected [102.8] but found [134.71]<br/>
</div>
</td>
<td><div><pre>java.lang.AssertionError: expected [102.8] but found [134.71]
	at com.qualitesoft.core.UseAssert.assertEquals(UseAssert.java:8)
	at com.qualitesoft.homesquare.testscripts.TestApplyCouponCode.testShippingInformation(TestApplyCouponCode.java:168)
... Removed 31 stack frames</pre></div><a href='#' onClick='toggleBox("stack-trace1420196421", this, "Click to show all stack frames", "Click to hide stack frames")'>Click to show all stack frames</a>
<div class='stack-trace' id='stack-trace1420196421'><pre>java.lang.AssertionError: expected [102.8] but found [134.71]
	at org.testng.Assert.fail(Assert.java:96)
	at org.testng.Assert.failNotEquals(Assert.java:776)
	at org.testng.Assert.assertEqualsImpl(Assert.java:137)
	at org.testng.Assert.assertEquals(Assert.java:118)
	at org.testng.Assert.assertEquals(Assert.java:453)
	at org.testng.Assert.assertEquals(Assert.java:463)
	at com.qualitesoft.core.UseAssert.assertEquals(UseAssert.java:8)
	at com.qualitesoft.homesquare.testscripts.TestApplyCouponCode.testShippingInformation(TestApplyCouponCode.java:168)
	at sun.reflect.NativeMethodAccessorImpl.invoke0(Native Method)
	at sun.reflect.NativeMethodAccessorImpl.invoke(Unknown Source)
	at sun.reflect.DelegatingMethodAccessorImpl.invoke(Unknown Source)
	at java.lang.reflect.Method.invoke(Unknown Source)
	at org.testng.internal.MethodInvocationHelper.invokeMethod(MethodInvocationHelper.java:124)
	at org.testng.internal.Invoker.invokeMethod(Invoker.java:583)
	at org.testng.internal.Invoker.invokeTestMethod(Invoker.java:719)
	at org.testng.internal.Invoker.invokeTestMethods(Invoker.java:989)
	at org.testng.internal.TestMethodWorker.invokeTestMethods(TestMethodWorker.java:125)
	at org.testng.internal.TestMethodWorker.run(TestMethodWorker.java:109)
	at org.testng.TestRunner.privateRun(TestRunner.java:648)
	at org.testng.TestRunner.run(TestRunner.java:505)
	at org.testng.SuiteRunner.runTest(SuiteRunner.java:455)
	at org.testng.SuiteRunner.runSequentially(SuiteRunner.java:450)
	at org.testng.SuiteRunner.privateRun(SuiteRunner.java:415)
	at org.testng.SuiteRunner.run(SuiteRunner.java:364)
	at org.testng.SuiteRunnerWorker.runSuite(SuiteRunnerWorker.java:52)
	at org.testng.SuiteRunnerWorker.run(SuiteRunnerWorker.java:84)
	at org.testng.TestNG.runSuitesSequentially(TestNG.java:1208)
	at org.testng.TestNG.runSuitesLocally(TestNG.java:1137)
	at org.testng.TestNG.runSuites(TestNG.java:1049)
	at org.testng.TestNG.run(TestNG.java:1017)
	at org.testng.remote.AbstractRemoteTestNG.run(AbstractRemoteTestNG.java:114)
	at org.testng.remote.RemoteTestNG.initAndRun(RemoteTestNG.java:251)
	at org.testng.remote.RemoteTestNG.main(RemoteTestNG.java:77)
</pre></div></td>
<td>42</td>
<td>com.qualitesoft.homesquare.testscripts.TestApplyCouponCode@4abdb505</td></tr>
</table><p>
<table width='100%' border='1' class='invocation-passed'>
<tr><td colspan='4' align='center'><b>PASSED TESTS</b></td></tr>
<tr><td><b>Test method</b></td>
<td width="30%"><b>Exception</b></td>
<td width="10%"><b>Time (seconds)</b></td>
<td><b>Instance</b></td>
</tr>
<tr>
<td title='com.qualitesoft.homesquare.testscripts.TestApplyCouponCode.testApplyCouponCode()'><b>testApplyCouponCode</b><br>Test class: com.qualitesoft.homesquare.testscripts.TestApplyCouponCode<br/>
<a href="#Output-331122245" onClick='toggleBox("Output-331122245", this, "Show output", "Hide output");'>Show output</a>

<a href="#Output-331122245" onClick="toggleAllBoxes();">Show all outputs</a>
<div class='log' id="Output-331122245">
Element by By.xpath: .//a[@href='/patio-furniture-outdoor-furniture--PC991.htm'] found.<br/>
Element by By.xpath: .//*[@href='/outdoor-sofas--C1344.htm'] found.<br/>
WebElement clicked.<br/>
Element by By.xpath: (//img[@class='product-item-img'])[1] found.<br/>
Screenshot Product list Page successfully taken.<br/>
WebElement clicked.<br/>
Element by By.xpath: //h3[@itemprop='price'] found.<br/>
**************************************************Product Price : 713.99<br/>
Screenshot Product detail page successfully taken.<br/>
Element by By.xpath: //select[@class='form-control qty cb-qty'] found.<br/>
Element by By.xpath: .//*[@data-eventmessage='Add To Cart'] found.<br/>
WebElement clicked.<br/>
Elements by By.xpath: //orderitemsserverdiv[@id='body_body_ucOrderItemGrid_ServerDiv']/div found.<br/>
Cart Item Count: 1<br/>
Screenshot CartPage successfully taken.<br/>
Element by By.xpath: //div[contains(text(),'Product Total')]/following-sibling::div[1] found.<br/>
[1427.98] matched with [1427.98]<br/>
Element by By.xpath: //div[text()='Shipping']/following-sibling::div[1] found.<br/>
[Free] matched with [Free]<br/>
Element by By.xpath: //div[text()='Tax: ']/following-sibling::div[1] found.<br/>
[TBD] matched with [TBD]<br/>
Element by By.partialLinkText: Have a coupon code? found.<br/>
WebElement clicked.<br/>
Element by By.xpath: //input[@placeholder='Enter Coupon Code'] found.<br/>
Text send.<br/>
Element by By.xpath: //input[@placeholder='Enter Coupon Code']/following-sibling::a found.<br/>
WebElement clicked.<br/>
Element by By.xpath: //input[@placeholder='Enter Coupon Code']/following-sibling::p found.<br/>
[Your coupon has been applied.] matched with [Your coupon has been applied.]<br/>
Element by By.xpath: //div[text()='Coupon (HSQJBTEST)']/following-sibling::div found.<br/>
[($10.00)] matched with [($10.00)]<br/>
Element by By.xpath: //p[text()='Total:']/parent::div/following-sibling::div/p found.<br/>
[1417.98] matched with [1417.98]<br/>
Element by By.xpath: (//a[@class='proceed-to-checkout-btn next-page cymax-click-event cymax-click-event']) found.<br/>
WebElement clicked.<br/>
</div>
</td>
<td></td>
<td>81</td>
<td>com.qualitesoft.homesquare.testscripts.TestApplyCouponCode@4abdb505</td></tr>
<tr>
<td title='com.qualitesoft.homesquare.testscripts.TestApplyCouponCode.testSignIn()'><b>testSignIn</b><br>Test class: com.qualitesoft.homesquare.testscripts.TestApplyCouponCode<br/>
<a href="#Output-1370074462" onClick='toggleBox("Output-1370074462", this, "Show output", "Hide output");'>Show output</a>

<a href="#Output-1370074462" onClick="toggleAllBoxes();">Show all outputs</a>
<div class='log' id="Output-1370074462">
Element (By.xpath: //a[@href='#loginFormDiv']) not found.<br/>
</div>
</td>
<td></td>
<td>0</td>
<td>com.qualitesoft.homesquare.testscripts.TestApplyCouponCode@4abdb505</td></tr>
<tr>
<td title='com.qualitesoft.homesquare.testscripts.TestHomeSquareCreateNewAccount.testshippinginfo()'><b>testshippinginfo</b><br>Test class: com.qualitesoft.homesquare.testscripts.TestHomeSquareCreateNewAccount<br/>
<a href="#Output-1822525972" onClick='toggleBox("Output-1822525972", this, "Show output", "Hide output");'>Show output</a>

<a href="#Output-1822525972" onClick="toggleAllBoxes();">Show all outputs</a>
<div class='log' id="Output-1822525972">
Element by By.xpath: //*[@id="my-account-btn"] found.<br/>
WebElement clicked.<br/>
Element by By.xpath: //a[@class='btn btn-secondary negative width-100-pct'] found.<br/>
WebElement clicked.<br/>
Element by By.xpath: .//*[@placeholder='First Name'] found.<br/>
Screenshot CreateAccountPage successfully taken.<br/>
Text send.<br/>
Element by By.xpath: .//*[@placeholder='Last Name'] found.<br/>
Text send.<br/>
Element by By.xpath: .//*[@id='signup-modal-email'] found.<br/>
Text send.<br/>
Element by By.xpath: .//*[@id='signup-modal-password'] found.<br/>
Text send.<br/>
Element by By.xpath: .//*[@id='signup-modal-pwconfirm'] found.<br/>
Text send.<br/>
Screenshot CreateAccountPageFilled successfully taken.<br/>
Element by By.xpath: //*[@id="btn-create-account-submit"] found.<br/>
WebElement clicked.<br/>
</div>
</td>
<td></td>
<td>18</td>
<td>com.qualitesoft.homesquare.testscripts.TestHomeSquareCreateNewAccount@26a7b76d</td></tr>
</table><p>
</body>
</html>