<?xml version="1.0" encoding="UTF-8"?>
<!-- Generated by org.testng.reporters.JUnitXMLReporter -->
<testsuite hostname="DESKTOP-H4389BG" ignored="6" name="Verify that user is able to apply coupon code 2" tests="7" failures="4" timestamp="08 Jul 2021 06:40:53 GMT" time="166.964" errors="0">
  <testcase name="testshippinginfo" time="18.974" classname="com.qualitesoft.homesquare.testscripts.TestHomeSquareCreateNewAccount"/>
  <testcase name="testApplyCouponCode" time="81.445" classname="com.qualitesoft.homesquare.testscripts.TestApplyCouponCode"/>
  <testcase name="testSignIn" time="0.201" classname="com.qualitesoft.homesquare.testscripts.TestApplyCouponCode"/>
  <testcase name="testShippingInformation" time="42.133" classname="com.qualitesoft.homesquare.testscripts.TestApplyCouponCode">
    <failure type="java.lang.AssertionError" message="expected [102.8] but found [134.71]">
      <![CDATA[java.lang.AssertionError: expected [102.8] but found [134.71]
at com.qualitesoft.core.UseAssert.assertEquals(UseAssert.java:8)
at com.qualitesoft.homesquare.testscripts.TestApplyCouponCode.testShippingInformation(TestApplyCouponCode.java:168)
... Removed 31 stack frames]]>
    </failure>
  </testcase> <!-- testShippingInformation -->
  <testcase name="testCartPages" time="0.757" classname="com.qualitesoft.homesquare.testscripts.TestApplyCouponCode">
    <failure type="java.lang.AssertionError" message="expected [102.8] but found [134.71]">
      <![CDATA[java.lang.AssertionError: expected [102.8] but found [134.71]
at com.qualitesoft.core.UseAssert.assertEquals(UseAssert.java:8)
at com.qualitesoft.homesquare.testscripts.TestApplyCouponCode.testCartPages(TestApplyCouponCode.java:188)
... Removed 31 stack frames]]>
    </failure>
  </testcase> <!-- testCartPages -->
  <testcase name="testOrderConfirmation" time="6.629" classname="com.qualitesoft.homesquare.testscripts.TestApplyCouponCode">
    <failure type="java.lang.AssertionError" message="expected [102.8] but found [134.71]">
      <![CDATA[java.lang.AssertionError: expected [102.8] but found [134.71]
at com.qualitesoft.core.UseAssert.assertEquals(UseAssert.java:8)
at com.qualitesoft.homesquare.testscripts.TestApplyCouponCode.testOrderConfirmation(TestApplyCouponCode.java:223)
... Removed 31 stack frames]]>
    </failure>
  </testcase> <!-- testOrderConfirmation -->
  <testcase name="testLogOff" time="15.356" classname="com.qualitesoft.homesquare.testscripts.LogOff">
    <failure type="org.openqa.selenium.TimeoutException" message="Timed out after 15 seconds waiting for presence of element located by: By.xpath: //*[@id=&amp;quot;my-account-btn&amp;quot;]
Build info: version: &amp;apos;2.52.0&amp;apos;, revision: &amp;apos;4c2593c&amp;apos;, time: &amp;apos;2016-02-11 19:06:42&amp;apos;
System info: host: &amp;apos;DESKTOP-H4389BG&amp;apos;, ip: &amp;apos;10.50.0.244&amp;apos;, os.name: &amp;apos;Windows 10&amp;apos;, os.arch: &amp;apos;amd64&amp;apos;, os.version: &amp;apos;10.0&amp;apos;, java.version: &amp;apos;1.8.0_231&amp;apos;
Driver info: org.openqa.selenium.chrome.ChromeDriver
Capabilities [{applicationCacheEnabled=false, rotatable=false, mobileEmulationEnabled=false, networkConnectionEnabled=false, chrome={chromedriverVersion=2.35.528161 (5b82f2d2aae0ca24b877009200ced9065a772e73), userDataDir=C:\Users\ACER\AppData\Local\Temp\scoped_dir9560_15232}, takesHeapSnapshot=true, pageLoadStrategy=normal, databaseEnabled=false, handlesAlerts=true, hasTouchScreen=false, version=91.0.4472.124, platform=XP, browserConnectionEnabled=false, nativeEvents=true, acceptSslCerts=false, acceptInsecureCerts=false, locationContextEnabled=true, webStorageEnabled=true, browserName=chrome, takesScreenshot=true, javascriptEnabled=true, cssSelectorsEnabled=true, setWindowRect=true, unexpectedAlertBehaviour=}]
Session ID: 279c45bf76b264af0a7894dc9913e4c3">
      <![CDATA[org.openqa.selenium.TimeoutException: Timed out after 15 seconds waiting for presence of element located by: By.xpath: //*[@id="my-account-btn"]
Build info: version: '2.52.0', revision: '4c2593c', time: '2016-02-11 19:06:42'
System info: host: 'DESKTOP-H4389BG', ip: '10.50.0.244', os.name: 'Windows 10', os.arch: 'amd64', os.version: '10.0', java.version: '1.8.0_231'
Driver info: org.openqa.selenium.chrome.ChromeDriver
Capabilities [{applicationCacheEnabled=false, rotatable=false, mobileEmulationEnabled=false, networkConnectionEnabled=false, chrome={chromedriverVersion=2.35.528161 (5b82f2d2aae0ca24b877009200ced9065a772e73), userDataDir=C:\Users\ACER\AppData\Local\Temp\scoped_dir9560_15232}, takesHeapSnapshot=true, pageLoadStrategy=normal, databaseEnabled=false, handlesAlerts=true, hasTouchScreen=false, version=91.0.4472.124, platform=XP, browserConnectionEnabled=false, nativeEvents=true, acceptSslCerts=false, acceptInsecureCerts=false, locationContextEnabled=true, webStorageEnabled=true, browserName=chrome, takesScreenshot=true, javascriptEnabled=true, cssSelectorsEnabled=true, setWindowRect=true, unexpectedAlertBehaviour=}]
Session ID: 279c45bf76b264af0a7894dc9913e4c3
at org.openqa.selenium.support.ui.WebDriverWait.timeoutException(WebDriverWait.java:80)
at org.openqa.selenium.support.ui.FluentWait.until(FluentWait.java:261)
at com.qualitesoft.core.WaitTool.waitForElementPresentAndDisplay(WaitTool.java:19)
at com.qualitesoft.homesquare.pageobjects.HomeSquareHomePage.HomeSqmyAccountLink(HomeSquareHomePage.java:100)
at com.qualitesoft.homesquare.testscripts.LogOff.testLogOff(LogOff.java:18)
Caused by: org.openqa.selenium.NoSuchElementException: no such element: Unable to locate element: {"method":"xpath","selector":"//*[@id="my-account-btn"]"}
  (Session info: chrome=91.0.4472.124)
  (Driver info: chromedriver=2.35.528161 (5b82f2d2aae0ca24b877009200ced9065a772e73),platform=Windows NT 10.0.19042 x86_64) (WARNING: The server did not provide any stacktrace information)
Command duration or timeout: 38 milliseconds
For documentation on this error, please visit: http://seleniumhq.org/exceptions/no_such_element.html
Build info: version: '2.52.0', revision: '4c2593c', time: '2016-02-11 19:06:42'
System info: host: 'DESKTOP-H4389BG', ip: '10.50.0.244', os.name: 'Windows 10', os.arch: 'amd64', os.version: '10.0', java.version: '1.8.0_231'
Driver info: org.openqa.selenium.chrome.ChromeDriver
Capabilities [{applicationCacheEnabled=false, rotatable=false, mobileEmulationEnabled=false, networkConnectionEnabled=false, chrome={chromedriverVersion=2.35.528161 (5b82f2d2aae0ca24b877009200ced9065a772e73), userDataDir=C:\Users\ACER\AppData\Local\Temp\scoped_dir9560_15232}, takesHeapSnapshot=true, pageLoadStrategy=normal, databaseEnabled=false, handlesAlerts=true, hasTouchScreen=false, version=91.0.4472.124, platform=XP, browserConnectionEnabled=false, nativeEvents=true, acceptSslCerts=false, acceptInsecureCerts=false, locationContextEnabled=true, webStorageEnabled=true, browserName=chrome, takesScreenshot=true, javascriptEnabled=true, cssSelectorsEnabled=true, setWindowRect=true, unexpectedAlertBehaviour=}]
Session ID: 279c45bf76b264af0a7894dc9913e4c3
*** Element info: {Using=xpath, value=//*[@id="my-account-btn"]}
at org.openqa.selenium.remote.ErrorHandler.createThrowable(ErrorHandler.java:206)
at org.openqa.selenium.remote.ErrorHandler.throwIfResponseFailed(ErrorHandler.java:158)
at org.openqa.selenium.remote.RemoteWebDriver.execute(RemoteWebDriver.java:678)
at org.openqa.selenium.remote.RemoteWebDriver.findElement(RemoteWebDriver.java:363)
at org.openqa.selenium.remote.RemoteWebDriver.findElementByXPath(RemoteWebDriver.java:500)
at org.openqa.selenium.By$ByXPath.findElement(By.java:361)
at org.openqa.selenium.remote.RemoteWebDriver.findElement(RemoteWebDriver.java:355)
at org.openqa.selenium.support.ui.ExpectedConditions.findElement(ExpectedConditions.java:911)
at org.openqa.selenium.support.ui.ExpectedConditions.access$0(ExpectedConditions.java:909)
at org.openqa.selenium.support.ui.ExpectedConditions$6.apply(ExpectedConditions.java:181)
at org.openqa.selenium.support.ui.ExpectedConditions$6.apply(ExpectedConditions.java:1)
at org.openqa.selenium.support.ui.FluentWait.until(FluentWait.java:238)
... 28 more
... Removed 28 stack frames]]>
    </failure>
  </testcase> <!-- testLogOff -->
  <testcase name="@BeforeTest initialize" time="0.0" classname="com.qualitesoft.core.InitializeTest">
    <ignored/>
  </testcase> <!-- @BeforeTest initialize -->
  <testcase name="@BeforeTest initialize" time="0.0" classname="com.qualitesoft.core.InitializeTest">
    <ignored/>
  </testcase> <!-- @BeforeTest initialize -->
  <testcase name="@BeforeSuite setUp" time="0.0" classname="com.qualitesoft.core.InitializeTest">
    <ignored/>
  </testcase> <!-- @BeforeSuite setUp -->
  <testcase name="@BeforeSuite setUp" time="0.0" classname="com.qualitesoft.core.InitializeTest">
    <ignored/>
  </testcase> <!-- @BeforeSuite setUp -->
  <testcase name="@AfterSuite tearDown" time="0.0" classname="com.qualitesoft.core.InitializeTest">
    <ignored/>
  </testcase> <!-- @AfterSuite tearDown -->
  <testcase name="@AfterSuite tearDown" time="0.0" classname="com.qualitesoft.core.InitializeTest">
    <ignored/>
  </testcase> <!-- @AfterSuite tearDown -->
</testsuite> <!-- Verify that user is able to apply coupon code 2 -->
